[INFO -- 2018-12-03 23:47:16]
Starting flip_value script
version: 1.1
[INFO -- 2018-12-03 23:47:16]
Initialization strings:
[INFO -- 2018-12-03 23:47:16]
(1) file /tmp/smith_waterman/smith_waterman
[INFO -- 2018-12-03 23:47:16]
(2) set args -x /tmp/smith_waterman/randInputX -y /tmp/smith_waterman/randInputY -o /tmp/smith_waterman/output -z /tmp/smith_waterman/detected.log
[INFO -- 2018-12-03 23:47:16]
initSignal:0
[INFO -- 2018-12-03 23:47:16]
endSignal:6
[INFO -- 2018-12-03 23:47:16]
faultModel:2
[INFO -- 2018-12-03 23:47:21]
Backtrace BEGIN:
#0  smith_waterman (x_num=14700, x_num2=14700, y_num=15000, y_num2=15000, str_x=0x5555557586c0 "NBBYQVYKKFOOZZTXXXLQRUUNUKCKOWDDCXSSAAYGXXVGQQKOOOFFIUUSVXDJJBONBPVVRGYYDEECPRFFNQNLHDDWIIRKTTFLKNCTTCXLJBDDDINTTVASFFLLVDDQKKBBVVFQIPPVQQYSTJFEHHHJNYDDVDDOMPLLNWVVFTYYLQQCYYHFFDSDRRBBVCPSSGUEEFFRRYHC"..., str_y=0x55555575c040 "NQBYQVYEKFYOZZTCXXLQRAUNUKCKOKWDCXBSUAYGHXVGYQKWOWOFWIUSVXDJJBONBPGVRGCYDZECPRAFNQNLZHDWGIFRKTFLKNICTMCXLJBDADINTVASFFOLOVDAQKNBXVFQIHPVQQYSTJFNEHHJNYXDVCDOMQPLNWBVFTTYLRQFCYUHFDSUDRXBVCPJSGUIEYFJRYHC"...) at smith_waterman.c:168
#1  0x0000555555555e65 in execute (file_x_name=0x7fffffffe0b4 "/tmp/smith_waterman/randInputX", file_y_name=0x7fffffffe0d6 "/tmp/smith_waterman/randInputY") at smith_waterman.c:309
#2  0x0000555555556082 in main (argc=9, argv=0x7fffffffdc88) at smith_waterman.c:355

163	
164	    i2 = 0;
165	    for(i=0; i<height+1; i++){
166	        check_index(i, i2);
167	        for(j=0; j<width+1; j++){
168	            if(i==0 && j==0){
169	                maxValue = matrix[i][j];
170	                y = i;
171	                x = j;
172	            }

Backtrace END
Memory content before bitflip:0xff0x7f0x000x00
Fault Model: Random bit-flip
base address to flip value: 0x7fffffffda2c
address max offset: 4
Memory content after  bitflip:0xd90x2e0xef0xd4
frame name: smith_waterman
symbol name: error
symbol filename: smith_waterman.c
symbol line: 286
value: -722522407
value address: 0x7fffffffda2c
Type: The type is an integer type.
Type sizeof: 4

[INFO -- 2018-12-03 23:47:21]
Fault Injection Successful after 5.62401819229126s
[INFO -- 2018-12-03 23:47:22]
event type: exit
[INFO -- 2018-12-03 23:47:22]
exit code: 0
