[INFO -- 2018-12-08 09:10:40]
Starting flip_value script
version: 1.1
[INFO -- 2018-12-08 09:10:40]
Initialization strings:
[INFO -- 2018-12-08 09:10:40]
(1) file /tmp/smith_waterman/smith_waterman
[INFO -- 2018-12-08 09:10:40]
(2) set args -x /tmp/smith_waterman/randInputX -y /tmp/smith_waterman/randInputY -o /tmp/smith_waterman/output -z /tmp/smith_waterman/detected.log
[INFO -- 2018-12-08 09:10:40]
initSignal:0
[INFO -- 2018-12-08 09:10:40]
endSignal:6
[INFO -- 2018-12-08 09:10:40]
faultModel:2
[INFO -- 2018-12-08 09:10:41]
Backtrace BEGIN:
#0  check_index (i=0, j=0) at smith_waterman.c:150
#1  0x0000555555555367 in smith_waterman (x_num=15000, x_num2=15000, y_num=13950, y_num2=13950, str_x=0x5555557586c0 "DNXPSFCWYSWERNEXRLUUGFXIIPCWCXQFNQXFVZBVTAZLPFKHQFBWKBHUSLQUJHAWZZDUAGPTIREYWRHNWKLILSCDEUAPBANABQWBYOUHFBHBSOOQYCYMUCRAWRPATCCUUBXTPSCUTJVNZMDXODLIHFLFWAHSDKOXLMSAGUWBDROCDTCTWPEFUPKTPSLUEZURLMTTHPUM"..., str_y=0x55555575c170 "DXXPSFWWYSERNNERLLUGGXIIPCWWXXQFQXXVVZBTAAZPPKKHFBBWBHHSSQQJJHAZZDDAGGPTREYWWRHWKKLILCDEEAPBBANBQQWYOUHHBHBBSOOYCYMMCRAWRPATCCUUBBXPPSUTTVVZMDXODLIIHLFWWHSDKOXLMSAGGUBDDOCDDCTTPEFUUPKPSLUEZURRMMTHPUMI"...) at smith_waterman.c:201
#2  0x0000555555556178 in execute (file_x_name=0x7fffffffe065 "/tmp/smith_waterman/randInputX", file_y_name=0x7fffffffe087 "/tmp/smith_waterman/randInputY") at smith_waterman.c:379
#3  0x0000555555556393 in main (argc=9, argv=0x7fffffffdc38) at smith_waterman.c:425

145	        return match_score;
146	    else
147	        return mismatch_score;
148	}
149	
150	void check_index(int i, int j){
151	    if(i != j){
152	        sdc_exit();
153	    }
154	}

Backtrace END
Memory content before bitflip:0x000x000x000x000x000x000x000xc0
Fault Model: Random bit-flip
base address to flip value: 0x555555757038 
address max offset: 8
Memory content after  bitflip:0x130xa50x1e0x7a0xb80x2f0x100x31
frame name: check_index
symbol name: gap_score2
symbol filename: smith_waterman.c
symbol line: 12
value: 2.2902956584020301e-72
value address: 0x555555757038 <gap_score2>
Type: A floating point type.
Type sizeof: 8

[INFO -- 2018-12-08 09:10:41]
Fault Injection Successful after 1.5701589584350586s
[INFO -- 2018-12-08 09:10:41]
event type: exit
[INFO -- 2018-12-08 09:10:41]
exit code: 0
