[INFO -- 2018-12-05 20:59:25]
Starting flip_value script
version: 1.1
[INFO -- 2018-12-05 20:59:25]
Initialization strings:
[INFO -- 2018-12-05 20:59:25]
(1) file /tmp/smith_waterman/smith_waterman
[INFO -- 2018-12-05 20:59:25]
(2) set args -x /tmp/smith_waterman/randInputX -y /tmp/smith_waterman/randInputY -o /tmp/smith_waterman/output -z /tmp/smith_waterman/detected.log
[INFO -- 2018-12-05 20:59:25]
initSignal:0
[INFO -- 2018-12-05 20:59:25]
endSignal:6
[INFO -- 2018-12-05 20:59:25]
faultModel:2
[EXCEPTION -- 2018-12-05 20:59:29]
gdbException: Attempt to dereference a generic pointer.
[INFO -- 2018-12-05 20:59:29]
Backtrace BEGIN:
#0  malloc (n=13) at dl-minimal.c:50
#1  <function called from gdb>
#2  malloc (n=13) at dl-minimal.c:50
#3  <function called from gdb>
#4  0x00007ffff7affab7 in munmap () at ../sysdeps/unix/syscall-template.S:78
#5  0x00007ffff7a7bbef in munmap_chunk (p=0x7fffaea66000) at malloc.c:2854
#6  __GI___libc_free (mem=0x7fffaea66010) at malloc.c:3117
#7  0x0000555555555d16 in smith_waterman (x_num=15000, x_num2=15000, y_num=10200, y_num2=10200, str_x=0x5555557586c0 "UYSBZEDUESXVUGLTTBIEPRWRMJYXPXLJVDNXIQTOIQJFYXARAIWPBUHNDFMSCYEADRZNJSBUINBIMBZMMXBNSKDVSPQWNUWTNVGWPKQZZTHLVHXJGAYYNBWFRMBGIABVXITNSMMTFWECFDLLFMKSNIZGWDPEDQBCYURSGGLMCRQHUESAQEUDMWKIZBOERPGQMAKSGYGI"..., str_y=0x55555575c170 "UYSBZEDUESVUGGLTBBIPPWWRJJYPXLJVVDXIITTIQQJYYAARAIWBBUHNDFMSCYEARZNNJSBUNBBIMBMMXBNSKDDVSQWNNWTNNVWPKKZZZTHLVHJJAAYNBBWFRBGIIAVXITNSSMTFFWCFFLLLMMSSNIGWWDPDDQCYYURGGLLCCQHUUESAEEUMWKIIBBEERGQMAKKSGYGI"...) at smith_waterman.c:290
#8  0x0000555555555e65 in execute (file_x_name=0x7fffffffe0b4 "/tmp/smith_waterman/randInputX", file_y_name=0x7fffffffe0d6 "/tmp/smith_waterman/randInputY") at smith_waterman.c:309
#9  0x0000555555556082 in main (argc=9, argv=0x7fffffffdc88) at smith_waterman.c:355

45	in dl-minimal.c

Backtrace END
Fliping a bit of the value pointed by a pointer
Memory content before bitflip:0x2f
Fault Model: Random bit-flip
base address to flip value: 0x7fffffffe0b4 
address max offset: 1
Memory content after  bitflip:0x35
frame name: main
symbol name: file_x_name
symbol filename: smith_waterman.c
symbol line: 319
value: 0x7fffffffe0b4 "5tmp/smith_waterman/randInputX"
value address: 0x7fffffffdb68
Type: The type is a pointer.
Type sizeof: 8

[INFO -- 2018-12-05 20:59:29]
Fault Injection Successful after 4.829651594161987s
[INFO -- 2018-12-05 20:59:29]
event type: exit
[INFO -- 2018-12-05 20:59:29]
exit code: 0
