[INFO -- 2018-12-03 23:27:38]
Starting flip_value script
version: 1.1
[INFO -- 2018-12-03 23:27:38]
Initialization strings:
[INFO -- 2018-12-03 23:27:38]
(1) file /tmp/smith_waterman/smith_waterman
[INFO -- 2018-12-03 23:27:38]
(2) set args -x /tmp/smith_waterman/randInputX -y /tmp/smith_waterman/randInputY -o /tmp/smith_waterman/output -z /tmp/smith_waterman/detected.log
[INFO -- 2018-12-03 23:27:38]
initSignal:0
[INFO -- 2018-12-03 23:27:38]
endSignal:6
[INFO -- 2018-12-03 23:27:38]
faultModel:2
[INFO -- 2018-12-03 23:27:38]
Backtrace BEGIN:
#0  my_maxof (a=0, b=-1, c=-2, d=0) at smith_waterman.c:74
#1  0x0000555555555202 in smith_waterman (x_num=15000, x_num2=15000, y_num=10650, y_num2=10650, str_x=0x5555557586c0 "XGGEHMCQCZUPODVEIPVNQAVZLPLUYJKWPSAXEFNJEJASMVYUKVKAWHBHYMDXVNTNGVMMABXGKYBYTZUGVEGTOKCMWFJUSEJACVPCYMLKMMIILCOIJWBXGDLDKXZFBIFFFWIDJVNXHVFUZVDISGHAMTFWSEBTMJZTFJWQELONITHIRMSJTAJHVPDNVHIKQJDXUCOANENY"..., str_y=0x55555575c170 "GGGEMCCCCZPPOVVEIPVNAAVLPPLUYKWWPAXXFNJJEJSMVYYKKVKWWBBYYMDVVTTGGMMAABXGYYBTTUUGEETTKKCWWJUSSEJCCPPYYLLKMMILLCIIJBXXGDLDKXZFIFFFWIIDVNNXHFUUZDISGHAAMTWWEEBMMZZTFWWQLOOIITHIRMJJAAHHVDNNHIIQJJDXCOANNENZ"...) at smith_waterman.c:141
#2  0x0000555555555e65 in execute (file_x_name=0x7fffffffe0b4 "/tmp/smith_waterman/randInputX", file_y_name=0x7fffffffe0d6 "/tmp/smith_waterman/randInputY") at smith_waterman.c:309
#3  0x0000555555556082 in main (argc=9, argv=0x7fffffffdc88) at smith_waterman.c:355

69	{
70	    double ans=a;
71	    if(ans<b) ans=b;
72	    if(ans<c) ans=c;
73	    if(ans<d) ans=d;
74	    return ans;
75	}
76	
77	double matchMisScore(long i, long j, char* str_y, char* str_x)
78	{

Backtrace END
Memory content before bitflip:0xa00xc20xdc0xf70xff0x7f0x000x00
Fault Model: Random bit-flip
base address to flip value: 0x7fffffffdaa8
address max offset: 8
Memory content after  bitflip:0x620x6a0x930x9e0x330x270xc20x6b
frame name: smith_waterman
symbol name: score
symbol filename: smith_waterman.c
symbol line: 184
value: 1.1935992275398178e+211
value address: 0x7fffffffdaa8
Type: A floating point type.
Type sizeof: 8

[INFO -- 2018-12-03 23:27:38]
Fault Injection Successful after 0.9059338569641113s
[INFO -- 2018-12-03 23:27:42]
event type: exit
[INFO -- 2018-12-03 23:27:42]
exit code: 0
