[INFO -- 2018-12-04 18:33:12]
Starting flip_value script
version: 1.1
[INFO -- 2018-12-04 18:33:12]
Initialization strings:
[INFO -- 2018-12-04 18:33:12]
(1) file /tmp/smith_waterman/smith_waterman
[INFO -- 2018-12-04 18:33:12]
(2) set args -x /tmp/smith_waterman/randInputX -y /tmp/smith_waterman/randInputY -o /tmp/smith_waterman/output -z /tmp/smith_waterman/detected.log
[INFO -- 2018-12-04 18:33:12]
initSignal:0
[INFO -- 2018-12-04 18:33:12]
endSignal:6
[INFO -- 2018-12-04 18:33:12]
faultModel:2
[INFO -- 2018-12-04 18:33:14]
Backtrace BEGIN:
#0  my_maxof (a=522, b=519, c=524, d=0) at smith_waterman.c:71
#1  0x0000555555555202 in smith_waterman (x_num=15000, x_num2=15000, y_num=13050, y_num2=13050, str_x=0x5555557586c0 "MWEVLATIWKIDLZMYCIMAGXVIBRYPNKLBGQYTSTCQDMVQLIOPQCSWZPEAGCSTODWXVUQQNUGTHCJUMYMCCEYCTFEBJYXYETVZQNRFIAYREKLQKXSMDSQYXVAHVXHZSEBKTSQBUQUYAGOMFIZLBPJAMLJIKSHFWKPQDHTXAOYAWOPDZOOCFACSLOCYGJDFUUXZCQYCGYEE"..., str_y=0x55555575c170 "WEEVLAIIWKILLMMCCIMGXXVIRRPPKKLBGQYTSTQQDVVLLIPPQCSZZEEGGSSTDDWXUQQQNUGTHCJUMYCCCECCTFEJJYXYETZZNNRFAARRKKQQKXSMDQYYXVAHVXHZSEBKTSQBUQUYGOMFFZZLBPJAMLJIKSFFWKPQHTXXAYYAWOPDZOOCFACSLCYGGJDFUXXZQQCCGEEE"...) at smith_waterman.c:141
#2  0x0000555555555e65 in execute (file_x_name=0x7fffffffe0b4 "/tmp/smith_waterman/randInputX", file_y_name=0x7fffffffe0d6 "/tmp/smith_waterman/randInputY") at smith_waterman.c:309
#3  0x0000555555556082 in main (argc=9, argv=0x7fffffffdc88) at smith_waterman.c:355

66	}
67	
68	double my_maxof(double a, double b, double c, double d)
69	{
70	    double ans=a;
71	    if(ans<b) ans=b;
72	    if(ans<c) ans=c;
73	    if(ans<d) ans=d;
74	    return ans;
75	}

Backtrace END
Memory content before bitflip:0x000x000x000x000x000x500x800x40
Fault Model: Random bit-flip
base address to flip value: 0x7fffffffd9d8
address max offset: 8
Memory content after  bitflip:0x770x370xb10x750x890x1a0x6d0xf2
frame name: my_maxof
symbol name: ans
symbol filename: smith_waterman.c
symbol line: 70
value: -1.5525089977890368e+243
value address: 0x7fffffffd9d8
Type: A floating point type.
Type sizeof: 8

[INFO -- 2018-12-04 18:33:14]
Fault Injection Successful after 2.0873024463653564s
[INFO -- 2018-12-04 18:33:18]
event type: exit
[INFO -- 2018-12-04 18:33:18]
exit code: 0
