[INFO -- 2018-12-08 13:41:44]
Starting flip_value script
version: 1.1
[INFO -- 2018-12-08 13:41:44]
Initialization strings:
[INFO -- 2018-12-08 13:41:44]
(1) file /tmp/smith_waterman/smith_waterman
[INFO -- 2018-12-08 13:41:44]
(2) set args -x /tmp/smith_waterman/randInputX -y /tmp/smith_waterman/randInputY -o /tmp/smith_waterman/output -z /tmp/smith_waterman/detected.log
[INFO -- 2018-12-08 13:41:44]
initSignal:0
[INFO -- 2018-12-08 13:41:44]
endSignal:6
[INFO -- 2018-12-08 13:41:44]
faultModel:2
[INFO -- 2018-12-08 13:41:46]
Backtrace BEGIN:
#0  0x0000555555554fb1 in my_maxof (a=-1, b=-2, c=-2, d=0) at smith_waterman.c:135
#1  0x00005555555554a5 in smith_waterman (x_num=13050, x_num2=13050, y_num=15000, y_num2=15000, str_x=0x5555557586c0 "OPPIVRYRVVLVBQXXMLTUOOROOWWGGBWTRWDOOBGGOBBMTTGGWZANNOOHKBBNNMJJIMOOQWIEEWRRTXZZWBBTMWWBZZRRYCFFOVVGGQLQOEEWWMCYOOXFTJJSVCYVEFFEUNBTDOOUSXQWJUXXRKKKVQESSENNYSSLLVVKLSGERWAASZZCJJJIIAATEQTTKNDRJKKUEEAA"..., str_y=0x55555575b9d0 "OQPZIVRYRVLVBUQXTMLTUORLOPWYGBCWTRWDONBGKOBMLTLGGWZANQOBHKBONGMJZIMOXQWIEZWRTHXZGWBTMPWWBZMRFYCFJOVGGRQLQOELWCMCYOXNFTJJSVCYVEFEUANBTDOLUSXQWJUXZRKHKVQESSENYJSSLHVGKLSGERWAASZCJLJVIZAATEQTQKNDRJKDUEKA"...) at smith_waterman.c:205
#2  0x0000555555556178 in execute (file_x_name=0x7fffffffe065 "/tmp/smith_waterman/randInputX", file_y_name=0x7fffffffe087 "/tmp/smith_waterman/randInputY") at smith_waterman.c:379
#3  0x0000555555556393 in main (argc=9, argv=0x7fffffffdc38) at smith_waterman.c:425

130	    }
131	}
132	
133	double my_maxof(double a, double b, double c, double d)
134	{
135	    double ans=a;
136	    if(ans<b) ans=b;
137	    if(ans<c) ans=c;
138	    if(ans<d) ans=d;
139	    return ans;

Backtrace END
Memory content before bitflip:0x000x000x000x000x000x000xf00x3f
Fault Model: Random bit-flip
base address to flip value: 0x555555757018 
address max offset: 8
Memory content after  bitflip:0x530xfe0xb80xd60x6a0x530xa20x20
frame name: my_maxof
symbol name: match_score2
symbol filename: smith_waterman.c
symbol line: 8
value: 1.7495094512915706e-151
value address: 0x555555757018 <match_score2>
Type: A floating point type.
Type sizeof: 8

[INFO -- 2018-12-08 13:41:46]
Fault Injection Successful after 2.8470826148986816s
[INFO -- 2018-12-08 13:41:46]
event type: exit
[INFO -- 2018-12-08 13:41:46]
exit code: 0
