[INFO -- 2018-12-03 18:16:32]
Starting flip_value script
version: 1.1
[INFO -- 2018-12-03 18:16:32]
Initialization strings:
[INFO -- 2018-12-03 18:16:32]
(1) file /tmp/smith_waterman/smith_waterman
[INFO -- 2018-12-03 18:16:32]
(2) set args -x /tmp/smith_waterman/randInputX -y /tmp/smith_waterman/randInputY -o /tmp/smith_waterman/output -z /tmp/smith_waterman/detected.log
[INFO -- 2018-12-03 18:16:32]
initSignal:0
[INFO -- 2018-12-03 18:16:32]
endSignal:6
[INFO -- 2018-12-03 18:16:32]
faultModel:1
[INFO -- 2018-12-03 18:16:33]
Backtrace BEGIN:
#0  0x0000555555554fa6 in smith_waterman (x_num=15000, x_num2=15000, y_num=14850, y_num2=14850, str_x=0x5555557586c0 "VWQIBLFLFGCSZRYTZIZVYTTKLONABOGWKWFNIKYPSDKTWKMVSNSQGNDUCQUDEBARXHEHTFXLKHEGRTELGYBPMEJOXFTBGVSGCZNXGMIQTNYMIEXQDBFPFQFEWAGCWAIABYYHKIZGVYUFEUWHVBYCSFHOGNSEPDGRBGALPATMYOSCIOMDRMFLSOBABUETXKKARKNIKHUK"..., str_y=0x55555575c170 "WWIBLFLLGCCZRYTZIZVVTTTLLONBOGWKKFNIKYPSDKKWKKMSNNQGNNUUQQDEBBARHHEHFXLLHEERRELLYBBMMJOXFTTBGSGGZNXGMIQTNYMIIXQDDBPFFQEWWAGWAIABYYYKKZZVYYFEUUHHBYCSSHOOGSEPDGRBGAAPATMYOSCCOMDRMMLSOBBBUETXKKKAKNNIHUKV"...) at smith_waterman.c:121
#1  0x0000555555555e65 in execute (file_x_name=0x7fffffffe0b4 "/tmp/smith_waterman/randInputX", file_y_name=0x7fffffffe0d6 "/tmp/smith_waterman/randInputY") at smith_waterman.c:309
#2  0x0000555555556082 in main (argc=9, argv=0x7fffffffdc88) at smith_waterman.c:355

116	    long j;
117		
118	    i2 = 0;
119	    for(i=0; i<x_num+1; i++){
120	        check_index(i, i2);
121	        matrix[i][0]=0.0;
122	        i2++;
123	    }
124	    check_index(i, i2);
125	    i2 = 0;

Backtrace END
Memory content before bitflip:0x000x000x000x000x000x000x000xc0
Fault Model: Double bit-flip
base address to flip value: 0x555555757030 
address max offset: 8
Memory content after  bitflip:0x000x000x880x000x000x000x000xc0
frame name: execute
symbol name: gap_score
symbol filename: smith_waterman.c
symbol line: 11
value: -2.0000000039581209
value address: 0x555555757030 <gap_score>
Type: A floating point type.
Type sizeof: 8

[INFO -- 2018-12-03 18:16:33]
Fault Injection Successful after 1.0927257537841797s
[INFO -- 2018-12-03 18:16:39]
event type: exit
[INFO -- 2018-12-03 18:16:39]
exit code: 0
