[INFO -- 2018-12-09 06:04:38]
Starting flip_value script
version: 1.1
[INFO -- 2018-12-09 06:04:38]
Initialization strings:
[INFO -- 2018-12-09 06:04:38]
(1) file /tmp/smith_waterman/smith_waterman
[INFO -- 2018-12-09 06:04:38]
(2) set args -x /tmp/smith_waterman/randInputX -y /tmp/smith_waterman/randInputY -o /tmp/smith_waterman/output -z /tmp/smith_waterman/detected.log
[INFO -- 2018-12-09 06:04:38]
initSignal:0
[INFO -- 2018-12-09 06:04:38]
endSignal:6
[INFO -- 2018-12-09 06:04:38]
faultModel:2
[EXCEPTION -- 2018-12-09 06:04:39]
gdbException: Attempt to dereference a generic pointer.
[EXCEPTION -- 2018-12-09 06:04:39]
gdbException: Attempt to dereference a generic pointer.
[INFO -- 2018-12-09 06:04:39]
Backtrace BEGIN:
#0  0x0000555555554eb4 in file_read (fpx=0x555555758490, fpy=0x555555758260, x_num=11100, y_num=15000, str_x=0x5555557586c0 "JLTBTTTRRAXRRAIMWBGFFLLQUKJJXXYYSSZMUUDDVULOTMIIZONNBGLVSSWIRTBLLHZDECCAOOWWLLMMUCCPKATCYDDRLLXUGGDZKAALOOABBNOHHQEEGZZEEEBPYYLHHKLSSNEBNQDDAETVVWXXECCLDLLLEZLZMEEZZLHAYFBEYYKBXADSBBMGGZMMYYZMEKKLROPT"..., str_y=0x55555575b230 "JLTBTSTPRAXIRZAIMWBGFBLQIUKJMXXYKSZFMUVDVULOTMWIIZONBBGLVSWIRTIBLHHZDECYAOOWCLEMMUCPVKATCYDWRLXEUGDZKIALWOHABNMOHQDEAGZFEEBYPYELHKLRSNEOBNQDAETJVWQXEPCLUDLLEPZLZMERZLHAYZFBEYKBXAYDSBOMGZZMRYZSMEKLRTOP"...) at smith_waterman.c:113
#1  0x000055555555613a in execute (file_x_name=0x7fffffffe065 "/tmp/smith_waterman/randInputX", file_y_name=0x7fffffffe087 "/tmp/smith_waterman/randInputY") at smith_waterman.c:376
#2  0x0000555555556393 in main (argc=9, argv=0x7fffffffdc38) at smith_waterman.c:425

108	        if(ch==EOF) break;
109	        else if(ch=='\n' || ch==' ') i--;
110	        else if(i<x_num) str_x[i]=ch;
111	    }
112	    for(i=0; ; i++){
113	        int ch=fgetc(fpy);
114	        if(ch==EOF) break;
115	        else if(ch=='\n' || ch==' ') i--;
116	        else if(i<y_num) str_y[i]=ch;
117	    }

Backtrace END
Memory content before bitflip:0x000x000x000x000x000x000xf00x3f
Fault Model: Random bit-flip
base address to flip value: 0x555555757010 
address max offset: 8
Memory content after  bitflip:0xed0xb80x4c0xd90xb20x8b0xde0xa4
frame name: file_read
symbol name: match_score
symbol filename: smith_waterman.c
symbol line: 7
value: -4.3034023184763323e-131
value address: 0x555555757010 <match_score>
Type: A floating point type.
Type sizeof: 8

[INFO -- 2018-12-09 06:04:39]
Fault Injection Successful after 1.1645257472991943s
[INFO -- 2018-12-09 06:04:39]
event type: exit
[INFO -- 2018-12-09 06:04:39]
exit code: 0
