[INFO -- 2018-12-09 12:39:48]
Starting flip_value script
version: 1.1
[INFO -- 2018-12-09 12:39:48]
Initialization strings:
[INFO -- 2018-12-09 12:39:48]
(1) file /tmp/smith_waterman/smith_waterman
[INFO -- 2018-12-09 12:39:48]
(2) set args -x /tmp/smith_waterman/randInputX -y /tmp/smith_waterman/randInputY -o /tmp/smith_waterman/output -z /tmp/smith_waterman/detected.log
[INFO -- 2018-12-09 12:39:48]
initSignal:0
[INFO -- 2018-12-09 12:39:48]
endSignal:6
[INFO -- 2018-12-09 12:39:48]
faultModel:2
[INFO -- 2018-12-09 12:39:48]
Backtrace BEGIN:
#0  0x000055555555521b in smith_waterman (x_num=14100, x_num2=14100, y_num=15000, y_num2=15000, str_x=0x5555557586c0 "FFQQMUJJLGUXXFINNXXEEAYUUMHHXZTTPPJXFHRNNDKPCSSNNTTTNURFFFQCSVTHGGRLLYCDZZTEEYRRTMHHNDQIJVVBSSIZZEMEENNZZCCEECWXIIGNZZXIIZJJTTTFPHHJWTTVVWZZSSUCHFRGGOQIIZZCGVWMMZZCBUUZQQQLLKKPHRHZZGJJHNNCCKORRYRTTSSJ"..., str_y=0x55555575bde0 "TFOQLMUJLGUEXMFINKXOEWAYUJMHXCZTKPJXDFHRNDVKPCSFNPTTNURHFFQCHSVTHGRLLYCADZKTECYRTRMHNDQSIJVRBSLIZEVMEZNHZZCFECWXWIGJNZCXIZOJTBTSFPHJQWTPVVWZYSZUCHFRGHOQIFZCGVWOMFZCBSUZQQYQLZKPHRHPZVGJAHNJCKZORYRTTLSJ"...) at smith_waterman.c:182
#1  0x0000555555556178 in execute (file_x_name=0x7fffffffe065 "/tmp/smith_waterman/randInputX", file_y_name=0x7fffffffe087 "/tmp/smith_waterman/randInputY") at smith_waterman.c:379
#2  0x0000555555556393 in main (argc=9, argv=0x7fffffffdc38) at smith_waterman.c:425

177	    long j, j2;
178		
179	    i2 = 0;
180	    for(i=0; i<x_num+1; i++){
181	        check_index(i, i2);
182	        matrix[i][0]=0.0;
183	        i2++;
184	    }
185	    check_index(i, i2);
186	    i2 = 0;

Backtrace END
Memory content before bitflip:0x000x000x000x000x000x000x000x00
Fault Model: Random bit-flip
base address to flip value: 0x7fffffffda10
address max offset: 8
Memory content after  bitflip:0xd70xb30x9f0x4a0x6e0x2e0x000x9a
frame name: smith_waterman
symbol name: max_score
symbol filename: smith_waterman.c
symbol line: 195
value: -1.9040920901871095e-183
value address: 0x7fffffffda10
Type: A floating point type.
Type sizeof: 8

[INFO -- 2018-12-09 12:39:48]
Fault Injection Successful after 0.621525764465332s
[INFO -- 2018-12-09 12:39:56]
event type: exit
[INFO -- 2018-12-09 12:39:56]
exit code: 0
