[INFO -- 2018-12-04 21:00:49]
Starting flip_value script
version: 1.1
[INFO -- 2018-12-04 21:00:49]
Initialization strings:
[INFO -- 2018-12-04 21:00:49]
(1) file /tmp/smith_waterman/smith_waterman
[INFO -- 2018-12-04 21:00:49]
(2) set args -x /tmp/smith_waterman/randInputX -y /tmp/smith_waterman/randInputY -o /tmp/smith_waterman/output -z /tmp/smith_waterman/detected.log
[INFO -- 2018-12-04 21:00:49]
initSignal:0
[INFO -- 2018-12-04 21:00:49]
endSignal:6
[INFO -- 2018-12-04 21:00:49]
faultModel:2
[EXCEPTION -- 2018-12-04 21:00:49]
pythonException: invalid literal for int() with base 16: '0x55555575c170 ...'
[INFO -- 2018-12-04 21:00:49]
Backtrace BEGIN:
#0  0x0000555555554fa6 in smith_waterman (x_num=15000, x_num2=15000, y_num=12900, y_num2=12900, str_x=0x5555557586c0 "RSCXVWIFHFRZEWWNHSRCDPWWVJUYBJNUBPUYNCEWJXWNTUDBMUFPJDNGMJGPUTKVKGUXIYVUVRJPNMSZIZRRCEZQQFIKAUIKACJKCFEZYOQMAKNLJECNLEGBLONMIVYIZKSBRZDRPTFRETCPXFDILJLWXZKHWLPWVJZMKCFZWLRAETPBAUMLDXKCYUJVHARCMQQWVWWR"..., str_y=0x55555575c170 "RSCXVIFFHFREEWNHHSCCDWWWVJUYJNNUBPUYNCWWJXWTTUBBMFPPJDGGJGPUUKVVKGUXYYVUVJJPMMSZIZRCCZZQQFIKAUIKCCJCCFEYYQMMAKNLJCCNLEBLLOMIVYYZKSSBRDDRPTRRETPPXFDILJLXXZHHWLWWVZZKKCFZWRRAEPPBAUMLDKKCYUJVHRRCQQQVVWRR"...) at smith_waterman.c:121
#1  0x0000555555555e65 in execute (file_x_name=0x7fffffffe0b4 "/tmp/smith_waterman/randInputX", file_y_name=0x7fffffffe0d6 "/tmp/smith_waterman/randInputY") at smith_waterman.c:309
#2  0x0000555555556082 in main (argc=9, argv=0x7fffffffdc88) at smith_waterman.c:355

116	    long j;
117		
118	    i2 = 0;
119	    for(i=0; i<x_num+1; i++){
120	        check_index(i, i2);
121	        matrix[i][0]=0.0;
122	        i2++;
123	    }
124	    check_index(i, i2);
125	    i2 = 0;

Backtrace END
Memory content before bitflip:0x980x3a0x000x000x000x000x000x00
Fault Model: Random bit-flip
base address to flip value: 0x7fffffffda10
address max offset: 8
Memory content after  bitflip:0x180x710x360x170x310x1a0x600x6a
frame name: smith_waterman
symbol name: x_num2
symbol filename: smith_waterman.c
symbol line: 93
value: 7665155363929747736
value address: 0x7fffffffda10
Type: The type is an integer type.
Type sizeof: 8

[INFO -- 2018-12-04 21:00:49]
Fault Injection Successful after 0.36714601516723633s
[INFO -- 2018-12-04 21:00:54]
event type: exit
[INFO -- 2018-12-04 21:00:54]
exit code: 0
