[INFO -- 2018-12-08 11:13:22]
Starting flip_value script
version: 1.1
[INFO -- 2018-12-08 11:13:22]
Initialization strings:
[INFO -- 2018-12-08 11:13:22]
(1) file /tmp/smith_waterman/smith_waterman
[INFO -- 2018-12-08 11:13:22]
(2) set args -x /tmp/smith_waterman/randInputX -y /tmp/smith_waterman/randInputY -o /tmp/smith_waterman/output -z /tmp/smith_waterman/detected.log
[INFO -- 2018-12-08 11:13:22]
initSignal:0
[INFO -- 2018-12-08 11:13:22]
endSignal:6
[INFO -- 2018-12-08 11:13:22]
faultModel:2
[INFO -- 2018-12-08 11:13:25]
Backtrace BEGIN:
#0  0x0000555555555069 in check_index (i=1715, j=1715) at smith_waterman.c:154
#1  0x0000555555555367 in smith_waterman (x_num=13050, x_num2=13050, y_num=15000, y_num2=15000, str_x=0x5555557586c0 "OPPIVRYRVVLVBQXXMLTUOOROOWWGGBWTRWDOOBGGOBBMTTGGWZANNOOHKBBNNMJJIMOOQWIEEWRRTXZZWBBTMWWBZZRRYCFFOVVGGQLQOEEWWMCYOOXFTJJSVCYVEFFEUNBTDOOUSXQWJUXXRKKKVQESSENNYSSLLVVKLSGERWAASZZCJJJIIAATEQTTKNDRJKKUEEAA"..., str_y=0x55555575b9d0 "OQPZIVRYRVLVBUQXTMLTUORLOPWYGBCWTRWDONBGKOBMLTLGGWZANQOBHKBONGMJZIMOXQWIEZWRTHXZGWBTMPWWBZMRFYCFJOVGGRQLQOELWCMCYOXNFTJJSVCYVEFEUANBTDOLUSXQWJUXZRKHKVQESSENYJSSLHVGKLSGERWAASZCJLJVIZAATEQTQKNDRJKDUEKA"...) at smith_waterman.c:201
#2  0x0000555555556178 in execute (file_x_name=0x7fffffffe065 "/tmp/smith_waterman/randInputX", file_y_name=0x7fffffffe087 "/tmp/smith_waterman/randInputY") at smith_waterman.c:379
#3  0x0000555555556393 in main (argc=9, argv=0x7fffffffdc38) at smith_waterman.c:425

149	
150	void check_index(int i, int j){
151	    if(i != j){
152	        sdc_exit();
153	    }
154	}
155	
156	char *smith_waterman(long x_num, long x_num2, long y_num, long y_num2, char* str_x, char* str_y)
157	{
158	    if(x_num != x_num2){        

Backtrace END
Memory content before bitflip:0x000x000x000x000x000x000xf00x3f
Fault Model: Random bit-flip
base address to flip value: 0x555555757018 
address max offset: 8
Memory content after  bitflip:0xaf0xfe0x8d0x790x780x000xe80x15
frame name: main
symbol name: match_score2
symbol filename: smith_waterman.c
symbol line: 8
value: 3.8276960243188142e-203
value address: 0x555555757018 <match_score2>
Type: A floating point type.
Type sizeof: 8

[INFO -- 2018-12-08 11:13:25]
Fault Injection Successful after 3.390285015106201s
[INFO -- 2018-12-08 11:13:25]
event type: exit
[INFO -- 2018-12-08 11:13:25]
exit code: 0
