[INFO -- 2018-12-08 12:16:49]
Starting flip_value script
version: 1.1
[INFO -- 2018-12-08 12:16:49]
Initialization strings:
[INFO -- 2018-12-08 12:16:49]
(1) file /tmp/smith_waterman/smith_waterman
[INFO -- 2018-12-08 12:16:49]
(2) set args -x /tmp/smith_waterman/randInputX -y /tmp/smith_waterman/randInputY -o /tmp/smith_waterman/output -z /tmp/smith_waterman/detected.log
[INFO -- 2018-12-08 12:16:49]
initSignal:0
[INFO -- 2018-12-08 12:16:49]
endSignal:6
[INFO -- 2018-12-08 12:16:49]
faultModel:2
[INFO -- 2018-12-08 12:16:52]
Backtrace BEGIN:
#0  test_globals () at smith_waterman.c:75
#1  0x0000555555555371 in smith_waterman (x_num=13050, x_num2=13050, y_num=15000, y_num2=15000, str_x=0x5555557586c0 "OPPIVRYRVVLVBQXXMLTUOOROOWWGGBWTRWDOOBGGOBBMTTGGWZANNOOHKBBNNMJJIMOOQWIEEWRRTXZZWBBTMWWBZZRRYCFFOVVGGQLQOEEWWMCYOOXFTJJSVCYVEFFEUNBTDOOUSXQWJUXXRKKKVQESSENNYSSLLVVKLSGERWAASZZCJJJIIAATEQTTKNDRJKKUEEAA"..., str_y=0x55555575b9d0 "OQPZIVRYRVLVBUQXTMLTUORLOPWYGBCWTRWDONBGKOBMLTLGGWZANQOBHKBONGMJZIMOXQWIEZWRTHXZGWBTMPWWBZMRFYCFJOVGGRQLQOELWCMCYOXNFTJJSVCYVEFEUANBTDOLUSXQWJUXZRKHKVQESSENYJSSLHVGKLSGERWAASZCJLJVIZAATEQTQKNDRJKDUEKA"...) at smith_waterman.c:202
#2  0x0000555555556178 in execute (file_x_name=0x7fffffffe065 "/tmp/smith_waterman/randInputX", file_y_name=0x7fffffffe087 "/tmp/smith_waterman/randInputY") at smith_waterman.c:379
#3  0x0000555555556393 in main (argc=9, argv=0x7fffffffdc38) at smith_waterman.c:425

70	
71	
72	    exit(0); // ocorreu SDC
73	}
74	
75	void test_globals(){
76		if( (match_score != match_score2) || (gap_score != gap_score2) || (mismatch_score != mismatch_score2) )
77	    {
78			sdc_exit();
79	    }

Backtrace END
Fliping a bit of the pointer
Memory content before bitflip:0xa90xe00xff0xff0xff0x7f0x000x00
Fault Model: Random bit-flip
base address to flip value: 0x555555757040 
address max offset: 8
Memory content after  bitflip:0x5d0x090x850xb10x1c0x830x3e0x75
frame name: test_globals
symbol name: output_file_name
symbol filename: smith_waterman.c
symbol line: 15
value: 0x7fffffffe0a9 "/tmp/smith_waterman/output"
value address: 0x555555757040 <output_file_name>
Type: The type is a pointer.
Type sizeof: 8

[INFO -- 2018-12-08 12:16:52]
Fault Injection Successful after 3.0380334854125977s
[INFO -- 2018-12-08 12:16:57]
event type: exit
[INFO -- 2018-12-08 12:16:57]
exit code: 0
