[INFO -- 2018-12-04 06:56:28]
Starting flip_value script
version: 1.1
[INFO -- 2018-12-04 06:56:28]
Initialization strings:
[INFO -- 2018-12-04 06:56:28]
(1) file /tmp/smith_waterman/smith_waterman
[INFO -- 2018-12-04 06:56:28]
(2) set args -x /tmp/smith_waterman/randInputX -y /tmp/smith_waterman/randInputY -o /tmp/smith_waterman/output -z /tmp/smith_waterman/detected.log
[INFO -- 2018-12-04 06:56:28]
initSignal:0
[INFO -- 2018-12-04 06:56:28]
endSignal:6
[INFO -- 2018-12-04 06:56:28]
faultModel:2
[INFO -- 2018-12-04 06:56:29]
Backtrace BEGIN:
#0  my_maxof (a=-1, b=-2, c=-2, d=0) at smith_waterman.c:72
#1  0x0000555555555202 in smith_waterman (x_num=15000, x_num2=15000, y_num=13500, y_num2=13500, str_x=0x5555557586c0 "JCOFPGMOTIQIYQOQDJZQVKFGTMLCPIPZMGEBMTRHDJPDAEUDNTWKFBRYNCAFMSEAAKDMDWUGFLKHPGLEBJRHMIHZMKGACKAEXFQCBMJGYVQPDDWEMNLYVVZHFGJJSLNPQDSTQDBQARFFUBJGOXGLSGUZODIGOVYEASZSXBIXSQCNRNVIMCTEKODYRNGGIEMLYMDVPOSH"..., str_y=0x55555575c170 "JCOPPGOTTIQIQQOQJJQVKKFGTMLPPIPZGGBBTRRHDJDDAUDDNTWKFRYNNCAMSSEAAKDMDUUGLLHHPGLEBRRHMHZZMGGACAEEXFQCMJGYVVQPDDEMMLYVVVZHFJJSLNNPDDSQQDBQARFFUBJGXGLLSGZOODGGOVYEASZSBBIXSCCNNVVMCTTEKODYNNGGIELYMMVPOSSH"...) at smith_waterman.c:141
#2  0x0000555555555e65 in execute (file_x_name=0x7fffffffe0b4 "/tmp/smith_waterman/randInputX", file_y_name=0x7fffffffe0d6 "/tmp/smith_waterman/randInputY") at smith_waterman.c:309
#3  0x0000555555556082 in main (argc=9, argv=0x7fffffffdc88) at smith_waterman.c:355

67	
68	double my_maxof(double a, double b, double c, double d)
69	{
70	    double ans=a;
71	    if(ans<b) ans=b;
72	    if(ans<c) ans=c;
73	    if(ans<d) ans=d;
74	    return ans;
75	}
76	

Backtrace END
Memory content before bitflip:0x000x000x000x000x000x000xf00xbf
Fault Model: Random bit-flip
base address to flip value: 0x555555757020 
address max offset: 8
Memory content after  bitflip:0x420x6d0xbf0x590x3d0x6b0x7a0x22
frame name: my_maxof
symbol name: mismatch_score
symbol filename: smith_waterman.c
symbol line: 9
value: 1.3540567773322819e-142
value address: 0x555555757020 <mismatch_score>
Type: A floating point type.
Type sizeof: 8

[INFO -- 2018-12-04 06:56:29]
Fault Injection Successful after 1.8362598419189453s
