[INFO -- 2018-12-05 13:19:04]
sending 5 signals using command: 'killall -2 smith_waterman' after 5.3251254411s
[INFO -- 2018-12-05 13:19:04]
sending 5 signals using command: 'killall -2 smith_waterman' after 5.50503784077s
[INFO -- 2018-12-05 13:19:04]
sending 5 signals using command: 'killall -2 smith_waterman' after 5.89186520562s
[INFO -- 2018-12-05 13:19:04]
Starting GDB script
[INFO -- 2018-12-05 13:19:04]
initSignal:0.0
[INFO -- 2018-12-05 13:19:04]
endSignal:6.0
[INFO -- 2018-12-05 13:19:06]
sending 5 signals using command: 'killall -2 smith_waterman' after 1.43462953443s
[INFO -- 2018-12-05 13:19:09]
sending 5 signals using command: 'killall -2 smith_waterman' after 4.60416871281s
[INFO -- 2018-12-05 13:19:09]
sending 5 signals using command: 'killall -2 smith_waterman' after 4.72454072768s
[INFO -- 2018-12-05 13:19:10]
Execution finished before waitTime
