[INFO -- 2018-12-08 22:39:41]
Starting flip_value script
version: 1.1
[INFO -- 2018-12-08 22:39:41]
Initialization strings:
[INFO -- 2018-12-08 22:39:41]
(1) file /tmp/smith_waterman/smith_waterman
[INFO -- 2018-12-08 22:39:41]
(2) set args -x /tmp/smith_waterman/randInputX -y /tmp/smith_waterman/randInputY -o /tmp/smith_waterman/output -z /tmp/smith_waterman/detected.log
[INFO -- 2018-12-08 22:39:41]
initSignal:0
[INFO -- 2018-12-08 22:39:41]
endSignal:6
[INFO -- 2018-12-08 22:39:41]
faultModel:0
[INFO -- 2018-12-08 22:39:41]
Backtrace BEGIN:
#0  check_index (i=0, j=0) at smith_waterman.c:150
#1  0x0000555555555367 in smith_waterman (x_num=10200, x_num2=10200, y_num=15000, y_num2=15000, str_x=0x5555557586c0 "VJJPPOKKZRRZZZSGGKZZNROHHFUUJJDRPNQGDGQEXJDIIXGPMQZZQJPPXXTLZEEXWWDDDVAAFAAPGGGJXXQGAAQYYLKGKOEYLRROOOMMOQNNWIXWHNNMMFNSSZTFOFFZGXPLLFZAYBUULMSSYIJLNWXYYSKMPQNYPELALNCJSSEBGZHHEESWRRDBQNBBGBBXGPRRCCBS"..., str_y=0x55555575aeb0 "VEJZPOOKZRRZAZSGGNKZNYROHFIUWJDRPNQGDGQEXJDXIXGPMQQZQJPZPXTLGZEXMWDRDVVAFAAPXGGJYXLQGAQXYLKGKOEYLHROFOQMOQBNWIXWHKNPMFNKSZTFOXFZGXPNLFZAYBPULMTSYIJLNWXFYSKMPQNYPELALNCJOSEBGZTHHESWDRDBKQNBGCBXGPZRCCBS"...) at smith_waterman.c:201
#2  0x0000555555556178 in execute (file_x_name=0x7fffffffe065 "/tmp/smith_waterman/randInputX", file_y_name=0x7fffffffe087 "/tmp/smith_waterman/randInputY") at smith_waterman.c:379
#3  0x0000555555556393 in main (argc=9, argv=0x7fffffffdc38) at smith_waterman.c:425

145	        return match_score;
146	    else
147	        return mismatch_score;
148	}
149	
150	void check_index(int i, int j){
151	    if(i != j){
152	        sdc_exit();
153	    }
154	}

Backtrace END
Memory content before bitflip:0x000x000x000x000x000x000x000xc0
Fault Model: Single bit-flip
base address to flip value: 0x555555757030 
address max offset: 8
Memory content after  bitflip:0x000x000x000x000x000x000x010xc0
frame name: execute
symbol name: gap_score
symbol filename: smith_waterman.c
symbol line: 11
value: -2.125
value address: 0x555555757030 <gap_score>
Type: A floating point type.
Type sizeof: 8

[INFO -- 2018-12-08 22:39:41]
Fault Injection Successful after 0.7511141300201416s
[INFO -- 2018-12-08 22:39:41]
event type: exit
[INFO -- 2018-12-08 22:39:41]
exit code: 0
