[INFO -- 2018-12-08 01:39:41]
Starting flip_value script
version: 1.1
[INFO -- 2018-12-08 01:39:41]
Initialization strings:
[INFO -- 2018-12-08 01:39:41]
(1) file /tmp/smith_waterman/smith_waterman
[INFO -- 2018-12-08 01:39:41]
(2) set args -x /tmp/smith_waterman/randInputX -y /tmp/smith_waterman/randInputY -o /tmp/smith_waterman/output -z /tmp/smith_waterman/detected.log
[INFO -- 2018-12-08 01:39:41]
initSignal:0
[INFO -- 2018-12-08 01:39:41]
endSignal:6
[INFO -- 2018-12-08 01:39:41]
faultModel:1
[INFO -- 2018-12-08 01:39:46]
Backtrace BEGIN:
#0  smith_waterman (x_num=15000, x_num2=15000, y_num=11100, y_num2=11100, str_x=0x5555557586c0 "OHJGBBERYBMFEFIKRMFXYCLDRLLGOGAEOJKRNQLLUXTYFBIYPPXNUITLTETKNTOBFBUSRHDNFYLMZVKQNHGHRZULDOXSJLVOOQIIXMVEKJSMEEERNKAFJVSPLPHWCDLRVVZUHWZUFTIMYOFLZGQKDIBOXJKCOXTLTUFCQGYYAIMYXRLWZCGCMIQKTDMJAHUVBBYTIYTI"..., str_y=0x55555575c170 "HJJGBBRYBBMFEFIRMFXYCCDDRLLGGGAOOJKNQQLLUTTFBIYYPXXNIITTTEKKTTOBBBURRDDNYLLMZVKNNGHHRUUDOOSJJVOOOQIIXMVEKJMEEEERNKFJJVSLLHHWDDRRVVZHHZZFFTMMOOFZZGKDDIBXXKKCXTTTUUCQQGYAIMYXXRWZZGCMIIKKTDMJHUVVBYYTITIH"...) at smith_waterman.c:246
#1  0x0000555555556178 in execute (file_x_name=0x7fffffffe065 "/tmp/smith_waterman/randInputX", file_y_name=0x7fffffffe087 "/tmp/smith_waterman/randInputY") at smith_waterman.c:379
#2  0x0000555555556393 in main (argc=9, argv=0x7fffffffdc38) at smith_waterman.c:425

241	            if(maxValue < matrix[i][j]){
242	                maxValue = matrix[i][j];
243	                y = i;
244	                x = j;
245	            }
246	            j2++;
247	        }
248	        i2++;
249	    }
250	    check_index(j, j2);

Backtrace END
Memory content before bitflip:0x980x3a0x000x000x000x000x000x00
Fault Model: Double bit-flip
base address to flip value: 0x7fffffffd9d0
address max offset: 8
Memory content after  bitflip:0x980x3a0x000x000x000x000x000x18
frame name: smith_waterman
symbol name: x_num2
symbol filename: smith_waterman.c
symbol line: 156
value: 1729382256910285464
value address: 0x7fffffffd9d0
Type: The type is an integer type.
Type sizeof: 8

[INFO -- 2018-12-08 01:39:46]
Fault Injection Successful after 5.733415126800537s
[INFO -- 2018-12-08 01:39:47]
event type: exit
[INFO -- 2018-12-08 01:39:47]
exit code: 0
