[INFO -- 2018-12-08 23:30:43]
Starting flip_value script
version: 1.1
[INFO -- 2018-12-08 23:30:43]
Initialization strings:
[INFO -- 2018-12-08 23:30:43]
(1) file /tmp/smith_waterman/smith_waterman
[INFO -- 2018-12-08 23:30:43]
(2) set args -x /tmp/smith_waterman/randInputX -y /tmp/smith_waterman/randInputY -o /tmp/smith_waterman/output -z /tmp/smith_waterman/detected.log
[INFO -- 2018-12-08 23:30:43]
initSignal:0
[INFO -- 2018-12-08 23:30:43]
endSignal:6
[INFO -- 2018-12-08 23:30:43]
faultModel:1
[INFO -- 2018-12-08 23:30:44]
Backtrace BEGIN:
#0  check_index (i=13301, j=13301) at smith_waterman.c:154
#1  0x0000555555555367 in smith_waterman (x_num=10200, x_num2=10200, y_num=15000, y_num2=15000, str_x=0x5555557586c0 "VJJPPOKKZRRZZZSGGKZZNROHHFUUJJDRPNQGDGQEXJDIIXGPMQZZQJPPXXTLZEEXWWDDDVAAFAAPGGGJXXQGAAQYYLKGKOEYLRROOOMMOQNNWIXWHNNMMFNSSZTFOFFZGXPLLFZAYBUULMSSYIJLNWXYYSKMPQNYPELALNCJSSEBGZHHEESWRRDBQNBBGBBXGPRRCCBS"..., str_y=0x55555575aeb0 "VEJZPOOKZRRZAZSGGNKZNYROHFIUWJDRPNQGDGQEXJDXIXGPMQQZQJPZPXTLGZEXMWDRDVVAFAAPXGGJYXLQGAQXYLKGKOEYLHROFOQMOQBNWIXWHKNPMFNKSZTFOXFZGXPNLFZAYBPULMTSYIJLNWXFYSKMPQNYPELALNCJOSEBGZTHHESWDRDBKQNBGCBXGPZRCCBS"...) at smith_waterman.c:201
#2  0x0000555555556178 in execute (file_x_name=0x7fffffffe065 "/tmp/smith_waterman/randInputX", file_y_name=0x7fffffffe087 "/tmp/smith_waterman/randInputY") at smith_waterman.c:379
#3  0x0000555555556393 in main (argc=9, argv=0x7fffffffdc38) at smith_waterman.c:425

149	
150	void check_index(int i, int j){
151	    if(i != j){
152	        sdc_exit();
153	    }
154	}
155	
156	char *smith_waterman(long x_num, long x_num2, long y_num, long y_num2, char* str_x, char* str_y)
157	{
158	    if(x_num != x_num2){        

Backtrace END
Memory content before bitflip:0xff0xff0xff0xff
Fault Model: Double bit-flip
base address to flip value: 0x7fffffffdb2c
address max offset: 4
Memory content after  bitflip:0xbb0xff0xff0xff
frame name: main
symbol name: opt
symbol filename: smith_waterman.c
symbol line: 388
value: -69
value address: 0x7fffffffdb2c
Type: The type is an integer type.
Type sizeof: 4

[INFO -- 2018-12-08 23:30:44]
Fault Injection Successful after 1.16526460647583s
[INFO -- 2018-12-08 23:30:49]
event type: exit
[INFO -- 2018-12-08 23:30:49]
exit code: 0
