[INFO -- 2019-09-03 11:49:58]
Starting flip_value script
version: 1.1
[INFO -- 2019-09-03 11:49:58]
Initialization strings:
[INFO -- 2019-09-03 11:49:58]
(1) file /tmp/smith_waterman/smith_waterman
[INFO -- 2019-09-03 11:49:58]
(2) set args -x /tmp/smith_waterman/randInputX -y /tmp/smith_waterman/randInputY -o /tmp/smith_waterman/output
[INFO -- 2019-09-03 11:49:58]
initSignal:0
[INFO -- 2019-09-03 11:49:58]
endSignal:6
[INFO -- 2019-09-03 11:49:58]
faultModel:2
[INFO -- 2019-09-03 11:50:00]
Backtrace BEGIN:
#0  0x0000555555555051 in smith_waterman (x_num=15000, y_num=15000, str_x=0x5555557586c0 "KFFOCVVLQQSSPWPPFVMMFJJYHHEHHFTPPPJRRFJVFFNNVZAAWZNEYMMIIEPJTLAKUUEDZTXXQMUUPWWLRJVVKXCSDNJOIUSSUUQQNPOOBKRRRGESSSGRRIVXFFFFAATUWJJHBYYJCKWWSIGAAOOSWPPVSCUCBBZZAAJBBJSTTWCEIIYFXZZVBRVQQTPTXGWWGDFOOZJX"..., str_y=0x55555575c170 "KKFOLCVLQQQSPOWPFUVMCFJMYHSEHFITPPJCRFNJVFBNVZEAWZNYEYMEIELPJTLAKUEDZTMXYQMUPQWLRJLVKXCSDNJOIUOSRUXQNJPOBBKRRGEISSGCRIWVXFJFCAZTUWJKHBYJCKCWSIGKAOOSWMPVSACUCBPZZAJJBJSETWCLEIYFXOZVBQRVQTPTXGSWGDFIOZOJ"..., fo=0x555555758260) at smith_waterman.c:98
#1  0x0000555555555e38 in main (argc=7, argv=0x7fffffffde98) at smith_waterman.c:298

93	    double max_score=0.0;
94	    for(i=1; i<x_num+1; i++){
95	        for(j=1; j<y_num+1; j++){
96	            if(str_x[i-1]==str_y[j-1]){diff=match_score;}
97	            else{diff=mismatch_score;}
98	            matrix[i][j]=my_maxof(matrix[i-1][j-1]+diff, matrix[i-1][j]+gap_score, matrix[i][j-1]+gap_score,0);
99	            if(matrix[i][j]>max_score)
100	                max_score=matrix[i][j];
101	        }
102	    }

Backtrace END
Memory content before bitflip:0xaa0x2e0xa60xf70xff0x7f0x000x00
Fault Model: Random bit-flip
base address to flip value: 0x7fffffffdce8
address max offset: 8
Memory content after  bitflip:0xc10x310x320xc50x4b0x870x200xa7
frame name: smith_waterman
symbol name: scoreDiag
symbol filename: smith_waterman.c
symbol line: 135
value: -3.2004067563799892e-120
value address: 0x7fffffffdce8
Type: A floating point type.
Type sizeof: 8

[INFO -- 2019-09-03 11:50:00]
Fault Injection Successful after 2.501460313796997s
[INFO -- 2019-09-03 11:50:01]
event type: exit
[INFO -- 2019-09-03 11:50:01]
exit code: 0
