[INFO -- 2018-12-04 14:53:00]
sending 5 signals using command: 'killall -2 smith_waterman' after 5.45074649336s
[INFO -- 2018-12-04 14:53:01]
sending 5 signals using command: 'killall -2 smith_waterman' after 5.64688465819s
[INFO -- 2018-12-04 14:53:01]
sending 5 signals using command: 'killall -2 smith_waterman' after 5.80595841187s
[INFO -- 2018-12-04 14:53:01]
Starting GDB script
[INFO -- 2018-12-04 14:53:01]
initSignal:0.0
[INFO -- 2018-12-04 14:53:01]
endSignal:6.0
[INFO -- 2018-12-04 14:53:03]
sending 5 signals using command: 'killall -2 smith_waterman' after 1.66315809132s
[INFO -- 2018-12-04 14:53:05]
sending 5 signals using command: 'killall -2 smith_waterman' after 3.98056542454s
[INFO -- 2018-12-04 14:53:05]
sending 5 signals using command: 'killall -2 smith_waterman' after 4.44692489958s
[INFO -- 2018-12-04 14:53:07]
Execution finished before waitTime
