[INFO -- 2018-12-09 10:26:20]
Starting flip_value script
version: 1.1
[INFO -- 2018-12-09 10:26:20]
Initialization strings:
[INFO -- 2018-12-09 10:26:20]
(1) file /tmp/smith_waterman/smith_waterman
[INFO -- 2018-12-09 10:26:20]
(2) set args -x /tmp/smith_waterman/randInputX -y /tmp/smith_waterman/randInputY -o /tmp/smith_waterman/output -z /tmp/smith_waterman/detected.log
[INFO -- 2018-12-09 10:26:20]
initSignal:0
[INFO -- 2018-12-09 10:26:20]
endSignal:6
[INFO -- 2018-12-09 10:26:20]
faultModel:2
[EXCEPTION -- 2018-12-09 10:26:21]
pythonException: invalid literal for int() with base 16: '0x55555575c170 ...'
[INFO -- 2018-12-09 10:26:21]
Backtrace BEGIN:
#0  0x000055555555521b in smith_waterman (x_num=15000, x_num2=15000, y_num=13800, y_num2=13800, str_x=0x5555557586c0 "IMTTSUDHNRKNEWSNEACUQCJXJYEJAAAIPWBHSEPGXZVCVNRBNVVGYHFJHJUHMXPBTSILZZTWZOAWBSYRNVZNEEXMPRTBOLEHDPVEOOBNDBMGTKXHHWWMCTYSNTVBGALMPIQFWRTBVHIQRHZYGWMIPMCCGYGOATARDRWBKRDFYNWRWVSCTENJRRNZRVNTQOKTHJVRCYZD"..., str_y=0x55555575c170 "IMTSUDDNRRNNEWNNEACUQJXXYYJJAAAPPBHSEPGGXVVCVRRBNVGYYFJJHUHMMXBBTSIZZZWZOAWWSSRRNVNEEEXMPRTOLEHHDPVOOOBDDBMGKXHHWWMCTTYSNVVGAALMIQFWWRBVHHIRRHZYGWMIPCCCYYOOTTRDRWBBKDDFYNWWVSSTENJJRNZRRNNTOKTTHVRCYZZD"...) at smith_waterman.c:182
#1  0x0000555555556178 in execute (file_x_name=0x7fffffffe065 "/tmp/smith_waterman/randInputX", file_y_name=0x7fffffffe087 "/tmp/smith_waterman/randInputY") at smith_waterman.c:379
#2  0x0000555555556393 in main (argc=9, argv=0x7fffffffdc38) at smith_waterman.c:425

177	    long j, j2;
178		
179	    i2 = 0;
180	    for(i=0; i<x_num+1; i++){
181	        check_index(i, i2);
182	        matrix[i][0]=0.0;
183	        i2++;
184	    }
185	    check_index(i, i2);
186	    i2 = 0;

Backtrace END
Memory content before bitflip:0x980x3a0x000x000x000x000x000x00
Fault Model: Random bit-flip
base address to flip value: 0x7fffffffdad0
address max offset: 8
Memory content after  bitflip:0x2d0x760x510x0d0xa20x4a0x250x91
frame name: execute
symbol name: x_num
symbol filename: smith_waterman.c
symbol line: 369
value: -7987896304203106771
value address: 0x7fffffffdad0
Type: The type is an integer type.
Type sizeof: 8

[INFO -- 2018-12-09 10:26:21]
Fault Injection Successful after 1.0575416088104248s
[INFO -- 2018-12-09 10:26:28]
event type: exit
[INFO -- 2018-12-09 10:26:28]
exit code: 0
