[INFO -- 2018-12-08 17:48:08]
Starting flip_value script
version: 1.1
[INFO -- 2018-12-08 17:48:08]
Initialization strings:
[INFO -- 2018-12-08 17:48:08]
(1) file /tmp/smith_waterman/smith_waterman
[INFO -- 2018-12-08 17:48:08]
(2) set args -x /tmp/smith_waterman/randInputX -y /tmp/smith_waterman/randInputY -o /tmp/smith_waterman/output -z /tmp/smith_waterman/detected.log
[INFO -- 2018-12-08 17:48:08]
initSignal:0
[INFO -- 2018-12-08 17:48:08]
endSignal:6
[INFO -- 2018-12-08 17:48:08]
faultModel:1
[INFO -- 2018-12-08 17:48:09]
Backtrace BEGIN:
#0  test_globals () at smith_waterman.c:80
#1  0x0000555555555371 in smith_waterman (x_num=15000, x_num2=15000, y_num=12150, y_num2=12150, str_x=0x5555557586c0 "XVDLHCJWPSEBDCNRHWOWBXQOTWEAMFHJDMVKOGJGYPHCUUVBQMZTLPIENOGAWNLZZILOQUUPMDTGYQHQCGKPYUTNKAPGNDHPLVFERBTDEOJEESVJZHYZDUONUEWJHFYUADYUETXLJJPQBKBCRZDUTSKPYIZHNZDQDEMJXJUJUKZYWACOBGKXAWMYGNFUNIMSMYBMJYVE"..., str_y=0x55555575c170 "XVDHHJJWPEEBCCNHWWOBXQQOTWEAMFJJMMVOGJJGYPHCUUVBMZTTLPINOOGANNLZZLLQQUUPMTGYQQHQCGPPYUTNKPPGNHHLVVEEBBDEEJJESSJJZHZZDUNUEEWHHFYAAYUEEXLJJPPQBKBRRDUTSSPPYZZNNZDQDMJXJUJUKZZYWACBBGXXWWYYGNFNNISSMYBJJYVI"...) at smith_waterman.c:202
#2  0x0000555555556178 in execute (file_x_name=0x7fffffffe065 "/tmp/smith_waterman/randInputX", file_y_name=0x7fffffffe087 "/tmp/smith_waterman/randInputY") at smith_waterman.c:379
#3  0x0000555555556393 in main (argc=9, argv=0x7fffffffdc38) at smith_waterman.c:425

75	void test_globals(){
76		if( (match_score != match_score2) || (gap_score != gap_score2) || (mismatch_score != mismatch_score2) )
77	    {
78			sdc_exit();
79	    }
80	}
81	
82	void sizeof_string(FILE* fpx, FILE* fpy, long* x_num, long* y_num)
83	{
84	    *x_num=0;

Backtrace END
Fliping a bit of the value pointed by a pointer
Memory content before bitflip:0x2f
Fault Model: Double bit-flip
base address to flip value: 0x7fffffffe065 
address max offset: 1
Memory content after  bitflip:0x1f
frame name: execute
symbol name: file_x_name
symbol filename: smith_waterman.c
symbol line: 365
value: 0x7fffffffe065 "\037tmp/smith_waterman/randInputX"
value address: 0x7fffffffdab8
Type: The type is a pointer.
Type sizeof: 8

[INFO -- 2018-12-08 17:48:09]
Fault Injection Successful after 1.8342173099517822s
[INFO -- 2018-12-08 17:48:15]
event type: exit
[INFO -- 2018-12-08 17:48:15]
exit code: 0
