[INFO -- 2018-12-05 22:16:02]
Starting flip_value script
version: 1.1
[INFO -- 2018-12-05 22:16:02]
Initialization strings:
[INFO -- 2018-12-05 22:16:02]
(1) file /tmp/smith_waterman/smith_waterman
[INFO -- 2018-12-05 22:16:02]
(2) set args -x /tmp/smith_waterman/randInputX -y /tmp/smith_waterman/randInputY -o /tmp/smith_waterman/output -z /tmp/smith_waterman/detected.log
[INFO -- 2018-12-05 22:16:02]
initSignal:0
[INFO -- 2018-12-05 22:16:02]
endSignal:6
[INFO -- 2018-12-05 22:16:02]
faultModel:1
[INFO -- 2018-12-05 22:16:03]
Backtrace BEGIN:
#0  0x0000555555554d22 in my_maxof (a=-1, b=-2, c=-2, d=0) at smith_waterman.c:70
#1  0x0000555555555202 in smith_waterman (x_num=15000, x_num2=15000, y_num=10200, y_num2=10200, str_x=0x5555557586c0 "UYSBZEDUESXVUGLTTBIEPRWRMJYXPXLJVDNXIQTOIQJFYXARAIWPBUHNDFMSCYEADRZNJSBUINBIMBZMMXBNSKDVSPQWNUWTNVGWPKQZZTHLVHXJGAYYNBWFRMBGIABVXITNSMMTFWECFDLLFMKSNIZGWDPEDQBCYURSGGLMCRQHUESAQEUDMWKIZBOERPGQMAKSGYGI"..., str_y=0x55555575c170 "UYSBZEDUESVUGGLTBBIPPWWRJJYPXLJVVDXIITTIQQJYYAARAIWBBUHNDFMSCYEARZNNJSBUNBBIMBMMXBNSKDDVSQWNNWTNNVWPKKZZZTHLVHJJAAYNBBWFRBGIIAVXITNSSMTFFWCFFLLLMMSSNIGWWDPDDQCYYURGGLLCCQHUUESAEEUMWKIIBBEERGQMAKKSGYGI"...) at smith_waterman.c:141
#2  0x0000555555555e65 in execute (file_x_name=0x7fffffffe0b4 "/tmp/smith_waterman/randInputX", file_y_name=0x7fffffffe0d6 "/tmp/smith_waterman/randInputY") at smith_waterman.c:309
#3  0x0000555555556082 in main (argc=9, argv=0x7fffffffdc88) at smith_waterman.c:355

65	    }
66	}
67	
68	double my_maxof(double a, double b, double c, double d)
69	{
70	    double ans=a;
71	    if(ans<b) ans=b;
72	    if(ans<c) ans=c;
73	    if(ans<d) ans=d;
74	    return ans;

Backtrace END
Memory content before bitflip:0x090x000x000x00
Fault Model: Double bit-flip
base address to flip value: 0x7fffffffdb5c
address max offset: 4
Memory content after  bitflip:0x090x240x000x00
frame name: main
symbol name: argc
symbol filename: smith_waterman.c
symbol line: 316
value: 9225
value address: 0x7fffffffdb5c
Type: The type is an integer type.
Type sizeof: 4

[INFO -- 2018-12-05 22:16:03]
Fault Injection Successful after 1.343303918838501s
[INFO -- 2018-12-05 22:16:07]
event type: exit
[INFO -- 2018-12-05 22:16:07]
exit code: 0
