[INFO -- 2018-12-04 14:51:57]
Starting flip_value script
version: 1.1
[INFO -- 2018-12-04 14:51:57]
Initialization strings:
[INFO -- 2018-12-04 14:51:57]
(1) file /tmp/smith_waterman/smith_waterman
[INFO -- 2018-12-04 14:51:57]
(2) set args -x /tmp/smith_waterman/randInputX -y /tmp/smith_waterman/randInputY -o /tmp/smith_waterman/output -z /tmp/smith_waterman/detected.log
[INFO -- 2018-12-04 14:51:57]
initSignal:0
[INFO -- 2018-12-04 14:51:57]
endSignal:6
[INFO -- 2018-12-04 14:51:57]
faultModel:0
[INFO -- 2018-12-04 14:52:01]
Backtrace BEGIN:
#0  my_maxof (a=0, b=-2, c=-2, d=0) at smith_waterman.c:75
#1  0x0000555555555202 in smith_waterman (x_num=15000, x_num2=15000, y_num=11400, y_num2=11400, str_x=0x5555557586c0 "GCLUZAABTRHGXUXOYOVEZWACAGILWCEEEPZFRBGMSOTPKQFKEAOFZRJZXSMVUQCAHBFZENNYBGNNYUYEXOMWFVXFPJALCCLJFQKJGYJHGWXHTXLQLXORTLWKWYWADHKKAWWGUFPDEOKXLXNXVDQQQOAMMWNRGZCIVYOSDFXHUHGFGTEBWWTOKUBZSQSARUIMUYGAEDHY"..., str_y=0x55555575c170 "CLLZAABBTRGXUUOYOOEZWACAGGLWWEEEEZFRBBGSOTPPKQKEEOFZZJZXSSMVQCAHBFZENNYBBGNYYUEXOMWFFXXPJAACCLJFQQJGYJJGWXXTXLQLXOOTTWWWYWWDDKKKWWGUFFDDOOKXLNXVVQQQOAAMWNRGZZIVYOODFFXUUGFGTEBWWTOKUBZSSSARRUMUUGAEDDYM"...) at smith_waterman.c:141
#2  0x0000555555555e65 in execute (file_x_name=0x7fffffffe0b4 "/tmp/smith_waterman/randInputX", file_y_name=0x7fffffffe0d6 "/tmp/smith_waterman/randInputY") at smith_waterman.c:309
#3  0x0000555555556082 in main (argc=9, argv=0x7fffffffdc88) at smith_waterman.c:355

70	    double ans=a;
71	    if(ans<b) ans=b;
72	    if(ans<c) ans=c;
73	    if(ans<d) ans=d;
74	    return ans;
75	}
76	
77	double matchMisScore(long i, long j, char* str_y, char* str_x)
78	{
79	    if (str_y[j] == str_x[i])

Backtrace END
Memory content before bitflip:0x880x2c0x000x000x000x000x000x00
Fault Model: Single bit-flip
base address to flip value: 0x7fffffffda00
address max offset: 8
Memory content after  bitflip:0x880x2c0x100x000x000x000x000x00
frame name: smith_waterman
symbol name: y_num2
symbol filename: smith_waterman.c
symbol line: 93
value: 1059976
value address: 0x7fffffffda00
Type: The type is an integer type.
Type sizeof: 8

[INFO -- 2018-12-04 14:52:01]
Fault Injection Successful after 4.335951805114746s
[INFO -- 2018-12-04 14:52:02]
event type: exit
[INFO -- 2018-12-04 14:52:02]
exit code: 0
