[INFO -- 2018-12-08 07:48:04]
Starting flip_value script
version: 1.1
[INFO -- 2018-12-08 07:48:04]
Initialization strings:
[INFO -- 2018-12-08 07:48:04]
(1) file /tmp/smith_waterman/smith_waterman
[INFO -- 2018-12-08 07:48:04]
(2) set args -x /tmp/smith_waterman/randInputX -y /tmp/smith_waterman/randInputY -o /tmp/smith_waterman/output -z /tmp/smith_waterman/detected.log
[INFO -- 2018-12-08 07:48:04]
initSignal:0
[INFO -- 2018-12-08 07:48:04]
endSignal:6
[INFO -- 2018-12-08 07:48:04]
faultModel:2
[INFO -- 2018-12-08 07:48:04]
Backtrace BEGIN:
#0  0x000055555555521b in smith_waterman (x_num=13350, x_num2=13350, y_num=15000, y_num2=15000, str_x=0x5555557586c0 "CZPWWHDZZJJZOOSVYKXPDMMXBJRJMLNMMOOJUUBPNKODBGZSSXODDBAETTQYFFOTLEZZFFOLEEQMMRRQQITTJMAVFVMMXJHKPNOOSZLLFEERXXXFFHQTXLLAPIOTTVAIIMCCYOOTUUMRRHHZREMMBBMLBBIFIOHHWNLKLFGGVJJBBMUUWBGETTTWWBXUMLIAAPSNQZMM"..., str_y=0x55555575baf0 "CZPYWHDQZTJZQOSVYKXPLDMXBJRJMLNOMEOJNUBPNKODBGAZSXODDBAEMTQYGFOTLEEZYFOLREQSMRREQIJTJMAVFSVMXJHKPNLOSZBLFSERLXXBFHXQTXLAPIOOTVAJIMXCNYOTSUMDRKHZREPMBBMSLBIFYIOHWNLKLZFGVRJNBQMUWBGZETTSWBXUMLDIAPSNQZTM"...) at smith_waterman.c:182
#1  0x0000555555556178 in execute (file_x_name=0x7fffffffe065 "/tmp/smith_waterman/randInputX", file_y_name=0x7fffffffe087 "/tmp/smith_waterman/randInputY") at smith_waterman.c:379
#2  0x0000555555556393 in main (argc=9, argv=0x7fffffffdc38) at smith_waterman.c:425

177	    long j, j2;
178		
179	    i2 = 0;
180	    for(i=0; i<x_num+1; i++){
181	        check_index(i, i2);
182	        matrix[i][0]=0.0;
183	        i2++;
184	    }
185	    check_index(i, i2);
186	    i2 = 0;

Backtrace END
Fliping a bit of the pointer
Memory content before bitflip:0xc70xe00xff0xff0xff0x7f0x000x00
Fault Model: Random bit-flip
base address to flip value: 0x555555757048 
address max offset: 8
Memory content after  bitflip:0xa90x9f0x370x380x760x000xa40x3d
frame name: execute
symbol name: log_name
symbol filename: smith_waterman.c
symbol line: 16
value: 0x7fffffffe0c7 "/tmp/smith_waterman/detected.log"
value address: 0x555555757048 <log_name>
Type: The type is a pointer.
Type sizeof: 8

[INFO -- 2018-12-08 07:48:04]
Fault Injection Successful after 0.4589085578918457s
[INFO -- 2018-12-08 07:48:11]
event type: exit
[INFO -- 2018-12-08 07:48:11]
exit code: 0
