[INFO -- 2018-12-03 16:03:52]
Starting flip_value script
version: 1.1
[INFO -- 2018-12-03 16:03:52]
Initialization strings:
[INFO -- 2018-12-03 16:03:52]
(1) file /tmp/smith_waterman/smith_waterman
[INFO -- 2018-12-03 16:03:52]
(2) set args -x /tmp/smith_waterman/randInputX -y /tmp/smith_waterman/randInputY -o /tmp/smith_waterman/output -z /tmp/smith_waterman/detected.log
[INFO -- 2018-12-03 16:03:52]
initSignal:0
[INFO -- 2018-12-03 16:03:52]
endSignal:6
[INFO -- 2018-12-03 16:03:52]
faultModel:2
[INFO -- 2018-12-03 16:03:53]
Backtrace BEGIN:
#0  0x0000555555555103 in smith_waterman (x_num=9900, y_num=15000, str_x=0x5555557586c0 "KKSNNFTDOOKKPPXXLLWMMFFOOOEJIIZUTOOIGGAWHMRRYPPBBHOOITEYYNNIOODDRNNAZQAZZOYCCGENXUDHHHGGWPPXSSQQPQKKHSIGYYJEFPPUJZZKHHSDDHMQQHKKHZWOFFXDDDJJYYFJJFKKRZZTOKZETLMMSCKMMJRRDSDNTIAEZZQQQXXQJJRCCAAMDHAAEUJM"..., str_y=0x55555575ad80 "LKNSNFSTDOCKTPCXCLSWMFJFOOEJIIZUTPOIUGDAWHMRYOPABHZOOITEYXNHIODDDRNAZQAWZOPYCGYENXUDHPHGNWPXLSCQJPQKHSIGGYEJEFPUCJZKYHSNDHMQZQHKHZWOSFXYDDJJIYFNJFZKORZTYOKZETLMSHCKMZJRDSDNTIAEPZQDQSXQIJRMCCAUMDHAESUJ"...) at smith_waterman.c:103
#1  0x0000555555555cbf in execute (file_x_name=0x7fffffffe0b7 "/tmp/smith_waterman/randInputX", file_y_name=0x7fffffffe0d9 "/tmp/smith_waterman/randInputY") at smith_waterman.c:263
#2  0x0000555555555f08 in main (argc=9, argv=0x7fffffffdc98) at smith_waterman.c:314

98	    for(i=1; i<x_num+1; i++){
99	        for(j=1; j<y_num+1; j++){
100	            if(str_x[i-1]==str_y[j-1]){diff=match_score;}
101	            else{diff=mismatch_score;}
102	            matrix[i][j]=my_maxof(matrix[i-1][j-1]+diff, matrix[i-1][j]+gap_score, matrix[i][j-1]+gap_score,0);
103	            if(matrix[i][j]>max_score)
104	                max_score=matrix[i][j];
105	        }
106	    }
107	

Backtrace END
Fliping a bit of the pointer
Memory content before bitflip:0x500x600x550x550x550x550x000x00
Fault Model: Random bit-flip
base address to flip value: 0x7fffffffdb90
address max offset: 8
Memory content after  bitflip:0xcc0x6f0xa90xfd0x6e0xfd0x670x3e
frame name: main
symbol name: answer1
symbol filename: smith_waterman.c
symbol line: 314
value: 0x555555556050 <__libc_csu_init> "AWAVI\211\327AUATL\215%\336\f "
value address: 0x7fffffffdb90
Type: The type is a pointer.
Type sizeof: 8

[INFO -- 2018-12-03 16:03:53]
Fault Injection Successful after 1.8071961402893066s
[INFO -- 2018-12-03 16:04:00]
event type: exit
[INFO -- 2018-12-03 16:04:00]
exit code: 0
