[INFO -- 2018-12-03 21:32:06]
Starting flip_value script
version: 1.1
[INFO -- 2018-12-03 21:32:06]
Initialization strings:
[INFO -- 2018-12-03 21:32:06]
(1) file /tmp/smith_waterman/smith_waterman
[INFO -- 2018-12-03 21:32:06]
(2) set args -x /tmp/smith_waterman/randInputX -y /tmp/smith_waterman/randInputY -o /tmp/smith_waterman/output -z /tmp/smith_waterman/detected.log
[INFO -- 2018-12-03 21:32:06]
initSignal:0
[INFO -- 2018-12-03 21:32:06]
endSignal:6
[INFO -- 2018-12-03 21:32:06]
faultModel:1
[INFO -- 2018-12-03 21:32:11]
Backtrace BEGIN:
#0  malloc (n=13) at dl-minimal.c:50
#1  <function called from gdb>
#2  0x00007ffff7affab7 in munmap () at ../sysdeps/unix/syscall-template.S:78
#3  0x00007ffff7a7bbef in munmap_chunk (p=0x7fffab6e6000) at malloc.c:2854
#4  __GI___libc_free (mem=0x7fffab6e6010) at malloc.c:3117
#5  0x0000555555555d16 in smith_waterman (x_num=15000, x_num2=15000, y_num=10650, y_num2=10650, str_x=0x5555557586c0 "XGGEHMCQCZUPODVEIPVNQAVZLPLUYJKWPSAXEFNJEJASMVYUKVKAWHBHYMDXVNTNGVMMABXGKYBYTZUGVEGTOKCMWFJUSEJACVPCYMLKMMIILCOIJWBXGDLDKXZFBIFFFWIDJVNXHVFUZVDISGHAMTFWSEBTMJZTFJWQELONITHIRMSJTAJHVPDNVHIKQJDXUCOANENY"..., str_y=0x55555575c170 "GGGEMCCCCZPPOVVEIPVNAAVLPPLUYKWWPAXXFNJJEJSMVYYKKVKWWBBYYMDVVTTGGMMAABXGYYBTTUUGEETTKKCWWJUSSEJCCPPYYLLKMMILLCIIJBXXGDLDKXZFIFFFWIIDVNNXHFUUZDISGHAAMTWWEEBMMZZTFWWQLOOIITHIRMJJAAHHVDNNHIIQJJDXCOANNENZ"...) at smith_waterman.c:290
#6  0x0000555555555e65 in execute (file_x_name=0x7fffffffe0b4 "/tmp/smith_waterman/randInputX", file_y_name=0x7fffffffe0d6 "/tmp/smith_waterman/randInputY") at smith_waterman.c:309
#7  0x0000555555556082 in main (argc=9, argv=0x7fffffffdc88) at smith_waterman.c:355

45	dl-minimal.c: No such file or directory.

Backtrace END
Memory content before bitflip:0x980x3a0x000x000x000x000x000x00
Fault Model: Double bit-flip
base address to flip value: 0x7fffffffda10
address max offset: 8
Memory content after  bitflip:0x980x3a0x000x000x0a0x000x000x00
frame name: smith_waterman
symbol name: x_num2
symbol filename: smith_waterman.c
symbol line: 93
value: 42949687960
value address: 0x7fffffffda10
Type: The type is an integer type.
Type sizeof: 8

[INFO -- 2018-12-03 21:32:11]
Fault Injection Successful after 5.393107652664185s
[INFO -- 2018-12-03 21:32:11]
event type: exit
[INFO -- 2018-12-03 21:32:11]
exit code: 0
