[INFO -- 2018-12-08 00:28:32]
Starting flip_value script
version: 1.1
[INFO -- 2018-12-08 00:28:32]
Initialization strings:
[INFO -- 2018-12-08 00:28:32]
(1) file /tmp/smith_waterman/smith_waterman
[INFO -- 2018-12-08 00:28:32]
(2) set args -x /tmp/smith_waterman/randInputX -y /tmp/smith_waterman/randInputY -o /tmp/smith_waterman/output -z /tmp/smith_waterman/detected.log
[INFO -- 2018-12-08 00:28:32]
initSignal:0
[INFO -- 2018-12-08 00:28:32]
endSignal:6
[INFO -- 2018-12-08 00:28:32]
faultModel:1
[INFO -- 2018-12-08 00:28:32]
Backtrace BEGIN:
#0  0x000055555555521b in smith_waterman (x_num=15000, x_num2=15000, y_num=11100, y_num2=11100, str_x=0x5555557586c0 "OHJGBBERYBMFEFIKRMFXYCLDRLLGOGAEOJKRNQLLUXTYFBIYPPXNUITLTETKNTOBFBUSRHDNFYLMZVKQNHGHRZULDOXSJLVOOQIIXMVEKJSMEEERNKAFJVSPLPHWCDLRVVZUHWZUFTIMYOFLZGQKDIBOXJKCOXTLTUFCQGYYAIMYXRLWZCGCMIQKTDMJAHUVBBYTIYTI"..., str_y=0x55555575c170 "HJJGBBRYBBMFEFIRMFXYCCDDRLLGGGAOOJKNQQLLUTTFBIYYPXXNIITTTEKKTTOBBBURRDDNYLLMZVKNNGHHRUUDOOSJJVOOOQIIXMVEKJMEEEERNKFJJVSLLHHWDDRRVVZHHZZFFTMMOOFZZGKDDIBXXKKCXTTTUUCQQGYAIMYXXRWZZGCMIIKKTDMJHUVVBYYTITIH"...) at smith_waterman.c:182
#1  0x0000555555556178 in execute (file_x_name=0x7fffffffe065 "/tmp/smith_waterman/randInputX", file_y_name=0x7fffffffe087 "/tmp/smith_waterman/randInputY") at smith_waterman.c:379
#2  0x0000555555556393 in main (argc=9, argv=0x7fffffffdc38) at smith_waterman.c:425

177	    long j, j2;
178		
179	    i2 = 0;
180	    for(i=0; i<x_num+1; i++){
181	        check_index(i, i2);
182	        matrix[i][0]=0.0;
183	        i2++;
184	    }
185	    check_index(i, i2);
186	    i2 = 0;

Backtrace END
Fliping a bit of the value pointed by a pointer
Fliping a bit of the pointer
Memory content before bitflip:0x3f0xe00xff0xff0xff0x7f0x000x00
Fault Model: Double bit-flip
base address to flip value: 0x7fffffffdc38
address max offset: 8
Memory content after  bitflip:0x3f0xe00xff0xff0xff0x7f0x000x90
frame name: main
symbol name: argv
symbol filename: smith_waterman.c
symbol line: 386
value: 0x7fffffffdc38
value address: 0x7fffffffdb10
Type: The type is a pointer.
Type sizeof: 8

[INFO -- 2018-12-08 00:28:32]
Fault Injection Successful after 0.7902014255523682s
[INFO -- 2018-12-08 00:28:38]
event type: exit
[INFO -- 2018-12-08 00:28:38]
exit code: 0
