[INFO -- 2019-09-03 12:06:00]
Starting flip_value script
version: 1.1
[INFO -- 2019-09-03 12:06:00]
Initialization strings:
[INFO -- 2019-09-03 12:06:00]
(1) file /tmp/smith_waterman/smith_waterman
[INFO -- 2019-09-03 12:06:00]
(2) set args -x /tmp/smith_waterman/randInputX -y /tmp/smith_waterman/randInputY -o /tmp/smith_waterman/output -z /tmp/smith_waterman/detected.log
[INFO -- 2019-09-03 12:06:00]
initSignal:0
[INFO -- 2019-09-03 12:06:00]
endSignal:6
[INFO -- 2019-09-03 12:06:00]
faultModel:2
[INFO -- 2019-09-03 12:06:03]
Backtrace BEGIN:
#0  my_maxof (a=-1, b=-2, c=-2, d=0) at smith_waterman.c:136
#1  0x00005555555554a5 in smith_waterman (x_num=12000, x_num2=12000, y_num=15000, y_num2=15000, str_x=0x5555557586c0 "EIGGVAAHIKXRRDDMXQHHADMGGOOWJWREEOZYYHHGGJJJJOLHFXFFCDLRRZBBYQQBOMBKKWSQQHSCDDJDDIICCOOWUWZWPTTLEAAOYYJFFBAGGLJJLPPPKFNFMMAEERKKNNVVNJWSMWYTEEXXTTOIZCNQQLAFFNGCJOOPKKFIIIYUCCRWWGSVKHXUAAZNHUQQKKLWWREE"..., str_y=0x55555575b5b0 "EIVGVIAHIKXARDDMXQMHADMDGOOWJWRNEOWZYWHJGGJZJOLHFXQFCDLJRZHBVYQBOMBNKKWSQHSCWDJBDZIFCTOWUWZRWPTLEWAOGYJYFBADGLGJLPPPKFNFBMWAERLKNNAVNJWSMWYTKECXVTOIZCNAQLAWFNGSCJOPSKKFIIYUOCRKWGSVKHXAUAZZNHUQQKHLWRQE"...) at smith_waterman.c:205
#2  0x0000555555556178 in execute (file_x_name=0x7fffffffe222 "/tmp/smith_waterman/randInputX", file_y_name=0x7fffffffe244 "/tmp/smith_waterman/randInputY") at smith_waterman.c:379
#3  0x0000555555556393 in main (argc=9, argv=0x7fffffffde68) at smith_waterman.c:425

131	}
132	
133	double my_maxof(double a, double b, double c, double d)
134	{
135	    double ans=a;
136	    if(ans<b) ans=b;
137	    if(ans<c) ans=c;
138	    if(ans<d) ans=d;
139	    return ans;
140	}

Backtrace END
Memory content before bitflip:0x000x000x000x000x000x000x000x00
Fault Model: Random bit-flip
base address to flip value: 0x7fffffffdc80
address max offset: 8
Memory content after  bitflip:0xd80x160xa00xe70x260xfb0x9e0x0e
frame name: smith_waterman
symbol name: width
symbol filename: smith_waterman.c
symbol line: 228
value: 1053555507364632280
value address: 0x7fffffffdc80
Type: The type is an integer type.
Type sizeof: 8

[INFO -- 2019-09-03 12:06:03]
Fault Injection Successful after 3.4911322593688965s
[INFO -- 2019-09-03 12:06:04]
event type: exit
[INFO -- 2019-09-03 12:06:04]
exit code: 0
