[INFO -- 2018-12-08 13:36:26]
Starting flip_value script
version: 1.1
[INFO -- 2018-12-08 13:36:26]
Initialization strings:
[INFO -- 2018-12-08 13:36:26]
(1) file /tmp/smith_waterman/smith_waterman
[INFO -- 2018-12-08 13:36:26]
(2) set args -x /tmp/smith_waterman/randInputX -y /tmp/smith_waterman/randInputY -o /tmp/smith_waterman/output -z /tmp/smith_waterman/detected.log
[INFO -- 2018-12-08 13:36:26]
initSignal:0
[INFO -- 2018-12-08 13:36:26]
endSignal:6
[INFO -- 2018-12-08 13:36:26]
faultModel:0
[EXCEPTION -- 2018-12-08 13:36:27]
gdbException: Attempt to dereference a generic pointer.
[INFO -- 2018-12-08 13:36:28]
Backtrace BEGIN:
#0  check_index (i=0, j=0) at smith_waterman.c:150
#1  0x0000555555555367 in smith_waterman (x_num=13050, x_num2=13050, y_num=15000, y_num2=15000, str_x=0x5555557586c0 "OPPIVRYRVVLVBQXXMLTUOOROOWWGGBWTRWDOOBGGOBBMTTGGWZANNOOHKBBNNMJJIMOOQWIEEWRRTXZZWBBTMWWBZZRRYCFFOVVGGQLQOEEWWMCYOOXFTJJSVCYVEFFEUNBTDOOUSXQWJUXXRKKKVQESSENNYSSLLVVKLSGERWAASZZCJJJIIAATEQTTKNDRJKKUEEAA"..., str_y=0x55555575b9d0 "OQPZIVRYRVLVBUQXTMLTUORLOPWYGBCWTRWDONBGKOBMLTLGGWZANQOBHKBONGMJZIMOXQWIEZWRTHXZGWBTMPWWBZMRFYCFJOVGGRQLQOELWCMCYOXNFTJJSVCYVEFEUANBTDOLUSXQWJUXZRKHKVQESSENYJSSLHVGKLSGERWAASZCJLJVIZAATEQTQKNDRJKDUEKA"...) at smith_waterman.c:201
#2  0x0000555555556178 in execute (file_x_name=0x7fffffffe065 "/tmp/smith_waterman/randInputX", file_y_name=0x7fffffffe087 "/tmp/smith_waterman/randInputY") at smith_waterman.c:379
#3  0x0000555555556393 in main (argc=9, argv=0x7fffffffdc38) at smith_waterman.c:425

145	        return match_score;
146	    else
147	        return mismatch_score;
148	}
149	
150	void check_index(int i, int j){
151	    if(i != j){
152	        sdc_exit();
153	    }
154	}

Backtrace END
Fliping a bit of the value pointed by a pointer
Memory content before bitflip:0x89
Fault Model: Single bit-flip
base address to flip value: 0x7ffff7a622fe  
address max offset: 1
Memory content after  bitflip:0x88
frame name: smith_waterman
symbol name: answer
symbol filename: smith_waterman.c
symbol line: 355
value: 0x7ffff7a622fe <_IO_new_fclose+174> "\210\350[]A\\\303\017\037"
value address: 0x7fffffffda88
Type: The type is a pointer.
Type sizeof: 8

[INFO -- 2018-12-08 13:36:28]
Fault Injection Successful after 2.8573806285858154s
[INFO -- 2018-12-08 13:36:34]
event type: exit
[INFO -- 2018-12-08 13:36:34]
exit code: 0
