[INFO -- 2018-12-08 02:55:52]
Starting flip_value script
version: 1.1
[INFO -- 2018-12-08 02:55:52]
Initialization strings:
[INFO -- 2018-12-08 02:55:52]
(1) file /tmp/smith_waterman/smith_waterman
[INFO -- 2018-12-08 02:55:52]
(2) set args -x /tmp/smith_waterman/randInputX -y /tmp/smith_waterman/randInputY -o /tmp/smith_waterman/output -z /tmp/smith_waterman/detected.log
[INFO -- 2018-12-08 02:55:52]
initSignal:0
[INFO -- 2018-12-08 02:55:52]
endSignal:6
[INFO -- 2018-12-08 02:55:52]
faultModel:0
[INFO -- 2018-12-08 02:55:55]
Backtrace BEGIN:
#0  smith_waterman (x_num=12150, x_num2=12150, y_num=15000, y_num2=15000, str_x=0x5555557586c0 "VVEHCQLLZKVGVBBGHUUUUOHHKKJRTLYHHJLAAYXBKUFNNKOTUNNQNNXHZGBSUGTRROTTBLUMGDTQQHORRCCSQZBRICMKKFFITTUJQQXNRIIKAWWCCAMVNNMJSYCCDSNOOAXVRUNNNSZOXXIXXURYJIIBCXGHMMVMMUDFQNUFFSSZSCVPMMQPPJJXXPBPDVVRSYILLTTT"..., str_y=0x55555575b640 "DVEHCRQLZKVGVTBGFHUUUOYHHKJRTLFYHJILAYXBKUJFNKOTUKNQYNXHZGBSUGTBRBOTBLUMGDTTQHOKRDCSQZBRICMCKFFBITUJHQXNURIKAXWSCAMVZNMJSYNCDSGNOAXVRUKNNSZORXIUXURYJDIBCXGHQMVGMUDFQNUEFTSZSCVPWMQHPAJTXPBPDYVRSYXILTMT"...) at smith_waterman.c:208
#1  0x0000555555556178 in execute (file_x_name=0x7fffffffe065 "/tmp/smith_waterman/randInputX", file_y_name=0x7fffffffe087 "/tmp/smith_waterman/randInputY") at smith_waterman.c:379
#2  0x0000555555556393 in main (argc=9, argv=0x7fffffffdc38) at smith_waterman.c:425

203	            if(str_x[i-1]==str_y[j-1]){diff=match_score;}
204	            else{diff=mismatch_score;}
205	            matrix[i][j]=my_maxof(matrix[i-1][j-1]+diff, matrix[i-1][j]+gap_score, matrix[i][j-1]+gap_score,0);
206	            if(matrix[i][j]>max_score)
207	                max_score=matrix[i][j];
208	            j2++;
209	        }
210	        i2++;
211	    }
212	    check_index(j, j2);

Backtrace END
Fliping a bit of the value pointed by a pointer
Memory content before bitflip:0x2f
Fault Model: Single bit-flip
base address to flip value: 0x7fffffffe087 
address max offset: 1
Memory content after  bitflip:0x6f
frame name: execute
symbol name: file_y_name
symbol filename: smith_waterman.c
symbol line: 365
value: 0x7fffffffe087 "otmp/smith_waterman/randInputY"
value address: 0x7fffffffdab0
Type: The type is a pointer.
Type sizeof: 8

[INFO -- 2018-12-08 02:55:55]
Fault Injection Successful after 3.3888916969299316s
[INFO -- 2018-12-08 02:55:58]
event type: exit
[INFO -- 2018-12-08 02:55:58]
exit code: 0
