[INFO -- 2018-12-04 13:02:55]
sending 5 signals using command: 'killall -2 smith_waterman' after 5.3159496932s
[INFO -- 2018-12-04 13:02:55]
sending 5 signals using command: 'killall -2 smith_waterman' after 5.87449112621s
[INFO -- 2018-12-04 13:02:55]
sending 5 signals using command: 'killall -2 smith_waterman' after 5.9762393653s
[INFO -- 2018-12-04 13:02:56]
Starting GDB script
[INFO -- 2018-12-04 13:02:56]
initSignal:0.0
[INFO -- 2018-12-04 13:02:56]
endSignal:6.0
[INFO -- 2018-12-04 13:02:56]
sending 5 signals using command: 'killall -2 smith_waterman' after 0.327517307473s
[INFO -- 2018-12-04 13:02:58]
sending 5 signals using command: 'killall -2 smith_waterman' after 2.16215670065s
[INFO -- 2018-12-04 13:03:01]
sending 5 signals using command: 'killall -2 smith_waterman' after 5.04276313104s
[INFO -- 2018-12-04 13:03:02]
Execution finished before waitTime
