[INFO -- 2018-12-04 02:30:13]
Starting flip_value script
version: 1.1
[INFO -- 2018-12-04 02:30:13]
Initialization strings:
[INFO -- 2018-12-04 02:30:13]
(1) file /tmp/smith_waterman/smith_waterman
[INFO -- 2018-12-04 02:30:13]
(2) set args -x /tmp/smith_waterman/randInputX -y /tmp/smith_waterman/randInputY -o /tmp/smith_waterman/output -z /tmp/smith_waterman/detected.log
[INFO -- 2018-12-04 02:30:13]
initSignal:0
[INFO -- 2018-12-04 02:30:13]
endSignal:6
[INFO -- 2018-12-04 02:30:13]
faultModel:0
[INFO -- 2018-12-04 02:30:13]
Backtrace BEGIN:
#0  0x00007ffff7df1ff7 in mprotect () at ../sysdeps/unix/syscall-template.S:78
#1  0x00007ffff7de1c09 in _dl_protect_relro (l=0x7ffff7fe0000) at dl-reloc.c:321
#2  _dl_relocate_object (scope=<optimized out>, reloc_mode=<optimized out>, consider_profiling=<optimized out>, consider_profiling@entry=0) at dl-reloc.c:306
#3  0x00007ffff7dd9307 in dl_main (phdr=<optimized out>, phnum=<optimized out>, user_entry=<optimized out>, auxv=<optimized out>) at rtld.c:2190
#4  0x00007ffff7defdd0 in _dl_sysdep_start (start_argptr=start_argptr@entry=0x7fffffffdc80, dl_main=dl_main@entry=0x7ffff7dd7660 <dl_main>) at ../elf/dl-sysdep.c:253
#5  0x00007ffff7dd7128 in _dl_start_final (arg=0x7fffffffdc80) at rtld.c:414
#6  _dl_start (arg=0x7fffffffdc80) at rtld.c:521
#7  0x00007ffff7dd6098 in _start () from /lib64/ld-linux-x86-64.so.2
#8  0x0000000000000009 in ?? ()
#9  0x00007fffffffe08e in ?? ()
#10 0x00007fffffffe0b1 in ?? ()
#11 0x00007fffffffe0b4 in ?? ()
#12 0x00007fffffffe0d3 in ?? ()
#13 0x00007fffffffe0d6 in ?? ()
#14 0x00007fffffffe0f5 in ?? ()
#15 0x00007fffffffe0f8 in ?? ()
#16 0x00007fffffffe113 in ?? ()
#17 0x00007fffffffe116 in ?? ()
#18 0x0000000000000000 in ?? ()

73	../sysdeps/unix/syscall-template.S: No such file or directory.

Backtrace END
Fliping array at pos: 17
Memory content before bitflip:0x74
Fault Model: Single bit-flip
base address to flip value: 0x7ffff7df9111  
address max offset: 1
Memory content after  bitflip:0x7c
frame name: _dl_protect_relro
symbol name: errstring
symbol filename: dl-reloc.c
symbol line: 323
value: "cannot apply addi|ional memory protection after relocation"
value address: 0x7ffff7df9100 <errstring>
Type: The type is an array.
Type sizeof: 59
Field name: None
Field Type: A range type, that is, an integer type with bounds.
Field Type sizeof: 8
Field Type range: (0, 58)

[INFO -- 2018-12-04 02:30:13]
Fault Injection Successful after 0.6505651473999023s
[INFO -- 2018-12-04 02:30:19]
event type: exit
[INFO -- 2018-12-04 02:30:19]
exit code: 0
