[INFO -- 2018-12-09 00:59:08]
Starting flip_value script
version: 1.1
[INFO -- 2018-12-09 00:59:08]
Initialization strings:
[INFO -- 2018-12-09 00:59:08]
(1) file /tmp/smith_waterman/smith_waterman
[INFO -- 2018-12-09 00:59:08]
(2) set args -x /tmp/smith_waterman/randInputX -y /tmp/smith_waterman/randInputY -o /tmp/smith_waterman/output -z /tmp/smith_waterman/detected.log
[INFO -- 2018-12-09 00:59:08]
initSignal:0
[INFO -- 2018-12-09 00:59:08]
endSignal:6
[INFO -- 2018-12-09 00:59:08]
faultModel:2
[INFO -- 2018-12-09 00:59:10]
Backtrace BEGIN:
#0  0x0000555555554fd8 in my_maxof (a=1350, b=1347, c=1352, d=0) at smith_waterman.c:137
#1  0x00005555555554a5 in smith_waterman (x_num=10350, x_num2=10350, y_num=15000, y_num2=15000, str_x=0x5555557586c0 "RKMMZLDIXTNNGCCASRJUUTVVRPQWGUAAEKMFWOOVHHJRZLTTERRYEEQQVMNIIJEVVSURKKUUYYNSGNNQEEQIKYGGYKKYYUUUQQNTACNCCBOOJCSSWWCVICEGQQOQHJKQYYLAAAADDTTNUZHFXJALLGOXXDEEOEWEEHVFHKKLDDIEEFNBQOBBUYHTBBXHTIICEETKBDXP"..., str_y=0x55555575af40 "RKOMZLDIXTRNGRCASRJYUTNVRPQWGUUAEKMFWPOVKHJRZLRTECRYXETQVMNCIJEOVSURKKPUTYNSLGNQIEQILKYGYNKGYQUUJQNTACNWCBOOJCGSIWCVICEGQQOQHJKQBYLEAAADDQTNUZHFXJAGLGODXDUEOEWPEHVFHVKLMDYIEFNBQOHBUYHTBBXRHTIMCETKBDXP"...) at smith_waterman.c:205
#2  0x0000555555556178 in execute (file_x_name=0x7fffffffe065 "/tmp/smith_waterman/randInputX", file_y_name=0x7fffffffe087 "/tmp/smith_waterman/randInputY") at smith_waterman.c:379
#3  0x0000555555556393 in main (argc=9, argv=0x7fffffffdc38) at smith_waterman.c:425

132	
133	double my_maxof(double a, double b, double c, double d)
134	{
135	    double ans=a;
136	    if(ans<b) ans=b;
137	    if(ans<c) ans=c;
138	    if(ans<d) ans=d;
139	    return ans;
140	}
141	

Backtrace END
Memory content before bitflip:0x980x3a0x000x000x000x000x000x00
Fault Model: Random bit-flip
base address to flip value: 0x7fffffffdad8
address max offset: 8
Memory content after  bitflip:0x3f0xb30xd60x000xd50x6e0x930x9a
frame name: execute
symbol name: y_num
symbol filename: smith_waterman.c
symbol line: 369
value: -7308375909171023041
value address: 0x7fffffffdad8
Type: The type is an integer type.
Type sizeof: 8

[INFO -- 2018-12-09 00:59:10]
Fault Injection Successful after 2.4023685455322266s
[INFO -- 2018-12-09 00:59:14]
event type: exit
[INFO -- 2018-12-09 00:59:14]
exit code: 0
