[INFO -- 2018-12-04 21:56:08]
Starting flip_value script
version: 1.1
[INFO -- 2018-12-04 21:56:08]
Initialization strings:
[INFO -- 2018-12-04 21:56:08]
(1) file /tmp/smith_waterman/smith_waterman
[INFO -- 2018-12-04 21:56:08]
(2) set args -x /tmp/smith_waterman/randInputX -y /tmp/smith_waterman/randInputY -o /tmp/smith_waterman/output -z /tmp/smith_waterman/detected.log
[INFO -- 2018-12-04 21:56:08]
initSignal:0
[INFO -- 2018-12-04 21:56:08]
endSignal:6
[INFO -- 2018-12-04 21:56:08]
faultModel:2
[INFO -- 2018-12-04 21:56:13]
Backtrace BEGIN:
#0  smith_waterman (x_num=15000, x_num2=15000, y_num=12900, y_num2=12900, str_x=0x5555557586c0 "RSCXVWIFHFRZEWWNHSRCDPWWVJUYBJNUBPUYNCEWJXWNTUDBMUFPJDNGMJGPUTKVKGUXIYVUVRJPNMSZIZRRCEZQQFIKAUIKACJKCFEZYOQMAKNLJECNLEGBLONMIVYIZKSBRZDRPTFRETCPXFDILJLWXZKHWLPWVJZMKCFZWLRAETPBAUMLDXKCYUJVHARCMQQWVWWR"..., str_y=0x55555575c170 "RSCXVIFFHFREEWNHHSCCDWWWVJUYJNNUBPUYNCWWJXWTTUBBMFPPJDGGJGPUUKVVKGUXYYVUVJJPMMSZIZRCCZZQQFIKAUIKCCJCCFEYYQMMAKNLJCCNLEBLLOMIVYYZKSSBRDDRPTRRETPPXFDILJLXXZHHWLWWVZZKKCFZWRRAEPPBAUMLDKKCYUJVHRRCQQQVVWRR"...) at smith_waterman.c:168
#1  0x0000555555555e65 in execute (file_x_name=0x7fffffffe0b4 "/tmp/smith_waterman/randInputX", file_y_name=0x7fffffffe0d6 "/tmp/smith_waterman/randInputY") at smith_waterman.c:309
#2  0x0000555555556082 in main (argc=9, argv=0x7fffffffdc88) at smith_waterman.c:355

163	
164	    i2 = 0;
165	    for(i=0; i<height+1; i++){
166	        check_index(i, i2);
167	        for(j=0; j<width+1; j++){
168	            if(i==0 && j==0){
169	                maxValue = matrix[i][j];
170	                y = i;
171	                x = j;
172	            }

Backtrace END
Memory content before bitflip:0x440x060x000x000x000x000x000x00
Fault Model: Random bit-flip
base address to flip value: 0x7fffffffda68
address max offset: 8
Memory content after  bitflip:0x0f0x280x3b0x4f0xf40xa80x580xe3
frame name: smith_waterman
symbol name: x
symbol filename: smith_waterman.c
symbol line: 160
value: -2064714661894608881
value address: 0x7fffffffda68
Type: The type is an integer type.
Type sizeof: 8

[INFO -- 2018-12-04 21:56:13]
Fault Injection Successful after 5.037976980209351s
[INFO -- 2018-12-04 21:56:13]
event type: exit
[INFO -- 2018-12-04 21:56:13]
exit code: 0
