[INFO -- 2018-12-05 08:17:41]
Starting flip_value script
version: 1.1
[INFO -- 2018-12-05 08:17:41]
Initialization strings:
[INFO -- 2018-12-05 08:17:41]
(1) file /tmp/smith_waterman/smith_waterman
[INFO -- 2018-12-05 08:17:41]
(2) set args -x /tmp/smith_waterman/randInputX -y /tmp/smith_waterman/randInputY -o /tmp/smith_waterman/output -z /tmp/smith_waterman/detected.log
[INFO -- 2018-12-05 08:17:41]
initSignal:0
[INFO -- 2018-12-05 08:17:41]
endSignal:6
[INFO -- 2018-12-05 08:17:41]
faultModel:2
[INFO -- 2018-12-05 08:17:41]
Backtrace BEGIN:
#0  0x0000555555554fa6 in smith_waterman (x_num=13050, x_num2=13050, y_num=15000, y_num2=15000, str_x=0x5555557586c0 "YYMQVVLQFCCMQCGNMKPLLAEKKPWIIJJFXXXQVKHPPJMOOVVAFMUSOBVSSROAZZHHXYYSFFSJGGSEAPHBDDZSGQYYOFZQIIXPPXXJERUVZBACCHFFOJUGGTTVVUMCCMUJJFFAAZLLMMPPXJLSSFFAAAWFLLZZXSVYAAAAZJAYYBCMMZITTGGEDDKOOLLOOGPPGWHHHRUV"..., str_y=0x55555575b9d0 "WYMQKVLQDFCMQCGNMKPULAEBKPWQIGJFGXXQVKHYPJMHOUVAFMUSOBVYSROAZZHHXHYSRFSJQGSEAPHHBDZSGVQYOFZQGIXDPXXJERUVZMBACIHFOJXUGOTWVUMBCMHUJGFOAZLZLMZPXJVLSUFAKAWFULJZXSVIYAYAZJAMYBCVMZIGTNGEQDLKOWLNOGXPGWRHHRUF"...) at smith_waterman.c:121
#1  0x0000555555555e65 in execute (file_x_name=0x7fffffffe0b4 "/tmp/smith_waterman/randInputX", file_y_name=0x7fffffffe0d6 "/tmp/smith_waterman/randInputY") at smith_waterman.c:309
#2  0x0000555555556082 in main (argc=9, argv=0x7fffffffdc88) at smith_waterman.c:355

116	    long j;
117		
118	    i2 = 0;
119	    for(i=0; i<x_num+1; i++){
120	        check_index(i, i2);
121	        matrix[i][0]=0.0;
122	        i2++;
123	    }
124	    check_index(i, i2);
125	    i2 = 0;

Backtrace END
Fliping a bit of the pointer
Memory content before bitflip:0x600x820x750x550x550x550x000x00
Fault Model: Random bit-flip
base address to flip value: 0x7fffffffdb08
address max offset: 8
Memory content after  bitflip:0x780x330xd00x4f0x990x130x000x01
frame name: execute
symbol name: fpy
symbol filename: smith_waterman.c
symbol line: 296
value: 0x555555758260
value address: 0x7fffffffdb08
Type: The type is a pointer.
Type sizeof: 8

[INFO -- 2018-12-05 08:17:41]
Fault Injection Successful after 0.3918917179107666s
[INFO -- 2018-12-05 08:17:46]
event type: exit
[INFO -- 2018-12-05 08:17:46]
exit code: 0
