[INFO -- 2018-12-08 03:18:31]
Starting flip_value script
version: 1.1
[INFO -- 2018-12-08 03:18:31]
Initialization strings:
[INFO -- 2018-12-08 03:18:31]
(1) file /tmp/smith_waterman/smith_waterman
[INFO -- 2018-12-08 03:18:31]
(2) set args -x /tmp/smith_waterman/randInputX -y /tmp/smith_waterman/randInputY -o /tmp/smith_waterman/output -z /tmp/smith_waterman/detected.log
[INFO -- 2018-12-08 03:18:31]
initSignal:0
[INFO -- 2018-12-08 03:18:31]
endSignal:6
[INFO -- 2018-12-08 03:18:31]
faultModel:2
[INFO -- 2018-12-08 03:18:34]
Backtrace BEGIN:
#0  smith_waterman (x_num=12150, x_num2=12150, y_num=15000, y_num2=15000, str_x=0x5555557586c0 "VVEHCQLLZKVGVBBGHUUUUOHHKKJRTLYHHJLAAYXBKUFNNKOTUNNQNNXHZGBSUGTRROTTBLUMGDTQQHORRCCSQZBRICMKKFFITTUJQQXNRIIKAWWCCAMVNNMJSYCCDSNOOAXVRUNNNSZOXXIXXURYJIIBCXGHMMVMMUDFQNUFFSSZSCVPMMQPPJJXXPBPDVVRSYILLTTT"..., str_y=0x55555575b640 "DVEHCRQLZKVGVTBGFHUUUOYHHKJRTLFYHJILAYXBKUJFNKOTUKNQYNXHZGBSUGTBRBOTBLUMGDTTQHOKRDCSQZBRICMCKFFBITUJHQXNURIKAXWSCAMVZNMJSYNCDSGNOAXVRUKNNSZORXIUXURYJDIBCXGHQMVGMUDFQNUEFTSZSCVPWMQHPAJTXPBPDYVRSYXILTMT"...) at smith_waterman.c:201
#1  0x0000555555556178 in execute (file_x_name=0x7fffffffe065 "/tmp/smith_waterman/randInputX", file_y_name=0x7fffffffe087 "/tmp/smith_waterman/randInputY") at smith_waterman.c:379
#2  0x0000555555556393 in main (argc=9, argv=0x7fffffffdc38) at smith_waterman.c:425

196	    i2 = 1;
197	    for(i=1; i<x_num+1; i++){
198	        check_index(i, i2);
199	        j2 = 1;
200	        for(j=1; j<y_num+1; j++){
201	            check_index(j, j2);
202				test_globals();
203	            if(str_x[i-1]==str_y[j-1]){diff=match_score;}
204	            else{diff=mismatch_score;}
205	            matrix[i][j]=my_maxof(matrix[i-1][j-1]+diff, matrix[i-1][j]+gap_score, matrix[i][j-1]+gap_score,0);

Backtrace END
Fliping a bit of the value pointed by a pointer
Memory content before bitflip:0x09
Fault Model: Random bit-flip
base address to flip value: 0x7fffffffdc30 
address max offset: 1
Memory content after  bitflip:0xd0
frame name: main
symbol name: answer1
symbol filename: smith_waterman.c
symbol line: 425
value: 0x7fffffffdc30 <incomplete sequence \320>
value address: 0x7fffffffdb40
Type: The type is a pointer.
Type sizeof: 8

[INFO -- 2018-12-08 03:18:34]
Fault Injection Successful after 3.14241886138916s
[INFO -- 2018-12-08 03:18:37]
event type: exit
[INFO -- 2018-12-08 03:18:37]
exit code: 0
