[INFO -- 2018-12-04 19:31:25]
Starting flip_value script
version: 1.1
[INFO -- 2018-12-04 19:31:25]
Initialization strings:
[INFO -- 2018-12-04 19:31:25]
(1) file /tmp/smith_waterman/smith_waterman
[INFO -- 2018-12-04 19:31:25]
(2) set args -x /tmp/smith_waterman/randInputX -y /tmp/smith_waterman/randInputY -o /tmp/smith_waterman/output -z /tmp/smith_waterman/detected.log
[INFO -- 2018-12-04 19:31:25]
initSignal:0
[INFO -- 2018-12-04 19:31:25]
endSignal:6
[INFO -- 2018-12-04 19:31:25]
faultModel:2
[INFO -- 2018-12-04 19:31:31]
Backtrace BEGIN:
#0  __strlen_sse2 () at ../sysdeps/x86_64/multiarch/../strlen.S:131
#1  0x0000555555555605 in smith_waterman (x_num=15000, x_num2=15000, y_num=12900, y_num2=12900, str_x=0x5555557586c0 "RSCXVWIFHFRZEWWNHSRCDPWWVJUYBJNUBPUYNCEWJXWNTUDBMUFPJDNGMJGPUTKVKGUXIYVUVRJPNMSZIZRRCEZQQFIKAUIKACJKCFEZYOQMAKNLJECNLEGBLONMIVYIZKSBRZDRPTFRETCPXFDILJLWXZKHWLPWVJZMKCFZWLRAETPBAUMLDXKCYUJVHARCMQQWVWWR"..., str_y=0x55555575c170 "RSCXVIFFHFREEWNHHSCCDWWWVJUYJNNUBPUYNCWWJXWTTUBBMFPPJDGGJGPUUKVVKGUXYYVUVJJPMMSZIZRCCZZQQFIKAUIKCCJCCFEYYQMMAKNLJCCNLEBLLOMIVYYZKSSBRDDRPTRRETPPXFDILJLXXZHHWLWWVZZKKCFZWRRAEPPBAUMLDKKCYUJVHRRCQQQVVWRR"...) at smith_waterman.c:200
#2  0x0000555555555e65 in execute (file_x_name=0x7fffffffe0b4 "/tmp/smith_waterman/randInputX", file_y_name=0x7fffffffe0d6 "/tmp/smith_waterman/randInputY") at smith_waterman.c:309
#3  0x0000555555556082 in main (argc=9, argv=0x7fffffffdc88) at smith_waterman.c:355

126	../sysdeps/x86_64/multiarch/../strlen.S: No such file or directory.

Backtrace END
Memory content before bitflip:0x000x000x000x000x000x000x000xc0
Fault Model: Random bit-flip
base address to flip value: 0x555555757038 
address max offset: 8
Memory content after  bitflip:0x710xf30x640x170x610xcd0x5d0xde
frame name: execute
symbol name: gap_score2
symbol filename: smith_waterman.c
symbol line: 12
value: -3.7214068210571441e+146
value address: 0x555555757038 <gap_score2>
Type: A floating point type.
Type sizeof: 8

[INFO -- 2018-12-04 19:31:31]
Fault Injection Successful after 6.122865438461304s
[INFO -- 2018-12-04 19:31:31]
event type: exit
[INFO -- 2018-12-04 19:31:31]
exit code: 0
