[INFO -- 2018-12-05 03:50:38]
Starting flip_value script
version: 1.1
[INFO -- 2018-12-05 03:50:38]
Initialization strings:
[INFO -- 2018-12-05 03:50:38]
(1) file /tmp/smith_waterman/smith_waterman
[INFO -- 2018-12-05 03:50:38]
(2) set args -x /tmp/smith_waterman/randInputX -y /tmp/smith_waterman/randInputY -o /tmp/smith_waterman/output -z /tmp/smith_waterman/detected.log
[INFO -- 2018-12-05 03:50:38]
initSignal:0
[INFO -- 2018-12-05 03:50:38]
endSignal:6
[INFO -- 2018-12-05 03:50:38]
faultModel:2
[EXCEPTION -- 2018-12-05 03:50:39]
gdbException: Attempt to dereference a generic pointer.
[INFO -- 2018-12-05 03:50:39]
Backtrace BEGIN:
#0  my_maxof (a=657, b=658, c=654, d=0) at smith_waterman.c:74
#1  0x0000555555555202 in smith_waterman (x_num=13800, x_num2=13800, y_num=15000, y_num2=15000, str_x=0x5555557586c0 "BYBQQNZZBIYYFEOHHXZSSENNCDOOHGZKGCCVVCXFKXXPDMMADYSIEEHGMMMUUKGDPPYFJVMMUJNXXMZAAMLQBBINWKHTUUWJXWQJJCCOOOMMNJOVFBOOGOOIYDBBTZGGVZDPDDKRRQHOBXXLYZOHQIRROULLTUURTEEWOMMQEXJJUVQSWWHOOTTEPQQLKMCDSSCJJBEF"..., str_y=0x55555575bcc0 "VBYBQNNZBNIYSFEOHXPZSFENNCDOBHGZKGCBVQCXFKXXPDMZADYSIEHXGMMJUUKGDPHYFJVMWUJNXXMZAMRLQBIYNWKHTUQWJXWQJSCFOOUMNJLOVFBOGJOTIYDBVTZGSVZDPDKERFQHOBXLIYZOHQIRONULGTUARTEIWOMQVEXJIUVQSWHBORTFEPQMLKMCDSMCJBSE"...) at smith_waterman.c:141
#2  0x0000555555555e65 in execute (file_x_name=0x7fffffffe0b4 "/tmp/smith_waterman/randInputX", file_y_name=0x7fffffffe0d6 "/tmp/smith_waterman/randInputY") at smith_waterman.c:309
#3  0x0000555555556082 in main (argc=9, argv=0x7fffffffdc88) at smith_waterman.c:355

69	{
70	    double ans=a;
71	    if(ans<b) ans=b;
72	    if(ans<c) ans=c;
73	    if(ans<d) ans=d;
74	    return ans;
75	}
76	
77	double matchMisScore(long i, long j, char* str_y, char* str_x)
78	{

Backtrace END
Memory content before bitflip:0x000x000x000x000x000x000x000xc0
Fault Model: Random bit-flip
base address to flip value: 0x555555757030 
address max offset: 8
Memory content after  bitflip:0xd40x210xb90xda0xdf0x9a0x300xd1
frame name: my_maxof
symbol name: gap_score
symbol filename: smith_waterman.c
symbol line: 11
value: -1.2600771365740111e+83
value address: 0x555555757030 <gap_score>
Type: A floating point type.
Type sizeof: 8

[INFO -- 2018-12-05 03:50:39]
Fault Injection Successful after 1.1317074298858643s
