[INFO -- 2018-12-08 18:13:19]
Starting flip_value script
version: 1.1
[INFO -- 2018-12-08 18:13:19]
Initialization strings:
[INFO -- 2018-12-08 18:13:19]
(1) file /tmp/smith_waterman/smith_waterman
[INFO -- 2018-12-08 18:13:19]
(2) set args -x /tmp/smith_waterman/randInputX -y /tmp/smith_waterman/randInputY -o /tmp/smith_waterman/output -z /tmp/smith_waterman/detected.log
[INFO -- 2018-12-08 18:13:19]
initSignal:0
[INFO -- 2018-12-08 18:13:19]
endSignal:6
[INFO -- 2018-12-08 18:13:19]
faultModel:2
[INFO -- 2018-12-08 18:13:20]
Backtrace BEGIN:
#0  0x000055555555521b in smith_waterman (x_num=15000, x_num2=15000, y_num=12150, y_num2=12150, str_x=0x5555557586c0 "XVDLHCJWPSEBDCNRHWOWBXQOTWEAMFHJDMVKOGJGYPHCUUVBQMZTLPIENOGAWNLZZILOQUUPMDTGYQHQCGKPYUTNKAPGNDHPLVFERBTDEOJEESVJZHYZDUONUEWJHFYUADYUETXLJJPQBKBCRZDUTSKPYIZHNZDQDEMJXJUJUKZYWACOBGKXAWMYGNFUNIMSMYBMJYVE"..., str_y=0x55555575c170 "XVDHHJJWPEEBCCNHWWOBXQQOTWEAMFJJMMVOGJJGYPHCUUVBMZTTLPINOOGANNLZZLLQQUUPMTGYQQHQCGPPYUTNKPPGNHHLVVEEBBDEEJJESSJJZHZZDUNUEEWHHFYAAYUEEXLJJPPQBKBRRDUTSSPPYZZNNZDQDMJXJUJUKZZYWACBBGXXWWYYGNFNNISSMYBJJYVI"...) at smith_waterman.c:182
#1  0x0000555555556178 in execute (file_x_name=0x7fffffffe065 "/tmp/smith_waterman/randInputX", file_y_name=0x7fffffffe087 "/tmp/smith_waterman/randInputY") at smith_waterman.c:379
#2  0x0000555555556393 in main (argc=9, argv=0x7fffffffdc38) at smith_waterman.c:425

177	    long j, j2;
178		
179	    i2 = 0;
180	    for(i=0; i<x_num+1; i++){
181	        check_index(i, i2);
182	        matrix[i][0]=0.0;
183	        i2++;
184	    }
185	    check_index(i, i2);
186	    i2 = 0;

Backtrace END
Memory content before bitflip:0x000x000x000x000x000x000x000xc0
Fault Model: Random bit-flip
base address to flip value: 0x555555757038 
address max offset: 8
Memory content after  bitflip:0xc10xb40x050x6f0x540x330x0d0xcb
frame name: main
symbol name: gap_score2
symbol filename: smith_waterman.c
symbol line: 12
value: -3.496066166448971e+53
value address: 0x555555757038 <gap_score2>
Type: A floating point type.
Type sizeof: 8

[INFO -- 2018-12-08 18:13:20]
Fault Injection Successful after 1.1748239994049072s
[INFO -- 2018-12-08 18:13:20]
event type: exit
[INFO -- 2018-12-08 18:13:20]
exit code: 0
