[INFO -- 2018-12-08 20:05:01]
Starting flip_value script
version: 1.1
[INFO -- 2018-12-08 20:05:01]
Initialization strings:
[INFO -- 2018-12-08 20:05:01]
(1) file /tmp/smith_waterman/smith_waterman
[INFO -- 2018-12-08 20:05:01]
(2) set args -x /tmp/smith_waterman/randInputX -y /tmp/smith_waterman/randInputY -o /tmp/smith_waterman/output -z /tmp/smith_waterman/detected.log
[INFO -- 2018-12-08 20:05:01]
initSignal:0
[INFO -- 2018-12-08 20:05:01]
endSignal:6
[INFO -- 2018-12-08 20:05:01]
faultModel:1
[INFO -- 2018-12-08 20:05:06]
Backtrace BEGIN:
#0  0x000055555555571c in smith_waterman (x_num=10200, x_num2=10200, y_num=15000, y_num2=15000, str_x=0x5555557586c0 "PPPUZWKKNPMBKPIRYAQLRRTOXTPPPCKSTNUUXFMMNRQQDGYGGASSTGQLLCHGGVVSSKVRHAWTWWMZCMTOOGFMLLYPPHXXBBYLLNTWWRSNNTSSSDHVIIOJVJNNQKKZLUUDHYYFRRXMXQEFJJZCPLOOEBBCNDGBBXJIFNDBBNYYFVQGGQQZFOLLRRQHHSWPGSSRRGAVVTTP"..., str_y=0x55555575aeb0 "BPPUZWIKNPMEBKPIRYAQLRTOXFTPPCKSTZNUXXFMNRQQDGYUGALSTGGQLCHCGRVBSKVRHAEWTWMZCMTLOGFHMLYAPHEXBBYTLWNTWRRSNGTSSMDHVIOJVOJNWQKZRLUDHHYFYRXMXQEQFJZCRPLOEXBCNODGBXJIFJNDBNRYFVQMGPQZFCOLBRPQHSWIPGSWRGASVTTC"...) at smith_waterman.c:234
#1  0x0000555555556178 in execute (file_x_name=0x7fffffffe065 "/tmp/smith_waterman/randInputX", file_y_name=0x7fffffffe087 "/tmp/smith_waterman/randInputY") at smith_waterman.c:379
#2  0x0000555555556393 in main (argc=9, argv=0x7fffffffdc38) at smith_waterman.c:425

229	
230	    i2 = 0;
231	    for(i=0; i<height+1; i++){
232	        check_index(i, i2);
233	        j2 = 0;
234	        for(j=0; j<width+1; j++){
235	            check_index(j, j2);
236	            if(i==0 && j==0){
237	                maxValue = matrix[i][j];
238	                y = i;

Backtrace END
Memory content before bitflip:0x980x3a0x000x000x000x000x000x00
Fault Model: Double bit-flip
base address to flip value: 0x7fffffffda50
address max offset: 8
Memory content after  bitflip:0x980x3a0x180x000x000x000x000x00
frame name: smith_waterman
symbol name: width
symbol filename: smith_waterman.c
symbol line: 228
value: 1587864
value address: 0x7fffffffda50
Type: The type is an integer type.
Type sizeof: 8

[INFO -- 2018-12-08 20:05:06]
Fault Injection Successful after 5.026731967926025s
