[INFO -- 2018-12-08 21:59:08]
Starting flip_value script
version: 1.1
[INFO -- 2018-12-08 21:59:08]
Initialization strings:
[INFO -- 2018-12-08 21:59:08]
(1) file /tmp/smith_waterman/smith_waterman
[INFO -- 2018-12-08 21:59:08]
(2) set args -x /tmp/smith_waterman/randInputX -y /tmp/smith_waterman/randInputY -o /tmp/smith_waterman/output -z /tmp/smith_waterman/detected.log
[INFO -- 2018-12-08 21:59:08]
initSignal:0
[INFO -- 2018-12-08 21:59:08]
endSignal:6
[INFO -- 2018-12-08 21:59:08]
faultModel:2
[INFO -- 2018-12-08 21:59:10]
Backtrace BEGIN:
#0  0x0000555555555069 in check_index (i=13202, j=13202) at smith_waterman.c:154
#1  0x0000555555555367 in smith_waterman (x_num=10200, x_num2=10200, y_num=15000, y_num2=15000, str_x=0x5555557586c0 "VJJPPOKKZRRZZZSGGKZZNROHHFUUJJDRPNQGDGQEXJDIIXGPMQZZQJPPXXTLZEEXWWDDDVAAFAAPGGGJXXQGAAQYYLKGKOEYLRROOOMMOQNNWIXWHNNMMFNSSZTFOFFZGXPLLFZAYBUULMSSYIJLNWXYYSKMPQNYPELALNCJSSEBGZHHEESWRRDBQNBBGBBXGPRRCCBS"..., str_y=0x55555575aeb0 "VEJZPOOKZRRZAZSGGNKZNYROHFIUWJDRPNQGDGQEXJDXIXGPMQQZQJPZPXTLGZEXMWDRDVVAFAAPXGGJYXLQGAQXYLKGKOEYLHROFOQMOQBNWIXWHKNPMFNKSZTFOXFZGXPNLFZAYBPULMTSYIJLNWXFYSKMPQNYPELALNCJOSEBGZTHHESWDRDBKQNBGCBXGPZRCCBS"...) at smith_waterman.c:201
#2  0x0000555555556178 in execute (file_x_name=0x7fffffffe065 "/tmp/smith_waterman/randInputX", file_y_name=0x7fffffffe087 "/tmp/smith_waterman/randInputY") at smith_waterman.c:379
#3  0x0000555555556393 in main (argc=9, argv=0x7fffffffdc38) at smith_waterman.c:425

149	
150	void check_index(int i, int j){
151	    if(i != j){
152	        sdc_exit();
153	    }
154	}
155	
156	char *smith_waterman(long x_num, long x_num2, long y_num, long y_num2, char* str_x, char* str_y)
157	{
158	    if(x_num != x_num2){        

Backtrace END
Fliping a bit of the pointer
Memory content before bitflip:0x870xe00xff0xff0xff0x7f0x000x00
Fault Model: Random bit-flip
base address to flip value: 0x7fffffffdab0
address max offset: 8
Memory content after  bitflip:0x540x630x6a0x730xf30x3f0x4d0x0b
frame name: execute
symbol name: file_y_name
symbol filename: smith_waterman.c
symbol line: 365
value: 0x7fffffffe087 "/tmp/smith_waterman/randInputY"
value address: 0x7fffffffdab0
Type: The type is a pointer.
Type sizeof: 8

[INFO -- 2018-12-08 21:59:10]
Fault Injection Successful after 2.1811139583587646s
[INFO -- 2018-12-08 21:59:14]
event type: exit
[INFO -- 2018-12-08 21:59:14]
exit code: 0
