[INFO -- 2018-12-09 03:09:59]
Starting flip_value script
version: 1.1
[INFO -- 2018-12-09 03:09:59]
Initialization strings:
[INFO -- 2018-12-09 03:09:59]
(1) file /tmp/smith_waterman/smith_waterman
[INFO -- 2018-12-09 03:09:59]
(2) set args -x /tmp/smith_waterman/randInputX -y /tmp/smith_waterman/randInputY -o /tmp/smith_waterman/output -z /tmp/smith_waterman/detected.log
[INFO -- 2018-12-09 03:09:59]
initSignal:0
[INFO -- 2018-12-09 03:09:59]
endSignal:6
[INFO -- 2018-12-09 03:09:59]
faultModel:0
[INFO -- 2018-12-09 03:09:59]
Backtrace BEGIN:
#0  0x000055555555521b in smith_waterman (x_num=15000, x_num2=15000, y_num=14250, y_num2=14250, str_x=0x5555557586c0 "HOCVFBOSTRXOQCCBDLFPULXQPQLRQYZXPBSWFGOAZNOSQRTTEYIYMHOBZAUPATNRXHNCQDCPTQJLJCENDOOPYESXEMNHFCYCLOGBTITMBCXMHDCKUQBUUTTBFIIMKIRYYXZSGUGJXGVELXQHPRBKMVLTFVFQDWOEWPWEKENJKKPWKFDZYHJKEWDJRKBXJRDFHZJTFWCS"..., str_y=0x55555575c170 "OOVVFBOTTRXQQCBDLLFPUXQQQQRQYYXXBSSFFOOZZNSQQRTEEIIYMHBZAUUAATNRXNNQDDCTTQLLJEENDOPYESSEMMHHCYCCOOBTIIMBBCXHDDCKUQBUUTBBFIMMIIYYXZSGUUJJXVEEXXQPPBKMVLTTFFQDDWEEWPWEEENKKKWWKFDYHHJKEWDJRBXJRDDFZZJTWWSS"...) at smith_waterman.c:182
#1  0x0000555555556178 in execute (file_x_name=0x7fffffffe065 "/tmp/smith_waterman/randInputX", file_y_name=0x7fffffffe087 "/tmp/smith_waterman/randInputY") at smith_waterman.c:379
#2  0x0000555555556393 in main (argc=9, argv=0x7fffffffdc38) at smith_waterman.c:425

177	    long j, j2;
178		
179	    i2 = 0;
180	    for(i=0; i<x_num+1; i++){
181	        check_index(i, i2);
182	        matrix[i][0]=0.0;
183	        i2++;
184	    }
185	    check_index(i, i2);
186	    i2 = 0;

Backtrace END
Fliping a bit of the pointer
Memory content before bitflip:0x300xdc0xff0xff0xff0x7f0x000x00
Fault Model: Single bit-flip
base address to flip value: 0x7fffffffdb40
address max offset: 8
Memory content after  bitflip:0x300x9c0xff0xff0xff0x7f0x000x00
frame name: main
symbol name: answer1
symbol filename: smith_waterman.c
symbol line: 425
value: 0x7fffffffdc30 "\t"
value address: 0x7fffffffdb40
Type: The type is a pointer.
Type sizeof: 8

[INFO -- 2018-12-09 03:09:59]
Fault Injection Successful after 0.5138580799102783s
[INFO -- 2018-12-09 03:10:07]
event type: exit
[INFO -- 2018-12-09 03:10:07]
exit code: 0
