[INFO -- 2018-12-03 16:55:32]
Starting flip_value script
version: 1.1
[INFO -- 2018-12-03 16:55:32]
Initialization strings:
[INFO -- 2018-12-03 16:55:32]
(1) file /tmp/smith_waterman/smith_waterman
[INFO -- 2018-12-03 16:55:32]
(2) set args -x /tmp/smith_waterman/randInputX -y /tmp/smith_waterman/randInputY -o /tmp/smith_waterman/output -z /tmp/smith_waterman/detected.log
[INFO -- 2018-12-03 16:55:32]
initSignal:0
[INFO -- 2018-12-03 16:55:32]
endSignal:6
[INFO -- 2018-12-03 16:55:32]
faultModel:2
[INFO -- 2018-12-03 16:55:36]
Backtrace BEGIN:
#0  0x00005555555551e3 in smith_waterman (x_num=15000, x_num2=15000, y_num=13050, y_num2=13050, str_x=0x5555557586c0 "XNUVJVIZVXWDDAYHRNVYRXUDIZTIPTHMJBHSYRRTRNYUPWBGMYEDVAJDZEOOYVAHYJBXDVSUKROAPRGBPNHMNQRNWHDUCGDDRHAUCUOOLEODXXEMMNABFSQCBUYEACJRLJONFCDTJUWGRCVFQVGXPXZRRYXTCGKNRACYDFROZPWSSRXKPEHGBJZUHWNJEZWXAAWFFPTH"..., str_y=0x55555575c170 "XNUJJVIVVWDDDYYHNNVRRXUIITTIPHHMJBSYYRTTRYYUPWBGYYDVVAJDZEOYYAAYJJBDVSUKKROPPRBBPNHNQQNNWHDCGGDDRAUCUOOLLEODXXMMMNABFSQCBUEECJJLJJNFCCDTUWWGCCVFQVGXPZZRYYXCCGNRAAYDDFROZPSSSXKPPEHBJZZHHWJEEWWXAWWFFTTH"...) at smith_waterman.c:136
#1  0x0000555555555e41 in execute (file_x_name=0x7fffffffe0b4 "/tmp/smith_waterman/randInputX", file_y_name=0x7fffffffe0d6 "/tmp/smith_waterman/randInputY") at smith_waterman.c:304
#2  0x000055555555605e in main (argc=9, argv=0x7fffffffdc88) at smith_waterman.c:350

131	    for(i=1; i<x_num+1; i++){
132	        check_index(i, i2);
133	        for(j=1; j<y_num+1; j++){
134	            if(str_x[i-1]==str_y[j-1]){diff=match_score;}
135	            else{diff=mismatch_score;}
136	            matrix[i][j]=my_maxof(matrix[i-1][j-1]+diff, matrix[i-1][j]+gap_score, matrix[i][j-1]+gap_score,0);
137	            if(matrix[i][j]>max_score)
138	                max_score=matrix[i][j];
139	        }
140	        i2++;

Backtrace END
Memory content before bitflip:0x000x000x000x000x000x000x000xc0
Fault Model: Random bit-flip
base address to flip value: 0x555555757030 
address max offset: 8
Memory content after  bitflip:0x420x330x710x640x430xf00xad0x32
frame name: main
symbol name: gap_score
symbol filename: smith_waterman.c
symbol line: 11
value: 1.4214166196246024e-64
value address: 0x555555757030 <gap_score>
Type: A floating point type.
Type sizeof: 8

[INFO -- 2018-12-03 16:55:36]
Fault Injection Successful after 4.838642358779907s
