[INFO -- 2018-12-05 22:06:05]
Starting flip_value script
version: 1.1
[INFO -- 2018-12-05 22:06:05]
Initialization strings:
[INFO -- 2018-12-05 22:06:05]
(1) file /tmp/smith_waterman/smith_waterman
[INFO -- 2018-12-05 22:06:05]
(2) set args -x /tmp/smith_waterman/randInputX -y /tmp/smith_waterman/randInputY -o /tmp/smith_waterman/output -z /tmp/smith_waterman/detected.log
[INFO -- 2018-12-05 22:06:05]
initSignal:0
[INFO -- 2018-12-05 22:06:05]
endSignal:6
[INFO -- 2018-12-05 22:06:05]
faultModel:0
[INFO -- 2018-12-05 22:06:06]
Backtrace BEGIN:
#0  0x00007ffff7a6bdb0 in _IO_getc (fp=0x555555758490) at getc.c:38
#1  0x0000555555554bd3 in file_read (fpx=0x555555758490, fpy=0x555555758260, x_num=15000, y_num=10200, str_x=0x5555557586c0 "UYSBZEDUESXVUGLTTBIEPRWRMJYXPXLJVDNXIQTOIQJFYXARAIWPBUHNDFMSCYEADRZNJSBUINBIMBZMMXBNSKDVSPQWNUWTNVGWPKQZZTHLVHXJGAYYNBWFRMBGIABVXITNSMMTFWECFDLLFMKSNIZGWDPEDQBCYURSGGLMCRQHUESAQEUDMWKIZBOERPGQMAKSGYGI"..., str_y=0x55555575c170 "") at smith_waterman.c:42
#2  0x0000555555555e27 in execute (file_x_name=0x7fffffffe0b4 "/tmp/smith_waterman/randInputX", file_y_name=0x7fffffffe0d6 "/tmp/smith_waterman/randInputY") at smith_waterman.c:306
#3  0x0000555555556082 in main (argc=9, argv=0x7fffffffdc88) at smith_waterman.c:355

33	getc.c: No such file or directory.

Backtrace END
Fliping a bit of the pointer
Memory content before bitflip:0x000x000x000x000x000x000x000x00
Fault Model: Single bit-flip
base address to flip value: 0x7fffffffdb98
address max offset: 8
Memory content after  bitflip:0x000x000x000x000x000x000x400x00
frame name: main
symbol name: fo
symbol filename: smith_waterman.c
symbol line: 372
value: 0x0
value address: 0x7fffffffdb98
Type: The type is a pointer.
Type sizeof: 8

[INFO -- 2018-12-05 22:06:06]
Fault Injection Successful after 1.0409636497497559s
[INFO -- 2018-12-05 22:06:10]
event type: exit
[INFO -- 2018-12-05 22:06:10]
exit code: 0
