[INFO -- 2018-12-05 17:50:46]
Starting flip_value script
version: 1.1
[INFO -- 2018-12-05 17:50:46]
Initialization strings:
[INFO -- 2018-12-05 17:50:46]
(1) file /tmp/smith_waterman/smith_waterman
[INFO -- 2018-12-05 17:50:46]
(2) set args -x /tmp/smith_waterman/randInputX -y /tmp/smith_waterman/randInputY -o /tmp/smith_waterman/output -z /tmp/smith_waterman/detected.log
[INFO -- 2018-12-05 17:50:46]
initSignal:0
[INFO -- 2018-12-05 17:50:46]
endSignal:6
[INFO -- 2018-12-05 17:50:46]
faultModel:2
[INFO -- 2018-12-05 17:50:50]
Backtrace BEGIN:
#0  0x0000555555555144 in smith_waterman (x_num=15000, x_num2=15000, y_num=12000, y_num2=12000, str_x=0x5555557586c0 "CVUOAGGETRADLDNAMNINZBWZQWUTOLKTGGJINPOIIQLUTYWFOESNHPOYNITETDXBLILAYZJIPUCJVAQJFJWOAKMNTHROMQSYZDYXFHFUEKFZKWKRFGGHSUUNCOEOEWMDBLCGUKDYUIZGGJYNRGUKAPZEDDTHBHNFUPLRZOPVZREFAETUKNGMEFTHLOROVGTSVFJXVAUW"..., str_y=0x55555575c170 "VVUOAGEETAALDDAMMNNZBBZQQWTTOKKGGGJNPOIIQLUTTWFFESNNHOYNIIEETXBLILLYYZJIUUCVAAQJJWWAAMNTTHRMQSYYDDXFFFUEKFFKWWRFGGHHSUUNOOOEWMMBBCGUUDYYIZGGJYYRGUKAPZZEDTHBHHFFPLRROPPZREFAATUUNGMMFTHLOROOVTTVFJJVVUWR"...) at smith_waterman.c:141
#1  0x0000555555555e65 in execute (file_x_name=0x7fffffffe0b4 "/tmp/smith_waterman/randInputX", file_y_name=0x7fffffffe0d6 "/tmp/smith_waterman/randInputY") at smith_waterman.c:309
#2  0x0000555555556082 in main (argc=9, argv=0x7fffffffdc88) at smith_waterman.c:355

136	    for(i=1; i<x_num+1; i++){
137	        check_index(i, i2);
138	        for(j=1; j<y_num+1; j++){
139	            if(str_x[i-1]==str_y[j-1]){diff=match_score;}
140	            else{diff=mismatch_score;}
141	            matrix[i][j]=my_maxof(matrix[i-1][j-1]+diff, matrix[i-1][j]+gap_score, matrix[i][j-1]+gap_score,0);
142	            if(matrix[i][j]>max_score)
143	                max_score=matrix[i][j];
144	        }
145	        i2++;

Backtrace END
Memory content before bitflip:0x000x000x000x000x000x000xf00xbf
Fault Model: Random bit-flip
base address to flip value: 0x7fffffffda48
address max offset: 8
Memory content after  bitflip:0xb00x3b0x660xcf0x5d0xe40xcc0xba
frame name: smith_waterman
symbol name: diff
symbol filename: smith_waterman.c
symbol line: 133
value: -1.8671053855581355e-25
value address: 0x7fffffffda48
Type: A floating point type.
Type sizeof: 8

[INFO -- 2018-12-05 17:50:50]
Fault Injection Successful after 4.638779878616333s
[INFO -- 2018-12-05 17:50:51]
event type: exit
[INFO -- 2018-12-05 17:50:51]
exit code: 0
