[INFO -- 2018-12-03 18:10:10]
Starting flip_value script
version: 1.1
[INFO -- 2018-12-03 18:10:10]
Initialization strings:
[INFO -- 2018-12-03 18:10:10]
(1) file /tmp/smith_waterman/smith_waterman
[INFO -- 2018-12-03 18:10:10]
(2) set args -x /tmp/smith_waterman/randInputX -y /tmp/smith_waterman/randInputY -o /tmp/smith_waterman/output -z /tmp/smith_waterman/detected.log
[INFO -- 2018-12-03 18:10:10]
initSignal:0
[INFO -- 2018-12-03 18:10:10]
endSignal:6
[INFO -- 2018-12-03 18:10:10]
faultModel:2
[INFO -- 2018-12-03 18:10:13]
Backtrace BEGIN:
#0  smith_waterman (x_num=15000, x_num2=15000, y_num=14850, y_num2=14850, str_x=0x5555557586c0 "VWQIBLFLFGCSZRYTZIZVYTTKLONABOGWKWFNIKYPSDKTWKMVSNSQGNDUCQUDEBARXHEHTFXLKHEGRTELGYBPMEJOXFTBGVSGCZNXGMIQTNYMIEXQDBFPFQFEWAGCWAIABYYHKIZGVYUFEUWHVBYCSFHOGNSEPDGRBGALPATMYOSCIOMDRMFLSOBABUETXKKARKNIKHUK"..., str_y=0x55555575c170 "WWIBLFLLGCCZRYTZIZVVTTTLLONBOGWKKFNIKYPSDKKWKKMSNNQGNNUUQQDEBBARHHEHFXLLHEERRELLYBBMMJOXFTTBGSGGZNXGMIQTNYMIIXQDDBPFFQEWWAGWAIABYYYKKZZVYYFEUUHHBYCSSHOOGSEPDGRBGAAPATMYOSCCOMDRMMLSOBBBUETXKKKAKNNIHUKV"...) at smith_waterman.c:140
#1  0x0000555555555e65 in execute (file_x_name=0x7fffffffe0b4 "/tmp/smith_waterman/randInputX", file_y_name=0x7fffffffe0d6 "/tmp/smith_waterman/randInputY") at smith_waterman.c:309
#2  0x0000555555556082 in main (argc=9, argv=0x7fffffffdc88) at smith_waterman.c:355

135	    i2 = 1;
136	    for(i=1; i<x_num+1; i++){
137	        check_index(i, i2);
138	        for(j=1; j<y_num+1; j++){
139	            if(str_x[i-1]==str_y[j-1]){diff=match_score;}
140	            else{diff=mismatch_score;}
141	            matrix[i][j]=my_maxof(matrix[i-1][j-1]+diff, matrix[i-1][j]+gap_score, matrix[i][j-1]+gap_score,0);
142	            if(matrix[i][j]>max_score)
143	                max_score=matrix[i][j];
144	        }

Backtrace END
Memory content before bitflip:0x000x000x000x000x000x000x000xc0
Fault Model: Random bit-flip
base address to flip value: 0x555555757038 
address max offset: 8
Memory content after  bitflip:0xe80x310xcf0xc30xab0x0b0xa00x94
frame name: execute
symbol name: gap_score2
symbol filename: smith_waterman.c
symbol line: 12
value: -2.4403308164496011e-209
value address: 0x555555757038 <gap_score2>
Type: A floating point type.
Type sizeof: 8

[INFO -- 2018-12-03 18:10:13]
Fault Injection Successful after 3.6127336025238037s
[INFO -- 2018-12-03 18:10:17]
event type: exit
[INFO -- 2018-12-03 18:10:17]
exit code: 0
