[INFO -- 2018-12-04 08:12:19]
Starting flip_value script
version: 1.1
[INFO -- 2018-12-04 08:12:19]
Initialization strings:
[INFO -- 2018-12-04 08:12:19]
(1) file /tmp/smith_waterman/smith_waterman
[INFO -- 2018-12-04 08:12:19]
(2) set args -x /tmp/smith_waterman/randInputX -y /tmp/smith_waterman/randInputY -o /tmp/smith_waterman/output -z /tmp/smith_waterman/detected.log
[INFO -- 2018-12-04 08:12:19]
initSignal:0
[INFO -- 2018-12-04 08:12:19]
endSignal:6
[INFO -- 2018-12-04 08:12:19]
faultModel:2
[INFO -- 2018-12-04 08:12:19]
Backtrace BEGIN:
#0  0x0000555555554fa6 in smith_waterman (x_num=15000, x_num2=15000, y_num=13500, y_num2=13500, str_x=0x5555557586c0 "JCOFPGMOTIQIYQOQDJZQVKFGTMLCPIPZMGEBMTRHDJPDAEUDNTWKFBRYNCAFMSEAAKDMDWUGFLKHPGLEBJRHMIHZMKGACKAEXFQCBMJGYVQPDDWEMNLYVVZHFGJJSLNPQDSTQDBQARFFUBJGOXGLSGUZODIGOVYEASZSXBIXSQCNRNVIMCTEKODYRNGGIEMLYMDVPOSH"..., str_y=0x55555575c170 "JCOPPGOTTIQIQQOQJJQVKKFGTMLPPIPZGGBBTRRHDJDDAUDDNTWKFRYNNCAMSSEAAKDMDUUGLLHHPGLEBRRHMHZZMGGACAEEXFQCMJGYVVQPDDEMMLYVVVZHFJJSLNNPDDSQQDBQARFFUBJGXGLLSGZOODGGOVYEASZSBBIXSCCNNVVMCTTEKODYNNGGIELYMMVPOSSH"...) at smith_waterman.c:121
#1  0x0000555555555e65 in execute (file_x_name=0x7fffffffe0b4 "/tmp/smith_waterman/randInputX", file_y_name=0x7fffffffe0d6 "/tmp/smith_waterman/randInputY") at smith_waterman.c:309
#2  0x0000555555556082 in main (argc=9, argv=0x7fffffffdc88) at smith_waterman.c:355

116	    long j;
117		
118	    i2 = 0;
119	    for(i=0; i<x_num+1; i++){
120	        check_index(i, i2);
121	        matrix[i][0]=0.0;
122	        i2++;
123	    }
124	    check_index(i, i2);
125	    i2 = 0;

Backtrace END
Memory content before bitflip:0x000x000x000x000x000x000x000x00
Fault Model: Random bit-flip
base address to flip value: 0x7fffffffdab8
address max offset: 8
Memory content after  bitflip:0x640xf40xd90x490x5a0xbc0xcb0x0e
frame name: smith_waterman
symbol name: scoreUp
symbol filename: smith_waterman.c
symbol line: 186
value: 2.1296752611605053e-237
value address: 0x7fffffffdab8
Type: A floating point type.
Type sizeof: 8

[INFO -- 2018-12-04 08:12:19]
Fault Injection Successful after 0.47444581985473633s
[INFO -- 2018-12-04 08:12:24]
event type: exit
[INFO -- 2018-12-04 08:12:24]
exit code: 0
