[INFO -- 2018-12-05 20:38:42]
Starting flip_value script
version: 1.1
[INFO -- 2018-12-05 20:38:42]
Initialization strings:
[INFO -- 2018-12-05 20:38:42]
(1) file /tmp/smith_waterman/smith_waterman
[INFO -- 2018-12-05 20:38:42]
(2) set args -x /tmp/smith_waterman/randInputX -y /tmp/smith_waterman/randInputY -o /tmp/smith_waterman/output -z /tmp/smith_waterman/detected.log
[INFO -- 2018-12-05 20:38:42]
initSignal:0
[INFO -- 2018-12-05 20:38:42]
endSignal:6
[INFO -- 2018-12-05 20:38:42]
faultModel:2
[INFO -- 2018-12-05 20:38:47]
Backtrace BEGIN:
#0  __strlen_sse2 () at ../sysdeps/x86_64/multiarch/../strlen.S:225
#1  0x0000555555555ad6 in smith_waterman (x_num=15000, x_num2=15000, y_num=10200, y_num2=10200, str_x=0x5555557586c0 "UYSBZEDUESXVUGLTTBIEPRWRMJYXPXLJVDNXIQTOIQJFYXARAIWPBUHNDFMSCYEADRZNJSBUINBIMBZMMXBNSKDVSPQWNUWTNVGWPKQZZTHLVHXJGAYYNBWFRMBGIABVXITNSMMTFWECFDLLFMKSNIZGWDPEDQBCYURSGGLMCRQHUESAQEUDMWKIZBOERPGQMAKSGYGI"..., str_y=0x55555575c170 "UYSBZEDUESVUGGLTBBIPPWWRJJYPXLJVVDXIITTIQQJYYAARAIWBBUHNDFMSCYEARZNNJSBUNBBIMBMMXBNSKDDVSQWNNWTNNVWPKKZZZTHLVHJJAAYNBBWFRBGIIAVXITNSSMTFFWCFFLLLMMSSNIGWWDPDDQCYYURGGLLCCQHUUESAEEUMWKIIBBEERGQMAKKSGYGI"...) at smith_waterman.c:262
#2  0x0000555555555e65 in execute (file_x_name=0x7fffffffe0b4 "/tmp/smith_waterman/randInputX", file_y_name=0x7fffffffe0d6 "/tmp/smith_waterman/randInputY") at smith_waterman.c:309
#3  0x0000555555556082 in main (argc=9, argv=0x7fffffffdc88) at smith_waterman.c:355

220	../sysdeps/x86_64/multiarch/../strlen.S: No such file or directory.

Backtrace END
Memory content before bitflip:0xd80x270x000x000x000x000x000x00
Fault Model: Random bit-flip
base address to flip value: 0x7fffffffda00
address max offset: 8
Memory content after  bitflip:0x290xfd0x7f0xd80x1d0xa40xab0xc2
frame name: smith_waterman
symbol name: y_num2
symbol filename: smith_waterman.c
symbol line: 93
value: -4419258161240736471
value address: 0x7fffffffda00
Type: The type is an integer type.
Type sizeof: 8

[INFO -- 2018-12-05 20:38:47]
Fault Injection Successful after 5.101441860198975s
[INFO -- 2018-12-05 20:38:47]
event type: exit
[INFO -- 2018-12-05 20:38:47]
exit code: 0
