[INFO -- 2018-12-08 01:01:42]
Starting flip_value script
version: 1.1
[INFO -- 2018-12-08 01:01:42]
Initialization strings:
[INFO -- 2018-12-08 01:01:42]
(1) file /tmp/smith_waterman/smith_waterman
[INFO -- 2018-12-08 01:01:42]
(2) set args -x /tmp/smith_waterman/randInputX -y /tmp/smith_waterman/randInputY -o /tmp/smith_waterman/output -z /tmp/smith_waterman/detected.log
[INFO -- 2018-12-08 01:01:42]
initSignal:0
[INFO -- 2018-12-08 01:01:42]
endSignal:6
[INFO -- 2018-12-08 01:01:42]
faultModel:0
[INFO -- 2018-12-08 01:01:47]
Backtrace BEGIN:
#0  smith_waterman (x_num=15000, x_num2=15000, y_num=11100, y_num2=11100, str_x=0x5555557586c0 "OHJGBBERYBMFEFIKRMFXYCLDRLLGOGAEOJKRNQLLUXTYFBIYPPXNUITLTETKNTOBFBUSRHDNFYLMZVKQNHGHRZULDOXSJLVOOQIIXMVEKJSMEEERNKAFJVSPLPHWCDLRVVZUHWZUFTIMYOFLZGQKDIBOXJKCOXTLTUFCQGYYAIMYXRLWZCGCMIQKTDMJAHUVBBYTIYTI"..., str_y=0x55555575c170 "HJJGBBRYBBMFEFIRMFXYCCDDRLLGGGAOOJKNQQLLUTTFBIYYPXXNIITTTEKKTTOBBBURRDDNYLLMZVKNNGHHRUUDOOSJJVOOOQIIXMVEKJMEEEERNKFJJVSLLHHWDDRRVVZHHZZFFTMMOOFZZGKDDIBXXKKCXTTTUUCQQGYAIMYXXRWZZGCMIIKKTDMJHUVVBYYTITIH"...) at smith_waterman.c:236
#1  0x0000555555556178 in execute (file_x_name=0x7fffffffe065 "/tmp/smith_waterman/randInputX", file_y_name=0x7fffffffe087 "/tmp/smith_waterman/randInputY") at smith_waterman.c:379
#2  0x0000555555556393 in main (argc=9, argv=0x7fffffffdc38) at smith_waterman.c:425

231	    for(i=0; i<height+1; i++){
232	        check_index(i, i2);
233	        j2 = 0;
234	        for(j=0; j<width+1; j++){
235	            check_index(j, j2);
236	            if(i==0 && j==0){
237	                maxValue = matrix[i][j];
238	                y = i;
239	                x = j;
240	            }

Backtrace END
Memory content before bitflip:0x300xdc0xff0xff0xff0x7f0x000x00
Fault Model: Single bit-flip
base address to flip value: 0x7fffffffda70
address max offset: 8
Memory content after  bitflip:0x300xdc0xff0xff0xff0x7f0x000x40
frame name: smith_waterman
symbol name: scoreDiag
symbol filename: smith_waterman.c
symbol line: 255
value: 2.0624999999959286
value address: 0x7fffffffda70
Type: A floating point type.
Type sizeof: 8

[INFO -- 2018-12-08 01:01:47]
Fault Injection Successful after 5.080604314804077s
[INFO -- 2018-12-08 01:01:48]
event type: exit
[INFO -- 2018-12-08 01:01:48]
exit code: 0
