[INFO -- 2018-12-04 15:07:45]
Starting flip_value script
version: 1.1
[INFO -- 2018-12-04 15:07:45]
Initialization strings:
[INFO -- 2018-12-04 15:07:45]
(1) file /tmp/smith_waterman/smith_waterman
[INFO -- 2018-12-04 15:07:45]
(2) set args -x /tmp/smith_waterman/randInputX -y /tmp/smith_waterman/randInputY -o /tmp/smith_waterman/output -z /tmp/smith_waterman/detected.log
[INFO -- 2018-12-04 15:07:45]
initSignal:0
[INFO -- 2018-12-04 15:07:45]
endSignal:6
[INFO -- 2018-12-04 15:07:45]
faultModel:0
[EXCEPTION -- 2018-12-04 15:07:45]
gdbException: Attempt to dereference a generic pointer.
[EXCEPTION -- 2018-12-04 15:07:50]
gdbException: Attempt to dereference a generic pointer.
[INFO -- 2018-12-04 15:07:50]
Backtrace BEGIN:
#0  __strlen_sse2 () at ../sysdeps/x86_64/multiarch/../strlen.S:147
#1  0x00007ffff7a414d3 in _IO_vfprintf_internal (s=s@entry=0x7fffffffd7a0, format=format@entry=0x555555556279 "%s", ap=ap@entry=0x7fffffffd910) at vfprintf.c:1643
#2  0x00007ffff7a6c910 in _IO_vsnprintf (string=0x555555795080 "", maxlen=<optimized out>, format=0x555555556279 "%s", args=args@entry=0x7fffffffd910) at vsnprintf.c:114
#3  0x00007ffff7a48fdf in __GI___snprintf (s=<optimized out>, maxlen=<optimized out>, format=<optimized out>) at snprintf.c:33
#4  0x0000555555555761 in smith_waterman (x_num=15000, x_num2=15000, y_num=11400, y_num2=11400, str_x=0x5555557586c0 "GCLUZAABTRHGXUXOYOVEZWACAGILWCEEEPZFRBGMSOTPKQFKEAOFZRJZXSMVUQCAHBFZENNYBGNNYUYEXOMWFVXFPJALCCLJFQKJGYJHGWXHTXLQLXORTLWKWYWADHKKAWWGUFPDEOKXLXNXVDQQQOAMMWNRGZCIVYOSDFXHUHGFGTEBWWTOKUBZSQSARUIMUYGAEDHY"..., str_y=0x55555575c170 "CLLZAABBTRGXUUOYOOEZWACAGGLWWEEEEZFRBBGSOTPPKQKEEOFZZJZXSSMVQCAHBFZENNYBBGNYYUEXOMWFFXXPJAACCLJFQQJGYJJGWXXTXLQLXOOTTWWWYWWDDKKKWWGUFFDDOOKXLNXVVQQQOAAMWNRGZZIVYOODFFXUUGFGTEBWWTOKUBZSSSARRUMUUGAEDDYM"...) at smith_waterman.c:214
#5  0x0000555555555e65 in execute (file_x_name=0x7fffffffe0b4 "/tmp/smith_waterman/randInputX", file_y_name=0x7fffffffe0d6 "/tmp/smith_waterman/randInputY") at smith_waterman.c:309
#6  0x0000555555556082 in main (argc=9, argv=0x7fffffffdc88) at smith_waterman.c:355

142	in ../sysdeps/x86_64/multiarch/../strlen.S

Backtrace END
Memory content before bitflip:0x980x3a0x000x000x000x000x000x00
Fault Model: Single bit-flip
base address to flip value: 0x7fffffffda10
address max offset: 8
Memory content after  bitflip:0x980x320x000x000x000x000x000x00
frame name: smith_waterman
symbol name: x_num2
symbol filename: smith_waterman.c
symbol line: 93
value: 12952
value address: 0x7fffffffda10
Type: The type is an integer type.
Type sizeof: 8

[INFO -- 2018-12-04 15:07:50]
Fault Injection Successful after 5.444075345993042s
[INFO -- 2018-12-04 15:07:50]
event type: exit
[INFO -- 2018-12-04 15:07:50]
exit code: 0
