[INFO -- 2019-09-03 12:14:23]
Starting flip_value script
version: 1.1
[INFO -- 2019-09-03 12:14:23]
Initialization strings:
[INFO -- 2019-09-03 12:14:23]
(1) file /tmp/smith_waterman/smith_waterman
[INFO -- 2019-09-03 12:14:23]
(2) set args -x /tmp/smith_waterman/randInputX -y /tmp/smith_waterman/randInputY -o /tmp/smith_waterman/output -z /tmp/smith_waterman/detected.log
[INFO -- 2019-09-03 12:14:23]
initSignal:0
[INFO -- 2019-09-03 12:14:23]
endSignal:6
[INFO -- 2019-09-03 12:14:23]
faultModel:2
[INFO -- 2019-09-03 12:14:26]
Backtrace BEGIN:
#0  0x00005555555550d5 in smith_waterman (x_num=12600, y_num=15000, str_x=0x555555790a30 "KSAVLLDRSWWNAPQVVQQRRQGQWTGGEPUHWACHDDYVVUPVVHHGAAAXQJMMCTTMMZZLLZZUXXASIINNZZFZGGQRPIDHHAANCQAABUGPPPHHXUUAABZZXXQYWQQWWHHMZZMYQJEYOOMNNIKKKPPTOIVVKKCEEQOZBBHKFFKTZZIKKTWWQPYYHTTTTCGUVZLLYYKFGGYYFFIT"..., str_y=0x555555793b80 "KSAHVLDRRSWNSAPQVAQIRQGQWTHGEPUQHWACHDWYVUNPVEHQGAAXQJPMCXTHMPZVLZZUCXSASIRNMZFTZGQRPIDRHYATNCQABPUGPPIHXZULABEZHXQYFWQMWSHMUZMYQJEFYOMXNIKOKPPTOISVEKJCEQOZPBZHKFNKTZJIKTYWKQPYYHTETCGYUVZLYYTKFGUYHFIT"...) at smith_waterman.c:102
#1  0x0000555555555cbf in execute (file_x_name=0x7fffffffe218 "/tmp/smith_waterman/randInputX", file_y_name=0x7fffffffe23a "/tmp/smith_waterman/randInputY") at smith_waterman.c:263
#2  0x0000555555555f1f in main (argc=9, argv=0x7fffffffde68) at smith_waterman.c:315

97	    double max_score=0.0;
98	    for(i=1; i<x_num+1; i++){
99	        for(j=1; j<y_num+1; j++){
100	            if(str_x[i-1]==str_y[j-1]){diff=match_score;}
101	            else{diff=mismatch_score;}
102	            matrix[i][j]=my_maxof(matrix[i-1][j-1]+diff, matrix[i-1][j]+gap_score, matrix[i][j-1]+gap_score,0);
103	            if(matrix[i][j]>max_score)
104	                max_score=matrix[i][j];
105	        }
106	    }

Backtrace END
Memory content before bitflip:0x000x000x000x000x000x000x000xc0
Fault Model: Random bit-flip
base address to flip value: 0x555555757038 
address max offset: 8
Memory content after  bitflip:0x4f0x750x820x840x0f0x360x870x14
frame name: main
symbol name: gap_score2
symbol filename: smith_waterman.c
symbol line: 12
value: 8.8253135335120457e-210
value address: 0x555555757038 <gap_score2>
Type: A floating point type.
Type sizeof: 8

[INFO -- 2019-09-03 12:14:26]
Fault Injection Successful after 3.6425390243530273s
[INFO -- 2019-09-03 12:14:29]
event type: exit
[INFO -- 2019-09-03 12:14:29]
exit code: 0
