[INFO -- 2018-12-09 01:53:40]
Starting flip_value script
version: 1.1
[INFO -- 2018-12-09 01:53:40]
Initialization strings:
[INFO -- 2018-12-09 01:53:40]
(1) file /tmp/smith_waterman/smith_waterman
[INFO -- 2018-12-09 01:53:40]
(2) set args -x /tmp/smith_waterman/randInputX -y /tmp/smith_waterman/randInputY -o /tmp/smith_waterman/output -z /tmp/smith_waterman/detected.log
[INFO -- 2018-12-09 01:53:40]
initSignal:0
[INFO -- 2018-12-09 01:53:40]
endSignal:6
[INFO -- 2018-12-09 01:53:40]
faultModel:0
[INFO -- 2018-12-09 01:53:44]
Backtrace BEGIN:
#0  smith_waterman (x_num=10350, x_num2=10350, y_num=15000, y_num2=15000, str_x=0x5555557586c0 "RKMMZLDIXTNNGCCASRJUUTVVRPQWGUAAEKMFWOOVHHJRZLTTERRYEEQQVMNIIJEVVSURKKUUYYNSGNNQEEQIKYGGYKKYYUUUQQNTACNCCBOOJCSSWWCVICEGQQOQHJKQYYLAAAADDTTNUZHFXJALLGOXXDEEOEWEEHVFHKKLDDIEEFNBQOBBUYHTBBXHTIICEETKBDXP"..., str_y=0x55555575af40 "RKOMZLDIXTRNGRCASRJYUTNVRPQWGUUAEKMFWPOVKHJRZLRTECRYXETQVMNCIJEOVSURKKPUTYNSLGNQIEQILKYGYNKGYQUUJQNTACNWCBOOJCGSIWCVICEGQQOQHJKQBYLEAAADDQTNUZHFXJAGLGODXDUEOEWPEHVFHVKLMDYIEFNBQOHBUYHTBBXRHTIMCETKBDXP"...) at smith_waterman.c:236
#1  0x0000555555556178 in execute (file_x_name=0x7fffffffe065 "/tmp/smith_waterman/randInputX", file_y_name=0x7fffffffe087 "/tmp/smith_waterman/randInputY") at smith_waterman.c:379
#2  0x0000555555556393 in main (argc=9, argv=0x7fffffffdc38) at smith_waterman.c:425

231	    for(i=0; i<height+1; i++){
232	        check_index(i, i2);
233	        j2 = 0;
234	        for(j=0; j<width+1; j++){
235	            check_index(j, j2);
236	            if(i==0 && j==0){
237	                maxValue = matrix[i][j];
238	                y = i;
239	                x = j;
240	            }

Backtrace END
Memory content before bitflip:0x000x000x000x000x000x000xf00xbf
Fault Model: Single bit-flip
base address to flip value: 0x555555757020 
address max offset: 8
Memory content after  bitflip:0x000x000x000x000x000x080xf00xbf
frame name: execute
symbol name: mismatch_score
symbol filename: smith_waterman.c
symbol line: 9
value: -1.001953125
value address: 0x555555757020 <mismatch_score>
Type: A floating point type.
Type sizeof: 8

[INFO -- 2018-12-09 01:53:44]
Fault Injection Successful after 4.896787643432617s
[INFO -- 2018-12-09 01:53:45]
event type: exit
[INFO -- 2018-12-09 01:53:45]
exit code: 0
