[INFO -- 2018-12-08 23:37:46]
Starting flip_value script
version: 1.1
[INFO -- 2018-12-08 23:37:46]
Initialization strings:
[INFO -- 2018-12-08 23:37:46]
(1) file /tmp/smith_waterman/smith_waterman
[INFO -- 2018-12-08 23:37:46]
(2) set args -x /tmp/smith_waterman/randInputX -y /tmp/smith_waterman/randInputY -o /tmp/smith_waterman/output -z /tmp/smith_waterman/detected.log
[INFO -- 2018-12-08 23:37:46]
initSignal:0
[INFO -- 2018-12-08 23:37:46]
endSignal:6
[INFO -- 2018-12-08 23:37:46]
faultModel:1
[INFO -- 2018-12-08 23:37:46]
Backtrace BEGIN:
#0  smith_waterman (x_num=10200, x_num2=10200, y_num=15000, y_num2=15000, str_x=0x5555557586c0 "VJJPPOKKZRRZZZSGGKZZNROHHFUUJJDRPNQGDGQEXJDIIXGPMQZZQJPPXXTLZEEXWWDDDVAAFAAPGGGJXXQGAAQYYLKGKOEYLRROOOMMOQNNWIXWHNNMMFNSSZTFOFFZGXPLLFZAYBUULMSSYIJLNWXYYSKMPQNYPELALNCJSSEBGZHHEESWRRDBQNBBGBBXGPRRCCBS"..., str_y=0x55555575aeb0 "VEJZPOOKZRRZAZSGGNKZNYROHFIUWJDRPNQGDGQEXJDXIXGPMQQZQJPZPXTLGZEXMWDRDVVAFAAPXGGJYXLQGAQXYLKGKOEYLHROFOQMOQBNWIXWHKNPMFNKSZTFOXFZGXPNLFZAYBPULMTSYIJLNWXFYSKMPQNYPELALNCJOSEBGZTHHESWDRDBKQNBGCBXGPZRCCBS"...) at smith_waterman.c:173
#1  0x0000555555556178 in execute (file_x_name=0x7fffffffe065 "/tmp/smith_waterman/randInputX", file_y_name=0x7fffffffe087 "/tmp/smith_waterman/randInputY") at smith_waterman.c:379
#2  0x0000555555556393 in main (argc=9, argv=0x7fffffffdc38) at smith_waterman.c:425

168	    long i, i2;
169	    i2 = 1;
170	    for(i=1; i<x_num+1; i++){
171	        check_index(i, i2);
172	        matrix[i]=matrix[0]+(y_num+1)*i;
173	        i2++;
174	    }
175	    check_index(i, i2);
176	
177	    long j, j2;

Backtrace END
Fliping a bit of the pointer
Memory content before bitflip:0x900x840x750x550x550x550x000x00
Fault Model: Double bit-flip
base address to flip value: 0x7fffffffdac0
address max offset: 8
Memory content after  bitflip:0x900x840x750x550x550x550x500x00
frame name: execute
symbol name: fpx
symbol filename: smith_waterman.c
symbol line: 366
value: 0x555555758490
value address: 0x7fffffffdac0
Type: The type is a pointer.
Type sizeof: 8

[INFO -- 2018-12-08 23:37:46]
Fault Injection Successful after 0.42507171630859375s
[INFO -- 2018-12-08 23:37:51]
event type: exit
[INFO -- 2018-12-08 23:37:51]
exit code: 0
