[INFO -- 2018-12-08 19:16:35]
Starting flip_value script
version: 1.1
[INFO -- 2018-12-08 19:16:35]
Initialization strings:
[INFO -- 2018-12-08 19:16:35]
(1) file /tmp/smith_waterman/smith_waterman
[INFO -- 2018-12-08 19:16:35]
(2) set args -x /tmp/smith_waterman/randInputX -y /tmp/smith_waterman/randInputY -o /tmp/smith_waterman/output -z /tmp/smith_waterman/detected.log
[INFO -- 2018-12-08 19:16:35]
initSignal:0
[INFO -- 2018-12-08 19:16:35]
endSignal:6
[INFO -- 2018-12-08 19:16:35]
faultModel:0
[EXCEPTION -- 2018-12-08 19:16:35]
gdbException: Attempt to dereference a generic pointer.
[INFO -- 2018-12-08 19:16:40]
Backtrace BEGIN:
#0  0x000055555555571c in smith_waterman (x_num=10200, x_num2=10200, y_num=15000, y_num2=15000, str_x=0x5555557586c0 "PPPUZWKKNPMBKPIRYAQLRRTOXTPPPCKSTNUUXFMMNRQQDGYGGASSTGQLLCHGGVVSSKVRHAWTWWMZCMTOOGFMLLYPPHXXBBYLLNTWWRSNNTSSSDHVIIOJVJNNQKKZLUUDHYYFRRXMXQEFJJZCPLOOEBBCNDGBBXJIFNDBBNYYFVQGGQQZFOLLRRQHHSWPGSSRRGAVVTTP"..., str_y=0x55555575aeb0 "BPPUZWIKNPMEBKPIRYAQLRTOXFTPPCKSTZNUXXFMNRQQDGYUGALSTGGQLCHCGRVBSKVRHAEWTWMZCMTLOGFHMLYAPHEXBBYTLWNTWRRSNGTSSMDHVIOJVOJNWQKZRLUDHHYFYRXMXQEQFJZCRPLOEXBCNODGBXJIFJNDBNRYFVQMGPQZFCOLBRPQHSWIPGSWRGASVTTC"...) at smith_waterman.c:234
#1  0x0000555555556178 in execute (file_x_name=0x7fffffffe065 "/tmp/smith_waterman/randInputX", file_y_name=0x7fffffffe087 "/tmp/smith_waterman/randInputY") at smith_waterman.c:379
#2  0x0000555555556393 in main (argc=9, argv=0x7fffffffdc38) at smith_waterman.c:425

229	
230	    i2 = 0;
231	    for(i=0; i<height+1; i++){
232	        check_index(i, i2);
233	        j2 = 0;
234	        for(j=0; j<width+1; j++){
235	            check_index(j, j2);
236	            if(i==0 && j==0){
237	                maxValue = matrix[i][j];
238	                y = i;

Backtrace END
Memory content before bitflip:0x000x000x000x000x000x000xf00xbf
Fault Model: Single bit-flip
base address to flip value: 0x555555757028 
address max offset: 8
Memory content after  bitflip:0x000x000x000x000x000x000xb00xbf
frame name: main
symbol name: mismatch_score2
symbol filename: smith_waterman.c
symbol line: 10
value: -0.0625
value address: 0x555555757028 <mismatch_score2>
Type: A floating point type.
Type sizeof: 8

[INFO -- 2018-12-08 19:16:40]
Fault Injection Successful after 5.564748287200928s
[INFO -- 2018-12-08 19:16:40]
event type: exit
[INFO -- 2018-12-08 19:16:40]
exit code: 0
