[INFO -- 2019-09-03 11:45:53]
sending 5 signals using command: 'killall -2 smith_waterman' after 4.49303757654s
[INFO -- 2019-09-03 11:45:53]
sending 5 signals using command: 'killall -2 smith_waterman' after 4.90800064723s
[INFO -- 2019-09-03 11:45:54]
sending 5 signals using command: 'killall -2 smith_waterman' after 5.15479259854s
[INFO -- 2019-09-03 11:45:54]
Starting GDB script
[INFO -- 2019-09-03 11:45:54]
initSignal:0.0
[INFO -- 2019-09-03 11:45:54]
endSignal:6.0
[INFO -- 2019-09-03 11:45:56]
sending 5 signals using command: 'killall -2 smith_waterman' after 1.78415941053s
[INFO -- 2019-09-03 11:45:56]
sending 5 signals using command: 'killall -2 smith_waterman' after 2.25499733815s
[INFO -- 2019-09-03 11:45:59]
sending 5 signals using command: 'killall -2 smith_waterman' after 5.21774662589s
[INFO -- 2019-09-03 11:46:14]
Execution did not finish before waitTime
