[INFO -- 2018-12-08 11:53:44]
Starting flip_value script
version: 1.1
[INFO -- 2018-12-08 11:53:44]
Initialization strings:
[INFO -- 2018-12-08 11:53:44]
(1) file /tmp/smith_waterman/smith_waterman
[INFO -- 2018-12-08 11:53:44]
(2) set args -x /tmp/smith_waterman/randInputX -y /tmp/smith_waterman/randInputY -o /tmp/smith_waterman/output -z /tmp/smith_waterman/detected.log
[INFO -- 2018-12-08 11:53:44]
initSignal:0
[INFO -- 2018-12-08 11:53:44]
endSignal:6
[INFO -- 2018-12-08 11:53:44]
faultModel:2
[EXCEPTION -- 2018-12-08 11:53:45]
pythonException: invalid literal for int() with base 16: '0x5555557586c0 ...'
[EXCEPTION -- 2018-12-08 11:53:45]
pythonException: invalid literal for int() with base 16: '0x55555575b9d0 ...'
[INFO -- 2018-12-08 11:53:45]
Backtrace BEGIN:
#0  smith_waterman (x_num=13050, x_num2=13050, y_num=15000, y_num2=15000, str_x=0x5555557586c0 "OPPIVRYRVVLVBQXXMLTUOOROOWWGGBWTRWDOOBGGOBBMTTGGWZANNOOHKBBNNMJJIMOOQWIEEWRRTXZZWBBTMWWBZZRRYCFFOVVGGQLQOEEWWMCYOOXFTJJSVCYVEFFEUNBTDOOUSXQWJUXXRKKKVQESSENNYSSLLVVKLSGERWAASZZCJJJIIAATEQTTKNDRJKKUEEAA"..., str_y=0x55555575b9d0 "OQPZIVRYRVLVBUQXTMLTUORLOPWYGBCWTRWDONBGKOBMLTLGGWZANQOBHKBONGMJZIMOXQWIEZWRTHXZGWBTMPWWBZMRFYCFJOVGGRQLQOELWCMCYOXNFTJJSVCYVEFEUANBTDOLUSXQWJUXZRKHKVQESSENYJSSLHVGKLSGERWAASZCJLJVIZAATEQTQKNDRJKDUEKA"...) at smith_waterman.c:204
#1  0x0000555555556178 in execute (file_x_name=0x7fffffffe065 "/tmp/smith_waterman/randInputX", file_y_name=0x7fffffffe087 "/tmp/smith_waterman/randInputY") at smith_waterman.c:379
#2  0x0000555555556393 in main (argc=9, argv=0x7fffffffdc38) at smith_waterman.c:425

199	        j2 = 1;
200	        for(j=1; j<y_num+1; j++){
201	            check_index(j, j2);
202				test_globals();
203	            if(str_x[i-1]==str_y[j-1]){diff=match_score;}
204	            else{diff=mismatch_score;}
205	            matrix[i][j]=my_maxof(matrix[i-1][j-1]+diff, matrix[i-1][j]+gap_score, matrix[i][j-1]+gap_score,0);
206	            if(matrix[i][j]>max_score)
207	                max_score=matrix[i][j];
208	            j2++;

Backtrace END
Fliping a bit of the pointer
Memory content before bitflip:0x000x000x000x000x000x000x000x00
Fault Model: Random bit-flip
base address to flip value: 0x7fffffffdaf0
address max offset: 8
Memory content after  bitflip:0x3b0xcf0x7b0xde0xf60xd60x950xa1
frame name: execute
symbol name: answer
symbol filename: smith_waterman.c
symbol line: 379
value: 0x0
value address: 0x7fffffffdaf0
Type: The type is a pointer.
Type sizeof: 8

[INFO -- 2018-12-08 11:53:45]
Fault Injection Successful after 1.8174707889556885s
[INFO -- 2018-12-08 11:53:51]
event type: exit
[INFO -- 2018-12-08 11:53:51]
exit code: 0
