[INFO -- 2018-12-08 20:51:35]
Starting flip_value script
version: 1.1
[INFO -- 2018-12-08 20:51:35]
Initialization strings:
[INFO -- 2018-12-08 20:51:35]
(1) file /tmp/smith_waterman/smith_waterman
[INFO -- 2018-12-08 20:51:35]
(2) set args -x /tmp/smith_waterman/randInputX -y /tmp/smith_waterman/randInputY -o /tmp/smith_waterman/output -z /tmp/smith_waterman/detected.log
[INFO -- 2018-12-08 20:51:35]
initSignal:0
[INFO -- 2018-12-08 20:51:35]
endSignal:6
[INFO -- 2018-12-08 20:51:35]
faultModel:2
[EXCEPTION -- 2018-12-08 20:51:35]
pythonException: invalid literal for int() with base 16: '0x5555557586c0 ...'
[INFO -- 2018-12-08 20:51:35]
Backtrace BEGIN:
#0  0x0000555555554fc0 in my_maxof (a=-1, b=-2, c=-2, d=0) at smith_waterman.c:136
#1  0x00005555555554a5 in smith_waterman (x_num=10200, x_num2=10200, y_num=15000, y_num2=15000, str_x=0x5555557586c0 "PPPUZWKKNPMBKPIRYAQLRRTOXTPPPCKSTNUUXFMMNRQQDGYGGASSTGQLLCHGGVVSSKVRHAWTWWMZCMTOOGFMLLYPPHXXBBYLLNTWWRSNNTSSSDHVIIOJVJNNQKKZLUUDHYYFRRXMXQEFJJZCPLOOEBBCNDGBBXJIFNDBBNYYFVQGGQQZFOLLRRQHHSWPGSSRRGAVVTTP"..., str_y=0x55555575aeb0 "BPPUZWIKNPMEBKPIRYAQLRTOXFTPPCKSTZNUXXFMNRQQDGYUGALSTGGQLCHCGRVBSKVRHAEWTWMZCMTLOGFHMLYAPHEXBBYTLWNTWRRSNGTSSMDHVIOJVOJNWQKZRLUDHHYFYRXMXQEQFJZCRPLOEXBCNODGBXJIFJNDBNRYFVQMGPQZFCOLBRPQHSWIPGSWRGASVTTC"...) at smith_waterman.c:205
#2  0x0000555555556178 in execute (file_x_name=0x7fffffffe065 "/tmp/smith_waterman/randInputX", file_y_name=0x7fffffffe087 "/tmp/smith_waterman/randInputY") at smith_waterman.c:379
#3  0x0000555555556393 in main (argc=9, argv=0x7fffffffdc38) at smith_waterman.c:425

131	}
132	
133	double my_maxof(double a, double b, double c, double d)
134	{
135	    double ans=a;
136	    if(ans<b) ans=b;
137	    if(ans<c) ans=c;
138	    if(ans<d) ans=d;
139	    return ans;
140	}

Backtrace END
Memory content before bitflip:0x300xdc0xff0xff0xff0x7f0x000x00
Fault Model: Random bit-flip
base address to flip value: 0x7fffffffda70
address max offset: 8
Memory content after  bitflip:0xe90xf80xde0xd90xde0xc80x980x66
frame name: smith_waterman
symbol name: scoreDiag
symbol filename: smith_waterman.c
symbol line: 255
value: 1.6850008941990208e+186
value address: 0x7fffffffda70
Type: A floating point type.
Type sizeof: 8

[INFO -- 2018-12-08 20:51:35]
Fault Injection Successful after 0.9039161205291748s
[INFO -- 2018-12-08 20:51:40]
event type: exit
[INFO -- 2018-12-08 20:51:40]
exit code: 0
