[INFO -- 2018-12-08 15:02:25]
Starting flip_value script
version: 1.1
[INFO -- 2018-12-08 15:02:25]
Initialization strings:
[INFO -- 2018-12-08 15:02:25]
(1) file /tmp/smith_waterman/smith_waterman
[INFO -- 2018-12-08 15:02:25]
(2) set args -x /tmp/smith_waterman/randInputX -y /tmp/smith_waterman/randInputY -o /tmp/smith_waterman/output -z /tmp/smith_waterman/detected.log
[INFO -- 2018-12-08 15:02:25]
initSignal:0
[INFO -- 2018-12-08 15:02:25]
endSignal:6
[INFO -- 2018-12-08 15:02:25]
faultModel:2
[INFO -- 2018-12-08 15:02:26]
Backtrace BEGIN:
#0  0x0000555555554d06 in test_globals () at smith_waterman.c:76
#1  0x0000555555555371 in smith_waterman (x_num=15000, x_num2=15000, y_num=11250, y_num2=11250, str_x=0x5555557586c0 "AEPABPPDMMBIYNAHLRHXOBLCRUBAFZXFFOIGDXKQJLAKADRLWYIKZVMTPOVVPUCVIKBNHLFTYGFYLWMHWWSYSETHUOEKIJHSTIFDWNYUTDVEBHLXDDVXKQHGELQOUZIQIQTGDTAWWXCXEPWKVUHFKOLPCEFYDOONEJTHCWFATHXAWWMRQVYAKMROQZMVNBJTKECNCHNY"..., str_y=0x55555575c170 "AEPABPDDMMIIYNAHLRHXOBLCRBBFZZXFFIIGXXKQJLKKADRLWIKZZVMTPOVVPUCVIKBNHLFTYGFYLWMWWWYYSETHUEEKJJSSTIFDWNUUTVEEBHXXDDVXQQHGEQOOUZIQIQTGDTAWWXCXEWWKVUHKKLLPCEYYDOONETTHCFATTXXAWMMRQVAKKMROZZMVNBTTKENCCNNY"...) at smith_waterman.c:202
#2  0x0000555555556178 in execute (file_x_name=0x7fffffffe065 "/tmp/smith_waterman/randInputX", file_y_name=0x7fffffffe087 "/tmp/smith_waterman/randInputY") at smith_waterman.c:379
#3  0x0000555555556393 in main (argc=9, argv=0x7fffffffdc38) at smith_waterman.c:425

71	
72	    exit(0); // ocorreu SDC
73	}
74	
75	void test_globals(){
76		if( (match_score != match_score2) || (gap_score != gap_score2) || (mismatch_score != mismatch_score2) )
77	    {
78			sdc_exit();
79	    }
80	}

Backtrace END
Memory content before bitflip:0x000x000x000x000x000x000x000x00
Fault Model: Random bit-flip
base address to flip value: 0x7fffffffda18
address max offset: 8
Memory content after  bitflip:0x860xa20xf50x550xc90x240x820x48
frame name: smith_waterman
symbol name: maxValue
symbol filename: smith_waterman.c
symbol line: 225
value: 1.9756736664191134e+41
value address: 0x7fffffffda18
Type: A floating point type.
Type sizeof: 8

[INFO -- 2018-12-08 15:02:26]
Fault Injection Successful after 1.2244164943695068s
[INFO -- 2018-12-08 15:02:31]
event type: exit
[INFO -- 2018-12-08 15:02:31]
exit code: 0
