[INFO -- 2018-12-05 15:35:03]
Starting flip_value script
version: 1.1
[INFO -- 2018-12-05 15:35:03]
Initialization strings:
[INFO -- 2018-12-05 15:35:03]
(1) file /tmp/smith_waterman/smith_waterman
[INFO -- 2018-12-05 15:35:03]
(2) set args -x /tmp/smith_waterman/randInputX -y /tmp/smith_waterman/randInputY -o /tmp/smith_waterman/output -z /tmp/smith_waterman/detected.log
[INFO -- 2018-12-05 15:35:03]
initSignal:0
[INFO -- 2018-12-05 15:35:03]
endSignal:6
[INFO -- 2018-12-05 15:35:03]
faultModel:1
[INFO -- 2018-12-05 15:35:05]
Backtrace BEGIN:
#0  0x0000555555554d31 in my_maxof (a=1757, b=1754, c=1759, d=0) at smith_waterman.c:71
#1  0x0000555555555202 in smith_waterman (x_num=15000, x_num2=15000, y_num=10650, y_num2=10650, str_x=0x5555557586c0 "EPHJLKKADWCYUXKGRYGUBKEEFZOTCDPHUYSHICHNYMLUJXABXIXATBGACWVHCKQYKIGSMPFMBSJLSJORULSPOAPSXMZZXPXJZDCNVJAWEJJWUXPOKJDYKURHHSIGKFPJLRXGDZEHIOFCNUTAEWAORTXAMFGWMVHZPEHUDMBNCGSRCLRGHUWANVCBCIXPGFQXLYRRKUGO"..., str_y=0x55555575c170 "EHJJKKAAWWCYUKKGYGUUBKEEZZOTCPPHUYHICHNNYMLJJAABIIXATBAAWWHHCKYKIGSMMPFMSJJLJJOULSPPAPSXMZZZXPJJZCCNVAWWJJJUXPOKJDDKUUHHHSIKKFPLRXXGDZHHIOFCNUTAEAAORTXMMGGMVVZZPEUDDBBCGGSCLRRHHWAANVCCIXPGGFQLYYRRKUOO"...) at smith_waterman.c:141
#2  0x0000555555555e65 in execute (file_x_name=0x7fffffffe0b4 "/tmp/smith_waterman/randInputX", file_y_name=0x7fffffffe0d6 "/tmp/smith_waterman/randInputY") at smith_waterman.c:309
#3  0x0000555555556082 in main (argc=9, argv=0x7fffffffdc88) at smith_waterman.c:355

66	}
67	
68	double my_maxof(double a, double b, double c, double d)
69	{
70	    double ans=a;
71	    if(ans<b) ans=b;
72	    if(ans<c) ans=c;
73	    if(ans<d) ans=d;
74	    return ans;
75	}

Backtrace END
Memory content before bitflip:0x000x000x000x000x000x000x000x00
Fault Model: Double bit-flip
base address to flip value: 0x7fffffffd9b0
address max offset: 8
Memory content after  bitflip:0x000x000x820x000x000x000x000x00
frame name: my_maxof
symbol name: d
symbol filename: smith_waterman.c
symbol line: 68
value: 4.2092812015607514e-317
value address: 0x7fffffffd9b0
Type: A floating point type.
Type sizeof: 8

[INFO -- 2018-12-05 15:35:05]
Fault Injection Successful after 2.924992799758911s
[INFO -- 2018-12-05 15:35:07]
event type: exit
[INFO -- 2018-12-05 15:35:07]
exit code: 0
