[INFO -- 2018-12-03 18:52:56]
Starting flip_value script
version: 1.1
[INFO -- 2018-12-03 18:52:56]
Initialization strings:
[INFO -- 2018-12-03 18:52:56]
(1) file /tmp/smith_waterman/smith_waterman
[INFO -- 2018-12-03 18:52:56]
(2) set args -x /tmp/smith_waterman/randInputX -y /tmp/smith_waterman/randInputY -o /tmp/smith_waterman/output -z /tmp/smith_waterman/detected.log
[INFO -- 2018-12-03 18:52:56]
initSignal:0
[INFO -- 2018-12-03 18:52:56]
endSignal:6
[INFO -- 2018-12-03 18:52:56]
faultModel:2
[EXCEPTION -- 2018-12-03 18:52:57]
pythonException: invalid literal for int() with base 16: '0x5555557586c0 ...'
[INFO -- 2018-12-03 18:52:57]
Backtrace BEGIN:
#0  0x0000555555554d31 in my_maxof (a=-1, b=-2, c=-2, d=0) at smith_waterman.c:71
#1  0x0000555555555202 in smith_waterman (x_num=15000, x_num2=15000, y_num=14850, y_num2=14850, str_x=0x5555557586c0 "VWQIBLFLFGCSZRYTZIZVYTTKLONABOGWKWFNIKYPSDKTWKMVSNSQGNDUCQUDEBARXHEHTFXLKHEGRTELGYBPMEJOXFTBGVSGCZNXGMIQTNYMIEXQDBFPFQFEWAGCWAIABYYHKIZGVYUFEUWHVBYCSFHOGNSEPDGRBGALPATMYOSCIOMDRMFLSOBABUETXKKARKNIKHUK"..., str_y=0x55555575c170 "WWIBLFLLGCCZRYTZIZVVTTTLLONBOGWKKFNIKYPSDKKWKKMSNNQGNNUUQQDEBBARHHEHFXLLHEERRELLYBBMMJOXFTTBGSGGZNXGMIQTNYMIIXQDDBPFFQEWWAGWAIABYYYKKZZVYYFEUUHHBYCSSHOOGSEPDGRBGAAPATMYOSCCOMDRMMLSOBBBUETXKKKAKNNIHUKV"...) at smith_waterman.c:141
#2  0x0000555555555e65 in execute (file_x_name=0x7fffffffe0b4 "/tmp/smith_waterman/randInputX", file_y_name=0x7fffffffe0d6 "/tmp/smith_waterman/randInputY") at smith_waterman.c:309
#3  0x0000555555556082 in main (argc=9, argv=0x7fffffffdc88) at smith_waterman.c:355

66	}
67	
68	double my_maxof(double a, double b, double c, double d)
69	{
70	    double ans=a;
71	    if(ans<b) ans=b;
72	    if(ans<c) ans=c;
73	    if(ans<d) ans=d;
74	    return ans;
75	}

Backtrace END
Fliping a bit of the pointer
Memory content before bitflip:0x900x490x550x550x550x550x000x00
Fault Model: Random bit-flip
base address to flip value: 0x7fffffffdb88
address max offset: 8
Memory content after  bitflip:0x600xa70xa20x830xfa0x520x230x5d
frame name: main
symbol name: answer1
symbol filename: smith_waterman.c
symbol line: 355
value: 0x555555554990 <_start> "1\355I\211\321^H\211\342H\203\344\360PTL\215\005\212\030"
value address: 0x7fffffffdb88
Type: The type is a pointer.
Type sizeof: 8

[INFO -- 2018-12-03 18:52:57]
Fault Injection Successful after 1.3769826889038086s
[INFO -- 2018-12-03 18:53:03]
event type: exit
[INFO -- 2018-12-03 18:53:03]
exit code: 0
