[INFO -- 2019-09-03 12:13:57]
Starting flip_value script
version: 1.1
[INFO -- 2019-09-03 12:13:57]
Initialization strings:
[INFO -- 2019-09-03 12:13:57]
(1) file /tmp/smith_waterman/smith_waterman
[INFO -- 2019-09-03 12:13:57]
(2) set args -x /tmp/smith_waterman/randInputX -y /tmp/smith_waterman/randInputY -o /tmp/smith_waterman/output -z /tmp/smith_waterman/detected.log
[INFO -- 2019-09-03 12:13:57]
initSignal:0
[INFO -- 2019-09-03 12:13:57]
endSignal:6
[INFO -- 2019-09-03 12:13:57]
faultModel:0
[INFO -- 2019-09-03 12:13:57]
Backtrace BEGIN:
#0  0x0000555555554fa7 in smith_waterman (x_num=12600, y_num=15000, str_x=0x5555557586c0 "KSAVLLDRSWWNAPQVVQQRRQGQWTGGEPUHWACHDDYVVUPVVHHGAAAXQJMMCTTMMZZLLZZUXXASIINNZZFZGGQRPIDHHAANCQAABUGPPPHHXUUAABZZXXQYWQQWWHHMZZMYQJEYOOMNNIKKKPPTOIVVKKCEEQOZBBHKFFKTZZIKKTWWQPYYHTTTTCGUVZLLYYKFGGYYFFIT"..., str_y=0x55555575b810 "KSAHVLDRRSWNSAPQVAQIRQGQWTHGEPUQHWACHDWYVUNPVEHQGAAXQJPMCXTHMPZVLZZUCXSASIRNMZFTZGQRPIDRHYATNCQABPUGPPIHXZULABEZHXQYFWQMWSHMUZMYQJEFYOMXNIKOKPPTOISVEKJCEQOZPBZHKFNKTZJIKTYWKQPYYHTETCGYUVZLYYTKFGUYHFIT"...) at smith_waterman.c:100
#1  0x0000555555555cbf in execute (file_x_name=0x7fffffffe218 "/tmp/smith_waterman/randInputX", file_y_name=0x7fffffffe23a "/tmp/smith_waterman/randInputY") at smith_waterman.c:263
#2  0x0000555555555f08 in main (argc=9, argv=0x7fffffffde68) at smith_waterman.c:314

95		
96	    double diff=0.0;
97	    double max_score=0.0;
98	    for(i=1; i<x_num+1; i++){
99	        for(j=1; j<y_num+1; j++){
100	            if(str_x[i-1]==str_y[j-1]){diff=match_score;}
101	            else{diff=mismatch_score;}
102	            matrix[i][j]=my_maxof(matrix[i-1][j-1]+diff, matrix[i-1][j]+gap_score, matrix[i][j-1]+gap_score,0);
103	            if(matrix[i][j]>max_score)
104	                max_score=matrix[i][j];

Backtrace END
Memory content before bitflip:0x090x000x000x00
Fault Model: Single bit-flip
base address to flip value: 0x7fffffffdd1c
address max offset: 4
Memory content after  bitflip:0x090x000x000x10
frame name: main
symbol name: argc
symbol filename: smith_waterman.c
symbol line: 270
value: 268435465
value address: 0x7fffffffdd1c
Type: The type is an integer type.
Type sizeof: 4

[INFO -- 2019-09-03 12:13:57]
Fault Injection Successful after 0.8214573860168457s
[INFO -- 2019-09-03 12:14:02]
event type: exit
[INFO -- 2019-09-03 12:14:02]
exit code: 0
