[INFO -- 2018-12-09 04:47:19]
Starting flip_value script
version: 1.1
[INFO -- 2018-12-09 04:47:19]
Initialization strings:
[INFO -- 2018-12-09 04:47:19]
(1) file /tmp/smith_waterman/smith_waterman
[INFO -- 2018-12-09 04:47:19]
(2) set args -x /tmp/smith_waterman/randInputX -y /tmp/smith_waterman/randInputY -o /tmp/smith_waterman/output -z /tmp/smith_waterman/detected.log
[INFO -- 2018-12-09 04:47:19]
initSignal:0
[INFO -- 2018-12-09 04:47:19]
endSignal:6
[INFO -- 2018-12-09 04:47:19]
faultModel:2
[INFO -- 2018-12-09 04:47:19]
Backtrace BEGIN:
#0  my_maxof (a=-1, b=-2, c=-2, d=0) at smith_waterman.c:137
#1  0x00005555555554a5 in smith_waterman (x_num=11100, x_num2=11100, y_num=15000, y_num2=15000, str_x=0x5555557586c0 "JLTBTTTRRAXRRAIMWBGFFLLQUKJJXXYYSSZMUUDDVULOTMIIZONNBGLVSSWIRTBLLHZDECCAOOWWLLMMUCCPKATCYDDRLLXUGGDZKAALOOABBNOHHQEEGZZEEEBPYYLHHKLSSNEBNQDDAETVVWXXECCLDLLLEZLZMEEZZLHAYFBEYYKBXADSBBMGGZMMYYZMEKKLROPT"..., str_y=0x55555575b230 "JLTBTSTPRAXIRZAIMWBGFBLQIUKJMXXYKSZFMUVDVULOTMWIIZONBBGLVSWIRTIBLHHZDECYAOOWCLEMMUCPVKATCYDWRLXEUGDZKIALWOHABNMOHQDEAGZFEEBYPYELHKLRSNEOBNQDAETJVWQXEPCLUDLLEPZLZMERZLHAYZFBEYKBXAYDSBOMGZZMRYZSMEKLRTOP"...) at smith_waterman.c:205
#2  0x0000555555556178 in execute (file_x_name=0x7fffffffe065 "/tmp/smith_waterman/randInputX", file_y_name=0x7fffffffe087 "/tmp/smith_waterman/randInputY") at smith_waterman.c:379
#3  0x0000555555556393 in main (argc=9, argv=0x7fffffffdc38) at smith_waterman.c:425

132	
133	double my_maxof(double a, double b, double c, double d)
134	{
135	    double ans=a;
136	    if(ans<b) ans=b;
137	    if(ans<c) ans=c;
138	    if(ans<d) ans=d;
139	    return ans;
140	}
141	

Backtrace END
Memory content before bitflip:0x000x000x000x000x000x000x000x00
Fault Model: Random bit-flip
base address to flip value: 0x7fffffffd970
address max offset: 8
Memory content after  bitflip:0xd70xfe0xe00x050x870x520x470x45
frame name: my_maxof
symbol name: d
symbol filename: smith_waterman.c
symbol line: 133
value: 5.6390037273600594e+25
value address: 0x7fffffffd970
Type: A floating point type.
Type sizeof: 8

[INFO -- 2018-12-09 04:47:19]
Fault Injection Successful after 0.8159399032592773s
