[INFO -- 2019-09-03 11:41:47]
Starting flip_value script
version: 1.1
[INFO -- 2019-09-03 11:41:47]
Initialization strings:
[INFO -- 2019-09-03 11:41:47]
(1) file /tmp/smith_waterman/smith_waterman
[INFO -- 2019-09-03 11:41:47]
(2) set args -x /tmp/smith_waterman/randInputX -y /tmp/smith_waterman/randInputY -o /tmp/smith_waterman/output
[INFO -- 2019-09-03 11:41:47]
initSignal:0
[INFO -- 2019-09-03 11:41:47]
endSignal:6
[INFO -- 2019-09-03 11:41:47]
faultModel:1
[INFO -- 2019-09-03 11:41:47]
Backtrace BEGIN:
#0  smith_waterman (x_num=12300, y_num=15000, str_x=0x5555557586c0 "HDYWAHULGAUYUFHRFMLLIXOAVVMYYXFBBGXBBPOXXUIPNFFIVUFOTVQQHAAFFWGGAEFVVSSUAQJQYTTSPSILOABVBSCBBQKUQFPPPXJZZURAOEUFFEQLEESFKLLAAMWNNNFFSORRLLABBWGGAAXXFGMBTXXQJZGGMNUKDDNLYYPOOWAMMARRGGGNDDOMPZQQBMMSSBWA"..., str_y=0x55555575b6e0 "HDDYWAHULGAUYUFHRFMLIUXOAVMKYVXFBAGXBPSOXUIYPNFIVUUFOTVQQHAOFYWGAEFBVXSSUAQJQYTLSPSILOABVBSCBQKBUQFPPXJJZCURAOEUFXEQLESIFKLIAXMWNTNFSWORALJABPWGMAXXFPGMBTXBQJZGCMNUKDNLOYNPOKWAMVARKGGNBDOTMPZQBMMLSBWG"..., fo=0x555555758260) at smith_waterman.c:97
#1  0x0000555555555e38 in main (argc=7, argv=0x7fffffffde98) at smith_waterman.c:298

92	    double diff=0.0;
93	    double max_score=0.0;
94	    for(i=1; i<x_num+1; i++){
95	        for(j=1; j<y_num+1; j++){
96	            if(str_x[i-1]==str_y[j-1]){diff=match_score;}
97	            else{diff=mismatch_score;}
98	            matrix[i][j]=my_maxof(matrix[i-1][j-1]+diff, matrix[i-1][j]+gap_score, matrix[i][j-1]+gap_score,0);
99	            if(matrix[i][j]>max_score)
100	                max_score=matrix[i][j];
101	        }

Backtrace END
Fliping a bit of the pointer
Memory content before bitflip:0x000x230xb50x500xf50xf30x980xc4
Fault Model: Double bit-flip
base address to flip value: 0x7fffffffdca8
address max offset: 8
Memory content after  bitflip:0x000x670xb50x500xf50xf30x980xc4
frame name: smith_waterman
symbol name: alignmentA
symbol filename: smith_waterman.c
symbol line: 133
value: 0xc498f3f550b52300 <error: Cannot access memory at address 0xc498f3f550b52300>
value address: 0x7fffffffdca8
Type: The type is a pointer.
Type sizeof: 8

[INFO -- 2019-09-03 11:41:47]
Fault Injection Successful after 0.7260189056396484s
[INFO -- 2019-09-03 11:41:50]
event type: exit
[INFO -- 2019-09-03 11:41:50]
exit code: 0
