[INFO -- 2018-12-04 12:37:15]
sending 5 signals using command: 'killall -2 smith_waterman' after 5.27455619801s
[INFO -- 2018-12-04 12:37:15]
sending 5 signals using command: 'killall -2 smith_waterman' after 5.53769972223s
[INFO -- 2018-12-04 12:37:15]
sending 5 signals using command: 'killall -2 smith_waterman' after 5.90372893088s
[INFO -- 2018-12-04 12:37:15]
Starting GDB script
[INFO -- 2018-12-04 12:37:15]
initSignal:0.0
[INFO -- 2018-12-04 12:37:15]
endSignal:6.0
[INFO -- 2018-12-04 12:37:16]
sending 5 signals using command: 'killall -2 smith_waterman' after 0.592238348932s
[INFO -- 2018-12-04 12:37:18]
sending 5 signals using command: 'killall -2 smith_waterman' after 2.51384538185s
[INFO -- 2018-12-04 12:37:18]
sending 5 signals using command: 'killall -2 smith_waterman' after 2.714366825s
[INFO -- 2018-12-04 12:37:22]
Execution finished before waitTime
