[INFO -- 2018-12-08 23:55:06]
Starting flip_value script
version: 1.1
[INFO -- 2018-12-08 23:55:06]
Initialization strings:
[INFO -- 2018-12-08 23:55:06]
(1) file /tmp/smith_waterman/smith_waterman
[INFO -- 2018-12-08 23:55:06]
(2) set args -x /tmp/smith_waterman/randInputX -y /tmp/smith_waterman/randInputY -o /tmp/smith_waterman/output -z /tmp/smith_waterman/detected.log
[INFO -- 2018-12-08 23:55:06]
initSignal:0
[INFO -- 2018-12-08 23:55:06]
endSignal:6
[INFO -- 2018-12-08 23:55:06]
faultModel:1
[INFO -- 2018-12-08 23:55:07]
Backtrace BEGIN:
#0  0x00005555555553b5 in smith_waterman (x_num=10200, x_num2=10200, y_num=15000, y_num2=15000, str_x=0x5555557586c0 "VJJPPOKKZRRZZZSGGKZZNROHHFUUJJDRPNQGDGQEXJDIIXGPMQZZQJPPXXTLZEEXWWDDDVAAFAAPGGGJXXQGAAQYYLKGKOEYLRROOOMMOQNNWIXWHNNMMFNSSZTFOFFZGXPLLFZAYBUULMSSYIJLNWXYYSKMPQNYPELALNCJSSEBGZHHEESWRRDBQNBBGBBXGPRRCCBS"..., str_y=0x55555575aeb0 "VEJZPOOKZRRZAZSGGNKZNYROHFIUWJDRPNQGDGQEXJDXIXGPMQQZQJPZPXTLGZEXMWDRDVVAFAAPXGGJYXLQGAQXYLKGKOEYLHROFOQMOQBNWIXWHKNPMFNKSZTFOXFZGXPNLFZAYBPULMTSYIJLNWXFYSKMPQNYPELALNCJOSEBGZTHHESWDRDBKQNBGCBXGPZRCCBS"...) at smith_waterman.c:203
#1  0x0000555555556178 in execute (file_x_name=0x7fffffffe065 "/tmp/smith_waterman/randInputX", file_y_name=0x7fffffffe087 "/tmp/smith_waterman/randInputY") at smith_waterman.c:379
#2  0x0000555555556393 in main (argc=9, argv=0x7fffffffdc38) at smith_waterman.c:425

198	        check_index(i, i2);
199	        j2 = 1;
200	        for(j=1; j<y_num+1; j++){
201	            check_index(j, j2);
202				test_globals();
203	            if(str_x[i-1]==str_y[j-1]){diff=match_score;}
204	            else{diff=mismatch_score;}
205	            matrix[i][j]=my_maxof(matrix[i-1][j-1]+diff, matrix[i-1][j]+gap_score, matrix[i][j-1]+gap_score,0);
206	            if(matrix[i][j]>max_score)
207	                max_score=matrix[i][j];

Backtrace END
Memory content before bitflip:0x1d0x090x000x000x000x000x000x00
Fault Model: Double bit-flip
base address to flip value: 0x7fffffffda00
address max offset: 8
Memory content after  bitflip:0x1d0x090x000x240x000x000x000x00
frame name: smith_waterman
symbol name: j2
symbol filename: smith_waterman.c
symbol line: 177
value: 603982109
value address: 0x7fffffffda00
Type: The type is an integer type.
Type sizeof: 8

[INFO -- 2018-12-08 23:55:07]
Fault Injection Successful after 1.202162265777588s
[INFO -- 2018-12-08 23:55:07]
event type: exit
[INFO -- 2018-12-08 23:55:07]
exit code: 0
