[INFO -- 2019-09-03 11:48:17]
sending 5 signals using command: 'killall -2 smith_waterman' after 4.21121930838s
[INFO -- 2019-09-03 11:48:17]
sending 5 signals using command: 'killall -2 smith_waterman' after 4.65892128174s
[INFO -- 2019-09-03 11:48:18]
sending 5 signals using command: 'killall -2 smith_waterman' after 4.79348565509s
[INFO -- 2019-09-03 11:48:18]
Starting GDB script
[INFO -- 2019-09-03 11:48:18]
initSignal:0.0
[INFO -- 2019-09-03 11:48:18]
endSignal:6.0
[INFO -- 2019-09-03 11:48:19]
sending 5 signals using command: 'killall -2 smith_waterman' after 1.15398698217s
[INFO -- 2019-09-03 11:48:21]
sending 5 signals using command: 'killall -2 smith_waterman' after 3.18478324797s
[INFO -- 2019-09-03 11:48:21]
sending 5 signals using command: 'killall -2 smith_waterman' after 3.74210524867s
[INFO -- 2019-09-03 11:48:22]
Execution finished before waitTime
