[INFO -- 2019-09-03 11:48:18]
Starting flip_value script
version: 1.1
[INFO -- 2019-09-03 11:48:18]
Initialization strings:
[INFO -- 2019-09-03 11:48:18]
(1) file /tmp/smith_waterman/smith_waterman
[INFO -- 2019-09-03 11:48:18]
(2) set args -x /tmp/smith_waterman/randInputX -y /tmp/smith_waterman/randInputY -o /tmp/smith_waterman/output
[INFO -- 2019-09-03 11:48:18]
initSignal:0
[INFO -- 2019-09-03 11:48:18]
endSignal:6
[INFO -- 2019-09-03 11:48:18]
faultModel:2
[INFO -- 2019-09-03 11:48:19]
Backtrace BEGIN:
#0  0x0000555555554d53 in my_maxof (a=-1, b=-2, c=-1, d=0) at smith_waterman.c:63
#1  0x00005555555550d7 in smith_waterman (x_num=15000, y_num=15000, str_x=0x5555557586c0 "KFFOCVVLQQSSPWPPFVMMFJJYHHEHHFTPPPJRRFJVFFNNVZAAWZNEYMMIIEPJTLAKUUEDZTXXQMUUPWWLRJVVKXCSDNJOIUSSUUQQNPOOBKRRRGESSSGRRIVXFFFFAATUWJJHBYYJCKWWSIGAAOOSWPPVSCUCBBZZAAJBBJSTTWCEIIYFXZZVBRVQQTPTXGWWGDFOOZJX"..., str_y=0x55555575c170 "KKFOLCVLQQQSPOWPFUVMCFJMYHSEHFITPPJCRFNJVFBNVZEAWZNYEYMEIELPJTLAKUEDZTMXYQMUPQWLRJLVKXCSDNJOIUOSRUXQNJPOBBKRRGEISSGCRIWVXFJFCAZTUWJKHBYJCKCWSIGKAOOSWMPVSACUCBPZZAJJBJSETWCLEIYFXOZVBQRVQTPTXGSWGDFIOZOJ"..., fo=0x555555758260) at smith_waterman.c:98
#2  0x0000555555555e38 in main (argc=7, argv=0x7fffffffde98) at smith_waterman.c:298

58	        exit(0);
59	    }
60	}
61	
62	double my_maxof(double a, double b, double c, double d)
63	{
64	    double ans=a;
65	    if(ans<b) ans=b;
66	    if(ans<c) ans=c;
67	    if(ans<d) ans=d;

Backtrace END
Fliping a bit of the value pointed by a pointer
Memory content before bitflip:0x77
Fault Model: Random bit-flip
base address to flip value: 0x55555555600f 
address max offset: 1
Memory content after  bitflip:0x68
frame name: smith_waterman
symbol name: alignmentBcopy
symbol filename: smith_waterman.c
symbol line: 133
value: 0x55555555600f "h"
value address: 0x7fffffffdcd8
Type: The type is a pointer.
Type sizeof: 8

[INFO -- 2019-09-03 11:48:19]
Fault Injection Successful after 1.2775228023529053s
[INFO -- 2019-09-03 11:48:21]
event type: exit
[INFO -- 2019-09-03 11:48:21]
exit code: 0
