[INFO -- 2018-12-08 21:50:05]
Starting flip_value script
version: 1.1
[INFO -- 2018-12-08 21:50:05]
Initialization strings:
[INFO -- 2018-12-08 21:50:05]
(1) file /tmp/smith_waterman/smith_waterman
[INFO -- 2018-12-08 21:50:05]
(2) set args -x /tmp/smith_waterman/randInputX -y /tmp/smith_waterman/randInputY -o /tmp/smith_waterman/output -z /tmp/smith_waterman/detected.log
[INFO -- 2018-12-08 21:50:05]
initSignal:0
[INFO -- 2018-12-08 21:50:05]
endSignal:6
[INFO -- 2018-12-08 21:50:05]
faultModel:2
[INFO -- 2018-12-08 21:50:09]
Backtrace BEGIN:
#0  check_index (i=13359, j=13359) at smith_waterman.c:150
#1  0x0000555555555631 in smith_waterman (x_num=10200, x_num2=10200, y_num=15000, y_num2=15000, str_x=0x5555557586c0 "VJJPPOKKZRRZZZSGGKZZNROHHFUUJJDRPNQGDGQEXJDIIXGPMQZZQJPPXXTLZEEXWWDDDVAAFAAPGGGJXXQGAAQYYLKGKOEYLRROOOMMOQNNWIXWHNNMMFNSSZTFOFFZGXPLLFZAYBUULMSSYIJLNWXYYSKMPQNYPELALNCJSSEBGZHHEESWRRDBQNBBGBBXGPRRCCBS"..., str_y=0x55555575aeb0 "VEJZPOOKZRRZAZSGGNKZNYROHFIUWJDRPNQGDGQEXJDXIXGPMQQZQJPZPXTLGZEXMWDRDVVAFAAPXGGJYXLQGAQXYLKGKOEYLHROFOQMOQBNWIXWHKNPMFNKSZTFOXFZGXPNLFZAYBPULMTSYIJLNWXFYSKMPQNYPELALNCJOSEBGZTHHESWDRDBKQNBGCBXGPZRCCBS"...) at smith_waterman.c:235
#2  0x0000555555556178 in execute (file_x_name=0x7fffffffe065 "/tmp/smith_waterman/randInputX", file_y_name=0x7fffffffe087 "/tmp/smith_waterman/randInputY") at smith_waterman.c:379
#3  0x0000555555556393 in main (argc=9, argv=0x7fffffffdc38) at smith_waterman.c:425

145	        return match_score;
146	    else
147	        return mismatch_score;
148	}
149	
150	void check_index(int i, int j){
151	    if(i != j){
152	        sdc_exit();
153	    }
154	}

Backtrace END
Fliping a bit of the pointer
Memory content before bitflip:0x650xe00xff0xff0xff0x7f0x000x00
Fault Model: Random bit-flip
base address to flip value: 0x7fffffffdb30
address max offset: 8
Memory content after  bitflip:0x310x620x170x9a0x170x3c0x8f0x3b
frame name: main
symbol name: file_x_name
symbol filename: smith_waterman.c
symbol line: 389
value: 0x7fffffffe065 "/tmp/smith_waterman/randInputX"
value address: 0x7fffffffdb30
Type: The type is a pointer.
Type sizeof: 8

[INFO -- 2018-12-08 21:50:09]
Fault Injection Successful after 4.903139591217041s
[INFO -- 2018-12-08 21:50:11]
event type: exit
[INFO -- 2018-12-08 21:50:11]
exit code: 0
