[INFO -- 2018-12-08 08:44:38]
Starting flip_value script
version: 1.1
[INFO -- 2018-12-08 08:44:38]
Initialization strings:
[INFO -- 2018-12-08 08:44:38]
(1) file /tmp/smith_waterman/smith_waterman
[INFO -- 2018-12-08 08:44:38]
(2) set args -x /tmp/smith_waterman/randInputX -y /tmp/smith_waterman/randInputY -o /tmp/smith_waterman/output -z /tmp/smith_waterman/detected.log
[INFO -- 2018-12-08 08:44:38]
initSignal:0
[INFO -- 2018-12-08 08:44:38]
endSignal:6
[INFO -- 2018-12-08 08:44:38]
faultModel:2
[INFO -- 2018-12-08 08:44:40]
Backtrace BEGIN:
#0  0x0000555555554fee in my_maxof (a=-1, b=-2, c=-2, d=0) at smith_waterman.c:138
#1  0x00005555555554a5 in smith_waterman (x_num=15000, x_num2=15000, y_num=13950, y_num2=13950, str_x=0x5555557586c0 "DNXPSFCWYSWERNEXRLUUGFXIIPCWCXQFNQXFVZBVTAZLPFKHQFBWKBHUSLQUJHAWZZDUAGPTIREYWRHNWKLILSCDEUAPBANABQWBYOUHFBHBSOOQYCYMUCRAWRPATCCUUBXTPSCUTJVNZMDXODLIHFLFWAHSDKOXLMSAGUWBDROCDTCTWPEFUPKTPSLUEZURLMTTHPUM"..., str_y=0x55555575c170 "DXXPSFWWYSERNNERLLUGGXIIPCWWXXQFQXXVVZBTAAZPPKKHFBBWBHHSSQQJJHAZZDDAGGPTREYWWRHWKKLILCDEEAPBBANBQQWYOUHHBHBBSOOYCYMMCRAWRPATCCUUBBXPPSUTTVVZMDXODLIIHLFWWHSDKOXLMSAGGUBDDOCDDCTTPEFUUPKPSLUEZURRMMTHPUMI"...) at smith_waterman.c:205
#2  0x0000555555556178 in execute (file_x_name=0x7fffffffe065 "/tmp/smith_waterman/randInputX", file_y_name=0x7fffffffe087 "/tmp/smith_waterman/randInputY") at smith_waterman.c:379
#3  0x0000555555556393 in main (argc=9, argv=0x7fffffffdc38) at smith_waterman.c:425

133	double my_maxof(double a, double b, double c, double d)
134	{
135	    double ans=a;
136	    if(ans<b) ans=b;
137	    if(ans<c) ans=c;
138	    if(ans<d) ans=d;
139	    return ans;
140	}
141	
142	double matchMisScore(long i, long j, char* str_y, char* str_x)

Backtrace END
Memory content before bitflip:0x850x070x000x000x000x000x000x00
Fault Model: Random bit-flip
base address to flip value: 0x7fffffffda00
address max offset: 8
Memory content after  bitflip:0x350x0b0xed0x4a0xf20x8e0xad0x77
frame name: smith_waterman
symbol name: j2
symbol filename: smith_waterman.c
symbol line: 177
value: 8623706032774646581
value address: 0x7fffffffda00
Type: The type is an integer type.
Type sizeof: 8

[INFO -- 2018-12-08 08:44:40]
Fault Injection Successful after 2.7340023517608643s
[INFO -- 2018-12-08 08:44:40]
event type: exit
[INFO -- 2018-12-08 08:44:40]
exit code: 0
