[INFO -- 2019-09-03 11:55:50]
Starting flip_value script
version: 1.1
[INFO -- 2019-09-03 11:55:50]
Initialization strings:
[INFO -- 2019-09-03 11:55:50]
(1) file /tmp/smith_waterman/smith_waterman
[INFO -- 2019-09-03 11:55:50]
(2) set args -x /tmp/smith_waterman/randInputX -y /tmp/smith_waterman/randInputY -o /tmp/smith_waterman/output
[INFO -- 2019-09-03 11:55:50]
initSignal:0
[INFO -- 2019-09-03 11:55:50]
endSignal:6
[INFO -- 2019-09-03 11:55:50]
faultModel:0
[INFO -- 2019-09-03 11:55:50]
Backtrace BEGIN:
#0  0x0000555555554d71 in my_maxof (a=-1, b=-2, c=-2, d=0) at smith_waterman.c:65
#1  0x00005555555550d7 in smith_waterman (x_num=15000, y_num=13800, str_x=0x5555557586c0 "BCOVUASOSBEZBKRDCNBMPLLLDUERABHDFXZAYTOSVTTYFKBKZEYPRJCUFHNGKXJPWIRWEIOZDHXKRAUTGSIZEMVJVIRFHBXELQAPYPQDYPOSPKLXDVWJHTUDCMKLNHPAASSAHIEHYSBPEMPHJLSRHNWLZGWOQMOQEIQNRWWRQYGVKVEWJXNQKJDLRZZHLPZRYSGRODIH"..., str_y=0x55555575c170 "BOOUUASSBEEBKRRDNBMMPLLLDEERAHDDFXAYYOSVTTYFFKKKZYPPRJUFFHGGXJJWWRWEIOZZHXKRAAUTSSZEMVJVIRFFBBXEQAAYPPQYPOOPPLXXVVJJTUDDMKLNNHPAASSHHEHHYSPEMMHJJLRRNWLLGWWOQMQEIINNRWWRQGVKKEWWXNNKJJLRRZZLLPRRYSROODID"..., fo=0x555555758260) at smith_waterman.c:98
#2  0x0000555555555e38 in main (argc=7, argv=0x7fffffffde98) at smith_waterman.c:298

60	}
61	
62	double my_maxof(double a, double b, double c, double d)
63	{
64	    double ans=a;
65	    if(ans<b) ans=b;
66	    if(ans<c) ans=c;
67	    if(ans<d) ans=d;
68	    return ans;
69	}

Backtrace END
Fliping a bit of the pointer
Memory content before bitflip:0x0f0x600x550x550x550x550x000x00
Fault Model: Single bit-flip
base address to flip value: 0x7fffffffdcd8
address max offset: 8
Memory content after  bitflip:0x0f0x600x550x550x550x540x000x00
frame name: smith_waterman
symbol name: alignmentBcopy
symbol filename: smith_waterman.c
symbol line: 133
value: 0x55555555600f "w"
value address: 0x7fffffffdcd8
Type: The type is a pointer.
Type sizeof: 8

[INFO -- 2019-09-03 11:55:50]
Fault Injection Successful after 0.5908708572387695s
[INFO -- 2019-09-03 11:55:53]
event type: exit
[INFO -- 2019-09-03 11:55:53]
exit code: 0
