[INFO -- 2018-12-09 09:40:12]
Starting flip_value script
version: 1.1
[INFO -- 2018-12-09 09:40:12]
Initialization strings:
[INFO -- 2018-12-09 09:40:12]
(1) file /tmp/smith_waterman/smith_waterman
[INFO -- 2018-12-09 09:40:12]
(2) set args -x /tmp/smith_waterman/randInputX -y /tmp/smith_waterman/randInputY -o /tmp/smith_waterman/output -z /tmp/smith_waterman/detected.log
[INFO -- 2018-12-09 09:40:12]
initSignal:0
[INFO -- 2018-12-09 09:40:12]
endSignal:6
[INFO -- 2018-12-09 09:40:12]
faultModel:2
[INFO -- 2018-12-09 09:40:15]
Backtrace BEGIN:
#0  0x0000555555554f9d in my_maxof (a=1206, b=1205, c=1210, d=0) at smith_waterman.c:134
#1  0x00005555555554a5 in smith_waterman (x_num=15000, x_num2=15000, y_num=13800, y_num2=13800, str_x=0x5555557586c0 "IMTTSUDHNRKNEWSNEACUQCJXJYEJAAAIPWBHSEPGXZVCVNRBNVVGYHFJHJUHMXPBTSILZZTWZOAWBSYRNVZNEEXMPRTBOLEHDPVEOOBNDBMGTKXHHWWMCTYSNTVBGALMPIQFWRTBVHIQRHZYGWMIPMCCGYGOATARDRWBKRDFYNWRWVSCTENJRRNZRVNTQOKTHJVRCYZD"..., str_y=0x55555575c170 "IMTSUDDNRRNNEWNNEACUQJXXYYJJAAAPPBHSEPGGXVVCVRRBNVGYYFJJHUHMMXBBTSIZZZWZOAWWSSRRNVNEEEXMPRTOLEHHDPVOOOBDDBMGKXHHWWMCTTYSNVVGAALMIQFWWRBVHHIRRHZYGWMIPCCCYYOOTTRDRWBBKDDFYNWWVSSTENJJRNZRRNNTOKTTHVRCYZZD"...) at smith_waterman.c:205
#2  0x0000555555556178 in execute (file_x_name=0x7fffffffe065 "/tmp/smith_waterman/randInputX", file_y_name=0x7fffffffe087 "/tmp/smith_waterman/randInputY") at smith_waterman.c:379
#3  0x0000555555556393 in main (argc=9, argv=0x7fffffffdc38) at smith_waterman.c:425

129	        exit(0);
130	    }
131	}
132	
133	double my_maxof(double a, double b, double c, double d)
134	{
135	    double ans=a;
136	    if(ans<b) ans=b;
137	    if(ans<c) ans=c;
138	    if(ans<d) ans=d;

Backtrace END
Memory content before bitflip:0x000x000x000x000x000x000x000xc0
Fault Model: Random bit-flip
base address to flip value: 0x555555757038 
address max offset: 8
Memory content after  bitflip:0x8c0x9e0x200x070x3d0x730xb80xc6
frame name: main
symbol name: gap_score2
symbol filename: smith_waterman.c
symbol line: 12
value: -4.9590795637890073e+32
value address: 0x555555757038 <gap_score2>
Type: A floating point type.
Type sizeof: 8

[INFO -- 2018-12-09 09:40:15]
Fault Injection Successful after 3.404473066329956s
[INFO -- 2018-12-09 09:40:15]
event type: exit
[INFO -- 2018-12-09 09:40:15]
exit code: 0
