[INFO -- 2018-12-08 11:42:19]
Starting flip_value script
version: 1.1
[INFO -- 2018-12-08 11:42:19]
Initialization strings:
[INFO -- 2018-12-08 11:42:19]
(1) file /tmp/smith_waterman/smith_waterman
[INFO -- 2018-12-08 11:42:19]
(2) set args -x /tmp/smith_waterman/randInputX -y /tmp/smith_waterman/randInputY -o /tmp/smith_waterman/output -z /tmp/smith_waterman/detected.log
[INFO -- 2018-12-08 11:42:19]
initSignal:0
[INFO -- 2018-12-08 11:42:19]
endSignal:6
[INFO -- 2018-12-08 11:42:19]
faultModel:2
[INFO -- 2018-12-08 11:42:20]
Backtrace BEGIN:
#0  my_maxof (a=1, b=-2, c=-2, d=0) at smith_waterman.c:138
#1  0x00005555555554a5 in smith_waterman (x_num=13050, x_num2=13050, y_num=15000, y_num2=15000, str_x=0x5555557586c0 "OPPIVRYRVVLVBQXXMLTUOOROOWWGGBWTRWDOOBGGOBBMTTGGWZANNOOHKBBNNMJJIMOOQWIEEWRRTXZZWBBTMWWBZZRRYCFFOVVGGQLQOEEWWMCYOOXFTJJSVCYVEFFEUNBTDOOUSXQWJUXXRKKKVQESSENNYSSLLVVKLSGERWAASZZCJJJIIAATEQTTKNDRJKKUEEAA"..., str_y=0x55555575b9d0 "OQPZIVRYRVLVBUQXTMLTUORLOPWYGBCWTRWDONBGKOBMLTLGGWZANQOBHKBONGMJZIMOXQWIEZWRTHXZGWBTMPWWBZMRFYCFJOVGGRQLQOELWCMCYOXNFTJJSVCYVEFEUANBTDOLUSXQWJUXZRKHKVQESSENYJSSLHVGKLSGERWAASZCJLJVIZAATEQTQKNDRJKDUEKA"...) at smith_waterman.c:205
#2  0x0000555555556178 in execute (file_x_name=0x7fffffffe065 "/tmp/smith_waterman/randInputX", file_y_name=0x7fffffffe087 "/tmp/smith_waterman/randInputY") at smith_waterman.c:379
#3  0x0000555555556393 in main (argc=9, argv=0x7fffffffdc38) at smith_waterman.c:425

133	double my_maxof(double a, double b, double c, double d)
134	{
135	    double ans=a;
136	    if(ans<b) ans=b;
137	    if(ans<c) ans=c;
138	    if(ans<d) ans=d;
139	    return ans;
140	}
141	
142	double matchMisScore(long i, long j, char* str_y, char* str_x)

Backtrace END
Fliping a bit of the pointer
Memory content before bitflip:0x900x840x750x550x550x550x000x00
Fault Model: Random bit-flip
base address to flip value: 0x7fffffffdac0
address max offset: 8
Memory content after  bitflip:0xbd0xe10x5f0x750xca0x4d0xfe0xb0
frame name: execute
symbol name: fpx
symbol filename: smith_waterman.c
symbol line: 366
value: 0x555555758490
value address: 0x7fffffffdac0
Type: The type is a pointer.
Type sizeof: 8

[INFO -- 2018-12-08 11:42:20]
Fault Injection Successful after 1.8651649951934814s
[INFO -- 2018-12-08 11:42:27]
event type: exit
[INFO -- 2018-12-08 11:42:27]
exit code: 0
