[INFO -- 2018-12-04 18:04:40]
Starting flip_value script
version: 1.1
[INFO -- 2018-12-04 18:04:40]
Initialization strings:
[INFO -- 2018-12-04 18:04:40]
(1) file /tmp/smith_waterman/smith_waterman
[INFO -- 2018-12-04 18:04:40]
(2) set args -x /tmp/smith_waterman/randInputX -y /tmp/smith_waterman/randInputY -o /tmp/smith_waterman/output -z /tmp/smith_waterman/detected.log
[INFO -- 2018-12-04 18:04:40]
initSignal:0
[INFO -- 2018-12-04 18:04:40]
endSignal:6
[INFO -- 2018-12-04 18:04:40]
faultModel:0
[INFO -- 2018-12-04 18:04:41]
Backtrace BEGIN:
#0  my_maxof (a=1404, b=1404, c=1401, d=0) at smith_waterman.c:73
#1  0x0000555555555202 in smith_waterman (x_num=15000, x_num2=15000, y_num=13050, y_num2=13050, str_x=0x5555557586c0 "MWEVLATIWKIDLZMYCIMAGXVIBRYPNKLBGQYTSTCQDMVQLIOPQCSWZPEAGCSTODWXVUQQNUGTHCJUMYMCCEYCTFEBJYXYETVZQNRFIAYREKLQKXSMDSQYXVAHVXHZSEBKTSQBUQUYAGOMFIZLBPJAMLJIKSHFWKPQDHTXAOYAWOPDZOOCFACSLOCYGJDFUUXZCQYCGYEE"..., str_y=0x55555575c170 "WEEVLAIIWKILLMMCCIMGXXVIRRPPKKLBGQYTSTQQDVVLLIPPQCSZZEEGGSSTDDWXUQQQNUGTHCJUMYCCCECCTFEJJYXYETZZNNRFAARRKKQQKXSMDQYYXVAHVXHZSEBKTSQBUQUYGOMFFZZLBPJAMLJIKSFFWKPQHTXXAYYAWOPDZOOCFACSLCYGGJDFUXXZQQCCGEEE"...) at smith_waterman.c:141
#2  0x0000555555555e65 in execute (file_x_name=0x7fffffffe0b4 "/tmp/smith_waterman/randInputX", file_y_name=0x7fffffffe0d6 "/tmp/smith_waterman/randInputY") at smith_waterman.c:309
#3  0x0000555555556082 in main (argc=9, argv=0x7fffffffdc88) at smith_waterman.c:355

68	double my_maxof(double a, double b, double c, double d)
69	{
70	    double ans=a;
71	    if(ans<b) ans=b;
72	    if(ans<c) ans=c;
73	    if(ans<d) ans=d;
74	    return ans;
75	}
76	
77	double matchMisScore(long i, long j, char* str_y, char* str_x)

Backtrace END
Fliping a bit of the pointer
Memory content before bitflip:0x160xe10xff0xff0xff0x7f0x000x00
Fault Model: Single bit-flip
base address to flip value: 0x7fffffffdb80
address max offset: 8
Memory content after  bitflip:0x1e0xe10xff0xff0xff0x7f0x000x00
frame name: main
symbol name: log
symbol filename: smith_waterman.c
symbol line: 322
value: 0x7fffffffe116 "/tmp/smith_waterman/detected.log"
value address: 0x7fffffffdb80
Type: The type is a pointer.
Type sizeof: 8

[INFO -- 2018-12-04 18:04:41]
Fault Injection Successful after 1.8763980865478516s
[INFO -- 2018-12-04 18:04:45]
event type: exit
[INFO -- 2018-12-04 18:04:45]
exit code: 0
