[INFO -- 2019-09-03 12:13:37]
Starting flip_value script
version: 1.1
[INFO -- 2019-09-03 12:13:37]
Initialization strings:
[INFO -- 2019-09-03 12:13:37]
(1) file /tmp/smith_waterman/smith_waterman
[INFO -- 2019-09-03 12:13:37]
(2) set args -x /tmp/smith_waterman/randInputX -y /tmp/smith_waterman/randInputY -o /tmp/smith_waterman/output -z /tmp/smith_waterman/detected.log
[INFO -- 2019-09-03 12:13:37]
initSignal:0
[INFO -- 2019-09-03 12:13:37]
endSignal:6
[INFO -- 2019-09-03 12:13:37]
faultModel:2
[INFO -- 2019-09-03 12:13:40]
Backtrace BEGIN:
#0  0x0000555555555256 in smith_waterman (x_num=12600, y_num=15000, str_x=0x5555557586c0 "KSAVLLDRSWWNAPQVVQQRRQGQWTGGEPUHWACHDDYVVUPVVHHGAAAXQJMMCTTMMZZLLZZUXXASIINNZZFZGGQRPIDHHAANCQAABUGPPPHHXUUAABZZXXQYWQQWWHHMZZMYQJEYOOMNNIKKKPPTOIVVKKCEEQOZBBHKFFKTZZIKKTWWQPYYHTTTTCGUVZLLYYKFGGYYFFIT"..., str_y=0x55555575b810 "KSAHVLDRRSWNSAPQVAQIRQGQWTHGEPUQHWACHDWYVUNPVEHQGAAXQJPMCXTHMPZVLZZUCXSASIRNMZFTZGQRPIDRHYATNCQABPUGPPIHXZULABEZHXQYFWQMWSHMUZMYQJEFYOMXNIKOKPPTOISVEKJCEQOZPBZHKFNKTZJIKTYWKQPYYHTETCGYUVZLYYTKFGUYHFIT"...) at smith_waterman.c:130
#1  0x0000555555555cbf in execute (file_x_name=0x7fffffffe218 "/tmp/smith_waterman/randInputX", file_y_name=0x7fffffffe23a "/tmp/smith_waterman/randInputY") at smith_waterman.c:263
#2  0x0000555555555f08 in main (argc=9, argv=0x7fffffffde68) at smith_waterman.c:314

125	            if(i==0 && j==0){
126	                maxValue = matrix[i][j];
127	                y = i;
128	                x = j;
129	            }
130	            if(maxValue < matrix[i][j]){
131	                maxValue = matrix[i][j];
132	                y = i;
133	                x = j;
134	            }

Backtrace END
Memory content before bitflip:0x000x000x000x000x000x000xf00xbf
Fault Model: Random bit-flip
base address to flip value: 0x555555757020 
address max offset: 8
Memory content after  bitflip:0x1b0x5e0x6e0x6a0xf20xb10x950x96
frame name: execute
symbol name: mismatch_score
symbol filename: smith_waterman.c
symbol line: 9
value: -7.0857307986236025e-200
value address: 0x555555757020 <mismatch_score>
Type: A floating point type.
Type sizeof: 8

[INFO -- 2019-09-03 12:13:40]
Fault Injection Successful after 3.497431755065918s
