[INFO -- 2018-12-05 07:13:18]
Starting flip_value script
version: 1.1
[INFO -- 2018-12-05 07:13:18]
Initialization strings:
[INFO -- 2018-12-05 07:13:18]
(1) file /tmp/smith_waterman/smith_waterman
[INFO -- 2018-12-05 07:13:18]
(2) set args -x /tmp/smith_waterman/randInputX -y /tmp/smith_waterman/randInputY -o /tmp/smith_waterman/output -z /tmp/smith_waterman/detected.log
[INFO -- 2018-12-05 07:13:18]
initSignal:0
[INFO -- 2018-12-05 07:13:18]
endSignal:6
[INFO -- 2018-12-05 07:13:18]
faultModel:2
[INFO -- 2018-12-05 07:13:22]
Backtrace BEGIN:
#0  0x00005555555553bc in smith_waterman (x_num=13050, x_num2=13050, y_num=15000, y_num2=15000, str_x=0x5555557586c0 "YYMQVVLQFCCMQCGNMKPLLAEKKPWIIJJFXXXQVKHPPJMOOVVAFMUSOBVSSROAZZHHXYYSFFSJGGSEAPHBDDZSGQYYOFZQIIXPPXXJERUVZBACCHFFOJUGGTTVVUMCCMUJJFFAAZLLMMPPXJLSSFFAAAWFLLZZXSVYAAAAZJAYYBCMMZITTGGEDDKOOLLOOGPPGWHHHRUV"..., str_y=0x55555575b9d0 "WYMQKVLQDFCMQCGNMKPULAEBKPWQIGJFGXXQVKHYPJMHOUVAFMUSOBVYSROAZZHHXHYSRFSJQGSEAPHHBDZSGVQYOFZQGIXDPXXJERUVZMBACIHFOJXUGOTWVUMBCMHUJGFOAZLZLMZPXJVLSUFAKAWFULJZXSVIYAYAZJAMYBCVMZIGTNGEQDLKOWLNOGXPGWRHHRUF"...) at smith_waterman.c:173
#1  0x0000555555555e65 in execute (file_x_name=0x7fffffffe0b4 "/tmp/smith_waterman/randInputX", file_y_name=0x7fffffffe0d6 "/tmp/smith_waterman/randInputY") at smith_waterman.c:309
#2  0x0000555555556082 in main (argc=9, argv=0x7fffffffdc88) at smith_waterman.c:355

168	            if(i==0 && j==0){
169	                maxValue = matrix[i][j];
170	                y = i;
171	                x = j;
172	            }
173	            if(maxValue < matrix[i][j]){
174	                maxValue = matrix[i][j];
175	                y = i;
176	                x = j;
177	            }

Backtrace END
Memory content before bitflip:0x000x000x000x00
Fault Model: Random bit-flip
base address to flip value: 0x555555757050 
address max offset: 4
Memory content after  bitflip:0x250xab0x780xc1
frame name: main
symbol name: sdc_occurred2
symbol filename: smith_waterman.c
symbol line: 15
value: -1049056475
value address: 0x555555757050 <sdc_occurred2>
Type: The type is an integer type.
Type sizeof: 4

[INFO -- 2018-12-05 07:13:22]
Fault Injection Successful after 4.868256568908691s
[INFO -- 2018-12-05 07:13:23]
event type: exit
[INFO -- 2018-12-05 07:13:23]
exit code: 0
