[INFO -- 2018-12-04 15:32:21]
Starting flip_value script
version: 1.1
[INFO -- 2018-12-04 15:32:21]
Initialization strings:
[INFO -- 2018-12-04 15:32:21]
(1) file /tmp/smith_waterman/smith_waterman
[INFO -- 2018-12-04 15:32:21]
(2) set args -x /tmp/smith_waterman/randInputX -y /tmp/smith_waterman/randInputY -o /tmp/smith_waterman/output -z /tmp/smith_waterman/detected.log
[INFO -- 2018-12-04 15:32:21]
initSignal:0
[INFO -- 2018-12-04 15:32:21]
endSignal:6
[INFO -- 2018-12-04 15:32:21]
faultModel:2
[EXCEPTION -- 2018-12-04 15:32:22]
pythonException: invalid literal for int() with base 16: '0x55555575c170 ...'
[INFO -- 2018-12-04 15:32:22]
Backtrace BEGIN:
#0  my_maxof (a=615, b=610, c=615, d=0) at smith_waterman.c:74
#1  0x0000555555555202 in smith_waterman (x_num=15000, x_num2=15000, y_num=11400, y_num2=11400, str_x=0x5555557586c0 "GCLUZAABTRHGXUXOYOVEZWACAGILWCEEEPZFRBGMSOTPKQFKEAOFZRJZXSMVUQCAHBFZENNYBGNNYUYEXOMWFVXFPJALCCLJFQKJGYJHGWXHTXLQLXORTLWKWYWADHKKAWWGUFPDEOKXLXNXVDQQQOAMMWNRGZCIVYOSDFXHUHGFGTEBWWTOKUBZSQSARUIMUYGAEDHY"..., str_y=0x55555575c170 "CLLZAABBTRGXUUOYOOEZWACAGGLWWEEEEZFRBBGSOTPPKQKEEOFZZJZXSSMVQCAHBFZENNYBBGNYYUEXOMWFFXXPJAACCLJFQQJGYJJGWXXTXLQLXOOTTWWWYWWDDKKKWWGUFFDDOOKXLNXVVQQQOAAMWNRGZZIVYOODFFXUUGFGTEBWWTOKUBZSSSARRUMUUGAEDDYM"...) at smith_waterman.c:141
#2  0x0000555555555e65 in execute (file_x_name=0x7fffffffe0b4 "/tmp/smith_waterman/randInputX", file_y_name=0x7fffffffe0d6 "/tmp/smith_waterman/randInputY") at smith_waterman.c:309
#3  0x0000555555556082 in main (argc=9, argv=0x7fffffffdc88) at smith_waterman.c:355

69	{
70	    double ans=a;
71	    if(ans<b) ans=b;
72	    if(ans<c) ans=c;
73	    if(ans<d) ans=d;
74	    return ans;
75	}
76	
77	double matchMisScore(long i, long j, char* str_y, char* str_x)
78	{

Backtrace END
Memory content before bitflip:0x800xdc0xff0xff0xff0x7f0x000x00
Fault Model: Random bit-flip
base address to flip value: 0x7fffffffdab0
address max offset: 8
Memory content after  bitflip:0x0c0x150x940x6d0x890xc90x190xb8
frame name: smith_waterman
symbol name: scoreDiag
symbol filename: smith_waterman.c
symbol line: 185
value: -1.8945481563460909e-38
value address: 0x7fffffffdab0
Type: A floating point type.
Type sizeof: 8

[INFO -- 2018-12-04 15:32:22]
Fault Injection Successful after 1.4198429584503174s
[INFO -- 2018-12-04 15:32:26]
event type: exit
[INFO -- 2018-12-04 15:32:26]
exit code: 0
