[INFO -- 2018-12-08 20:40:52]
Starting flip_value script
version: 1.1
[INFO -- 2018-12-08 20:40:52]
Initialization strings:
[INFO -- 2018-12-08 20:40:52]
(1) file /tmp/smith_waterman/smith_waterman
[INFO -- 2018-12-08 20:40:52]
(2) set args -x /tmp/smith_waterman/randInputX -y /tmp/smith_waterman/randInputY -o /tmp/smith_waterman/output -z /tmp/smith_waterman/detected.log
[INFO -- 2018-12-08 20:40:52]
initSignal:0
[INFO -- 2018-12-08 20:40:52]
endSignal:6
[INFO -- 2018-12-08 20:40:52]
faultModel:1
[INFO -- 2018-12-08 20:40:58]
Backtrace BEGIN:
#0  smith_waterman (x_num=10200, x_num2=10200, y_num=15000, y_num2=15000, str_x=0x5555557586c0 "PPPUZWKKNPMBKPIRYAQLRRTOXTPPPCKSTNUUXFMMNRQQDGYGGASSTGQLLCHGGVVSSKVRHAWTWWMZCMTOOGFMLLYPPHXXBBYLLNTWWRSNNTSSSDHVIIOJVJNNQKKZLUUDHYYFRRXMXQEFJJZCPLOOEBBCNDGBBXJIFNDBBNYYFVQGGQQZFOLLRRQHHSWPGSSRRGAVVTTP"..., str_y=0x55555575aeb0 "BPPUZWIKNPMEBKPIRYAQLRTOXFTPPCKSTZNUXXFMNRQQDGYUGALSTGGQLCHCGRVBSKVRHAEWTWMZCMTLOGFHMLYAPHEXBBYTLWNTWRRSNGTSSMDHVIOJVOJNWQKZRLUDHHYFYRXMXQEQFJZCRPLOEXBCNODGBXJIFJNDBNRYFVQMGPQZFCOLBRPQHSWIPGSWRGASVTTC"...) at smith_waterman.c:236
#1  0x0000555555556178 in execute (file_x_name=0x7fffffffe065 "/tmp/smith_waterman/randInputX", file_y_name=0x7fffffffe087 "/tmp/smith_waterman/randInputY") at smith_waterman.c:379
#2  0x0000555555556393 in main (argc=9, argv=0x7fffffffdc38) at smith_waterman.c:425

231	    for(i=0; i<height+1; i++){
232	        check_index(i, i2);
233	        j2 = 0;
234	        for(j=0; j<width+1; j++){
235	            check_index(j, j2);
236	            if(i==0 && j==0){
237	                maxValue = matrix[i][j];
238	                y = i;
239	                x = j;
240	            }

Backtrace END
Memory content before bitflip:0xd80x270x000x000x000x000x000x00
Fault Model: Double bit-flip
base address to flip value: 0x7fffffffd9d0
address max offset: 8
Memory content after  bitflip:0xd80x270x000x280x000x000x000x00
frame name: smith_waterman
symbol name: x_num2
symbol filename: smith_waterman.c
symbol line: 156
value: 671098840
value address: 0x7fffffffd9d0
Type: The type is an integer type.
Type sizeof: 8

[INFO -- 2018-12-08 20:40:58]
Fault Injection Successful after 6.5416786670684814s
[INFO -- 2018-12-08 20:40:58]
event type: exit
[INFO -- 2018-12-08 20:40:58]
exit code: 0
