[INFO -- 2018-12-03 16:03:33]
Starting flip_value script
version: 1.1
[INFO -- 2018-12-03 16:03:33]
Initialization strings:
[INFO -- 2018-12-03 16:03:33]
(1) file /tmp/smith_waterman/smith_waterman
[INFO -- 2018-12-03 16:03:33]
(2) set args -x /tmp/smith_waterman/randInputX -y /tmp/smith_waterman/randInputY -o /tmp/smith_waterman/output -z /tmp/smith_waterman/detected.log
[INFO -- 2018-12-03 16:03:33]
initSignal:0
[INFO -- 2018-12-03 16:03:33]
endSignal:6
[INFO -- 2018-12-03 16:03:33]
faultModel:0
[INFO -- 2018-12-03 16:03:35]
Backtrace BEGIN:
#0  0x0000555555554d71 in my_maxof (a=-1, b=-2, c=-2, d=0) at smith_waterman.c:68
#1  0x00005555555550d0 in smith_waterman (x_num=9900, y_num=15000, str_x=0x5555557586c0 "KKSNNFTDOOKKPPXXLLWMMFFOOOEJIIZUTOOIGGAWHMRRYPPBBHOOITEYYNNIOODDRNNAZQAZZOYCCGENXUDHHHGGWPPXSSQQPQKKHSIGYYJEFPPUJZZKHHSDDHMQQHKKHZWOFFXDDDJJYYFJJFKKRZZTOKZETLMMSCKMMJRRDSDNTIAEZZQQQXXQJJRCCAAMDHAAEUJM"..., str_y=0x55555575ad80 "LKNSNFSTDOCKTPCXCLSWMFJFOOEJIIZUTPOIUGDAWHMRYOPABHZOOITEYXNHIODDDRNAZQAWZOPYCGYENXUDHPHGNWPXLSCQJPQKHSIGGYEJEFPUCJZKYHSNDHMQZQHKHZWOSFXYDDJJIYFNJFZKORZTYOKZETLMSHCKMZJRDSDNTIAEPZQDQSXQIJRMCCAUMDHAESUJ"...) at smith_waterman.c:102
#2  0x0000555555555cbf in execute (file_x_name=0x7fffffffe0b7 "/tmp/smith_waterman/randInputX", file_y_name=0x7fffffffe0d9 "/tmp/smith_waterman/randInputY") at smith_waterman.c:263
#3  0x0000555555555f08 in main (argc=9, argv=0x7fffffffdc98) at smith_waterman.c:314

63	}
64	
65	double my_maxof(double a, double b, double c, double d)
66	{
67	    double ans=a;
68	    if(ans<b) ans=b;
69	    if(ans<c) ans=c;
70	    if(ans<d) ans=d;
71	    return ans;
72	}

Backtrace END
Memory content before bitflip:0x000x000x000x000x000x000xf00xbf
Fault Model: Single bit-flip
base address to flip value: 0x7fffffffda38
address max offset: 8
Memory content after  bitflip:0x000x000x020x000x000x000xf00xbf
frame name: smith_waterman
symbol name: diff
symbol filename: smith_waterman.c
symbol line: 96
value: -1.0000000000291038
value address: 0x7fffffffda38
Type: A floating point type.
Type sizeof: 8

[INFO -- 2018-12-03 16:03:35]
Fault Injection Successful after 2.455510377883911s
[INFO -- 2018-12-03 16:03:42]
event type: exit
[INFO -- 2018-12-03 16:03:42]
exit code: 0
