[INFO -- 2019-09-03 11:45:35]
Starting flip_value script
version: 1.1
[INFO -- 2019-09-03 11:45:35]
Initialization strings:
[INFO -- 2019-09-03 11:45:35]
(1) file /tmp/smith_waterman/smith_waterman
[INFO -- 2019-09-03 11:45:35]
(2) set args -x /tmp/smith_waterman/randInputX -y /tmp/smith_waterman/randInputY -o /tmp/smith_waterman/output
[INFO -- 2019-09-03 11:45:35]
initSignal:0
[INFO -- 2019-09-03 11:45:35]
endSignal:6
[INFO -- 2019-09-03 11:45:35]
faultModel:0
[INFO -- 2019-09-03 11:45:38]
Backtrace BEGIN:
#0  0x0000555555555246 in smith_waterman (x_num=15000, y_num=15000, str_x=0x5555557586c0 "KFFOCVVLQQSSPWPPFVMMFJJYHHEHHFTPPPJRRFJVFFNNVZAAWZNEYMMIIEPJTLAKUUEDZTXXQMUUPWWLRJVVKXCSDNJOIUSSUUQQNPOOBKRRRGESSSGRRIVXFFFFAATUWJJHBYYJCKWWSIGAAOOSWPPVSCUCBBZZAAJBBJSTTWCEIIYFXZZVBRVQQTPTXGWWGDFOOZJX"..., str_y=0x55555575c170 "KKFOLCVLQQQSPOWPFUVMCFJMYHSEHFITPPJCRFNJVFBNVZEAWZNYEYMEIELPJTLAKUEDZTMXYQMUPQWLRJLVKXCSDNJOIUOSRUXQNJPOBBKRRGEISSGCRIWVXFJFCAZTUWJKHBYJCKCWSIGKAOOSWMPVSACUCBPZZAJJBJSETWCLEIYFXOZVBQRVQTPTXGSWGDFIOZOJ"..., fo=0x555555758260) at smith_waterman.c:126
#1  0x0000555555555e38 in main (argc=7, argv=0x7fffffffde98) at smith_waterman.c:298

121	            if(i==0 && j==0){
122	                maxValue = matrix[i][j];
123	                y = i;
124	                x = j;
125	            }
126	            if(maxValue < matrix[i][j]){
127	                maxValue = matrix[i][j];
128	                y = i;
129	                x = j;
130	            }

Backtrace END
Fliping a bit of the value pointed by a pointer
Fliping value of field: _IO_buf_base
Fliping a bit of the pointer
Memory content before bitflip:0x000x000x000x000x000x000x000x00
Fault Model: Single bit-flip
base address to flip value: 0x5555557584c8
address max offset: 8
Memory content after  bitflip:0x000x000x000x000x080x000x000x00
frame name: main
symbol name: fpx
symbol filename: smith_waterman.c
symbol line: 278
value: 0x555555758490
value address: 0x7fffffffdd48
Type: The type is a pointer.
Type sizeof: 8

[INFO -- 2019-09-03 11:45:38]
Fault Injection Successful after 3.446746826171875s
[INFO -- 2019-09-03 11:45:38]
event type: exit
[INFO -- 2019-09-03 11:45:38]
exit code: 0
