[INFO -- 2018-12-08 08:01:22]
Starting flip_value script
version: 1.1
[INFO -- 2018-12-08 08:01:22]
Initialization strings:
[INFO -- 2018-12-08 08:01:22]
(1) file /tmp/smith_waterman/smith_waterman
[INFO -- 2018-12-08 08:01:22]
(2) set args -x /tmp/smith_waterman/randInputX -y /tmp/smith_waterman/randInputY -o /tmp/smith_waterman/output -z /tmp/smith_waterman/detected.log
[INFO -- 2018-12-08 08:01:22]
initSignal:0
[INFO -- 2018-12-08 08:01:22]
endSignal:6
[INFO -- 2018-12-08 08:01:22]
faultModel:2
[INFO -- 2018-12-08 08:01:23]
Backtrace BEGIN:
#0  test_globals () at smith_waterman.c:75
#1  0x0000555555555371 in smith_waterman (x_num=15000, x_num2=15000, y_num=13950, y_num2=13950, str_x=0x5555557586c0 "DNXPSFCWYSWERNEXRLUUGFXIIPCWCXQFNQXFVZBVTAZLPFKHQFBWKBHUSLQUJHAWZZDUAGPTIREYWRHNWKLILSCDEUAPBANABQWBYOUHFBHBSOOQYCYMUCRAWRPATCCUUBXTPSCUTJVNZMDXODLIHFLFWAHSDKOXLMSAGUWBDROCDTCTWPEFUPKTPSLUEZURLMTTHPUM"..., str_y=0x55555575c170 "DXXPSFWWYSERNNERLLUGGXIIPCWWXXQFQXXVVZBTAAZPPKKHFBBWBHHSSQQJJHAZZDDAGGPTREYWWRHWKKLILCDEEAPBBANBQQWYOUHHBHBBSOOYCYMMCRAWRPATCCUUBBXPPSUTTVVZMDXODLIIHLFWWHSDKOXLMSAGGUBDDOCDDCTTPEFUUPKPSLUEZURRMMTHPUMI"...) at smith_waterman.c:202
#2  0x0000555555556178 in execute (file_x_name=0x7fffffffe065 "/tmp/smith_waterman/randInputX", file_y_name=0x7fffffffe087 "/tmp/smith_waterman/randInputY") at smith_waterman.c:379
#3  0x0000555555556393 in main (argc=9, argv=0x7fffffffdc38) at smith_waterman.c:425

70	
71	
72	    exit(0); // ocorreu SDC
73	}
74	
75	void test_globals(){
76		if( (match_score != match_score2) || (gap_score != gap_score2) || (mismatch_score != mismatch_score2) )
77	    {
78			sdc_exit();
79	    }

Backtrace END
Memory content before bitflip:0x000x000x000x000x000x000x000xc0
Fault Model: Random bit-flip
base address to flip value: 0x555555757038 
address max offset: 8
Memory content after  bitflip:0xc00xa70x8d0x0c0x2a0x770x5d0x71
frame name: main
symbol name: gap_score2
symbol filename: smith_waterman.c
symbol line: 12
value: 1.1991960553069275e+238
value address: 0x555555757038 <gap_score2>
Type: A floating point type.
Type sizeof: 8

[INFO -- 2018-12-08 08:01:23]
Fault Injection Successful after 1.2160403728485107s
[INFO -- 2018-12-08 08:01:23]
event type: exit
[INFO -- 2018-12-08 08:01:23]
exit code: 0
