[INFO -- 2018-12-04 13:09:56]
sending 5 signals using command: 'killall -2 smith_waterman' after 5.39958276677s
[INFO -- 2018-12-04 13:09:56]
sending 5 signals using command: 'killall -2 smith_waterman' after 5.54966705293s
[INFO -- 2018-12-04 13:09:56]
sending 5 signals using command: 'killall -2 smith_waterman' after 5.89790269183s
[INFO -- 2018-12-04 13:09:56]
Starting GDB script
[INFO -- 2018-12-04 13:09:56]
initSignal:0.0
[INFO -- 2018-12-04 13:09:56]
endSignal:6.0
[INFO -- 2018-12-04 13:09:58]
sending 5 signals using command: 'killall -2 smith_waterman' after 1.43334000827s
[INFO -- 2018-12-04 13:09:58]
sending 5 signals using command: 'killall -2 smith_waterman' after 1.46095496175s
[INFO -- 2018-12-04 13:10:00]
sending 5 signals using command: 'killall -2 smith_waterman' after 3.79351646403s
[INFO -- 2018-12-04 13:10:02]
Execution finished before waitTime
