[INFO -- 2018-12-08 19:44:49]
Starting flip_value script
version: 1.1
[INFO -- 2018-12-08 19:44:49]
Initialization strings:
[INFO -- 2018-12-08 19:44:49]
(1) file /tmp/smith_waterman/smith_waterman
[INFO -- 2018-12-08 19:44:49]
(2) set args -x /tmp/smith_waterman/randInputX -y /tmp/smith_waterman/randInputY -o /tmp/smith_waterman/output -z /tmp/smith_waterman/detected.log
[INFO -- 2018-12-08 19:44:49]
initSignal:0
[INFO -- 2018-12-08 19:44:49]
endSignal:6
[INFO -- 2018-12-08 19:44:49]
faultModel:2
[INFO -- 2018-12-08 19:44:50]
Backtrace BEGIN:
#0  0x000055555555549c in smith_waterman (x_num=10200, x_num2=10200, y_num=15000, y_num2=15000, str_x=0x5555557586c0 "PPPUZWKKNPMBKPIRYAQLRRTOXTPPPCKSTNUUXFMMNRQQDGYGGASSTGQLLCHGGVVSSKVRHAWTWWMZCMTOOGFMLLYPPHXXBBYLLNTWWRSNNTSSSDHVIIOJVJNNQKKZLUUDHYYFRRXMXQEFJJZCPLOOEBBCNDGBBXJIFNDBBNYYFVQGGQQZFOLLRRQHHSWPGSSRRGAVVTTP"..., str_y=0x55555575aeb0 "BPPUZWIKNPMEBKPIRYAQLRTOXFTPPCKSTZNUXXFMNRQQDGYUGALSTGGQLCHCGRVBSKVRHAEWTWMZCMTLOGFHMLYAPHEXBBYTLWNTWRRSNGTSSMDHVIOJVOJNWQKZRLUDHHYFYRXMXQEQFJZCRPLOEXBCNODGBXJIFJNDBNRYFVQMGPQZFCOLBRPQHSWIPGSWRGASVTTC"...) at smith_waterman.c:205
#1  0x0000555555556178 in execute (file_x_name=0x7fffffffe065 "/tmp/smith_waterman/randInputX", file_y_name=0x7fffffffe087 "/tmp/smith_waterman/randInputY") at smith_waterman.c:379
#2  0x0000555555556393 in main (argc=9, argv=0x7fffffffdc38) at smith_waterman.c:425

200	        for(j=1; j<y_num+1; j++){
201	            check_index(j, j2);
202				test_globals();
203	            if(str_x[i-1]==str_y[j-1]){diff=match_score;}
204	            else{diff=mismatch_score;}
205	            matrix[i][j]=my_maxof(matrix[i-1][j-1]+diff, matrix[i-1][j]+gap_score, matrix[i][j-1]+gap_score,0);
206	            if(matrix[i][j]>max_score)
207	                max_score=matrix[i][j];
208	            j2++;
209	        }

Backtrace END
Memory content before bitflip:0x500x040x000x000x000x000x000x00
Fault Model: Random bit-flip
base address to flip value: 0x7fffffffd9f0
address max offset: 8
Memory content after  bitflip:0x3f0x2c0x030x400x190xca0x510xe3
frame name: smith_waterman
symbol name: i2
symbol filename: smith_waterman.c
symbol line: 168
value: -2066648544189404097
value address: 0x7fffffffd9f0
Type: The type is an integer type.
Type sizeof: 8

[INFO -- 2018-12-08 19:44:50]
Fault Injection Successful after 1.4508543014526367s
[INFO -- 2018-12-08 19:44:50]
event type: exit
[INFO -- 2018-12-08 19:44:50]
exit code: 0
