[INFO -- 2018-12-03 22:40:12]
Starting flip_value script
version: 1.1
[INFO -- 2018-12-03 22:40:12]
Initialization strings:
[INFO -- 2018-12-03 22:40:12]
(1) file /tmp/smith_waterman/smith_waterman
[INFO -- 2018-12-03 22:40:12]
(2) set args -x /tmp/smith_waterman/randInputX -y /tmp/smith_waterman/randInputY -o /tmp/smith_waterman/output -z /tmp/smith_waterman/detected.log
[INFO -- 2018-12-03 22:40:12]
initSignal:0
[INFO -- 2018-12-03 22:40:12]
endSignal:6
[INFO -- 2018-12-03 22:40:12]
faultModel:2
[EXCEPTION -- 2018-12-03 22:40:12]
gdbException: Attempt to dereference a generic pointer.
[INFO -- 2018-12-03 22:40:16]
event type: exit
[INFO -- 2018-12-03 22:40:16]
exit code: 0
