[INFO -- 2018-12-03 23:30:55]
sending 5 signals using command: 'killall -2 smith_waterman' after 5.19785918558s
[INFO -- 2018-12-03 23:30:55]
sending 5 signals using command: 'killall -2 smith_waterman' after 5.26861374829s
[INFO -- 2018-12-03 23:30:55]
sending 5 signals using command: 'killall -2 smith_waterman' after 5.50765666452s
[INFO -- 2018-12-03 23:30:56]
Starting GDB script
[INFO -- 2018-12-03 23:30:56]
initSignal:0.0
[INFO -- 2018-12-03 23:30:56]
endSignal:6.0
[INFO -- 2018-12-03 23:30:56]
sending 5 signals using command: 'killall -2 smith_waterman' after 0.579484013392s
[INFO -- 2018-12-03 23:30:59]
sending 5 signals using command: 'killall -2 smith_waterman' after 3.84279055267s
[INFO -- 2018-12-03 23:31:00]
sending 5 signals using command: 'killall -2 smith_waterman' after 4.86396035422s
[INFO -- 2018-12-03 23:31:01]
Execution finished before waitTime
