[INFO -- 2018-12-08 09:44:26]
Starting flip_value script
version: 1.1
[INFO -- 2018-12-08 09:44:26]
Initialization strings:
[INFO -- 2018-12-08 09:44:26]
(1) file /tmp/smith_waterman/smith_waterman
[INFO -- 2018-12-08 09:44:26]
(2) set args -x /tmp/smith_waterman/randInputX -y /tmp/smith_waterman/randInputY -o /tmp/smith_waterman/output -z /tmp/smith_waterman/detected.log
[INFO -- 2018-12-08 09:44:26]
initSignal:0
[INFO -- 2018-12-08 09:44:26]
endSignal:6
[INFO -- 2018-12-08 09:44:26]
faultModel:1
[INFO -- 2018-12-08 09:44:28]
Backtrace BEGIN:
#0  my_maxof (a=-1, b=-2, c=-2, d=0) at smith_waterman.c:137
#1  0x00005555555554a5 in smith_waterman (x_num=15000, x_num2=15000, y_num=13950, y_num2=13950, str_x=0x5555557586c0 "DNXPSFCWYSWERNEXRLUUGFXIIPCWCXQFNQXFVZBVTAZLPFKHQFBWKBHUSLQUJHAWZZDUAGPTIREYWRHNWKLILSCDEUAPBANABQWBYOUHFBHBSOOQYCYMUCRAWRPATCCUUBXTPSCUTJVNZMDXODLIHFLFWAHSDKOXLMSAGUWBDROCDTCTWPEFUPKTPSLUEZURLMTTHPUM"..., str_y=0x55555575c170 "DXXPSFWWYSERNNERLLUGGXIIPCWWXXQFQXXVVZBTAAZPPKKHFBBWBHHSSQQJJHAZZDDAGGPTREYWWRHWKKLILCDEEAPBBANBQQWYOUHHBHBBSOOYCYMMCRAWRPATCCUUBBXPPSUTTVVZMDXODLIIHLFWWHSDKOXLMSAGGUBDDOCDDCTTPEFUUPKPSLUEZURRMMTHPUMI"...) at smith_waterman.c:205
#2  0x0000555555556178 in execute (file_x_name=0x7fffffffe065 "/tmp/smith_waterman/randInputX", file_y_name=0x7fffffffe087 "/tmp/smith_waterman/randInputY") at smith_waterman.c:379
#3  0x0000555555556393 in main (argc=9, argv=0x7fffffffdc38) at smith_waterman.c:425

132	
133	double my_maxof(double a, double b, double c, double d)
134	{
135	    double ans=a;
136	    if(ans<b) ans=b;
137	    if(ans<c) ans=c;
138	    if(ans<d) ans=d;
139	    return ans;
140	}
141	

Backtrace END
Fliping a bit of the pointer
Memory content before bitflip:0xeb0x220xa70xf70xff0x7f0x000x00
Fault Model: Double bit-flip
base address to flip value: 0x7fffffffda38
address max offset: 8
Memory content after  bitflip:0xeb0x220xa70xf70xff0x7f0x180x00
frame name: smith_waterman
symbol name: alignmentB
symbol filename: smith_waterman.c
symbol line: 253
value: 0x7ffff7a722eb <__GI__IO_setb+75> "\213\003\213L$\034H\213T$\020H\213t$\b\353\272\017\037"
value address: 0x7fffffffda38
Type: The type is a pointer.
Type sizeof: 8

[INFO -- 2018-12-08 09:44:28]
Fault Injection Successful after 2.7832019329071045s
[INFO -- 2018-12-08 09:44:33]
event type: exit
[INFO -- 2018-12-08 09:44:33]
exit code: 0
