[INFO -- 2018-12-05 21:55:08]
Starting flip_value script
version: 1.1
[INFO -- 2018-12-05 21:55:08]
Initialization strings:
[INFO -- 2018-12-05 21:55:08]
(1) file /tmp/smith_waterman/smith_waterman
[INFO -- 2018-12-05 21:55:08]
(2) set args -x /tmp/smith_waterman/randInputX -y /tmp/smith_waterman/randInputY -o /tmp/smith_waterman/output -z /tmp/smith_waterman/detected.log
[INFO -- 2018-12-05 21:55:08]
initSignal:0
[INFO -- 2018-12-05 21:55:08]
endSignal:6
[INFO -- 2018-12-05 21:55:08]
faultModel:2
[EXCEPTION -- 2018-12-05 21:55:08]
gdbException: Attempt to dereference a generic pointer.
[INFO -- 2018-12-05 21:55:12]
event type: exit
[INFO -- 2018-12-05 21:55:12]
exit code: 0
