[INFO -- 2018-12-05 07:08:10]
Starting flip_value script
version: 1.1
[INFO -- 2018-12-05 07:08:10]
Initialization strings:
[INFO -- 2018-12-05 07:08:10]
(1) file /tmp/smith_waterman/smith_waterman
[INFO -- 2018-12-05 07:08:10]
(2) set args -x /tmp/smith_waterman/randInputX -y /tmp/smith_waterman/randInputY -o /tmp/smith_waterman/output -z /tmp/smith_waterman/detected.log
[INFO -- 2018-12-05 07:08:10]
initSignal:0
[INFO -- 2018-12-05 07:08:10]
endSignal:6
[INFO -- 2018-12-05 07:08:10]
faultModel:2
[INFO -- 2018-12-05 07:08:11]
Backtrace BEGIN:
#0  my_maxof (a=1524, b=1524, c=1521, d=0) at smith_waterman.c:72
#1  0x0000555555555202 in smith_waterman (x_num=13050, x_num2=13050, y_num=15000, y_num2=15000, str_x=0x5555557586c0 "YYMQVVLQFCCMQCGNMKPLLAEKKPWIIJJFXXXQVKHPPJMOOVVAFMUSOBVSSROAZZHHXYYSFFSJGGSEAPHBDDZSGQYYOFZQIIXPPXXJERUVZBACCHFFOJUGGTTVVUMCCMUJJFFAAZLLMMPPXJLSSFFAAAWFLLZZXSVYAAAAZJAYYBCMMZITTGGEDDKOOLLOOGPPGWHHHRUV"..., str_y=0x55555575b9d0 "WYMQKVLQDFCMQCGNMKPULAEBKPWQIGJFGXXQVKHYPJMHOUVAFMUSOBVYSROAZZHHXHYSRFSJQGSEAPHHBDZSGVQYOFZQGIXDPXXJERUVZMBACIHFOJXUGOTWVUMBCMHUJGFOAZLZLMZPXJVLSUFAKAWFULJZXSVIYAYAZJAMYBCVMZIGTNGEQDLKOWLNOGXPGWRHHRUF"...) at smith_waterman.c:141
#2  0x0000555555555e65 in execute (file_x_name=0x7fffffffe0b4 "/tmp/smith_waterman/randInputX", file_y_name=0x7fffffffe0d6 "/tmp/smith_waterman/randInputY") at smith_waterman.c:309
#3  0x0000555555556082 in main (argc=9, argv=0x7fffffffdc88) at smith_waterman.c:355

67	
68	double my_maxof(double a, double b, double c, double d)
69	{
70	    double ans=a;
71	    if(ans<b) ans=b;
72	    if(ans<c) ans=c;
73	    if(ans<d) ans=d;
74	    return ans;
75	}
76	

Backtrace END
Memory content before bitflip:0x000x000x000x000x000xd00x970x40
Fault Model: Random bit-flip
base address to flip value: 0x7fffffffd9c0
address max offset: 8
Memory content after  bitflip:0xd30xba0xe80xa20x320x490xcc0xe8
frame name: my_maxof
symbol name: b
symbol filename: smith_waterman.c
symbol line: 68
value: -6.6075069910360552e+196
value address: 0x7fffffffd9c0
Type: A floating point type.
Type sizeof: 8

[INFO -- 2018-12-05 07:08:11]
Fault Injection Successful after 1.9321415424346924s
[INFO -- 2018-12-05 07:08:15]
event type: exit
[INFO -- 2018-12-05 07:08:15]
exit code: 0
