[INFO -- 2018-12-04 15:14:55]
Starting flip_value script
version: 1.1
[INFO -- 2018-12-04 15:14:55]
Initialization strings:
[INFO -- 2018-12-04 15:14:55]
(1) file /tmp/smith_waterman/smith_waterman
[INFO -- 2018-12-04 15:14:55]
(2) set args -x /tmp/smith_waterman/randInputX -y /tmp/smith_waterman/randInputY -o /tmp/smith_waterman/output -z /tmp/smith_waterman/detected.log
[INFO -- 2018-12-04 15:14:55]
initSignal:0
[INFO -- 2018-12-04 15:14:55]
endSignal:6
[INFO -- 2018-12-04 15:14:55]
faultModel:2
[INFO -- 2018-12-04 15:15:00]
Backtrace BEGIN:
#0  0x00005555555553d9 in smith_waterman (x_num=15000, x_num2=15000, y_num=11400, y_num2=11400, str_x=0x5555557586c0 "GCLUZAABTRHGXUXOYOVEZWACAGILWCEEEPZFRBGMSOTPKQFKEAOFZRJZXSMVUQCAHBFZENNYBGNNYUYEXOMWFVXFPJALCCLJFQKJGYJHGWXHTXLQLXORTLWKWYWADHKKAWWGUFPDEOKXLXNXVDQQQOAMMWNRGZCIVYOSDFXHUHGFGTEBWWTOKUBZSQSARUIMUYGAEDHY"..., str_y=0x55555575c170 "CLLZAABBTRGXUUOYOOEZWACAGGLWWEEEEZFRBBGSOTPPKQKEEOFZZJZXSSMVQCAHBFZENNYBBGNYYUEXOMWFFXXPJAACCLJFQQJGYJJGWXXTXLQLXOOTTWWWYWWDDKKKWWGUFFDDOOKXLNXVVQQQOAAMWNRGZZIVYOODFFXUUGFGTEBWWTOKUBZSSSARRUMUUGAEDDYM"...) at smith_waterman.c:173
#1  0x0000555555555e65 in execute (file_x_name=0x7fffffffe0b4 "/tmp/smith_waterman/randInputX", file_y_name=0x7fffffffe0d6 "/tmp/smith_waterman/randInputY") at smith_waterman.c:309
#2  0x0000555555556082 in main (argc=9, argv=0x7fffffffdc88) at smith_waterman.c:355

168	            if(i==0 && j==0){
169	                maxValue = matrix[i][j];
170	                y = i;
171	                x = j;
172	            }
173	            if(maxValue < matrix[i][j]){
174	                maxValue = matrix[i][j];
175	                y = i;
176	                x = j;
177	            }

Backtrace END
Memory content before bitflip:0x000x000x000x000x000x000xf00xbf
Fault Model: Random bit-flip
base address to flip value: 0x555555757020 
address max offset: 8
Memory content after  bitflip:0xa00x810x9d0x950x510x6d0x370x16
frame name: execute
symbol name: mismatch_score
symbol filename: smith_waterman.c
symbol line: 9
value: 1.195528891181884e-201
value address: 0x555555757020 <mismatch_score>
Type: A floating point type.
Type sizeof: 8

[INFO -- 2018-12-04 15:15:00]
Fault Injection Successful after 5.374697923660278s
