[INFO -- 2018-12-09 03:13:50]
Starting flip_value script
version: 1.1
[INFO -- 2018-12-09 03:13:50]
Initialization strings:
[INFO -- 2018-12-09 03:13:50]
(1) file /tmp/smith_waterman/smith_waterman
[INFO -- 2018-12-09 03:13:50]
(2) set args -x /tmp/smith_waterman/randInputX -y /tmp/smith_waterman/randInputY -o /tmp/smith_waterman/output -z /tmp/smith_waterman/detected.log
[INFO -- 2018-12-09 03:13:50]
initSignal:0
[INFO -- 2018-12-09 03:13:50]
endSignal:6
[INFO -- 2018-12-09 03:13:50]
faultModel:2
[INFO -- 2018-12-09 03:13:51]
Backtrace BEGIN:
#0  check_index (i=0, j=0) at smith_waterman.c:150
#1  0x0000555555555367 in smith_waterman (x_num=15000, x_num2=15000, y_num=14250, y_num2=14250, str_x=0x5555557586c0 "HOCVFBOSTRXOQCCBDLFPULXQPQLRQYZXPBSWFGOAZNOSQRTTEYIYMHOBZAUPATNRXHNCQDCPTQJLJCENDOOPYESXEMNHFCYCLOGBTITMBCXMHDCKUQBUUTTBFIIMKIRYYXZSGUGJXGVELXQHPRBKMVLTFVFQDWOEWPWEKENJKKPWKFDZYHJKEWDJRKBXJRDFHZJTFWCS"..., str_y=0x55555575c170 "OOVVFBOTTRXQQCBDLLFPUXQQQQRQYYXXBSSFFOOZZNSQQRTEEIIYMHBZAUUAATNRXNNQDDCTTQLLJEENDOPYESSEMMHHCYCCOOBTIIMBBCXHDDCKUQBUUTBBFIMMIIYYXZSGUUJJXVEEXXQPPBKMVLTTFFQDDWEEWPWEEENKKKWWKFDYHHJKEWDJRBXJRDDFZZJTWWSS"...) at smith_waterman.c:201
#2  0x0000555555556178 in execute (file_x_name=0x7fffffffe065 "/tmp/smith_waterman/randInputX", file_y_name=0x7fffffffe087 "/tmp/smith_waterman/randInputY") at smith_waterman.c:379
#3  0x0000555555556393 in main (argc=9, argv=0x7fffffffdc38) at smith_waterman.c:425

145	        return match_score;
146	    else
147	        return mismatch_score;
148	}
149	
150	void check_index(int i, int j){
151	    if(i != j){
152	        sdc_exit();
153	    }
154	}

Backtrace END
Memory content before bitflip:0x000x000x000x000x000xd00x8f0x40
Fault Model: Random bit-flip
base address to flip value: 0x7fffffffda10
address max offset: 8
Memory content after  bitflip:0x870x290xc00x2f0xc80xcd0xfb0xfc
frame name: smith_waterman
symbol name: max_score
symbol filename: smith_waterman.c
symbol line: 195
value: -1.1098403271408826e+294
value address: 0x7fffffffda10
Type: A floating point type.
Type sizeof: 8

[INFO -- 2018-12-09 03:13:51]
Fault Injection Successful after 1.6716461181640625s
[INFO -- 2018-12-09 03:13:58]
event type: exit
[INFO -- 2018-12-09 03:13:58]
exit code: 0
