[INFO -- 2018-12-09 06:58:40]
Starting flip_value script
version: 1.1
[INFO -- 2018-12-09 06:58:40]
Initialization strings:
[INFO -- 2018-12-09 06:58:40]
(1) file /tmp/smith_waterman/smith_waterman
[INFO -- 2018-12-09 06:58:40]
(2) set args -x /tmp/smith_waterman/randInputX -y /tmp/smith_waterman/randInputY -o /tmp/smith_waterman/output -z /tmp/smith_waterman/detected.log
[INFO -- 2018-12-09 06:58:40]
initSignal:0
[INFO -- 2018-12-09 06:58:40]
endSignal:6
[INFO -- 2018-12-09 06:58:40]
faultModel:2
[INFO -- 2018-12-09 06:58:43]
Backtrace BEGIN:
#0  test_globals () at smith_waterman.c:75
#1  0x0000555555555371 in smith_waterman (x_num=15000, x_num2=15000, y_num=13950, y_num2=13950, str_x=0x5555557586c0 "CURXHYKGNIGVHRCAVGLNNTOVQMBTDDBFZUFIUPPKXVFGMHHJNUWANKYDYZWDEZJFVONQFCAEZHMNQTWDOUFBHDFHEDLKFUPAKDSRHSXJBJWRDTWTPCUWHBEMHPYMLOOXTHQCBNLDYIWDDTWSVTREWVSDMRRZFIYAPOCSDQXBAUHFNDZKYQOVNHABYUAFCYHTOLLRBLVD"..., str_y=0x55555575c170 "URXHYKGNIIVHRCCVGGLNTTVQMBTTDBFFZFFUPPPXVFFMHHJNUWANKYYYZWWEZJFVVOQFCAEZZHMNTTWOUFBHDFHEDLKFUPAKDSRHSXJJBWRDDWTTCUWHBEMHHYYLOOXTHQQBNLDYIWDDDWWVTTEWVVDDRRZFFYAPPCSDQXBAUHFNNZKYQOVNHABYYAFCCHTOLLRBLVVF"...) at smith_waterman.c:202
#2  0x0000555555556178 in execute (file_x_name=0x7fffffffe065 "/tmp/smith_waterman/randInputX", file_y_name=0x7fffffffe087 "/tmp/smith_waterman/randInputY") at smith_waterman.c:379
#3  0x0000555555556393 in main (argc=9, argv=0x7fffffffdc38) at smith_waterman.c:425

70	
71	
72	    exit(0); // ocorreu SDC
73	}
74	
75	void test_globals(){
76		if( (match_score != match_score2) || (gap_score != gap_score2) || (mismatch_score != mismatch_score2) )
77	    {
78			sdc_exit();
79	    }

Backtrace END
Memory content before bitflip:0x000x000x000x000x000x000xf00xbf
Fault Model: Random bit-flip
base address to flip value: 0x555555757028 
address max offset: 8
Memory content after  bitflip:0xc90x070xb50xb90x460xdc0x900x05
frame name: main
symbol name: mismatch_score2
symbol filename: smith_waterman.c
symbol line: 10
value: 7.2566025419049862e-282
value address: 0x555555757028 <mismatch_score2>
Type: A floating point type.
Type sizeof: 8

[INFO -- 2018-12-09 06:58:43]
Fault Injection Successful after 3.130683183670044s
[INFO -- 2018-12-09 06:58:43]
event type: exit
[INFO -- 2018-12-09 06:58:43]
exit code: 0
