[INFO -- 2018-12-09 14:18:04]
Starting flip_value script
version: 1.1
[INFO -- 2018-12-09 14:18:04]
Initialization strings:
[INFO -- 2018-12-09 14:18:04]
(1) file /tmp/smith_waterman/smith_waterman
[INFO -- 2018-12-09 14:18:04]
(2) set args -x /tmp/smith_waterman/randInputX -y /tmp/smith_waterman/randInputY -o /tmp/smith_waterman/output -z /tmp/smith_waterman/detected.log
[INFO -- 2018-12-09 14:18:04]
initSignal:0
[INFO -- 2018-12-09 14:18:04]
endSignal:6
[INFO -- 2018-12-09 14:18:04]
faultModel:1
[INFO -- 2018-12-09 14:18:05]
Backtrace BEGIN:
#0  0x0000555555554d06 in test_globals () at smith_waterman.c:76
#1  0x0000555555555371 in smith_waterman (x_num=14100, x_num2=14100, y_num=15000, y_num2=15000, str_x=0x5555557586c0 "FFQQMUJJLGUXXFINNXXEEAYUUMHHXZTTPPJXFHRNNDKPCSSNNTTTNURFFFQCSVTHGGRLLYCDZZTEEYRRTMHHNDQIJVVBSSIZZEMEENNZZCCEECWXIIGNZZXIIZJJTTTFPHHJWTTVVWZZSSUCHFRGGOQIIZZCGVWMMZZCBUUZQQQLLKKPHRHZZGJJHNNCCKORRYRTTSSJ"..., str_y=0x55555575bde0 "TFOQLMUJLGUEXMFINKXOEWAYUJMHXCZTKPJXDFHRNDVKPCSFNPTTNURHFFQCHSVTHGRLLYCADZKTECYRTRMHNDQSIJVRBSLIZEVMEZNHZZCFECWXWIGJNZCXIZOJTBTSFPHJQWTPVVWZYSZUCHFRGHOQIFZCGVWOMFZCBSUZQQYQLZKPHRHPZVGJAHNJCKZORYRTTLSJ"...) at smith_waterman.c:202
#2  0x0000555555556178 in execute (file_x_name=0x7fffffffe065 "/tmp/smith_waterman/randInputX", file_y_name=0x7fffffffe087 "/tmp/smith_waterman/randInputY") at smith_waterman.c:379
#3  0x0000555555556393 in main (argc=9, argv=0x7fffffffdc38) at smith_waterman.c:425

71	
72	    exit(0); // ocorreu SDC
73	}
74	
75	void test_globals(){
76		if( (match_score != match_score2) || (gap_score != gap_score2) || (mismatch_score != mismatch_score2) )
77	    {
78			sdc_exit();
79	    }
80	}

Backtrace END
Fliping a bit of the value pointed by a pointer
Memory content before bitflip:0x8b
Fault Model: Double bit-flip
base address to flip value: 0x7ffff7a722eb  
address max offset: 1
Memory content after  bitflip:0x87
frame name: smith_waterman
symbol name: alignmentB
symbol filename: smith_waterman.c
symbol line: 253
value: 0x7ffff7a722eb <__GI__IO_setb+75> "\207\003\213L$\034H\213T$\020H\213t$\b\353\272\017\037"
value address: 0x7fffffffda38
Type: The type is a pointer.
Type sizeof: 8

[INFO -- 2018-12-09 14:18:05]
Fault Injection Successful after 1.5596446990966797s
[INFO -- 2018-12-09 14:18:12]
event type: exit
[INFO -- 2018-12-09 14:18:12]
exit code: 0
