[INFO -- 2018-12-09 01:24:55]
Starting flip_value script
version: 1.1
[INFO -- 2018-12-09 01:24:55]
Initialization strings:
[INFO -- 2018-12-09 01:24:55]
(1) file /tmp/smith_waterman/smith_waterman
[INFO -- 2018-12-09 01:24:55]
(2) set args -x /tmp/smith_waterman/randInputX -y /tmp/smith_waterman/randInputY -o /tmp/smith_waterman/output -z /tmp/smith_waterman/detected.log
[INFO -- 2018-12-09 01:24:55]
initSignal:0
[INFO -- 2018-12-09 01:24:55]
endSignal:6
[INFO -- 2018-12-09 01:24:55]
faultModel:0
[INFO -- 2018-12-09 01:24:56]
Backtrace BEGIN:
#0  0x0000555555555069 in check_index (i=6713, j=6713) at smith_waterman.c:154
#1  0x0000555555555367 in smith_waterman (x_num=10350, x_num2=10350, y_num=15000, y_num2=15000, str_x=0x5555557586c0 "RKMMZLDIXTNNGCCASRJUUTVVRPQWGUAAEKMFWOOVHHJRZLTTERRYEEQQVMNIIJEVVSURKKUUYYNSGNNQEEQIKYGGYKKYYUUUQQNTACNCCBOOJCSSWWCVICEGQQOQHJKQYYLAAAADDTTNUZHFXJALLGOXXDEEOEWEEHVFHKKLDDIEEFNBQOBBUYHTBBXHTIICEETKBDXP"..., str_y=0x55555575af40 "RKOMZLDIXTRNGRCASRJYUTNVRPQWGUUAEKMFWPOVKHJRZLRTECRYXETQVMNCIJEOVSURKKPUTYNSLGNQIEQILKYGYNKGYQUUJQNTACNWCBOOJCGSIWCVICEGQQOQHJKQBYLEAAADDQTNUZHFXJAGLGODXDUEOEWPEHVFHVKLMDYIEFNBQOHBUYHTBBXRHTIMCETKBDXP"...) at smith_waterman.c:201
#2  0x0000555555556178 in execute (file_x_name=0x7fffffffe065 "/tmp/smith_waterman/randInputX", file_y_name=0x7fffffffe087 "/tmp/smith_waterman/randInputY") at smith_waterman.c:379
#3  0x0000555555556393 in main (argc=9, argv=0x7fffffffdc38) at smith_waterman.c:425

149	
150	void check_index(int i, int j){
151	    if(i != j){
152	        sdc_exit();
153	    }
154	}
155	
156	char *smith_waterman(long x_num, long x_num2, long y_num, long y_num2, char* str_x, char* str_y)
157	{
158	    if(x_num != x_num2){        

Backtrace END
Memory content before bitflip:0xff0xff0xff0xff
Fault Model: Single bit-flip
base address to flip value: 0x7fffffffdb2c
address max offset: 4
Memory content after  bitflip:0xff0xff0xff0xfd
frame name: main
symbol name: opt
symbol filename: smith_waterman.c
symbol line: 388
value: -33554433
value address: 0x7fffffffdb2c
Type: The type is an integer type.
Type sizeof: 4

[INFO -- 2018-12-09 01:24:56]
Fault Injection Successful after 1.1136798858642578s
[INFO -- 2018-12-09 01:25:01]
event type: exit
[INFO -- 2018-12-09 01:25:01]
exit code: 0
