[INFO -- 2018-12-08 14:55:58]
Starting flip_value script
version: 1.1
[INFO -- 2018-12-08 14:55:58]
Initialization strings:
[INFO -- 2018-12-08 14:55:58]
(1) file /tmp/smith_waterman/smith_waterman
[INFO -- 2018-12-08 14:55:58]
(2) set args -x /tmp/smith_waterman/randInputX -y /tmp/smith_waterman/randInputY -o /tmp/smith_waterman/output -z /tmp/smith_waterman/detected.log
[INFO -- 2018-12-08 14:55:58]
initSignal:0
[INFO -- 2018-12-08 14:55:58]
endSignal:6
[INFO -- 2018-12-08 14:55:58]
faultModel:2
[INFO -- 2018-12-08 14:55:59]
Backtrace BEGIN:
#0  dl_main (phdr=<optimized out>, phnum=<optimized out>, user_entry=<optimized out>, auxv=<optimized out>) at rtld.c:2289
#1  0x00007ffff7defdd0 in _dl_sysdep_start (start_argptr=start_argptr@entry=0x7fffffffdc30, dl_main=dl_main@entry=0x7ffff7dd7660 <dl_main>) at ../elf/dl-sysdep.c:253
#2  0x00007ffff7dd7128 in _dl_start_final (arg=0x7fffffffdc30) at rtld.c:414
#3  _dl_start (arg=0x7fffffffdc30) at rtld.c:521
#4  0x00007ffff7dd6098 in _start () from /lib64/ld-linux-x86-64.so.2
#5  0x0000000000000009 in ?? ()
#6  0x00007fffffffe03f in ?? ()
#7  0x00007fffffffe062 in ?? ()
#8  0x00007fffffffe065 in ?? ()
#9  0x00007fffffffe084 in ?? ()
#10 0x00007fffffffe087 in ?? ()
#11 0x00007fffffffe0a6 in ?? ()
#12 0x00007fffffffe0a9 in ?? ()
#13 0x00007fffffffe0c4 in ?? ()
#14 0x00007fffffffe0c7 in ?? ()
#15 0x0000000000000000 in ?? ()

2284	rtld.c: No such file or directory.

Backtrace END
Memory content before bitflip:0x300xd00xc00x350x470xa90x000x00
Fault Model: Random bit-flip
base address to flip value: 0x7ffff7ffc720 
address max offset: 8
Memory content after  bitflip:0xc80x9e0x580xe10xbb0xd50xe90xbe
frame name: _dl_start
symbol name: start_time
symbol filename: rtld.c
symbol line: 308
value: 13756761539696172744
value address: 0x7ffff7ffc720 <start_time>
Type: The type is an integer type.
Type sizeof: 8

[INFO -- 2018-12-08 14:55:59]
Fault Injection Successful after 1.195275068283081s
[INFO -- 2018-12-08 14:56:05]
event type: exit
[INFO -- 2018-12-08 14:56:05]
exit code: 0
