[INFO -- 2018-12-04 20:27:22]
Starting flip_value script
version: 1.1
[INFO -- 2018-12-04 20:27:22]
Initialization strings:
[INFO -- 2018-12-04 20:27:22]
(1) file /tmp/smith_waterman/smith_waterman
[INFO -- 2018-12-04 20:27:22]
(2) set args -x /tmp/smith_waterman/randInputX -y /tmp/smith_waterman/randInputY -o /tmp/smith_waterman/output -z /tmp/smith_waterman/detected.log
[INFO -- 2018-12-04 20:27:22]
initSignal:0
[INFO -- 2018-12-04 20:27:22]
endSignal:6
[INFO -- 2018-12-04 20:27:22]
faultModel:2
[INFO -- 2018-12-04 20:27:27]
Backtrace BEGIN:
#0  0x0000555555555434 in smith_waterman (x_num=15000, x_num2=15000, y_num=12900, y_num2=12900, str_x=0x5555557586c0 "RSCXVWIFHFRZEWWNHSRCDPWWVJUYBJNUBPUYNCEWJXWNTUDBMUFPJDNGMJGPUTKVKGUXIYVUVRJPNMSZIZRRCEZQQFIKAUIKACJKCFEZYOQMAKNLJECNLEGBLONMIVYIZKSBRZDRPTFRETCPXFDILJLWXZKHWLPWVJZMKCFZWLRAETPBAUMLDXKCYUJVHARCMQQWVWWR"..., str_y=0x55555575c170 "RSCXVIFFHFREEWNHHSCCDWWWVJUYJNNUBPUYNCWWJXWTTUBBMFPPJDGGJGPUUKVVKGUXYYVUVJJPMMSZIZRCCZZQQFIKAUIKCCJCCFEYYQMMAKNLJCCNLEBLLOMIVYYZKSSBRDDRPTRRETPPXFDILJLXXZHHWLWWVZZKKCFZWRRAEPPBAUMLDKKCYUJVHRRCQQQVVWRR"...) at smith_waterman.c:167
#1  0x0000555555555e65 in execute (file_x_name=0x7fffffffe0b4 "/tmp/smith_waterman/randInputX", file_y_name=0x7fffffffe0d6 "/tmp/smith_waterman/randInputY") at smith_waterman.c:309
#2  0x0000555555556082 in main (argc=9, argv=0x7fffffffdc88) at smith_waterman.c:355

162	    long width = y_num;
163	
164	    i2 = 0;
165	    for(i=0; i<height+1; i++){
166	        check_index(i, i2);
167	        for(j=0; j<width+1; j++){
168	            if(i==0 && j==0){
169	                maxValue = matrix[i][j];
170	                y = i;
171	                x = j;

Backtrace END
Memory content before bitflip:0x000x000x000x000x000x0e0xb70x40
Fault Model: Random bit-flip
base address to flip value: 0x7fffffffda50
address max offset: 8
Memory content after  bitflip:0x980xd80xb80x980x2e0x370x110x0f
frame name: smith_waterman
symbol name: max_score
symbol filename: smith_waterman.c
symbol line: 134
value: 4.2300395714772444e-236
value address: 0x7fffffffda50
Type: A floating point type.
Type sizeof: 8

[INFO -- 2018-12-04 20:27:27]
Fault Injection Successful after 5.961312770843506s
[INFO -- 2018-12-04 20:27:28]
event type: exit
[INFO -- 2018-12-04 20:27:28]
exit code: 0
