[INFO -- 2018-12-07 23:58:26]
Starting flip_value script
version: 1.1
[INFO -- 2018-12-07 23:58:26]
Initialization strings:
[INFO -- 2018-12-07 23:58:26]
(1) file /tmp/smith_waterman/smith_waterman
[INFO -- 2018-12-07 23:58:26]
(2) set args -x /tmp/smith_waterman/randInputX -y /tmp/smith_waterman/randInputY -o /tmp/smith_waterman/output -z /tmp/smith_waterman/detected.log
[INFO -- 2018-12-07 23:58:26]
initSignal:0
[INFO -- 2018-12-07 23:58:26]
endSignal:6
[INFO -- 2018-12-07 23:58:26]
faultModel:0
[INFO -- 2018-12-07 23:58:31]
Backtrace BEGIN:
#0  smith_waterman (x_num=15000, x_num2=15000, y_num=11100, y_num2=11100, str_x=0x5555557586c0 "OHJGBBERYBMFEFIKRMFXYCLDRLLGOGAEOJKRNQLLUXTYFBIYPPXNUITLTETKNTOBFBUSRHDNFYLMZVKQNHGHRZULDOXSJLVOOQIIXMVEKJSMEEERNKAFJVSPLPHWCDLRVVZUHWZUFTIMYOFLZGQKDIBOXJKCOXTLTUFCQGYYAIMYXRLWZCGCMIQKTDMJAHUVBBYTIYTI"..., str_y=0x55555575c170 "HJJGBBRYBBMFEFIRMFXYCCDDRLLGGGAOOJKNQQLLUTTFBIYYPXXNIITTTEKKTTOBBBURRDDNYLLMZVKNNGHHRUUDOOSJJVOOOQIIXMVEKJMEEEERNKFJJVSLLHHWDDRRVVZHHZZFFTMMOOFZZGKDDIBXXKKCXTTTUUCQQGYAIMYXXRWZZGCMIIKKTDMJHUVVBYYTITIH"...) at smith_waterman.c:235
#1  0x0000555555556178 in execute (file_x_name=0x7fffffffe065 "/tmp/smith_waterman/randInputX", file_y_name=0x7fffffffe087 "/tmp/smith_waterman/randInputY") at smith_waterman.c:379
#2  0x0000555555556393 in main (argc=9, argv=0x7fffffffdc38) at smith_waterman.c:425

230	    i2 = 0;
231	    for(i=0; i<height+1; i++){
232	        check_index(i, i2);
233	        j2 = 0;
234	        for(j=0; j<width+1; j++){
235	            check_index(j, j2);
236	            if(i==0 && j==0){
237	                maxValue = matrix[i][j];
238	                y = i;
239	                x = j;

Backtrace END
Memory content before bitflip:0x5c0x2b0x000x000x000x000x000x00
Fault Model: Single bit-flip
base address to flip value: 0x7fffffffd9c8
address max offset: 8
Memory content after  bitflip:0x5c0x2b0x000x000x000x000x080x00
frame name: smith_waterman
symbol name: y_num
symbol filename: smith_waterman.c
symbol line: 156
value: 2251799813696348
value address: 0x7fffffffd9c8
Type: The type is an integer type.
Type sizeof: 8

[INFO -- 2018-12-07 23:58:31]
Fault Injection Successful after 5.816668272018433s
[INFO -- 2018-12-07 23:58:32]
event type: exit
[INFO -- 2018-12-07 23:58:32]
exit code: 0
