[INFO -- 2018-12-09 06:47:45]
Starting flip_value script
version: 1.1
[INFO -- 2018-12-09 06:47:45]
Initialization strings:
[INFO -- 2018-12-09 06:47:45]
(1) file /tmp/smith_waterman/smith_waterman
[INFO -- 2018-12-09 06:47:45]
(2) set args -x /tmp/smith_waterman/randInputX -y /tmp/smith_waterman/randInputY -o /tmp/smith_waterman/output -z /tmp/smith_waterman/detected.log
[INFO -- 2018-12-09 06:47:45]
initSignal:0
[INFO -- 2018-12-09 06:47:45]
endSignal:6
[INFO -- 2018-12-09 06:47:45]
faultModel:1
[INFO -- 2018-12-09 06:47:45]
Backtrace BEGIN:
#0  0x000055555555521b in smith_waterman (x_num=15000, x_num2=15000, y_num=13950, y_num2=13950, str_x=0x5555557586c0 "CURXHYKGNIGVHRCAVGLNNTOVQMBTDDBFZUFIUPPKXVFGMHHJNUWANKYDYZWDEZJFVONQFCAEZHMNQTWDOUFBHDFHEDLKFUPAKDSRHSXJBJWRDTWTPCUWHBEMHPYMLOOXTHQCBNLDYIWDDTWSVTREWVSDMRRZFIYAPOCSDQXBAUHFNDZKYQOVNHABYUAFCYHTOLLRBLVD"..., str_y=0x55555575c170 "URXHYKGNIIVHRCCVGGLNTTVQMBTTDBFFZFFUPPPXVFFMHHJNUWANKYYYZWWEZJFVVOQFCAEZZHMNTTWOUFBHDFHEDLKFUPAKDSRHSXJJBWRDDWTTCUWHBEMHHYYLOOXTHQQBNLDYIWDDDWWVTTEWVVDDRRZFFYAPPCSDQXBAUHFNNZKYQOVNHABYYAFCCHTOLLRBLVVF"...) at smith_waterman.c:182
#1  0x0000555555556178 in execute (file_x_name=0x7fffffffe065 "/tmp/smith_waterman/randInputX", file_y_name=0x7fffffffe087 "/tmp/smith_waterman/randInputY") at smith_waterman.c:379
#2  0x0000555555556393 in main (argc=9, argv=0x7fffffffdc38) at smith_waterman.c:425

177	    long j, j2;
178		
179	    i2 = 0;
180	    for(i=0; i<x_num+1; i++){
181	        check_index(i, i2);
182	        matrix[i][0]=0.0;
183	        i2++;
184	    }
185	    check_index(i, i2);
186	    i2 = 0;

Backtrace END
Fliping a bit of the value pointed by a pointer
Memory content before bitflip:0x2f
Fault Model: Double bit-flip
base address to flip value: 0x7fffffffe0c7 
address max offset: 1
Memory content after  bitflip:0x67
frame name: execute
symbol name: log_name
symbol filename: smith_waterman.c
symbol line: 16
value: 0x7fffffffe0c7 "gtmp/smith_waterman/detected.log"
value address: 0x555555757048 <log_name>
Type: The type is a pointer.
Type sizeof: 8

[INFO -- 2018-12-09 06:47:45]
Fault Injection Successful after 0.7660365104675293s
[INFO -- 2018-12-09 06:47:53]
event type: exit
[INFO -- 2018-12-09 06:47:53]
exit code: 0
