[INFO -- 2018-12-09 11:07:10]
Starting flip_value script
version: 1.1
[INFO -- 2018-12-09 11:07:10]
Initialization strings:
[INFO -- 2018-12-09 11:07:10]
(1) file /tmp/smith_waterman/smith_waterman
[INFO -- 2018-12-09 11:07:10]
(2) set args -x /tmp/smith_waterman/randInputX -y /tmp/smith_waterman/randInputY -o /tmp/smith_waterman/output -z /tmp/smith_waterman/detected.log
[INFO -- 2018-12-09 11:07:10]
initSignal:0
[INFO -- 2018-12-09 11:07:10]
endSignal:6
[INFO -- 2018-12-09 11:07:10]
faultModel:1
[INFO -- 2018-12-09 11:07:10]
Backtrace BEGIN:
#0  0x0000555555555525 in smith_waterman (x_num=15000, x_num2=15000, y_num=13800, y_num2=13800, str_x=0x5555557586c0 "IMTTSUDHNRKNEWSNEACUQCJXJYEJAAAIPWBHSEPGXZVCVNRBNVVGYHFJHJUHMXPBTSILZZTWZOAWBSYRNVZNEEXMPRTBOLEHDPVEOOBNDBMGTKXHHWWMCTYSNTVBGALMPIQFWRTBVHIQRHZYGWMIPMCCGYGOATARDRWBKRDFYNWRWVSCTENJRRNZRVNTQOKTHJVRCYZD"..., str_y=0x55555575c170 "IMTSUDDNRRNNEWNNEACUQJXXYYJJAAAPPBHSEPGGXVVCVRRBNVGYYFJJHUHMMXBBTSIZZZWZOAWWSSRRNVNEEEXMPRTOLEHHDPVOOOBDDBMGKXHHWWMCTTYSNVVGAALMIQFWWRBVHHIRRHZYGWMIPCCCYYOOTTRDRWBBKDDFYNWWVSSTENJJRNZRRNNTOKTTHVRCYZZD"...) at smith_waterman.c:200
#1  0x0000555555556178 in execute (file_x_name=0x7fffffffe065 "/tmp/smith_waterman/randInputX", file_y_name=0x7fffffffe087 "/tmp/smith_waterman/randInputY") at smith_waterman.c:379
#2  0x0000555555556393 in main (argc=9, argv=0x7fffffffdc38) at smith_waterman.c:425

195	    double max_score=0.0;
196	    i2 = 1;
197	    for(i=1; i<x_num+1; i++){
198	        check_index(i, i2);
199	        j2 = 1;
200	        for(j=1; j<y_num+1; j++){
201	            check_index(j, j2);
202				test_globals();
203	            if(str_x[i-1]==str_y[j-1]){diff=match_score;}
204	            else{diff=mismatch_score;}

Backtrace END
Memory content before bitflip:0xe80x350x000x000x000x000x000x00
Fault Model: Double bit-flip
base address to flip value: 0x7fffffffdad8
address max offset: 8
Memory content after  bitflip:0xe80x350x440x000x000x000x000x00
frame name: execute
symbol name: y_num
symbol filename: smith_waterman.c
symbol line: 369
value: 4470248
value address: 0x7fffffffdad8
Type: The type is an integer type.
Type sizeof: 8

[INFO -- 2018-12-09 11:07:10]
Fault Injection Successful after 0.936699390411377s
[INFO -- 2018-12-09 11:07:18]
event type: exit
[INFO -- 2018-12-09 11:07:18]
exit code: 0
