[INFO -- 2019-09-03 11:57:43]
Starting flip_value script
version: 1.1
[INFO -- 2019-09-03 11:57:43]
Initialization strings:
[INFO -- 2019-09-03 11:57:43]
(1) file /tmp/smith_waterman/smith_waterman
[INFO -- 2019-09-03 11:57:43]
(2) set args -x /tmp/smith_waterman/randInputX -y /tmp/smith_waterman/randInputY -o /tmp/smith_waterman/output
[INFO -- 2019-09-03 11:57:43]
initSignal:0
[INFO -- 2019-09-03 11:57:43]
endSignal:6
[INFO -- 2019-09-03 11:57:43]
faultModel:1
[INFO -- 2019-09-03 11:57:43]
Backtrace BEGIN:
#0  0x000055555555506f in smith_waterman (x_num=15000, y_num=13200, str_x=0x5555557586c0 "BAYELBDROAHNSVRJBRMJLMPSHEBMXZVZBVFMWJGKLPAGKRPNKBXWPOQWSTKQSFRTBWIXHQKTFMZPFOFPRENISEGKXQCSYTNZSVYZLKSQWTIBJNTARGKJMQVKJYEHTRINPGNCRHVNBDRKSMNLSXUHQRTZRXINOQAFWNIPVDFWIYIAKVLEVHLLYEMSDWFUMFZKVHCQKHOS"..., str_y=0x55555575c170 "AYELBBDRAHHNSRJBRMJLMPSSEEMMXVZZVFMMJJKLLPAKRRPNKBWPOOWSSTKSFRTBWIIXHKTTMZPPOFFRENISEGGXQCCYTTZZSYZZKSQWTIBJJTAAGGJMQVKJJEHTRRNPGNNCRVVBDDKKMNNSXXHQRRZRXXNOQQFFWIPPDFFWYIAKVLEVVHLYEMSSDWFMFZZVVHQKKHSF"..., fo=0x555555758260) at smith_waterman.c:98
#1  0x0000555555555e38 in main (argc=7, argv=0x7fffffffde98) at smith_waterman.c:298

93	    double max_score=0.0;
94	    for(i=1; i<x_num+1; i++){
95	        for(j=1; j<y_num+1; j++){
96	            if(str_x[i-1]==str_y[j-1]){diff=match_score;}
97	            else{diff=mismatch_score;}
98	            matrix[i][j]=my_maxof(matrix[i-1][j-1]+diff, matrix[i-1][j]+gap_score, matrix[i][j-1]+gap_score,0);
99	            if(matrix[i][j]>max_score)
100	                max_score=matrix[i][j];
101	        }
102	    }

Backtrace END
Memory content before bitflip:0x000x000x000x000x000x000xf00xbf
Fault Model: Double bit-flip
base address to flip value: 0x555555757018 
address max offset: 8
Memory content after  bitflip:0x480x000x000x000x000x000xf00xbf
frame name: main
symbol name: mismatch_score
symbol filename: smith_waterman.c
symbol line: 8
value: -1.000000000000016
value address: 0x555555757018 <mismatch_score>
Type: A floating point type.
Type sizeof: 8

[INFO -- 2019-09-03 11:57:43]
Fault Injection Successful after 0.6656711101531982s
