[INFO -- 2018-12-08 02:43:30]
Starting flip_value script
version: 1.1
[INFO -- 2018-12-08 02:43:30]
Initialization strings:
[INFO -- 2018-12-08 02:43:30]
(1) file /tmp/smith_waterman/smith_waterman
[INFO -- 2018-12-08 02:43:30]
(2) set args -x /tmp/smith_waterman/randInputX -y /tmp/smith_waterman/randInputY -o /tmp/smith_waterman/output -z /tmp/smith_waterman/detected.log
[INFO -- 2018-12-08 02:43:30]
initSignal:0
[INFO -- 2018-12-08 02:43:30]
endSignal:6
[INFO -- 2018-12-08 02:43:30]
faultModel:0
[INFO -- 2018-12-08 02:43:30]
Backtrace BEGIN:
#0  my_maxof (a=-1, b=-2, c=-2, d=0) at smith_waterman.c:138
#1  0x00005555555554a5 in smith_waterman (x_num=12150, x_num2=12150, y_num=15000, y_num2=15000, str_x=0x5555557586c0 "VVEHCQLLZKVGVBBGHUUUUOHHKKJRTLYHHJLAAYXBKUFNNKOTUNNQNNXHZGBSUGTRROTTBLUMGDTQQHORRCCSQZBRICMKKFFITTUJQQXNRIIKAWWCCAMVNNMJSYCCDSNOOAXVRUNNNSZOXXIXXURYJIIBCXGHMMVMMUDFQNUFFSSZSCVPMMQPPJJXXPBPDVVRSYILLTTT"..., str_y=0x55555575b640 "DVEHCRQLZKVGVTBGFHUUUOYHHKJRTLFYHJILAYXBKUJFNKOTUKNQYNXHZGBSUGTBRBOTBLUMGDTTQHOKRDCSQZBRICMCKFFBITUJHQXNURIKAXWSCAMVZNMJSYNCDSGNOAXVRUKNNSZORXIUXURYJDIBCXGHQMVGMUDFQNUEFTSZSCVPWMQHPAJTXPBPDYVRSYXILTMT"...) at smith_waterman.c:205
#2  0x0000555555556178 in execute (file_x_name=0x7fffffffe065 "/tmp/smith_waterman/randInputX", file_y_name=0x7fffffffe087 "/tmp/smith_waterman/randInputY") at smith_waterman.c:379
#3  0x0000555555556393 in main (argc=9, argv=0x7fffffffdc38) at smith_waterman.c:425

133	double my_maxof(double a, double b, double c, double d)
134	{
135	    double ans=a;
136	    if(ans<b) ans=b;
137	    if(ans<c) ans=c;
138	    if(ans<d) ans=d;
139	    return ans;
140	}
141	
142	double matchMisScore(long i, long j, char* str_y, char* str_x)

Backtrace END
Fliping a bit of the value pointed by a pointer
Memory content before bitflip:0x2f
Fault Model: Single bit-flip
base address to flip value: 0x7fffffffe087 
address max offset: 1
Memory content after  bitflip:0x2d
frame name: main
symbol name: file_y_name
symbol filename: smith_waterman.c
symbol line: 390
value: 0x7fffffffe087 "-tmp/smith_waterman/randInputY"
value address: 0x7fffffffdb38
Type: The type is a pointer.
Type sizeof: 8

[INFO -- 2018-12-08 02:43:30]
Fault Injection Successful after 0.9415199756622314s
[INFO -- 2018-12-08 02:43:37]
event type: exit
[INFO -- 2018-12-08 02:43:37]
exit code: 0
