[INFO -- 2018-12-09 13:53:43]
Starting flip_value script
version: 1.1
[INFO -- 2018-12-09 13:53:43]
Initialization strings:
[INFO -- 2018-12-09 13:53:43]
(1) file /tmp/smith_waterman/smith_waterman
[INFO -- 2018-12-09 13:53:43]
(2) set args -x /tmp/smith_waterman/randInputX -y /tmp/smith_waterman/randInputY -o /tmp/smith_waterman/output -z /tmp/smith_waterman/detected.log
[INFO -- 2018-12-09 13:53:43]
initSignal:0
[INFO -- 2018-12-09 13:53:43]
endSignal:6
[INFO -- 2018-12-09 13:53:43]
faultModel:2
[INFO -- 2018-12-09 13:53:44]
Backtrace BEGIN:
#0  0x00005555555554e0 in smith_waterman (x_num=14100, x_num2=14100, y_num=15000, y_num2=15000, str_x=0x5555557586c0 "FFQQMUJJLGUXXFINNXXEEAYUUMHHXZTTPPJXFHRNNDKPCSSNNTTTNURFFFQCSVTHGGRLLYCDZZTEEYRRTMHHNDQIJVVBSSIZZEMEENNZZCCEECWXIIGNZZXIIZJJTTTFPHHJWTTVVWZZSSUCHFRGGOQIIZZCGVWMMZZCBUUZQQQLLKKPHRHZZGJJHNNCCKORRYRTTSSJ"..., str_y=0x55555575bde0 "TFOQLMUJLGUEXMFINKXOEWAYUJMHXCZTKPJXDFHRNDVKPCSFNPTTNURHFFQCHSVTHGRLLYCADZKTECYRTRMHNDQSIJVRBSLIZEVMEZNHZZCFECWXWIGJNZCXIZOJTBTSFPHJQWTPVVWZYSZUCHFRGHOQIFZCGVWOMFZCBSUZQQYQLZKPHRHPZVGJAHNJCKZORYRTTLSJ"...) at smith_waterman.c:206
#1  0x0000555555556178 in execute (file_x_name=0x7fffffffe065 "/tmp/smith_waterman/randInputX", file_y_name=0x7fffffffe087 "/tmp/smith_waterman/randInputY") at smith_waterman.c:379
#2  0x0000555555556393 in main (argc=9, argv=0x7fffffffdc38) at smith_waterman.c:425

201	            check_index(j, j2);
202				test_globals();
203	            if(str_x[i-1]==str_y[j-1]){diff=match_score;}
204	            else{diff=mismatch_score;}
205	            matrix[i][j]=my_maxof(matrix[i-1][j-1]+diff, matrix[i-1][j]+gap_score, matrix[i][j-1]+gap_score,0);
206	            if(matrix[i][j]>max_score)
207	                max_score=matrix[i][j];
208	            j2++;
209	        }
210	        i2++;

Backtrace END
Memory content before bitflip:0x000x000x000x000x000x000x000xc0
Fault Model: Random bit-flip
base address to flip value: 0x555555757038 
address max offset: 8
Memory content after  bitflip:0xfc0x0b0x8a0xc00x000x9b0x870x3d
frame name: main
symbol name: gap_score2
symbol filename: smith_waterman.c
symbol line: 12
value: 2.6836323998206041e-12
value address: 0x555555757038 <gap_score2>
Type: A floating point type.
Type sizeof: 8

[INFO -- 2018-12-09 13:53:44]
Fault Injection Successful after 1.1818244457244873s
[INFO -- 2018-12-09 13:53:44]
event type: exit
[INFO -- 2018-12-09 13:53:44]
exit code: 0
