[INFO -- 2018-12-08 23:50:27]
Starting flip_value script
version: 1.1
[INFO -- 2018-12-08 23:50:27]
Initialization strings:
[INFO -- 2018-12-08 23:50:27]
(1) file /tmp/smith_waterman/smith_waterman
[INFO -- 2018-12-08 23:50:27]
(2) set args -x /tmp/smith_waterman/randInputX -y /tmp/smith_waterman/randInputY -o /tmp/smith_waterman/output -z /tmp/smith_waterman/detected.log
[INFO -- 2018-12-08 23:50:27]
initSignal:0
[INFO -- 2018-12-08 23:50:27]
endSignal:6
[INFO -- 2018-12-08 23:50:27]
faultModel:2
[INFO -- 2018-12-08 23:50:29]
Backtrace BEGIN:
#0  0x0000555555554fc0 in my_maxof (a=-1, b=-2, c=-2, d=0) at smith_waterman.c:136
#1  0x00005555555554a5 in smith_waterman (x_num=10200, x_num2=10200, y_num=15000, y_num2=15000, str_x=0x5555557586c0 "VJJPPOKKZRRZZZSGGKZZNROHHFUUJJDRPNQGDGQEXJDIIXGPMQZZQJPPXXTLZEEXWWDDDVAAFAAPGGGJXXQGAAQYYLKGKOEYLRROOOMMOQNNWIXWHNNMMFNSSZTFOFFZGXPLLFZAYBUULMSSYIJLNWXYYSKMPQNYPELALNCJSSEBGZHHEESWRRDBQNBBGBBXGPRRCCBS"..., str_y=0x55555575aeb0 "VEJZPOOKZRRZAZSGGNKZNYROHFIUWJDRPNQGDGQEXJDXIXGPMQQZQJPZPXTLGZEXMWDRDVVAFAAPXGGJYXLQGAQXYLKGKOEYLHROFOQMOQBNWIXWHKNPMFNKSZTFOXFZGXPNLFZAYBPULMTSYIJLNWXFYSKMPQNYPELALNCJOSEBGZTHHESWDRDBKQNBGCBXGPZRCCBS"...) at smith_waterman.c:205
#2  0x0000555555556178 in execute (file_x_name=0x7fffffffe065 "/tmp/smith_waterman/randInputX", file_y_name=0x7fffffffe087 "/tmp/smith_waterman/randInputY") at smith_waterman.c:379
#3  0x0000555555556393 in main (argc=9, argv=0x7fffffffdc38) at smith_waterman.c:425

131	}
132	
133	double my_maxof(double a, double b, double c, double d)
134	{
135	    double ans=a;
136	    if(ans<b) ans=b;
137	    if(ans<c) ans=c;
138	    if(ans<d) ans=d;
139	    return ans;
140	}

Backtrace END
Memory content before bitflip:0xa00xc20xdc0xf70xff0x7f0x000x00
Fault Model: Random bit-flip
base address to flip value: 0x7fffffffda68
address max offset: 8
Memory content after  bitflip:0xde0xe40xe40x7d0xbc0x8b0x660x5d
frame name: smith_waterman
symbol name: score
symbol filename: smith_waterman.c
symbol line: 254
value: 8.5916087221233993e+141
value address: 0x7fffffffda68
Type: A floating point type.
Type sizeof: 8

[INFO -- 2018-12-08 23:50:29]
Fault Injection Successful after 2.1541244983673096s
[INFO -- 2018-12-08 23:50:33]
event type: exit
[INFO -- 2018-12-08 23:50:33]
exit code: 0
