[INFO -- 2018-12-08 15:21:35]
Starting flip_value script
version: 1.1
[INFO -- 2018-12-08 15:21:35]
Initialization strings:
[INFO -- 2018-12-08 15:21:35]
(1) file /tmp/smith_waterman/smith_waterman
[INFO -- 2018-12-08 15:21:35]
(2) set args -x /tmp/smith_waterman/randInputX -y /tmp/smith_waterman/randInputY -o /tmp/smith_waterman/output -z /tmp/smith_waterman/detected.log
[INFO -- 2018-12-08 15:21:35]
initSignal:0
[INFO -- 2018-12-08 15:21:35]
endSignal:6
[INFO -- 2018-12-08 15:21:35]
faultModel:0
[INFO -- 2018-12-08 15:21:39]
Backtrace BEGIN:
#0  0x0000555555554ffe in my_maxof (a=-1, b=-2, c=-2, d=0) at smith_waterman.c:140
#1  0x00005555555554a5 in smith_waterman (x_num=15000, x_num2=15000, y_num=11250, y_num2=11250, str_x=0x5555557586c0 "AEPABPPDMMBIYNAHLRHXOBLCRUBAFZXFFOIGDXKQJLAKADRLWYIKZVMTPOVVPUCVIKBNHLFTYGFYLWMHWWSYSETHUOEKIJHSTIFDWNYUTDVEBHLXDDVXKQHGELQOUZIQIQTGDTAWWXCXEPWKVUHFKOLPCEFYDOONEJTHCWFATHXAWWMRQVYAKMROQZMVNBJTKECNCHNY"..., str_y=0x55555575c170 "AEPABPDDMMIIYNAHLRHXOBLCRBBFZZXFFIIGXXKQJLKKADRLWIKZZVMTPOVVPUCVIKBNHLFTYGFYLWMWWWYYSETHUEEKJJSSTIFDWNUUTVEEBHXXDDVXQQHGEQOOUZIQIQTGDTAWWXCXEWWKVUHKKLLPCEYYDOONETTHCFATTXXAWMMRQVAKKMROZZMVNBTTKENCCNNY"...) at smith_waterman.c:205
#2  0x0000555555556178 in execute (file_x_name=0x7fffffffe065 "/tmp/smith_waterman/randInputX", file_y_name=0x7fffffffe087 "/tmp/smith_waterman/randInputY") at smith_waterman.c:379
#3  0x0000555555556393 in main (argc=9, argv=0x7fffffffdc38) at smith_waterman.c:425

135	    double ans=a;
136	    if(ans<b) ans=b;
137	    if(ans<c) ans=c;
138	    if(ans<d) ans=d;
139	    return ans;
140	}
141	
142	double matchMisScore(long i, long j, char* str_y, char* str_x)
143	{
144	    if (str_y[j] == str_x[i])

Backtrace END
Memory content before bitflip:0x000x000x000x000x000x000x000xc0
Fault Model: Single bit-flip
base address to flip value: 0x7fffffffd978
address max offset: 8
Memory content after  bitflip:0x000x000x000x000x200x000x000xc0
frame name: my_maxof
symbol name: c
symbol filename: smith_waterman.c
symbol line: 133
value: -2.00006103515625
value address: 0x7fffffffd978
Type: A floating point type.
Type sizeof: 8

[INFO -- 2018-12-08 15:21:39]
Fault Injection Successful after 4.103358030319214s
[INFO -- 2018-12-08 15:21:41]
event type: exit
[INFO -- 2018-12-08 15:21:41]
exit code: 0
