[INFO -- 2018-12-08 05:14:26]
Starting flip_value script
version: 1.1
[INFO -- 2018-12-08 05:14:26]
Initialization strings:
[INFO -- 2018-12-08 05:14:26]
(1) file /tmp/smith_waterman/smith_waterman
[INFO -- 2018-12-08 05:14:26]
(2) set args -x /tmp/smith_waterman/randInputX -y /tmp/smith_waterman/randInputY -o /tmp/smith_waterman/output -z /tmp/smith_waterman/detected.log
[INFO -- 2018-12-08 05:14:26]
initSignal:0
[INFO -- 2018-12-08 05:14:26]
endSignal:6
[INFO -- 2018-12-08 05:14:26]
faultModel:0
[INFO -- 2018-12-08 05:14:30]
Backtrace BEGIN:
#0  my_maxof (a=2878, b=2880, c=2875, d=0) at smith_waterman.c:136
#1  0x00005555555554a5 in smith_waterman (x_num=13350, x_num2=13350, y_num=15000, y_num2=15000, str_x=0x5555557586c0 "CZPWWHDZZJJZOOSVYKXPDMMXBJRJMLNMMOOJUUBPNKODBGZSSXODDBAETTQYFFOTLEZZFFOLEEQMMRRQQITTJMAVFVMMXJHKPNOOSZLLFEERXXXFFHQTXLLAPIOTTVAIIMCCYOOTUUMRRHHZREMMBBMLBBIFIOHHWNLKLFGGVJJBBMUUWBGETTTWWBXUMLIAAPSNQZMM"..., str_y=0x55555575baf0 "CZPYWHDQZTJZQOSVYKXPLDMXBJRJMLNOMEOJNUBPNKODBGAZSXODDBAEMTQYGFOTLEEZYFOLREQSMRREQIJTJMAVFSVMXJHKPNLOSZBLFSERLXXBFHXQTXLAPIOOTVAJIMXCNYOTSUMDRKHZREPMBBMSLBIFYIOHWNLKLZFGVRJNBQMUWBGZETTSWBXUMLDIAPSNQZTM"...) at smith_waterman.c:205
#2  0x0000555555556178 in execute (file_x_name=0x7fffffffe065 "/tmp/smith_waterman/randInputX", file_y_name=0x7fffffffe087 "/tmp/smith_waterman/randInputY") at smith_waterman.c:379
#3  0x0000555555556393 in main (argc=9, argv=0x7fffffffdc38) at smith_waterman.c:425

131	}
132	
133	double my_maxof(double a, double b, double c, double d)
134	{
135	    double ans=a;
136	    if(ans<b) ans=b;
137	    if(ans<c) ans=c;
138	    if(ans<d) ans=d;
139	    return ans;
140	}

Backtrace END
Memory content before bitflip:0x7c0x1e0x000x000x000x000x000x00
Fault Model: Single bit-flip
base address to flip value: 0x7fffffffd9f0
address max offset: 8
Memory content after  bitflip:0x7c0x1e0x000x080x000x000x000x00
frame name: smith_waterman
symbol name: i2
symbol filename: smith_waterman.c
symbol line: 168
value: 134225532
value address: 0x7fffffffd9f0
Type: The type is an integer type.
Type sizeof: 8

[INFO -- 2018-12-08 05:14:30]
Fault Injection Successful after 4.375015735626221s
[INFO -- 2018-12-08 05:14:30]
event type: exit
[INFO -- 2018-12-08 05:14:30]
exit code: 0
