[INFO -- 2018-12-03 16:55:03]
Starting flip_value script
version: 1.1
[INFO -- 2018-12-03 16:55:03]
Initialization strings:
[INFO -- 2018-12-03 16:55:03]
(1) file /tmp/smith_waterman/smith_waterman
[INFO -- 2018-12-03 16:55:03]
(2) set args -x /tmp/smith_waterman/randInputX -y /tmp/smith_waterman/randInputY -o /tmp/smith_waterman/output -z /tmp/smith_waterman/detected.log
[INFO -- 2018-12-03 16:55:03]
initSignal:0
[INFO -- 2018-12-03 16:55:03]
endSignal:6
[INFO -- 2018-12-03 16:55:03]
faultModel:0
[INFO -- 2018-12-03 16:55:05]
Backtrace BEGIN:
#0  my_maxof (a=-1, b=-2, c=-2, d=0) at smith_waterman.c:72
#1  0x00005555555551de in smith_waterman (x_num=15000, x_num2=15000, y_num=13050, y_num2=13050, str_x=0x5555557586c0 "XNUVJVIZVXWDDAYHRNVYRXUDIZTIPTHMJBHSYRRTRNYUPWBGMYEDVAJDZEOOYVAHYJBXDVSUKROAPRGBPNHMNQRNWHDUCGDDRHAUCUOOLEODXXEMMNABFSQCBUYEACJRLJONFCDTJUWGRCVFQVGXPXZRRYXTCGKNRACYDFROZPWSSRXKPEHGBJZUHWNJEZWXAAWFFPTH"..., str_y=0x55555575c170 "XNUJJVIVVWDDDYYHNNVRRXUIITTIPHHMJBSYYRTTRYYUPWBGYYDVVAJDZEOYYAAYJJBDVSUKKROPPRBBPNHNQQNNWHDCGGDDRAUCUOOLLEODXXMMMNABFSQCBUEECJJLJJNFCCDTUWWGCCVFQVGXPZZRYYXCCGNRAAYDDFROZPSSSXKPPEHBJZZHHWJEEWWXAWWFFTTH"...) at smith_waterman.c:136
#2  0x0000555555555e41 in execute (file_x_name=0x7fffffffe0b4 "/tmp/smith_waterman/randInputX", file_y_name=0x7fffffffe0d6 "/tmp/smith_waterman/randInputY") at smith_waterman.c:304
#3  0x000055555555605e in main (argc=9, argv=0x7fffffffdc88) at smith_waterman.c:350

67	
68	double my_maxof(double a, double b, double c, double d)
69	{
70	    double ans=a;
71	    if(ans<b) ans=b;
72	    if(ans<c) ans=c;
73	    if(ans<d) ans=d;
74	    return ans;
75	}
76	

Backtrace END
Fliping a bit of the pointer
Memory content before bitflip:0x000x000x000x000x000x000x000x00
Fault Model: Single bit-flip
base address to flip value: 0x7fffffffda70
address max offset: 8
Memory content after  bitflip:0x000x000x000x000x000x100x000x00
frame name: smith_waterman
symbol name: alignmentA
symbol filename: smith_waterman.c
symbol line: 178
value: 0x0
value address: 0x7fffffffda70
Type: The type is a pointer.
Type sizeof: 8

[INFO -- 2018-12-03 16:55:05]
Fault Injection Successful after 2.66286563873291s
[INFO -- 2018-12-03 16:55:09]
event type: exit
[INFO -- 2018-12-03 16:55:09]
exit code: 0
