[INFO -- 2018-12-08 10:06:36]
Starting flip_value script
version: 1.1
[INFO -- 2018-12-08 10:06:36]
Initialization strings:
[INFO -- 2018-12-08 10:06:36]
(1) file /tmp/smith_waterman/smith_waterman
[INFO -- 2018-12-08 10:06:36]
(2) set args -x /tmp/smith_waterman/randInputX -y /tmp/smith_waterman/randInputY -o /tmp/smith_waterman/output -z /tmp/smith_waterman/detected.log
[INFO -- 2018-12-08 10:06:36]
initSignal:0
[INFO -- 2018-12-08 10:06:36]
endSignal:6
[INFO -- 2018-12-08 10:06:36]
faultModel:1
[INFO -- 2018-12-08 10:06:38]
Backtrace BEGIN:
#0  test_globals () at smith_waterman.c:75
#1  0x0000555555555371 in smith_waterman (x_num=15000, x_num2=15000, y_num=13950, y_num2=13950, str_x=0x5555557586c0 "DNXPSFCWYSWERNEXRLUUGFXIIPCWCXQFNQXFVZBVTAZLPFKHQFBWKBHUSLQUJHAWZZDUAGPTIREYWRHNWKLILSCDEUAPBANABQWBYOUHFBHBSOOQYCYMUCRAWRPATCCUUBXTPSCUTJVNZMDXODLIHFLFWAHSDKOXLMSAGUWBDROCDTCTWPEFUPKTPSLUEZURLMTTHPUM"..., str_y=0x55555575c170 "DXXPSFWWYSERNNERLLUGGXIIPCWWXXQFQXXVVZBTAAZPPKKHFBBWBHHSSQQJJHAZZDDAGGPTREYWWRHWKKLILCDEEAPBBANBQQWYOUHHBHBBSOOYCYMMCRAWRPATCCUUBBXPPSUTTVVZMDXODLIIHLFWWHSDKOXLMSAGGUBDDOCDDCTTPEFUUPKPSLUEZURRMMTHPUMI"...) at smith_waterman.c:202
#2  0x0000555555556178 in execute (file_x_name=0x7fffffffe065 "/tmp/smith_waterman/randInputX", file_y_name=0x7fffffffe087 "/tmp/smith_waterman/randInputY") at smith_waterman.c:379
#3  0x0000555555556393 in main (argc=9, argv=0x7fffffffdc38) at smith_waterman.c:425

70	
71	
72	    exit(0); // ocorreu SDC
73	}
74	
75	void test_globals(){
76		if( (match_score != match_score2) || (gap_score != gap_score2) || (mismatch_score != mismatch_score2) )
77	    {
78			sdc_exit();
79	    }

Backtrace END
Fliping a bit of the value pointed by a pointer
Memory content before bitflip:0x8b
Fault Model: Double bit-flip
base address to flip value: 0x7ffff7a722eb  
address max offset: 1
Memory content after  bitflip:0x8d
frame name: smith_waterman
symbol name: alignmentB
symbol filename: smith_waterman.c
symbol line: 253
value: 0x7ffff7a722eb <__GI__IO_setb+75> "\215\003\213L$\034H\213T$\020H\213t$\b\353\272\017\037"
value address: 0x7fffffffda38
Type: The type is a pointer.
Type sizeof: 8

[INFO -- 2018-12-08 10:06:38]
Fault Injection Successful after 2.9106550216674805s
[INFO -- 2018-12-08 10:06:44]
event type: exit
[INFO -- 2018-12-08 10:06:44]
exit code: 0
