[INFO -- 2018-12-08 12:52:22]
Starting flip_value script
version: 1.1
[INFO -- 2018-12-08 12:52:22]
Initialization strings:
[INFO -- 2018-12-08 12:52:22]
(1) file /tmp/smith_waterman/smith_waterman
[INFO -- 2018-12-08 12:52:22]
(2) set args -x /tmp/smith_waterman/randInputX -y /tmp/smith_waterman/randInputY -o /tmp/smith_waterman/output -z /tmp/smith_waterman/detected.log
[INFO -- 2018-12-08 12:52:22]
initSignal:0
[INFO -- 2018-12-08 12:52:22]
endSignal:6
[INFO -- 2018-12-08 12:52:22]
faultModel:0
[INFO -- 2018-12-08 12:52:24]
Backtrace BEGIN:
#0  0x0000555555555069 in check_index (i=9500, j=9500) at smith_waterman.c:154
#1  0x0000555555555367 in smith_waterman (x_num=13050, x_num2=13050, y_num=15000, y_num2=15000, str_x=0x5555557586c0 "OPPIVRYRVVLVBQXXMLTUOOROOWWGGBWTRWDOOBGGOBBMTTGGWZANNOOHKBBNNMJJIMOOQWIEEWRRTXZZWBBTMWWBZZRRYCFFOVVGGQLQOEEWWMCYOOXFTJJSVCYVEFFEUNBTDOOUSXQWJUXXRKKKVQESSENNYSSLLVVKLSGERWAASZZCJJJIIAATEQTTKNDRJKKUEEAA"..., str_y=0x55555575b9d0 "OQPZIVRYRVLVBUQXTMLTUORLOPWYGBCWTRWDONBGKOBMLTLGGWZANQOBHKBONGMJZIMOXQWIEZWRTHXZGWBTMPWWBZMRFYCFJOVGGRQLQOELWCMCYOXNFTJJSVCYVEFEUANBTDOLUSXQWJUXZRKHKVQESSENYJSSLHVGKLSGERWAASZCJLJVIZAATEQTQKNDRJKDUEKA"...) at smith_waterman.c:201
#2  0x0000555555556178 in execute (file_x_name=0x7fffffffe065 "/tmp/smith_waterman/randInputX", file_y_name=0x7fffffffe087 "/tmp/smith_waterman/randInputY") at smith_waterman.c:379
#3  0x0000555555556393 in main (argc=9, argv=0x7fffffffdc38) at smith_waterman.c:425

149	
150	void check_index(int i, int j){
151	    if(i != j){
152	        sdc_exit();
153	    }
154	}
155	
156	char *smith_waterman(long x_num, long x_num2, long y_num, long y_num2, char* str_x, char* str_y)
157	{
158	    if(x_num != x_num2){        

Backtrace END
Memory content before bitflip:0x000xc80x8e0x3c0xcf0x940xa00x79
Fault Model: Single bit-flip
base address to flip value: 0x7fffffffda48
address max offset: 8
Memory content after  bitflip:0x000xc00x8e0x3c0xcf0x940xa00x79
frame name: smith_waterman
symbol name: height
symbol filename: smith_waterman.c
symbol line: 227
value: 8764168492658114560
value address: 0x7fffffffda48
Type: The type is an integer type.
Type sizeof: 8

[INFO -- 2018-12-08 12:52:24]
Fault Injection Successful after 2.242292642593384s
[INFO -- 2018-12-08 12:52:29]
event type: exit
[INFO -- 2018-12-08 12:52:29]
exit code: 0
