[INFO -- 2018-12-05 11:48:51]
Starting flip_value script
version: 1.1
[INFO -- 2018-12-05 11:48:51]
Initialization strings:
[INFO -- 2018-12-05 11:48:51]
(1) file /tmp/smith_waterman/smith_waterman
[INFO -- 2018-12-05 11:48:51]
(2) set args -x /tmp/smith_waterman/randInputX -y /tmp/smith_waterman/randInputY -o /tmp/smith_waterman/output -z /tmp/smith_waterman/detected.log
[INFO -- 2018-12-05 11:48:51]
initSignal:0
[INFO -- 2018-12-05 11:48:51]
endSignal:6
[INFO -- 2018-12-05 11:48:51]
faultModel:2
[INFO -- 2018-12-05 11:48:53]
Backtrace BEGIN:
#0  0x0000555555554d31 in my_maxof (a=2512, b=2509, c=2514, d=0) at smith_waterman.c:71
#1  0x0000555555555202 in smith_waterman (x_num=14400, x_num2=14400, y_num=15000, y_num2=15000, str_x=0x5555557586c0 "NIXJJIYYIFJJTSWIGCCJJYNOLXPQVCEKMDVVZZTWEDFZVDHDGVGTTTFFSXPPDBPPFYMTFFPEIFFGZJJHKPZELILFJKMMWWTTXMMWVDFZZLYXXXGJHHZZRAFBLCNZATSXGGUFLLLKGYFFXQPMZERRUUSUWHXXCNULVQGGPDQVEADTTSNWWDLFXFZPSSRRHNECXXKVACQG"..., str_y=0x55555575bf10 "NIXLJICYIFJJTSWIGCMCJYNOLXPQVCEKMDXVMZTWEDFZVDHDGVGRTTHFSZXPDBBPFYMTZFPEIUFGZNJHKPZELILFJKVMMWDTXPMWVDCFZILYXXGJOHPZRAFBLCNZATSXIGUFLWLKGYKFXQPMZENRHUSUWHTXCNULVQQGPDQVEADBTSNUWDLFXFZUPSTRHNECEXKVACQG"...) at smith_waterman.c:141
#2  0x0000555555555e65 in execute (file_x_name=0x7fffffffe0b4 "/tmp/smith_waterman/randInputX", file_y_name=0x7fffffffe0d6 "/tmp/smith_waterman/randInputY") at smith_waterman.c:309
#3  0x0000555555556082 in main (argc=9, argv=0x7fffffffdc88) at smith_waterman.c:355

66	}
67	
68	double my_maxof(double a, double b, double c, double d)
69	{
70	    double ans=a;
71	    if(ans<b) ans=b;
72	    if(ans<c) ans=c;
73	    if(ans<d) ans=d;
74	    return ans;
75	}

Backtrace END
Memory content before bitflip:0x000x000x000x000x000x000xf00x3f
Fault Model: Random bit-flip
base address to flip value: 0x555555757018 
address max offset: 8
Memory content after  bitflip:0x730xa10x680x3c0x070x350x180x0d
frame name: execute
symbol name: match_score2
symbol filename: smith_waterman.c
symbol line: 8
value: 1.3848637857157349e-245
value address: 0x555555757018 <match_score2>
Type: A floating point type.
Type sizeof: 8

[INFO -- 2018-12-05 11:48:53]
Fault Injection Successful after 2.636488676071167s
[INFO -- 2018-12-05 11:48:57]
event type: exit
[INFO -- 2018-12-05 11:48:57]
exit code: 0
