[INFO -- 2018-12-05 23:08:34]
Starting flip_value script
version: 1.1
[INFO -- 2018-12-05 23:08:34]
Initialization strings:
[INFO -- 2018-12-05 23:08:34]
(1) file /tmp/smith_waterman/smith_waterman
[INFO -- 2018-12-05 23:08:34]
(2) set args -x /tmp/smith_waterman/randInputX -y /tmp/smith_waterman/randInputY -o /tmp/smith_waterman/output -z /tmp/smith_waterman/detected.log
[INFO -- 2018-12-05 23:08:34]
initSignal:0
[INFO -- 2018-12-05 23:08:34]
endSignal:6
[INFO -- 2018-12-05 23:08:34]
faultModel:2
[INFO -- 2018-12-05 23:08:38]
Backtrace BEGIN:
#0  smith_waterman (x_num=15000, x_num2=15000, y_num=10200, y_num2=10200, str_x=0x5555557586c0 "UYSBZEDUESXVUGLTTBIEPRWRMJYXPXLJVDNXIQTOIQJFYXARAIWPBUHNDFMSCYEADRZNJSBUINBIMBZMMXBNSKDVSPQWNUWTNVGWPKQZZTHLVHXJGAYYNBWFRMBGIABVXITNSMMTFWECFDLLFMKSNIZGWDPEDQBCYURSGGLMCRQHUESAQEUDMWKIZBOERPGQMAKSGYGI"..., str_y=0x55555575c170 "UYSBZEDUESVUGGLTBBIPPWWRJJYPXLJVVDXIITTIQQJYYAARAIWBBUHNDFMSCYEARZNNJSBUNBBIMBMMXBNSKDDVSQWNNWTNNVWPKKZZZTHLVHJJAAYNBBWFRBGIIAVXITNSSMTFFWCFFLLLMMSSNIGWWDPDDQCYYURGGLLCCQHUUESAEEUMWKIIBBEERGQMAKKSGYGI"...) at smith_waterman.c:168
#1  0x0000555555555e65 in execute (file_x_name=0x7fffffffe0b4 "/tmp/smith_waterman/randInputX", file_y_name=0x7fffffffe0d6 "/tmp/smith_waterman/randInputY") at smith_waterman.c:309
#2  0x0000555555556082 in main (argc=9, argv=0x7fffffffdc88) at smith_waterman.c:355

163	
164	    i2 = 0;
165	    for(i=0; i<height+1; i++){
166	        check_index(i, i2);
167	        for(j=0; j<width+1; j++){
168	            if(i==0 && j==0){
169	                maxValue = matrix[i][j];
170	                y = i;
171	                x = j;
172	            }

Backtrace END
Fliping a bit of the pointer
Memory content before bitflip:0xb40xe00xff0xff0xff0x7f0x000x00
Fault Model: Random bit-flip
base address to flip value: 0x7fffffffdb68
address max offset: 8
Memory content after  bitflip:0x350xec0xd00xe50x680x6c0xb10x98
frame name: main
symbol name: file_x_name
symbol filename: smith_waterman.c
symbol line: 319
value: 0x7fffffffe0b4 "/tmp/smith_waterman/randInputX"
value address: 0x7fffffffdb68
Type: The type is a pointer.
Type sizeof: 8

[INFO -- 2018-12-05 23:08:38]
Fault Injection Successful after 4.796811580657959s
[INFO -- 2018-12-05 23:08:38]
event type: exit
[INFO -- 2018-12-05 23:08:38]
exit code: 0
