[INFO -- 2018-12-08 23:08:38]
Starting flip_value script
version: 1.1
[INFO -- 2018-12-08 23:08:38]
Initialization strings:
[INFO -- 2018-12-08 23:08:38]
(1) file /tmp/smith_waterman/smith_waterman
[INFO -- 2018-12-08 23:08:38]
(2) set args -x /tmp/smith_waterman/randInputX -y /tmp/smith_waterman/randInputY -o /tmp/smith_waterman/output -z /tmp/smith_waterman/detected.log
[INFO -- 2018-12-08 23:08:38]
initSignal:0
[INFO -- 2018-12-08 23:08:38]
endSignal:6
[INFO -- 2018-12-08 23:08:38]
faultModel:2
[INFO -- 2018-12-08 23:08:40]
Backtrace BEGIN:
#0  0x0000555555554f9d in my_maxof (a=0, b=-1, c=-2, d=0) at smith_waterman.c:134
#1  0x00005555555554a5 in smith_waterman (x_num=10200, x_num2=10200, y_num=15000, y_num2=15000, str_x=0x5555557586c0 "VJJPPOKKZRRZZZSGGKZZNROHHFUUJJDRPNQGDGQEXJDIIXGPMQZZQJPPXXTLZEEXWWDDDVAAFAAPGGGJXXQGAAQYYLKGKOEYLRROOOMMOQNNWIXWHNNMMFNSSZTFOFFZGXPLLFZAYBUULMSSYIJLNWXYYSKMPQNYPELALNCJSSEBGZHHEESWRRDBQNBBGBBXGPRRCCBS"..., str_y=0x55555575aeb0 "VEJZPOOKZRRZAZSGGNKZNYROHFIUWJDRPNQGDGQEXJDXIXGPMQQZQJPZPXTLGZEXMWDRDVVAFAAPXGGJYXLQGAQXYLKGKOEYLHROFOQMOQBNWIXWHKNPMFNKSZTFOXFZGXPNLFZAYBPULMTSYIJLNWXFYSKMPQNYPELALNCJOSEBGZTHHESWDRDBKQNBGCBXGPZRCCBS"...) at smith_waterman.c:205
#2  0x0000555555556178 in execute (file_x_name=0x7fffffffe065 "/tmp/smith_waterman/randInputX", file_y_name=0x7fffffffe087 "/tmp/smith_waterman/randInputY") at smith_waterman.c:379
#3  0x0000555555556393 in main (argc=9, argv=0x7fffffffdc38) at smith_waterman.c:425

129	        exit(0);
130	    }
131	}
132	
133	double my_maxof(double a, double b, double c, double d)
134	{
135	    double ans=a;
136	    if(ans<b) ans=b;
137	    if(ans<c) ans=c;
138	    if(ans<d) ans=d;

Backtrace END
Fliping a bit of the pointer
Memory content before bitflip:0xeb0x220xa70xf70xff0x7f0x000x00
Fault Model: Random bit-flip
base address to flip value: 0x7fffffffda38
address max offset: 8
Memory content after  bitflip:0xb70xd80x520xcf0x800xd10x8f0xa7
frame name: smith_waterman
symbol name: alignmentB
symbol filename: smith_waterman.c
symbol line: 253
value: 0x7ffff7a722eb <__GI__IO_setb+75> "\213\003\213L$\034H\213T$\020H\213t$\b\353\272\017\037"
value address: 0x7fffffffda38
Type: The type is a pointer.
Type sizeof: 8

[INFO -- 2018-12-08 23:08:40]
Fault Injection Successful after 2.3674509525299072s
[INFO -- 2018-12-08 23:08:44]
event type: exit
[INFO -- 2018-12-08 23:08:44]
exit code: 0
