[INFO -- 2018-12-08 06:11:03]
Starting flip_value script
version: 1.1
[INFO -- 2018-12-08 06:11:03]
Initialization strings:
[INFO -- 2018-12-08 06:11:03]
(1) file /tmp/smith_waterman/smith_waterman
[INFO -- 2018-12-08 06:11:03]
(2) set args -x /tmp/smith_waterman/randInputX -y /tmp/smith_waterman/randInputY -o /tmp/smith_waterman/output -z /tmp/smith_waterman/detected.log
[INFO -- 2018-12-08 06:11:03]
initSignal:0
[INFO -- 2018-12-08 06:11:03]
endSignal:6
[INFO -- 2018-12-08 06:11:03]
faultModel:1
[INFO -- 2018-12-08 06:11:06]
Backtrace BEGIN:
#0  test_globals () at smith_waterman.c:75
#1  0x0000555555555371 in smith_waterman (x_num=13350, x_num2=13350, y_num=15000, y_num2=15000, str_x=0x5555557586c0 "CZPWWHDZZJJZOOSVYKXPDMMXBJRJMLNMMOOJUUBPNKODBGZSSXODDBAETTQYFFOTLEZZFFOLEEQMMRRQQITTJMAVFVMMXJHKPNOOSZLLFEERXXXFFHQTXLLAPIOTTVAIIMCCYOOTUUMRRHHZREMMBBMLBBIFIOHHWNLKLFGGVJJBBMUUWBGETTTWWBXUMLIAAPSNQZMM"..., str_y=0x55555575baf0 "CZPYWHDQZTJZQOSVYKXPLDMXBJRJMLNOMEOJNUBPNKODBGAZSXODDBAEMTQYGFOTLEEZYFOLREQSMRREQIJTJMAVFSVMXJHKPNLOSZBLFSERLXXBFHXQTXLAPIOOTVAJIMXCNYOTSUMDRKHZREPMBBMSLBIFYIOHWNLKLZFGVRJNBQMUWBGZETTSWBXUMLDIAPSNQZTM"...) at smith_waterman.c:202
#2  0x0000555555556178 in execute (file_x_name=0x7fffffffe065 "/tmp/smith_waterman/randInputX", file_y_name=0x7fffffffe087 "/tmp/smith_waterman/randInputY") at smith_waterman.c:379
#3  0x0000555555556393 in main (argc=9, argv=0x7fffffffdc38) at smith_waterman.c:425

70	
71	
72	    exit(0); // ocorreu SDC
73	}
74	
75	void test_globals(){
76		if( (match_score != match_score2) || (gap_score != gap_score2) || (mismatch_score != mismatch_score2) )
77	    {
78			sdc_exit();
79	    }

Backtrace END
Memory content before bitflip:0x300xdc0xff0xff0xff0x7f0x000x00
Fault Model: Double bit-flip
base address to flip value: 0x7fffffffda70
address max offset: 8
Memory content after  bitflip:0x300xdc0xff0xff0xcf0x7f0x000x00
frame name: smith_waterman
symbol name: scoreDiag
symbol filename: smith_waterman.c
symbol line: 255
value: 6.9431702275854116e-310
value address: 0x7fffffffda70
Type: A floating point type.
Type sizeof: 8

[INFO -- 2018-12-08 06:11:06]
Fault Injection Successful after 3.3883304595947266s
[INFO -- 2018-12-08 06:11:10]
event type: exit
[INFO -- 2018-12-08 06:11:10]
exit code: 0
