[INFO -- 2018-12-04 14:58:03]
sending 5 signals using command: 'killall -2 smith_waterman' after 5.47298935835s
[INFO -- 2018-12-04 14:58:03]
sending 5 signals using command: 'killall -2 smith_waterman' after 5.88436586952s
[INFO -- 2018-12-04 14:58:03]
sending 5 signals using command: 'killall -2 smith_waterman' after 5.96633638615s
[INFO -- 2018-12-04 14:58:03]
Starting GDB script
[INFO -- 2018-12-04 14:58:03]
initSignal:0.0
[INFO -- 2018-12-04 14:58:03]
endSignal:6.0
[INFO -- 2018-12-04 14:58:04]
sending 5 signals using command: 'killall -2 smith_waterman' after 0.0324947002541s
[INFO -- 2018-12-04 14:58:06]
sending 5 signals using command: 'killall -2 smith_waterman' after 2.43342907319s
[INFO -- 2018-12-04 14:58:06]
sending 5 signals using command: 'killall -2 smith_waterman' after 2.60561882951s
[INFO -- 2018-12-04 14:58:10]
Execution finished before waitTime
