[INFO -- 2018-12-09 14:24:06]
Starting flip_value script
version: 1.1
[INFO -- 2018-12-09 14:24:06]
Initialization strings:
[INFO -- 2018-12-09 14:24:06]
(1) file /tmp/smith_waterman/smith_waterman
[INFO -- 2018-12-09 14:24:06]
(2) set args -x /tmp/smith_waterman/randInputX -y /tmp/smith_waterman/randInputY -o /tmp/smith_waterman/output -z /tmp/smith_waterman/detected.log
[INFO -- 2018-12-09 14:24:06]
initSignal:0
[INFO -- 2018-12-09 14:24:06]
endSignal:6
[INFO -- 2018-12-09 14:24:06]
faultModel:1
[INFO -- 2018-12-09 14:24:07]
Backtrace BEGIN:
#0  0x0000555555554fb1 in my_maxof (a=44, b=41, c=44, d=0) at smith_waterman.c:135
#1  0x00005555555554a5 in smith_waterman (x_num=14100, x_num2=14100, y_num=15000, y_num2=15000, str_x=0x5555557586c0 "FFQQMUJJLGUXXFINNXXEEAYUUMHHXZTTPPJXFHRNNDKPCSSNNTTTNURFFFQCSVTHGGRLLYCDZZTEEYRRTMHHNDQIJVVBSSIZZEMEENNZZCCEECWXIIGNZZXIIZJJTTTFPHHJWTTVVWZZSSUCHFRGGOQIIZZCGVWMMZZCBUUZQQQLLKKPHRHZZGJJHNNCCKORRYRTTSSJ"..., str_y=0x55555575bde0 "TFOQLMUJLGUEXMFINKXOEWAYUJMHXCZTKPJXDFHRNDVKPCSFNPTTNURHFFQCHSVTHGRLLYCADZKTECYRTRMHNDQSIJVRBSLIZEVMEZNHZZCFECWXWIGJNZCXIZOJTBTSFPHJQWTPVVWZYSZUCHFRGHOQIFZCGVWOMFZCBSUZQQYQLZKPHRHPZVGJAHNJCKZORYRTTLSJ"...) at smith_waterman.c:205
#2  0x0000555555556178 in execute (file_x_name=0x7fffffffe065 "/tmp/smith_waterman/randInputX", file_y_name=0x7fffffffe087 "/tmp/smith_waterman/randInputY") at smith_waterman.c:379
#3  0x0000555555556393 in main (argc=9, argv=0x7fffffffdc38) at smith_waterman.c:425

130	    }
131	}
132	
133	double my_maxof(double a, double b, double c, double d)
134	{
135	    double ans=a;
136	    if(ans<b) ans=b;
137	    if(ans<c) ans=c;
138	    if(ans<d) ans=d;
139	    return ans;

Backtrace END
Memory content before bitflip:0x4e0x080x000x000x4e0x080x000x00
Fault Model: Double bit-flip
base address to flip value: 0x7fffffffd998
address max offset: 8
Memory content after  bitflip:0x4e0x080x000x000x4e0x080x000x05
frame name: my_maxof
symbol name: ans
symbol filename: smith_waterman.c
symbol line: 135
value: 1.3477015706874495e-284
value address: 0x7fffffffd998
Type: A floating point type.
Type sizeof: 8

[INFO -- 2018-12-09 14:24:07]
Fault Injection Successful after 1.3853535652160645s
[INFO -- 2018-12-09 14:24:14]
event type: exit
[INFO -- 2018-12-09 14:24:14]
exit code: 0
