[INFO -- 2018-12-09 12:13:11]
Starting flip_value script
version: 1.1
[INFO -- 2018-12-09 12:13:11]
Initialization strings:
[INFO -- 2018-12-09 12:13:11]
(1) file /tmp/smith_waterman/smith_waterman
[INFO -- 2018-12-09 12:13:11]
(2) set args -x /tmp/smith_waterman/randInputX -y /tmp/smith_waterman/randInputY -o /tmp/smith_waterman/output -z /tmp/smith_waterman/detected.log
[INFO -- 2018-12-09 12:13:11]
initSignal:0
[INFO -- 2018-12-09 12:13:11]
endSignal:6
[INFO -- 2018-12-09 12:13:11]
faultModel:1
[INFO -- 2018-12-09 12:13:12]
Backtrace BEGIN:
#0  test_globals () at smith_waterman.c:80
#1  0x0000555555555371 in smith_waterman (x_num=14100, x_num2=14100, y_num=15000, y_num2=15000, str_x=0x5555557586c0 "FFQQMUJJLGUXXFINNXXEEAYUUMHHXZTTPPJXFHRNNDKPCSSNNTTTNURFFFQCSVTHGGRLLYCDZZTEEYRRTMHHNDQIJVVBSSIZZEMEENNZZCCEECWXIIGNZZXIIZJJTTTFPHHJWTTVVWZZSSUCHFRGGOQIIZZCGVWMMZZCBUUZQQQLLKKPHRHZZGJJHNNCCKORRYRTTSSJ"..., str_y=0x55555575bde0 "TFOQLMUJLGUEXMFINKXOEWAYUJMHXCZTKPJXDFHRNDVKPCSFNPTTNURHFFQCHSVTHGRLLYCADZKTECYRTRMHNDQSIJVRBSLIZEVMEZNHZZCFECWXWIGJNZCXIZOJTBTSFPHJQWTPVVWZYSZUCHFRGHOQIFZCGVWOMFZCBSUZQQYQLZKPHRHPZVGJAHNJCKZORYRTTLSJ"...) at smith_waterman.c:202
#2  0x0000555555556178 in execute (file_x_name=0x7fffffffe065 "/tmp/smith_waterman/randInputX", file_y_name=0x7fffffffe087 "/tmp/smith_waterman/randInputY") at smith_waterman.c:379
#3  0x0000555555556393 in main (argc=9, argv=0x7fffffffdc38) at smith_waterman.c:425

75	void test_globals(){
76		if( (match_score != match_score2) || (gap_score != gap_score2) || (mismatch_score != mismatch_score2) )
77	    {
78			sdc_exit();
79	    }
80	}
81	
82	void sizeof_string(FILE* fpx, FILE* fpy, long* x_num, long* y_num)
83	{
84	    *x_num=0;

Backtrace END
Fliping a bit of the pointer
Memory content before bitflip:0x000x000x000x000x000x000x000x00
Fault Model: Double bit-flip
base address to flip value: 0x7fffffffdaf0
address max offset: 8
Memory content after  bitflip:0x000x000x900x000x000x000x000x00
frame name: execute
symbol name: answer
symbol filename: smith_waterman.c
symbol line: 379
value: 0x0
value address: 0x7fffffffdaf0
Type: The type is a pointer.
Type sizeof: 8

[INFO -- 2018-12-09 12:13:12]
Fault Injection Successful after 1.2470269203186035s
[INFO -- 2018-12-09 12:13:19]
event type: exit
[INFO -- 2018-12-09 12:13:19]
exit code: 0
