[INFO -- 2018-12-05 23:01:41]
Starting flip_value script
version: 1.1
[INFO -- 2018-12-05 23:01:41]
Initialization strings:
[INFO -- 2018-12-05 23:01:41]
(1) file /tmp/smith_waterman/smith_waterman
[INFO -- 2018-12-05 23:01:41]
(2) set args -x /tmp/smith_waterman/randInputX -y /tmp/smith_waterman/randInputY -o /tmp/smith_waterman/output -z /tmp/smith_waterman/detected.log
[INFO -- 2018-12-05 23:01:41]
initSignal:0
[INFO -- 2018-12-05 23:01:41]
endSignal:6
[INFO -- 2018-12-05 23:01:41]
faultModel:0
[INFO -- 2018-12-05 23:01:45]
Backtrace BEGIN:
#0  malloc (n=13) at dl-minimal.c:50
#1  <function called from gdb>
#2  0x00007ffff7affab7 in munmap () at ../sysdeps/unix/syscall-template.S:78
#3  0x00007ffff7a7bbef in munmap_chunk (p=0x7fffaea66000) at malloc.c:2854
#4  __GI___libc_free (mem=0x7fffaea66010) at malloc.c:3117
#5  0x0000555555555d16 in smith_waterman (x_num=15000, x_num2=15000, y_num=10200, y_num2=10200, str_x=0x5555557586c0 "UYSBZEDUESXVUGLTTBIEPRWRMJYXPXLJVDNXIQTOIQJFYXARAIWPBUHNDFMSCYEADRZNJSBUINBIMBZMMXBNSKDVSPQWNUWTNVGWPKQZZTHLVHXJGAYYNBWFRMBGIABVXITNSMMTFWECFDLLFMKSNIZGWDPEDQBCYURSGGLMCRQHUESAQEUDMWKIZBOERPGQMAKSGYGI"..., str_y=0x55555575c170 "UYSBZEDUESVUGGLTBBIPPWWRJJYPXLJVVDXIITTIQQJYYAARAIWBBUHNDFMSCYEARZNNJSBUNBBIMBMMXBNSKDDVSQWNNWTNNVWPKKZZZTHLVHJJAAYNBBWFRBGIIAVXITNSSMTFFWCFFLLLMMSSNIGWWDPDDQCYYURGGLLCCQHUUESAEEUMWKIIBBEERGQMAKKSGYGI"...) at smith_waterman.c:290
#6  0x0000555555555e65 in execute (file_x_name=0x7fffffffe0b4 "/tmp/smith_waterman/randInputX", file_y_name=0x7fffffffe0d6 "/tmp/smith_waterman/randInputY") at smith_waterman.c:309
#7  0x0000555555556082 in main (argc=9, argv=0x7fffffffdc88) at smith_waterman.c:355

45	dl-minimal.c: No such file or directory.

Backtrace END
Fliping a bit of the pointer
Memory content before bitflip:0xd00x4b0x790x550x550x550x000x00
Fault Model: Single bit-flip
base address to flip value: 0x7fffffffda98
address max offset: 8
Memory content after  bitflip:0xd00x4b0x790x550x450x550x000x00
frame name: smith_waterman
symbol name: alignmentAcopy
symbol filename: smith_waterman.c
symbol line: 183
value: 0x555555794bd0 "\240\374\334\367\377\177"
value address: 0x7fffffffda98
Type: The type is a pointer.
Type sizeof: 8

[INFO -- 2018-12-05 23:01:45]
Fault Injection Successful after 4.842482805252075s
[INFO -- 2018-12-05 23:01:45]
event type: exit
[INFO -- 2018-12-05 23:01:45]
exit code: 0
