[INFO -- 2018-12-09 07:32:31]
Starting flip_value script
version: 1.1
[INFO -- 2018-12-09 07:32:31]
Initialization strings:
[INFO -- 2018-12-09 07:32:31]
(1) file /tmp/smith_waterman/smith_waterman
[INFO -- 2018-12-09 07:32:31]
(2) set args -x /tmp/smith_waterman/randInputX -y /tmp/smith_waterman/randInputY -o /tmp/smith_waterman/output -z /tmp/smith_waterman/detected.log
[INFO -- 2018-12-09 07:32:31]
initSignal:0
[INFO -- 2018-12-09 07:32:31]
endSignal:6
[INFO -- 2018-12-09 07:32:31]
faultModel:2
[EXCEPTION -- 2018-12-09 07:32:34]
pythonException: invalid literal for int() with base 16: '0x55555575c170 ...'
[INFO -- 2018-12-09 07:32:34]
Backtrace BEGIN:
#0  0x0000555555554fd6 in my_maxof (a=2582, b=2584, c=2579, d=0) at smith_waterman.c:137
#1  0x00005555555554a5 in smith_waterman (x_num=15000, x_num2=15000, y_num=13950, y_num2=13950, str_x=0x5555557586c0 "CURXHYKGNIGVHRCAVGLNNTOVQMBTDDBFZUFIUPPKXVFGMHHJNUWANKYDYZWDEZJFVONQFCAEZHMNQTWDOUFBHDFHEDLKFUPAKDSRHSXJBJWRDTWTPCUWHBEMHPYMLOOXTHQCBNLDYIWDDTWSVTREWVSDMRRZFIYAPOCSDQXBAUHFNDZKYQOVNHABYUAFCYHTOLLRBLVD"..., str_y=0x55555575c170 "URXHYKGNIIVHRCCVGGLNTTVQMBTTDBFFZFFUPPPXVFFMHHJNUWANKYYYZWWEZJFVVOQFCAEZZHMNTTWOUFBHDFHEDLKFUPAKDSRHSXJJBWRDDWTTCUWHBEMHHYYLOOXTHQQBNLDYIWDDDWWVTTEWVVDDRRZFFYAPPCSDQXBAUHFNNZKYQOVNHABYYAFCCHTOLLRBLVVF"...) at smith_waterman.c:205
#2  0x0000555555556178 in execute (file_x_name=0x7fffffffe065 "/tmp/smith_waterman/randInputX", file_y_name=0x7fffffffe087 "/tmp/smith_waterman/randInputY") at smith_waterman.c:379
#3  0x0000555555556393 in main (argc=9, argv=0x7fffffffdc38) at smith_waterman.c:425

132	
133	double my_maxof(double a, double b, double c, double d)
134	{
135	    double ans=a;
136	    if(ans<b) ans=b;
137	    if(ans<c) ans=c;
138	    if(ans<d) ans=d;
139	    return ans;
140	}
141	

Backtrace END
Memory content before bitflip:0x000x000x000x000x000x300xa40x40
Fault Model: Random bit-flip
base address to flip value: 0x7fffffffd998
address max offset: 8
Memory content after  bitflip:0xb30x550x850x180x4e0x180x5b0x76
frame name: my_maxof
symbol name: ans
symbol filename: smith_waterman.c
symbol line: 135
value: 1.3331053306911482e+262
value address: 0x7fffffffd998
Type: A floating point type.
Type sizeof: 8

[INFO -- 2018-12-09 07:32:34]
Fault Injection Successful after 3.489838123321533s
