[INFO -- 2018-12-08 14:18:28]
Starting flip_value script
version: 1.1
[INFO -- 2018-12-08 14:18:28]
Initialization strings:
[INFO -- 2018-12-08 14:18:28]
(1) file /tmp/smith_waterman/smith_waterman
[INFO -- 2018-12-08 14:18:28]
(2) set args -x /tmp/smith_waterman/randInputX -y /tmp/smith_waterman/randInputY -o /tmp/smith_waterman/output -z /tmp/smith_waterman/detected.log
[INFO -- 2018-12-08 14:18:28]
initSignal:0
[INFO -- 2018-12-08 14:18:28]
endSignal:6
[INFO -- 2018-12-08 14:18:28]
faultModel:2
[INFO -- 2018-12-08 14:18:31]
Backtrace BEGIN:
#0  0x0000555555554fc0 in my_maxof (a=175, b=177, c=172, d=0) at smith_waterman.c:136
#1  0x00005555555554a5 in smith_waterman (x_num=15000, x_num2=15000, y_num=11250, y_num2=11250, str_x=0x5555557586c0 "AEPABPPDMMBIYNAHLRHXOBLCRUBAFZXFFOIGDXKQJLAKADRLWYIKZVMTPOVVPUCVIKBNHLFTYGFYLWMHWWSYSETHUOEKIJHSTIFDWNYUTDVEBHLXDDVXKQHGELQOUZIQIQTGDTAWWXCXEPWKVUHFKOLPCEFYDOONEJTHCWFATHXAWWMRQVYAKMROQZMVNBJTKECNCHNY"..., str_y=0x55555575c170 "AEPABPDDMMIIYNAHLRHXOBLCRBBFZZXFFIIGXXKQJLKKADRLWIKZZVMTPOVVPUCVIKBNHLFTYGFYLWMWWWYYSETHUEEKJJSSTIFDWNUUTVEEBHXXDDVXQQHGEQOOUZIQIQTGDTAWWXCXEWWKVUHKKLLPCEYYDOONETTHCFATTXXAWMMRQVAKKMROZZMVNBTTKENCCNNY"...) at smith_waterman.c:205
#2  0x0000555555556178 in execute (file_x_name=0x7fffffffe065 "/tmp/smith_waterman/randInputX", file_y_name=0x7fffffffe087 "/tmp/smith_waterman/randInputY") at smith_waterman.c:379
#3  0x0000555555556393 in main (argc=9, argv=0x7fffffffdc38) at smith_waterman.c:425

131	}
132	
133	double my_maxof(double a, double b, double c, double d)
134	{
135	    double ans=a;
136	    if(ans<b) ans=b;
137	    if(ans<c) ans=c;
138	    if(ans<d) ans=d;
139	    return ans;
140	}

Backtrace END
Memory content before bitflip:0x000x000x000x000x000xe00x650x40
Fault Model: Random bit-flip
base address to flip value: 0x7fffffffd988
address max offset: 8
Memory content after  bitflip:0x5e0x1b0x6c0xa20xad0x6e0x7b0xdf
frame name: my_maxof
symbol name: a
symbol filename: smith_waterman.c
symbol line: 133
value: -8.9796754130110756e+151
value address: 0x7fffffffd988
Type: A floating point type.
Type sizeof: 8

[INFO -- 2018-12-08 14:18:31]
Fault Injection Successful after 3.7757813930511475s
[INFO -- 2018-12-08 14:18:34]
event type: exit
[INFO -- 2018-12-08 14:18:34]
exit code: 0
