[INFO -- 2018-12-09 12:42:33]
Starting flip_value script
version: 1.1
[INFO -- 2018-12-09 12:42:33]
Initialization strings:
[INFO -- 2018-12-09 12:42:33]
(1) file /tmp/smith_waterman/smith_waterman
[INFO -- 2018-12-09 12:42:33]
(2) set args -x /tmp/smith_waterman/randInputX -y /tmp/smith_waterman/randInputY -o /tmp/smith_waterman/output -z /tmp/smith_waterman/detected.log
[INFO -- 2018-12-09 12:42:33]
initSignal:0
[INFO -- 2018-12-09 12:42:33]
endSignal:6
[INFO -- 2018-12-09 12:42:33]
faultModel:1
[INFO -- 2018-12-09 12:42:38]
Backtrace BEGIN:
#0  0x0000555555554d18 in test_globals () at smith_waterman.c:76
#1  0x0000555555555371 in smith_waterman (x_num=14100, x_num2=14100, y_num=15000, y_num2=15000, str_x=0x5555557586c0 "FFQQMUJJLGUXXFINNXXEEAYUUMHHXZTTPPJXFHRNNDKPCSSNNTTTNURFFFQCSVTHGGRLLYCDZZTEEYRRTMHHNDQIJVVBSSIZZEMEENNZZCCEECWXIIGNZZXIIZJJTTTFPHHJWTTVVWZZSSUCHFRGGOQIIZZCGVWMMZZCBUUZQQQLLKKPHRHZZGJJHNNCCKORRYRTTSSJ"..., str_y=0x55555575bde0 "TFOQLMUJLGUEXMFINKXOEWAYUJMHXCZTKPJXDFHRNDVKPCSFNPTTNURHFFQCHSVTHGRLLYCADZKTECYRTRMHNDQSIJVRBSLIZEVMEZNHZZCFECWXWIGJNZCXIZOJTBTSFPHJQWTPVVWZYSZUCHFRGHOQIFZCGVWOMFZCBSUZQQYQLZKPHRHPZVGJAHNJCKZORYRTTLSJ"...) at smith_waterman.c:202
#2  0x0000555555556178 in execute (file_x_name=0x7fffffffe065 "/tmp/smith_waterman/randInputX", file_y_name=0x7fffffffe087 "/tmp/smith_waterman/randInputY") at smith_waterman.c:379
#3  0x0000555555556393 in main (argc=9, argv=0x7fffffffdc38) at smith_waterman.c:425

71	
72	    exit(0); // ocorreu SDC
73	}
74	
75	void test_globals(){
76		if( (match_score != match_score2) || (gap_score != gap_score2) || (mismatch_score != mismatch_score2) )
77	    {
78			sdc_exit();
79	    }
80	}

Backtrace END
Fliping a bit of the pointer
Memory content before bitflip:0xc70xe00xff0xff0xff0x7f0x000x00
Fault Model: Double bit-flip
base address to flip value: 0x555555757048 
address max offset: 8
Memory content after  bitflip:0xc70x800xff0xff0xff0x7f0x000x00
frame name: test_globals
symbol name: log_name
symbol filename: smith_waterman.c
symbol line: 16
value: 0x7fffffffe0c7 "/tmp/smith_waterman/detected.log"
value address: 0x555555757048 <log_name>
Type: The type is a pointer.
Type sizeof: 8

[INFO -- 2018-12-09 12:42:38]
Fault Injection Successful after 5.589521646499634s
[INFO -- 2018-12-09 12:42:41]
event type: exit
[INFO -- 2018-12-09 12:42:41]
exit code: 0
