[INFO -- 2019-09-03 11:47:20]
Starting flip_value script
version: 1.1
[INFO -- 2019-09-03 11:47:20]
Initialization strings:
[INFO -- 2019-09-03 11:47:20]
(1) file /tmp/smith_waterman/smith_waterman
[INFO -- 2019-09-03 11:47:20]
(2) set args -x /tmp/smith_waterman/randInputX -y /tmp/smith_waterman/randInputY -o /tmp/smith_waterman/output
[INFO -- 2019-09-03 11:47:20]
initSignal:0
[INFO -- 2019-09-03 11:47:20]
endSignal:6
[INFO -- 2019-09-03 11:47:20]
faultModel:1
[INFO -- 2019-09-03 11:47:21]
Backtrace BEGIN:
#0  smith_waterman (x_num=15000, y_num=15000, str_x=0x5555557586c0 "KFFOCVVLQQSSPWPPFVMMFJJYHHEHHFTPPPJRRFJVFFNNVZAAWZNEYMMIIEPJTLAKUUEDZTXXQMUUPWWLRJVVKXCSDNJOIUSSUUQQNPOOBKRRRGESSSGRRIVXFFFFAATUWJJHBYYJCKWWSIGAAOOSWPPVSCUCBBZZAAJBBJSTTWCEIIYFXZZVBRVQQTPTXGWWGDFOOZJX"..., str_y=0x55555575c170 "KKFOLCVLQQQSPOWPFUVMCFJMYHSEHFITPPJCRFNJVFBNVZEAWZNYEYMEIELPJTLAKUEDZTMXYQMUPQWLRJLVKXCSDNJOIUOSRUXQNJPOBBKRRGEISSGCRIWVXFJFCAZTUWJKHBYJCKCWSIGKAOOSWMPVSACUCBPZZAJJBJSETWCLEIYFXOZVBQRVQTPTXGSWGDFIOZOJ"..., fo=0x555555758260) at smith_waterman.c:97
#1  0x0000555555555e38 in main (argc=7, argv=0x7fffffffde98) at smith_waterman.c:298

92	    double diff=0.0;
93	    double max_score=0.0;
94	    for(i=1; i<x_num+1; i++){
95	        for(j=1; j<y_num+1; j++){
96	            if(str_x[i-1]==str_y[j-1]){diff=match_score;}
97	            else{diff=mismatch_score;}
98	            matrix[i][j]=my_maxof(matrix[i-1][j-1]+diff, matrix[i-1][j]+gap_score, matrix[i][j-1]+gap_score,0);
99	            if(matrix[i][j]>max_score)
100	                max_score=matrix[i][j];
101	        }

Backtrace END
Memory content before bitflip:0x900x030x000x000x000x000x000x00
Fault Model: Double bit-flip
base address to flip value: 0x7fffffffdd80
address max offset: 8
Memory content after  bitflip:0x900x000x000x000x000x000x000x00
frame name: main
symbol name: t
symbol filename: smith_waterman.c
symbol line: 244
value: 144
value address: 0x7fffffffdd80
Type: The type is an integer type.
Type sizeof: 8

[INFO -- 2019-09-03 11:47:21]
Fault Injection Successful after 1.4816312789916992s
[INFO -- 2019-09-03 11:47:23]
event type: exit
[INFO -- 2019-09-03 11:47:23]
exit code: 0
