[INFO -- 2018-12-05 17:05:07]
Starting flip_value script
version: 1.1
[INFO -- 2018-12-05 17:05:07]
Initialization strings:
[INFO -- 2018-12-05 17:05:07]
(1) file /tmp/smith_waterman/smith_waterman
[INFO -- 2018-12-05 17:05:07]
(2) set args -x /tmp/smith_waterman/randInputX -y /tmp/smith_waterman/randInputY -o /tmp/smith_waterman/output -z /tmp/smith_waterman/detected.log
[INFO -- 2018-12-05 17:05:07]
initSignal:0
[INFO -- 2018-12-05 17:05:07]
endSignal:6
[INFO -- 2018-12-05 17:05:07]
faultModel:0
[INFO -- 2018-12-05 17:05:11]
Backtrace BEGIN:
#0  smith_waterman (x_num=15000, x_num2=15000, y_num=12000, y_num2=12000, str_x=0x5555557586c0 "CVUOAGGETRADLDNAMNINZBWZQWUTOLKTGGJINPOIIQLUTYWFOESNHPOYNITETDXBLILAYZJIPUCJVAQJFJWOAKMNTHROMQSYZDYXFHFUEKFZKWKRFGGHSUUNCOEOEWMDBLCGUKDYUIZGGJYNRGUKAPZEDDTHBHNFUPLRZOPVZREFAETUKNGMEFTHLOROVGTSVFJXVAUW"..., str_y=0x55555575c170 "VVUOAGEETAALDDAMMNNZBBZQQWTTOKKGGGJNPOIIQLUTTWFFESNNHOYNIIEETXBLILLYYZJIUUCVAAQJJWWAAMNTTHRMQSYYDDXFFFUEKFFKWWRFGGHHSUUNOOOEWMMBBCGUUDYYIZGGJYYRGUKAPZZEDTHBHHFFPLRROPPZREFAATUUNGMMFTHLOROOVTTVFJJVVUWR"...) at smith_waterman.c:167
#1  0x0000555555555e65 in execute (file_x_name=0x7fffffffe0b4 "/tmp/smith_waterman/randInputX", file_y_name=0x7fffffffe0d6 "/tmp/smith_waterman/randInputY") at smith_waterman.c:309
#2  0x0000555555556082 in main (argc=9, argv=0x7fffffffdc88) at smith_waterman.c:355

162	    long width = y_num;
163	
164	    i2 = 0;
165	    for(i=0; i<height+1; i++){
166	        check_index(i, i2);
167	        for(j=0; j<width+1; j++){
168	            if(i==0 && j==0){
169	                maxValue = matrix[i][j];
170	                y = i;
171	                x = j;

Backtrace END
Memory content before bitflip:0x080x250x000x000x000x000x000x00
Fault Model: Single bit-flip
base address to flip value: 0x7fffffffda30
address max offset: 8
Memory content after  bitflip:0x080x210x000x000x000x000x000x00
frame name: smith_waterman
symbol name: i
symbol filename: smith_waterman.c
symbol line: 107
value: 8456
value address: 0x7fffffffda30
Type: The type is an integer type.
Type sizeof: 8

[INFO -- 2018-12-05 17:05:11]
Fault Injection Successful after 4.945042371749878s
[INFO -- 2018-12-05 17:05:12]
event type: exit
[INFO -- 2018-12-05 17:05:12]
exit code: 0
