[INFO -- 2018-12-05 11:49:06]
Starting flip_value script
version: 1.1
[INFO -- 2018-12-05 11:49:06]
Initialization strings:
[INFO -- 2018-12-05 11:49:06]
(1) file /tmp/smith_waterman/smith_waterman
[INFO -- 2018-12-05 11:49:06]
(2) set args -x /tmp/smith_waterman/randInputX -y /tmp/smith_waterman/randInputY -o /tmp/smith_waterman/output -z /tmp/smith_waterman/detected.log
[INFO -- 2018-12-05 11:49:06]
initSignal:0
[INFO -- 2018-12-05 11:49:06]
endSignal:6
[INFO -- 2018-12-05 11:49:06]
faultModel:1
[EXCEPTION -- 2018-12-05 11:49:09]
pythonException: invalid literal for int() with base 16: '0x55555575bf10 ...'
[INFO -- 2018-12-05 11:49:09]
Backtrace BEGIN:
#0  my_maxof (a=0, b=-2, c=-1, d=0) at smith_waterman.c:72
#1  0x0000555555555202 in smith_waterman (x_num=14400, x_num2=14400, y_num=15000, y_num2=15000, str_x=0x5555557586c0 "NIXJJIYYIFJJTSWIGCCJJYNOLXPQVCEKMDVVZZTWEDFZVDHDGVGTTTFFSXPPDBPPFYMTFFPEIFFGZJJHKPZELILFJKMMWWTTXMMWVDFZZLYXXXGJHHZZRAFBLCNZATSXGGUFLLLKGYFFXQPMZERRUUSUWHXXCNULVQGGPDQVEADTTSNWWDLFXFZPSSRRHNECXXKVACQG"..., str_y=0x55555575bf10 "NIXLJICYIFJJTSWIGCMCJYNOLXPQVCEKMDXVMZTWEDFZVDHDGVGRTTHFSZXPDBBPFYMTZFPEIUFGZNJHKPZELILFJKVMMWDTXPMWVDCFZILYXXGJOHPZRAFBLCNZATSXIGUFLWLKGYKFXQPMZENRHUSUWHTXCNULVQQGPDQVEADBTSNUWDLFXFZUPSTRHNECEXKVACQG"...) at smith_waterman.c:141
#2  0x0000555555555e65 in execute (file_x_name=0x7fffffffe0b4 "/tmp/smith_waterman/randInputX", file_y_name=0x7fffffffe0d6 "/tmp/smith_waterman/randInputY") at smith_waterman.c:309
#3  0x0000555555556082 in main (argc=9, argv=0x7fffffffdc88) at smith_waterman.c:355

67	
68	double my_maxof(double a, double b, double c, double d)
69	{
70	    double ans=a;
71	    if(ans<b) ans=b;
72	    if(ans<c) ans=c;
73	    if(ans<d) ans=d;
74	    return ans;
75	}
76	

Backtrace END
Fliping a bit of the pointer
Memory content before bitflip:0x000x000x000x000x000x000x000x00
Fault Model: Double bit-flip
base address to flip value: 0x7fffffffda70
address max offset: 8
Memory content after  bitflip:0x000x000x000x000x220x000x000x00
frame name: smith_waterman
symbol name: alignmentA
symbol filename: smith_waterman.c
symbol line: 183
value: 0x0
value address: 0x7fffffffda70
Type: The type is a pointer.
Type sizeof: 8

[INFO -- 2018-12-05 11:49:09]
Fault Injection Successful after 3.8177855014801025s
[INFO -- 2018-12-05 11:49:12]
event type: exit
[INFO -- 2018-12-05 11:49:12]
exit code: 0
