[INFO -- 2018-12-08 04:16:19]
Starting flip_value script
version: 1.1
[INFO -- 2018-12-08 04:16:19]
Initialization strings:
[INFO -- 2018-12-08 04:16:19]
(1) file /tmp/smith_waterman/smith_waterman
[INFO -- 2018-12-08 04:16:19]
(2) set args -x /tmp/smith_waterman/randInputX -y /tmp/smith_waterman/randInputY -o /tmp/smith_waterman/output -z /tmp/smith_waterman/detected.log
[INFO -- 2018-12-08 04:16:19]
initSignal:0
[INFO -- 2018-12-08 04:16:19]
endSignal:6
[INFO -- 2018-12-08 04:16:19]
faultModel:0
[INFO -- 2018-12-08 04:16:23]
Backtrace BEGIN:
#0  test_globals () at smith_waterman.c:80
#1  0x0000555555555371 in smith_waterman (x_num=12150, x_num2=12150, y_num=15000, y_num2=15000, str_x=0x5555557586c0 "VVEHCQLLZKVGVBBGHUUUUOHHKKJRTLYHHJLAAYXBKUFNNKOTUNNQNNXHZGBSUGTRROTTBLUMGDTQQHORRCCSQZBRICMKKFFITTUJQQXNRIIKAWWCCAMVNNMJSYCCDSNOOAXVRUNNNSZOXXIXXURYJIIBCXGHMMVMMUDFQNUFFSSZSCVPMMQPPJJXXPBPDVVRSYILLTTT"..., str_y=0x55555575b640 "DVEHCRQLZKVGVTBGFHUUUOYHHKJRTLFYHJILAYXBKUJFNKOTUKNQYNXHZGBSUGTBRBOTBLUMGDTTQHOKRDCSQZBRICMCKFFBITUJHQXNURIKAXWSCAMVZNMJSYNCDSGNOAXVRUKNNSZORXIUXURYJDIBCXGHQMVGMUDFQNUEFTSZSCVPWMQHPAJTXPBPDYVRSYXILTMT"...) at smith_waterman.c:202
#2  0x0000555555556178 in execute (file_x_name=0x7fffffffe065 "/tmp/smith_waterman/randInputX", file_y_name=0x7fffffffe087 "/tmp/smith_waterman/randInputY") at smith_waterman.c:379
#3  0x0000555555556393 in main (argc=9, argv=0x7fffffffdc38) at smith_waterman.c:425

75	void test_globals(){
76		if( (match_score != match_score2) || (gap_score != gap_score2) || (mismatch_score != mismatch_score2) )
77	    {
78			sdc_exit();
79	    }
80	}
81	
82	void sizeof_string(FILE* fpx, FILE* fpy, long* x_num, long* y_num)
83	{
84	    *x_num=0;

Backtrace END
Memory content before bitflip:0xff0xff0xff0xff
Fault Model: Single bit-flip
base address to flip value: 0x7fffffffdb2c
address max offset: 4
Memory content after  bitflip:0xff0xff0xbf0xff
frame name: main
symbol name: opt
symbol filename: smith_waterman.c
symbol line: 388
value: -4194305
value address: 0x7fffffffdb2c
Type: The type is an integer type.
Type sizeof: 4

[INFO -- 2018-12-08 04:16:23]
Fault Injection Successful after 4.93075704574585s
[INFO -- 2018-12-08 04:16:26]
event type: exit
[INFO -- 2018-12-08 04:16:26]
exit code: 0
