[INFO -- 2018-12-04 18:31:03]
Starting flip_value script
version: 1.1
[INFO -- 2018-12-04 18:31:03]
Initialization strings:
[INFO -- 2018-12-04 18:31:03]
(1) file /tmp/smith_waterman/smith_waterman
[INFO -- 2018-12-04 18:31:03]
(2) set args -x /tmp/smith_waterman/randInputX -y /tmp/smith_waterman/randInputY -o /tmp/smith_waterman/output -z /tmp/smith_waterman/detected.log
[INFO -- 2018-12-04 18:31:03]
initSignal:0
[INFO -- 2018-12-04 18:31:03]
endSignal:6
[INFO -- 2018-12-04 18:31:03]
faultModel:2
[INFO -- 2018-12-04 18:31:03]
Backtrace BEGIN:
#0  0x0000555555554fa6 in smith_waterman (x_num=15000, x_num2=15000, y_num=13050, y_num2=13050, str_x=0x5555557586c0 "MWEVLATIWKIDLZMYCIMAGXVIBRYPNKLBGQYTSTCQDMVQLIOPQCSWZPEAGCSTODWXVUQQNUGTHCJUMYMCCEYCTFEBJYXYETVZQNRFIAYREKLQKXSMDSQYXVAHVXHZSEBKTSQBUQUYAGOMFIZLBPJAMLJIKSHFWKPQDHTXAOYAWOPDZOOCFACSLOCYGJDFUUXZCQYCGYEE"..., str_y=0x55555575c170 "WEEVLAIIWKILLMMCCIMGXXVIRRPPKKLBGQYTSTQQDVVLLIPPQCSZZEEGGSSTDDWXUQQQNUGTHCJUMYCCCECCTFEJJYXYETZZNNRFAARRKKQQKXSMDQYYXVAHVXHZSEBKTSQBUQUYGOMFFZZLBPJAMLJIKSFFWKPQHTXXAYYAWOPDZOOCFACSLCYGGJDFUXXZQQCCGEEE"...) at smith_waterman.c:121
#1  0x0000555555555e65 in execute (file_x_name=0x7fffffffe0b4 "/tmp/smith_waterman/randInputX", file_y_name=0x7fffffffe0d6 "/tmp/smith_waterman/randInputY") at smith_waterman.c:309
#2  0x0000555555556082 in main (argc=9, argv=0x7fffffffdc88) at smith_waterman.c:355

116	    long j;
117		
118	    i2 = 0;
119	    for(i=0; i<x_num+1; i++){
120	        check_index(i, i2);
121	        matrix[i][0]=0.0;
122	        i2++;
123	    }
124	    check_index(i, i2);
125	    i2 = 0;

Backtrace END
Memory content before bitflip:0x000x190x9f0x420x530xfd0xc20xfe
Fault Model: Random bit-flip
base address to flip value: 0x7fffffffda88
address max offset: 8
Memory content after  bitflip:0x390xfc0x8a0xd80xe90x800x9d0xaa
frame name: smith_waterman
symbol name: height
symbol filename: smith_waterman.c
symbol line: 161
value: -6152619774069507015
value address: 0x7fffffffda88
Type: The type is an integer type.
Type sizeof: 8

[INFO -- 2018-12-04 18:31:03]
Fault Injection Successful after 0.9169530868530273s
[INFO -- 2018-12-04 18:31:09]
event type: exit
[INFO -- 2018-12-04 18:31:09]
exit code: 0
