[INFO -- 2018-12-05 05:14:57]
Starting flip_value script
version: 1.1
[INFO -- 2018-12-05 05:14:57]
Initialization strings:
[INFO -- 2018-12-05 05:14:57]
(1) file /tmp/smith_waterman/smith_waterman
[INFO -- 2018-12-05 05:14:57]
(2) set args -x /tmp/smith_waterman/randInputX -y /tmp/smith_waterman/randInputY -o /tmp/smith_waterman/output -z /tmp/smith_waterman/detected.log
[INFO -- 2018-12-05 05:14:57]
initSignal:0
[INFO -- 2018-12-05 05:14:57]
endSignal:6
[INFO -- 2018-12-05 05:14:57]
faultModel:2
[INFO -- 2018-12-05 05:14:57]
Backtrace BEGIN:
#0  smith_waterman (x_num=13800, x_num2=13800, y_num=15000, y_num2=15000, str_x=0x5555557586c0 "BYBQQNZZBIYYFEOHHXZSSENNCDOOHGZKGCCVVCXFKXXPDMMADYSIEEHGMMMUUKGDPPYFJVMMUJNXXMZAAMLQBBINWKHTUUWJXWQJJCCOOOMMNJOVFBOOGOOIYDBBTZGGVZDPDDKRRQHOBXXLYZOHQIRROULLTUURTEEWOMMQEXJJUVQSWWHOOTTEPQQLKMCDSSCJJBEF"..., str_y=0x55555575bcc0 "VBYBQNNZBNIYSFEOHXPZSFENNCDOBHGZKGCBVQCXFKXXPDMZADYSIEHXGMMJUUKGDPHYFJVMWUJNXXMZAMRLQBIYNWKHTUQWJXWQJSCFOOUMNJLOVFBOGJOTIYDBVTZGSVZDPDKERFQHOBXLIYZOHQIRONULGTUARTEIWOMQVEXJIUVQSWHBORTFEPQMLKMCDSMCJBSE"...) at smith_waterman.c:140
#1  0x0000555555555e65 in execute (file_x_name=0x7fffffffe0b4 "/tmp/smith_waterman/randInputX", file_y_name=0x7fffffffe0d6 "/tmp/smith_waterman/randInputY") at smith_waterman.c:309
#2  0x0000555555556082 in main (argc=9, argv=0x7fffffffdc88) at smith_waterman.c:355

135	    i2 = 1;
136	    for(i=1; i<x_num+1; i++){
137	        check_index(i, i2);
138	        for(j=1; j<y_num+1; j++){
139	            if(str_x[i-1]==str_y[j-1]){diff=match_score;}
140	            else{diff=mismatch_score;}
141	            matrix[i][j]=my_maxof(matrix[i-1][j-1]+diff, matrix[i-1][j]+gap_score, matrix[i][j-1]+gap_score,0);
142	            if(matrix[i][j]>max_score)
143	                max_score=matrix[i][j];
144	        }

Backtrace END
Memory content before bitflip:0x000x000x000x000x000xe00x680x40
Fault Model: Random bit-flip
base address to flip value: 0x7fffffffda50
address max offset: 8
Memory content after  bitflip:0x0a0x800x9c0x660x870x640x8d0x29
frame name: smith_waterman
symbol name: max_score
symbol filename: smith_waterman.c
symbol line: 134
value: 1.5644112261485967e-108
value address: 0x7fffffffda50
Type: A floating point type.
Type sizeof: 8

[INFO -- 2018-12-05 05:14:57]
Fault Injection Successful after 0.8873465061187744s
[INFO -- 2018-12-05 05:15:03]
event type: exit
[INFO -- 2018-12-05 05:15:03]
exit code: 0
