[INFO -- 2018-12-09 01:38:13]
Starting flip_value script
version: 1.1
[INFO -- 2018-12-09 01:38:13]
Initialization strings:
[INFO -- 2018-12-09 01:38:13]
(1) file /tmp/smith_waterman/smith_waterman
[INFO -- 2018-12-09 01:38:13]
(2) set args -x /tmp/smith_waterman/randInputX -y /tmp/smith_waterman/randInputY -o /tmp/smith_waterman/output -z /tmp/smith_waterman/detected.log
[INFO -- 2018-12-09 01:38:13]
initSignal:0
[INFO -- 2018-12-09 01:38:13]
endSignal:6
[INFO -- 2018-12-09 01:38:13]
faultModel:0
[INFO -- 2018-12-09 01:38:15]
Backtrace BEGIN:
#0  0x00005555555553f6 in smith_waterman (x_num=10350, x_num2=10350, y_num=15000, y_num2=15000, str_x=0x5555557586c0 "RKMMZLDIXTNNGCCASRJUUTVVRPQWGUAAEKMFWOOVHHJRZLTTERRYEEQQVMNIIJEVVSURKKUUYYNSGNNQEEQIKYGGYKKYYUUUQQNTACNCCBOOJCSSWWCVICEGQQOQHJKQYYLAAAADDTTNUZHFXJALLGOXXDEEOEWEEHVFHKKLDDIEEFNBQOBBUYHTBBXHTIICEETKBDXP"..., str_y=0x55555575af40 "RKOMZLDIXTRNGRCASRJYUTNVRPQWGUUAEKMFWPOVKHJRZLRTECRYXETQVMNCIJEOVSURKKPUTYNSLGNQIEQILKYGYNKGYQUUJQNTACNWCBOOJCGSIWCVICEGQQOQHJKQBYLEAAADDQTNUZHFXJAGLGODXDUEOEWPEHVFHVKLMDYIEFNBQOHBUYHTBBXRHTIMCETKBDXP"...) at smith_waterman.c:205
#1  0x0000555555556178 in execute (file_x_name=0x7fffffffe065 "/tmp/smith_waterman/randInputX", file_y_name=0x7fffffffe087 "/tmp/smith_waterman/randInputY") at smith_waterman.c:379
#2  0x0000555555556393 in main (argc=9, argv=0x7fffffffdc38) at smith_waterman.c:425

200	        for(j=1; j<y_num+1; j++){
201	            check_index(j, j2);
202				test_globals();
203	            if(str_x[i-1]==str_y[j-1]){diff=match_score;}
204	            else{diff=mismatch_score;}
205	            matrix[i][j]=my_maxof(matrix[i-1][j-1]+diff, matrix[i-1][j]+gap_score, matrix[i][j-1]+gap_score,0);
206	            if(matrix[i][j]>max_score)
207	                max_score=matrix[i][j];
208	            j2++;
209	        }

Backtrace END
Fliping a bit of the value pointed by a pointer
Memory content before bitflip:0x2f
Fault Model: Single bit-flip
base address to flip value: 0x7fffffffe0a9 
address max offset: 1
Memory content after  bitflip:0x2b
frame name: smith_waterman
symbol name: output_file_name
symbol filename: smith_waterman.c
symbol line: 15
value: 0x7fffffffe0a9 "+tmp/smith_waterman/output"
value address: 0x555555757040 <output_file_name>
Type: The type is a pointer.
Type sizeof: 8

[INFO -- 2018-12-09 01:38:15]
Fault Injection Successful after 2.740715742111206s
[INFO -- 2018-12-09 01:38:19]
event type: exit
[INFO -- 2018-12-09 01:38:19]
exit code: 0
