[INFO -- 2018-12-09 12:44:51]
Starting flip_value script
version: 1.1
[INFO -- 2018-12-09 12:44:51]
Initialization strings:
[INFO -- 2018-12-09 12:44:51]
(1) file /tmp/smith_waterman/smith_waterman
[INFO -- 2018-12-09 12:44:51]
(2) set args -x /tmp/smith_waterman/randInputX -y /tmp/smith_waterman/randInputY -o /tmp/smith_waterman/output -z /tmp/smith_waterman/detected.log
[INFO -- 2018-12-09 12:44:51]
initSignal:0
[INFO -- 2018-12-09 12:44:51]
endSignal:6
[INFO -- 2018-12-09 12:44:51]
faultModel:2
[INFO -- 2018-12-09 12:44:53]
Backtrace BEGIN:
#0  0x000055555555504f in check_index (i=1072693248, j=0) at smith_waterman.c:150
#1  0x0000555555555367 in smith_waterman (x_num=14100, x_num2=14100, y_num=15000, y_num2=15000, str_x=0x5555557586c0 "FFQQMUJJLGUXXFINNXXEEAYUUMHHXZTTPPJXFHRNNDKPCSSNNTTTNURFFFQCSVTHGGRLLYCDZZTEEYRRTMHHNDQIJVVBSSIZZEMEENNZZCCEECWXIIGNZZXIIZJJTTTFPHHJWTTVVWZZSSUCHFRGGOQIIZZCGVWMMZZCBUUZQQQLLKKPHRHZZGJJHNNCCKORRYRTTSSJ"..., str_y=0x55555575bde0 "TFOQLMUJLGUEXMFINKXOEWAYUJMHXCZTKPJXDFHRNDVKPCSFNPTTNURHFFQCHSVTHGRLLYCADZKTECYRTRMHNDQSIJVRBSLIZEVMEZNHZZCFECWXWIGJNZCXIZOJTBTSFPHJQWTPVVWZYSZUCHFRGHOQIFZCGVWOMFZCBSUZQQYQLZKPHRHPZVGJAHNJCKZORYRTTLSJ"...) at smith_waterman.c:201
#2  0x0000555555556178 in execute (file_x_name=0x7fffffffe065 "/tmp/smith_waterman/randInputX", file_y_name=0x7fffffffe087 "/tmp/smith_waterman/randInputY") at smith_waterman.c:379
#3  0x0000555555556393 in main (argc=9, argv=0x7fffffffdc38) at smith_waterman.c:425

145	        return match_score;
146	    else
147	        return mismatch_score;
148	}
149	
150	void check_index(int i, int j){
151	    if(i != j){
152	        sdc_exit();
153	    }
154	}

Backtrace END
Memory content before bitflip:0x000x000x000x000x000x000xf00x3f
Fault Model: Random bit-flip
base address to flip value: 0x555555757018 
address max offset: 8
Memory content after  bitflip:0x110xe90xc40xf80x850x7c0x020x23
frame name: execute
symbol name: match_score2
symbol filename: smith_waterman.c
symbol line: 8
value: 4.8511513348503854e-140
value address: 0x555555757018 <match_score2>
Type: A floating point type.
Type sizeof: 8

[INFO -- 2018-12-09 12:44:53]
Fault Injection Successful after 2.1315805912017822s
[INFO -- 2018-12-09 12:44:53]
event type: exit
[INFO -- 2018-12-09 12:44:53]
exit code: 0
