[INFO -- 2018-12-08 15:56:19]
Starting flip_value script
version: 1.1
[INFO -- 2018-12-08 15:56:19]
Initialization strings:
[INFO -- 2018-12-08 15:56:19]
(1) file /tmp/smith_waterman/smith_waterman
[INFO -- 2018-12-08 15:56:19]
(2) set args -x /tmp/smith_waterman/randInputX -y /tmp/smith_waterman/randInputY -o /tmp/smith_waterman/output -z /tmp/smith_waterman/detected.log
[INFO -- 2018-12-08 15:56:19]
initSignal:0
[INFO -- 2018-12-08 15:56:19]
endSignal:6
[INFO -- 2018-12-08 15:56:19]
faultModel:0
[INFO -- 2018-12-08 15:56:21]
Backtrace BEGIN:
#0  my_maxof (a=-1, b=-2, c=-2, d=0) at smith_waterman.c:137
#1  0x00005555555554a5 in smith_waterman (x_num=15000, x_num2=15000, y_num=11250, y_num2=11250, str_x=0x5555557586c0 "AEPABPPDMMBIYNAHLRHXOBLCRUBAFZXFFOIGDXKQJLAKADRLWYIKZVMTPOVVPUCVIKBNHLFTYGFYLWMHWWSYSETHUOEKIJHSTIFDWNYUTDVEBHLXDDVXKQHGELQOUZIQIQTGDTAWWXCXEPWKVUHFKOLPCEFYDOONEJTHCWFATHXAWWMRQVYAKMROQZMVNBJTKECNCHNY"..., str_y=0x55555575c170 "AEPABPDDMMIIYNAHLRHXOBLCRBBFZZXFFIIGXXKQJLKKADRLWIKZZVMTPOVVPUCVIKBNHLFTYGFYLWMWWWYYSETHUEEKJJSSTIFDWNUUTVEEBHXXDDVXQQHGEQOOUZIQIQTGDTAWWXCXEWWKVUHKKLLPCEYYDOONETTHCFATTXXAWMMRQVAKKMROZZMVNBTTKENCCNNY"...) at smith_waterman.c:205
#2  0x0000555555556178 in execute (file_x_name=0x7fffffffe065 "/tmp/smith_waterman/randInputX", file_y_name=0x7fffffffe087 "/tmp/smith_waterman/randInputY") at smith_waterman.c:379
#3  0x0000555555556393 in main (argc=9, argv=0x7fffffffdc38) at smith_waterman.c:425

132	
133	double my_maxof(double a, double b, double c, double d)
134	{
135	    double ans=a;
136	    if(ans<b) ans=b;
137	    if(ans<c) ans=c;
138	    if(ans<d) ans=d;
139	    return ans;
140	}
141	

Backtrace END
Fliping a bit of the value pointed by a pointer
Memory content before bitflip:0x09
Fault Model: Single bit-flip
base address to flip value: 0x7fffffffdc30 
address max offset: 1
Memory content after  bitflip:0x0b
frame name: main
symbol name: answer1
symbol filename: smith_waterman.c
symbol line: 425
value: 0x7fffffffdc30 "\v"
value address: 0x7fffffffdb40
Type: The type is a pointer.
Type sizeof: 8

[INFO -- 2018-12-08 15:56:21]
Fault Injection Successful after 2.138470411300659s
[INFO -- 2018-12-08 15:56:26]
event type: exit
[INFO -- 2018-12-08 15:56:26]
exit code: 0
