[INFO -- 2019-09-03 12:13:31]
Starting flip_value script
version: 1.1
[INFO -- 2019-09-03 12:13:31]
Initialization strings:
[INFO -- 2019-09-03 12:13:31]
(1) file /tmp/smith_waterman/smith_waterman
[INFO -- 2019-09-03 12:13:31]
(2) set args -x /tmp/smith_waterman/randInputX -y /tmp/smith_waterman/randInputY -o /tmp/smith_waterman/output -z /tmp/smith_waterman/detected.log
[INFO -- 2019-09-03 12:13:31]
initSignal:0
[INFO -- 2019-09-03 12:13:31]
endSignal:6
[INFO -- 2019-09-03 12:13:31]
faultModel:1
[EXCEPTION -- 2019-09-03 12:13:32]
pythonException: invalid literal for int() with base 16: '0x5555557586c0 ...'
[INFO -- 2019-09-03 12:13:32]
Backtrace BEGIN:
#0  0x000055555555510b in smith_waterman (x_num=12600, y_num=15000, str_x=0x5555557586c0 "KSAVLLDRSWWNAPQVVQQRRQGQWTGGEPUHWACHDDYVVUPVVHHGAAAXQJMMCTTMMZZLLZZUXXASIINNZZFZGGQRPIDHHAANCQAABUGPPPHHXUUAABZZXXQYWQQWWHHMZZMYQJEYOOMNNIKKKPPTOIVVKKCEEQOZBBHKFFKTZZIKKTWWQPYYHTTTTCGUVZLLYYKFGGYYFFIT"..., str_y=0x55555575b810 "KSAHVLDRRSWNSAPQVAQIRQGQWTHGEPUQHWACHDWYVUNPVEHQGAAXQJPMCXTHMPZVLZZUCXSASIRNMZFTZGQRPIDRHYATNCQABPUGPPIHXZULABEZHXQYFWQMWSHMUZMYQJEFYOMXNIKOKPPTOISVEKJCEQOZPBZHKFNKTZJIKTYWKQPYYHTETCGYUVZLYYTKFGUYHFIT"...) at smith_waterman.c:103
#1  0x0000555555555cbf in execute (file_x_name=0x7fffffffe218 "/tmp/smith_waterman/randInputX", file_y_name=0x7fffffffe23a "/tmp/smith_waterman/randInputY") at smith_waterman.c:263
#2  0x0000555555555f08 in main (argc=9, argv=0x7fffffffde68) at smith_waterman.c:314

98	    for(i=1; i<x_num+1; i++){
99	        for(j=1; j<y_num+1; j++){
100	            if(str_x[i-1]==str_y[j-1]){diff=match_score;}
101	            else{diff=mismatch_score;}
102	            matrix[i][j]=my_maxof(matrix[i-1][j-1]+diff, matrix[i-1][j]+gap_score, matrix[i][j-1]+gap_score,0);
103	            if(matrix[i][j]>max_score)
104	                max_score=matrix[i][j];
105	        }
106	    }
107	

Backtrace END
Memory content before bitflip:0xff0xff0xff0xff
Fault Model: Double bit-flip
base address to flip value: 0x7fffffffdd2c
address max offset: 4
Memory content after  bitflip:0xff0xbd0xff0xff
frame name: main
symbol name: opt
symbol filename: smith_waterman.c
symbol line: 272
value: -16897
value address: 0x7fffffffdd2c
Type: The type is an integer type.
Type sizeof: 4

[INFO -- 2019-09-03 12:13:32]
Fault Injection Successful after 1.7360336780548096s
[INFO -- 2019-09-03 12:13:37]
event type: exit
[INFO -- 2019-09-03 12:13:37]
exit code: 0
