[INFO -- 2018-12-08 13:32:02]
Starting flip_value script
version: 1.1
[INFO -- 2018-12-08 13:32:02]
Initialization strings:
[INFO -- 2018-12-08 13:32:02]
(1) file /tmp/smith_waterman/smith_waterman
[INFO -- 2018-12-08 13:32:02]
(2) set args -x /tmp/smith_waterman/randInputX -y /tmp/smith_waterman/randInputY -o /tmp/smith_waterman/output -z /tmp/smith_waterman/detected.log
[INFO -- 2018-12-08 13:32:02]
initSignal:0
[INFO -- 2018-12-08 13:32:02]
endSignal:6
[INFO -- 2018-12-08 13:32:02]
faultModel:2
[EXCEPTION -- 2018-12-08 13:32:03]
gdbException: Attempt to dereference a generic pointer.
[INFO -- 2018-12-08 13:32:03]
Backtrace BEGIN:
#0  0x0000555555554fc0 in my_maxof (a=196, b=193, c=198, d=0) at smith_waterman.c:136
#1  0x00005555555554a5 in smith_waterman (x_num=13050, x_num2=13050, y_num=15000, y_num2=15000, str_x=0x5555557586c0 "OPPIVRYRVVLVBQXXMLTUOOROOWWGGBWTRWDOOBGGOBBMTTGGWZANNOOHKBBNNMJJIMOOQWIEEWRRTXZZWBBTMWWBZZRRYCFFOVVGGQLQOEEWWMCYOOXFTJJSVCYVEFFEUNBTDOOUSXQWJUXXRKKKVQESSENNYSSLLVVKLSGERWAASZZCJJJIIAATEQTTKNDRJKKUEEAA"..., str_y=0x55555575b9d0 "OQPZIVRYRVLVBUQXTMLTUORLOPWYGBCWTRWDONBGKOBMLTLGGWZANQOBHKBONGMJZIMOXQWIEZWRTHXZGWBTMPWWBZMRFYCFJOVGGRQLQOELWCMCYOXNFTJJSVCYVEFEUANBTDOLUSXQWJUXZRKHKVQESSENYJSSLHVGKLSGERWAASZCJLJVIZAATEQTQKNDRJKDUEKA"...) at smith_waterman.c:205
#2  0x0000555555556178 in execute (file_x_name=0x7fffffffe065 "/tmp/smith_waterman/randInputX", file_y_name=0x7fffffffe087 "/tmp/smith_waterman/randInputY") at smith_waterman.c:379
#3  0x0000555555556393 in main (argc=9, argv=0x7fffffffdc38) at smith_waterman.c:425

131	}
132	
133	double my_maxof(double a, double b, double c, double d)
134	{
135	    double ans=a;
136	    if(ans<b) ans=b;
137	    if(ans<c) ans=c;
138	    if(ans<d) ans=d;
139	    return ans;
140	}

Backtrace END
Memory content before bitflip:0x000x000x000x000x000x800x680x40
Fault Model: Random bit-flip
base address to flip value: 0x7fffffffd998
address max offset: 8
Memory content after  bitflip:0x250xb30xb00x6f0x270x990x050x48
frame name: my_maxof
symbol name: ans
symbol filename: smith_waterman.c
symbol line: 135
value: 9.1868829420241848e+38
value address: 0x7fffffffd998
Type: A floating point type.
Type sizeof: 8

[INFO -- 2018-12-08 13:32:03]
Fault Injection Successful after 1.9069201946258545s
