[INFO -- 2018-12-05 03:56:18]
Starting flip_value script
version: 1.1
[INFO -- 2018-12-05 03:56:18]
Initialization strings:
[INFO -- 2018-12-05 03:56:18]
(1) file /tmp/smith_waterman/smith_waterman
[INFO -- 2018-12-05 03:56:18]
(2) set args -x /tmp/smith_waterman/randInputX -y /tmp/smith_waterman/randInputY -o /tmp/smith_waterman/output -z /tmp/smith_waterman/detected.log
[INFO -- 2018-12-05 03:56:18]
initSignal:0
[INFO -- 2018-12-05 03:56:18]
endSignal:6
[INFO -- 2018-12-05 03:56:18]
faultModel:2
[INFO -- 2018-12-05 03:56:20]
Backtrace BEGIN:
#0  smith_waterman (x_num=13800, x_num2=13800, y_num=15000, y_num2=15000, str_x=0x5555557586c0 "BYBQQNZZBIYYFEOHHXZSSENNCDOOHGZKGCCVVCXFKXXPDMMADYSIEEHGMMMUUKGDPPYFJVMMUJNXXMZAAMLQBBINWKHTUUWJXWQJJCCOOOMMNJOVFBOOGOOIYDBBTZGGVZDPDDKRRQHOBXXLYZOHQIRROULLTUURTEEWOMMQEXJJUVQSWWHOOTTEPQQLKMCDSSCJJBEF"..., str_y=0x55555575bcc0 "VBYBQNNZBNIYSFEOHXPZSFENNCDOBHGZKGCBVQCXFKXXPDMZADYSIEHXGMMJUUKGDPHYFJVMWUJNXXMZAMRLQBIYNWKHTUQWJXWQJSCFOOUMNJLOVFBOGJOTIYDBVTZGSVZDPDKERFQHOBXLIYZOHQIRONULGTUARTEIWOMQVEXJIUVQSWHBORTFEPQMLKMCDSMCJBSE"...) at smith_waterman.c:138
#1  0x0000555555555e65 in execute (file_x_name=0x7fffffffe0b4 "/tmp/smith_waterman/randInputX", file_y_name=0x7fffffffe0d6 "/tmp/smith_waterman/randInputY") at smith_waterman.c:309
#2  0x0000555555556082 in main (argc=9, argv=0x7fffffffdc88) at smith_waterman.c:355

133	    double diff=0.0;
134	    double max_score=0.0;
135	    i2 = 1;
136	    for(i=1; i<x_num+1; i++){
137	        check_index(i, i2);
138	        for(j=1; j<y_num+1; j++){
139	            if(str_x[i-1]==str_y[j-1]){diff=match_score;}
140	            else{diff=mismatch_score;}
141	            matrix[i][j]=my_maxof(matrix[i-1][j-1]+diff, matrix[i-1][j]+gap_score, matrix[i][j-1]+gap_score,0);
142	            if(matrix[i][j]>max_score)

Backtrace END
Memory content before bitflip:0x000x740x910x330xa30xf20x9f0x33
Fault Model: Random bit-flip
base address to flip value: 0x7fffffffda88
address max offset: 8
Memory content after  bitflip:0x550x920x350x7b0x1e0x860x560x7f
frame name: smith_waterman
symbol name: height
symbol filename: smith_waterman.c
symbol line: 161
value: 9175668756288213589
value address: 0x7fffffffda88
Type: The type is an integer type.
Type sizeof: 8

[INFO -- 2018-12-05 03:56:20]
Fault Injection Successful after 2.4902894496917725s
[INFO -- 2018-12-05 03:56:24]
event type: exit
[INFO -- 2018-12-05 03:56:24]
exit code: 0
