[INFO -- 2018-12-09 14:29:32]
Starting flip_value script
version: 1.1
[INFO -- 2018-12-09 14:29:32]
Initialization strings:
[INFO -- 2018-12-09 14:29:32]
(1) file /tmp/smith_waterman/smith_waterman
[INFO -- 2018-12-09 14:29:32]
(2) set args -x /tmp/smith_waterman/randInputX -y /tmp/smith_waterman/randInputY -o /tmp/smith_waterman/output -z /tmp/smith_waterman/detected.log
[INFO -- 2018-12-09 14:29:32]
initSignal:0
[INFO -- 2018-12-09 14:29:32]
endSignal:6
[INFO -- 2018-12-09 14:29:32]
faultModel:1
[INFO -- 2018-12-09 14:29:32]
Backtrace BEGIN:
#0  0x0000555555555058 in check_index (i=12525, j=12525) at smith_waterman.c:151
#1  0x0000555555555367 in smith_waterman (x_num=14100, x_num2=14100, y_num=15000, y_num2=15000, str_x=0x5555557586c0 "FFQQMUJJLGUXXFINNXXEEAYUUMHHXZTTPPJXFHRNNDKPCSSNNTTTNURFFFQCSVTHGGRLLYCDZZTEEYRRTMHHNDQIJVVBSSIZZEMEENNZZCCEECWXIIGNZZXIIZJJTTTFPHHJWTTVVWZZSSUCHFRGGOQIIZZCGVWMMZZCBUUZQQQLLKKPHRHZZGJJHNNCCKORRYRTTSSJ"..., str_y=0x55555575bde0 "TFOQLMUJLGUEXMFINKXOEWAYUJMHXCZTKPJXDFHRNDVKPCSFNPTTNURHFFQCHSVTHGRLLYCADZKTECYRTRMHNDQSIJVRBSLIZEVMEZNHZZCFECWXWIGJNZCXIZOJTBTSFPHJQWTPVVWZYSZUCHFRGHOQIFZCGVWOMFZCBSUZQQYQLZKPHRHPZVGJAHNJCKZORYRTTLSJ"...) at smith_waterman.c:201
#2  0x0000555555556178 in execute (file_x_name=0x7fffffffe065 "/tmp/smith_waterman/randInputX", file_y_name=0x7fffffffe087 "/tmp/smith_waterman/randInputY") at smith_waterman.c:379
#3  0x0000555555556393 in main (argc=9, argv=0x7fffffffdc38) at smith_waterman.c:425

146	    else
147	        return mismatch_score;
148	}
149	
150	void check_index(int i, int j){
151	    if(i != j){
152	        sdc_exit();
153	    }
154	}
155	

Backtrace END
Fliping a bit of the pointer
Memory content before bitflip:0x900x840x750x550x550x550x000x00
Fault Model: Double bit-flip
base address to flip value: 0x7fffffffdac0
address max offset: 8
Memory content after  bitflip:0x900x840x750x5c0x550x550x000x00
frame name: execute
symbol name: fpx
symbol filename: smith_waterman.c
symbol line: 366
value: 0x555555758490
value address: 0x7fffffffdac0
Type: The type is a pointer.
Type sizeof: 8

[INFO -- 2018-12-09 14:29:32]
Fault Injection Successful after 0.7623777389526367s
[INFO -- 2018-12-09 14:29:39]
event type: exit
[INFO -- 2018-12-09 14:29:39]
exit code: 0
