[INFO -- 2018-12-05 06:51:46]
Starting flip_value script
version: 1.1
[INFO -- 2018-12-05 06:51:46]
Initialization strings:
[INFO -- 2018-12-05 06:51:46]
(1) file /tmp/smith_waterman/smith_waterman
[INFO -- 2018-12-05 06:51:46]
(2) set args -x /tmp/smith_waterman/randInputX -y /tmp/smith_waterman/randInputY -o /tmp/smith_waterman/output -z /tmp/smith_waterman/detected.log
[INFO -- 2018-12-05 06:51:46]
initSignal:0
[INFO -- 2018-12-05 06:51:46]
endSignal:6
[INFO -- 2018-12-05 06:51:46]
faultModel:2
[INFO -- 2018-12-05 06:51:48]
Backtrace BEGIN:
#0  my_maxof (a=3072, b=3072, c=3069, d=0) at smith_waterman.c:74
#1  0x0000555555555202 in smith_waterman (x_num=13050, x_num2=13050, y_num=15000, y_num2=15000, str_x=0x5555557586c0 "YYMQVVLQFCCMQCGNMKPLLAEKKPWIIJJFXXXQVKHPPJMOOVVAFMUSOBVSSROAZZHHXYYSFFSJGGSEAPHBDDZSGQYYOFZQIIXPPXXJERUVZBACCHFFOJUGGTTVVUMCCMUJJFFAAZLLMMPPXJLSSFFAAAWFLLZZXSVYAAAAZJAYYBCMMZITTGGEDDKOOLLOOGPPGWHHHRUV"..., str_y=0x55555575b9d0 "WYMQKVLQDFCMQCGNMKPULAEBKPWQIGJFGXXQVKHYPJMHOUVAFMUSOBVYSROAZZHHXHYSRFSJQGSEAPHHBDZSGVQYOFZQGIXDPXXJERUVZMBACIHFOJXUGOTWVUMBCMHUJGFOAZLZLMZPXJVLSUFAKAWFULJZXSVIYAYAZJAMYBCVMZIGTNGEQDLKOWLNOGXPGWRHHRUF"...) at smith_waterman.c:141
#2  0x0000555555555e65 in execute (file_x_name=0x7fffffffe0b4 "/tmp/smith_waterman/randInputX", file_y_name=0x7fffffffe0d6 "/tmp/smith_waterman/randInputY") at smith_waterman.c:309
#3  0x0000555555556082 in main (argc=9, argv=0x7fffffffdc88) at smith_waterman.c:355

69	{
70	    double ans=a;
71	    if(ans<b) ans=b;
72	    if(ans<c) ans=c;
73	    if(ans<d) ans=d;
74	    return ans;
75	}
76	
77	double matchMisScore(long i, long j, char* str_y, char* str_x)
78	{

Backtrace END
Memory content before bitflip:0x000x000x000x000x000x000xf00xbf
Fault Model: Random bit-flip
base address to flip value: 0x555555757028 
address max offset: 8
Memory content after  bitflip:0x520xf10x860xaa0xac0xc70xd80x5c
frame name: execute
symbol name: mismatch_score2
symbol filename: smith_waterman.c
symbol line: 10
value: 1.8443313056945714e+139
value address: 0x555555757028 <mismatch_score2>
Type: A floating point type.
Type sizeof: 8

[INFO -- 2018-12-05 06:51:48]
Fault Injection Successful after 2.835275888442993s
[INFO -- 2018-12-05 06:51:51]
event type: exit
[INFO -- 2018-12-05 06:51:51]
exit code: 0
