[INFO -- 2018-12-08 00:22:54]
Starting flip_value script
version: 1.1
[INFO -- 2018-12-08 00:22:54]
Initialization strings:
[INFO -- 2018-12-08 00:22:54]
(1) file /tmp/smith_waterman/smith_waterman
[INFO -- 2018-12-08 00:22:54]
(2) set args -x /tmp/smith_waterman/randInputX -y /tmp/smith_waterman/randInputY -o /tmp/smith_waterman/output -z /tmp/smith_waterman/detected.log
[INFO -- 2018-12-08 00:22:54]
initSignal:0
[INFO -- 2018-12-08 00:22:54]
endSignal:6
[INFO -- 2018-12-08 00:22:54]
faultModel:2
[INFO -- 2018-12-08 00:22:55]
Backtrace BEGIN:
#0  check_index (i=6666, j=6666) at smith_waterman.c:154
#1  0x0000555555555367 in smith_waterman (x_num=15000, x_num2=15000, y_num=11100, y_num2=11100, str_x=0x5555557586c0 "OHJGBBERYBMFEFIKRMFXYCLDRLLGOGAEOJKRNQLLUXTYFBIYPPXNUITLTETKNTOBFBUSRHDNFYLMZVKQNHGHRZULDOXSJLVOOQIIXMVEKJSMEEERNKAFJVSPLPHWCDLRVVZUHWZUFTIMYOFLZGQKDIBOXJKCOXTLTUFCQGYYAIMYXRLWZCGCMIQKTDMJAHUVBBYTIYTI"..., str_y=0x55555575c170 "HJJGBBRYBBMFEFIRMFXYCCDDRLLGGGAOOJKNQQLLUTTFBIYYPXXNIITTTEKKTTOBBBURRDDNYLLMZVKNNGHHRUUDOOSJJVOOOQIIXMVEKJMEEEERNKFJJVSLLHHWDDRRVVZHHZZFFTMMOOFZZGKDDIBXXKKCXTTTUUCQQGYAIMYXXRWZZGCMIIKKTDMJHUVVBYYTITIH"...) at smith_waterman.c:201
#2  0x0000555555556178 in execute (file_x_name=0x7fffffffe065 "/tmp/smith_waterman/randInputX", file_y_name=0x7fffffffe087 "/tmp/smith_waterman/randInputY") at smith_waterman.c:379
#3  0x0000555555556393 in main (argc=9, argv=0x7fffffffdc38) at smith_waterman.c:425

149	
150	void check_index(int i, int j){
151	    if(i != j){
152	        sdc_exit();
153	    }
154	}
155	
156	char *smith_waterman(long x_num, long x_num2, long y_num, long y_num2, char* str_x, char* str_y)
157	{
158	    if(x_num != x_num2){        

Backtrace END
Memory content before bitflip:0x5c0x2b0x000x000x000x000x000x00
Fault Model: Random bit-flip
base address to flip value: 0x7fffffffdad8
address max offset: 8
Memory content after  bitflip:0xba0x8e0x240x400xb10xb60xe00x56
frame name: execute
symbol name: y_num
symbol filename: smith_waterman.c
symbol line: 369
value: 6260204354446593722
value address: 0x7fffffffdad8
Type: The type is an integer type.
Type sizeof: 8

[INFO -- 2018-12-08 00:22:55]
Fault Injection Successful after 1.6370441913604736s
[INFO -- 2018-12-08 00:23:00]
event type: exit
[INFO -- 2018-12-08 00:23:00]
exit code: 0
