[INFO -- 2018-12-05 06:18:05]
Starting flip_value script
version: 1.1
[INFO -- 2018-12-05 06:18:05]
Initialization strings:
[INFO -- 2018-12-05 06:18:05]
(1) file /tmp/smith_waterman/smith_waterman
[INFO -- 2018-12-05 06:18:05]
(2) set args -x /tmp/smith_waterman/randInputX -y /tmp/smith_waterman/randInputY -o /tmp/smith_waterman/output -z /tmp/smith_waterman/detected.log
[INFO -- 2018-12-05 06:18:05]
initSignal:0
[INFO -- 2018-12-05 06:18:05]
endSignal:6
[INFO -- 2018-12-05 06:18:05]
faultModel:2
[INFO -- 2018-12-05 06:18:10]
Backtrace BEGIN:
#0  0x0000555555555434 in smith_waterman (x_num=13050, x_num2=13050, y_num=15000, y_num2=15000, str_x=0x5555557586c0 "YYMQVVLQFCCMQCGNMKPLLAEKKPWIIJJFXXXQVKHPPJMOOVVAFMUSOBVSSROAZZHHXYYSFFSJGGSEAPHBDDZSGQYYOFZQIIXPPXXJERUVZBACCHFFOJUGGTTVVUMCCMUJJFFAAZLLMMPPXJLSSFFAAAWFLLZZXSVYAAAAZJAYYBCMMZITTGGEDDKOOLLOOGPPGWHHHRUV"..., str_y=0x55555575b9d0 "WYMQKVLQDFCMQCGNMKPULAEBKPWQIGJFGXXQVKHYPJMHOUVAFMUSOBVYSROAZZHHXHYSRFSJQGSEAPHHBDZSGVQYOFZQGIXDPXXJERUVZMBACIHFOJXUGOTWVUMBCMHUJGFOAZLZLMZPXJVLSUFAKAWFULJZXSVIYAYAZJAMYBCVMZIGTNGEQDLKOWLNOGXPGWRHHRUF"...) at smith_waterman.c:167
#1  0x0000555555555e65 in execute (file_x_name=0x7fffffffe0b4 "/tmp/smith_waterman/randInputX", file_y_name=0x7fffffffe0d6 "/tmp/smith_waterman/randInputY") at smith_waterman.c:309
#2  0x0000555555556082 in main (argc=9, argv=0x7fffffffdc88) at smith_waterman.c:355

162	    long width = y_num;
163	
164	    i2 = 0;
165	    for(i=0; i<height+1; i++){
166	        check_index(i, i2);
167	        for(j=0; j<width+1; j++){
168	            if(i==0 && j==0){
169	                maxValue = matrix[i][j];
170	                y = i;
171	                x = j;

Backtrace END
Fliping a bit of the pointer
Memory content before bitflip:0x000x000x000x000x000x000x000x00
Fault Model: Random bit-flip
base address to flip value: 0x7fffffffdaa0
address max offset: 8
Memory content after  bitflip:0xa90x5b0x240x3c0x3d0x120xbc0x8b
frame name: smith_waterman
symbol name: alignmentBcopy
symbol filename: smith_waterman.c
symbol line: 183
value: 0x0
value address: 0x7fffffffdaa0
Type: The type is a pointer.
Type sizeof: 8

[INFO -- 2018-12-05 06:18:10]
Fault Injection Successful after 5.462053537368774s
[INFO -- 2018-12-05 06:18:11]
event type: exit
[INFO -- 2018-12-05 06:18:11]
exit code: 0
