[INFO -- 2019-09-03 11:58:26]
Starting flip_value script
version: 1.1
[INFO -- 2019-09-03 11:58:26]
Initialization strings:
[INFO -- 2019-09-03 11:58:26]
(1) file /tmp/smith_waterman/smith_waterman
[INFO -- 2019-09-03 11:58:26]
(2) set args -x /tmp/smith_waterman/randInputX -y /tmp/smith_waterman/randInputY -o /tmp/smith_waterman/output
[INFO -- 2019-09-03 11:58:26]
initSignal:0
[INFO -- 2019-09-03 11:58:26]
endSignal:6
[INFO -- 2019-09-03 11:58:26]
faultModel:0
[INFO -- 2019-09-03 11:58:28]
Backtrace BEGIN:
#0  0x00007ffff7affab7 in munmap () at ../sysdeps/unix/syscall-template.S:78
#1  0x00007ffff7a7bbef in munmap_chunk (p=0x7fff9c68e000) at malloc.c:2854
#2  __GI___libc_free (mem=0x7fff9c68e010) at malloc.c:3117
#3  0x0000555555555b54 in smith_waterman (x_num=15000, y_num=12750, str_x=0x5555557586c0 "JFFXBXIFOHXUYESNZWIFBTRFHIQCNNFYSNXVMHBDOYXPERCGNMLOGEVPMNRZAZZVMWQYDTBUTALARNGEARUIVQXJFRLGQKBEJTEONIIIITIAJOGLHDTETSQAJBGBNHHWBMLQUVYEPJGAZNLJQGPLYFLKGUNWBVSEHFWDBXHSGQSFFDOXLGILLVVURLQVGKZPQYURVDLB"..., str_y=0x55555575c170 "JFFBBIIOHXXYEESNZIFBBTRFIIQCNNFYSXVMHBDDOYPPERGNMLOGEEPMNRRAZZVVWWQDTBUUAAARNGEEARIIQQXFFRGQQBBETTENNIIITIIAOOGHHTETTSQJJGBNHHHBBLQUUYEEPJGANNJJQGPLYFLGUNWWVVSEHWWDBXSSQQFFDOOLGILLLVURLQQGGZZQYYURDDBB"..., fo=0x555555758260) at smith_waterman.c:236
#4  0x0000555555555e38 in main (argc=7, argv=0x7fffffffde98) at smith_waterman.c:298

73	../sysdeps/unix/syscall-template.S: No such file or directory.

Backtrace END
Memory content before bitflip:0x000x000x000x000x000x000x000x00
Fault Model: Single bit-flip
base address to flip value: 0x7fffffffdcf8
address max offset: 8
Memory content after  bitflip:0x000x000x000x000x000x000x020x00
frame name: smith_waterman
symbol name: scoreLeft
symbol filename: smith_waterman.c
symbol line: 137
value: 2.7813423231340017e-309
value address: 0x7fffffffdcf8
Type: A floating point type.
Type sizeof: 8

[INFO -- 2019-09-03 11:58:28]
Fault Injection Successful after 2.7566866874694824s
[INFO -- 2019-09-03 11:58:28]
event type: exit
[INFO -- 2019-09-03 11:58:28]
exit code: 0
