[INFO -- 2018-12-09 13:49:19]
Starting flip_value script
version: 1.1
[INFO -- 2018-12-09 13:49:19]
Initialization strings:
[INFO -- 2018-12-09 13:49:19]
(1) file /tmp/smith_waterman/smith_waterman
[INFO -- 2018-12-09 13:49:19]
(2) set args -x /tmp/smith_waterman/randInputX -y /tmp/smith_waterman/randInputY -o /tmp/smith_waterman/output -z /tmp/smith_waterman/detected.log
[INFO -- 2018-12-09 13:49:19]
initSignal:0
[INFO -- 2018-12-09 13:49:19]
endSignal:6
[INFO -- 2018-12-09 13:49:19]
faultModel:2
[INFO -- 2018-12-09 13:49:20]
Backtrace BEGIN:
#0  check_index (i=14939, j=14939) at smith_waterman.c:154
#1  0x0000555555555367 in smith_waterman (x_num=14100, x_num2=14100, y_num=15000, y_num2=15000, str_x=0x5555557586c0 "FFQQMUJJLGUXXFINNXXEEAYUUMHHXZTTPPJXFHRNNDKPCSSNNTTTNURFFFQCSVTHGGRLLYCDZZTEEYRRTMHHNDQIJVVBSSIZZEMEENNZZCCEECWXIIGNZZXIIZJJTTTFPHHJWTTVVWZZSSUCHFRGGOQIIZZCGVWMMZZCBUUZQQQLLKKPHRHZZGJJHNNCCKORRYRTTSSJ"..., str_y=0x55555575bde0 "TFOQLMUJLGUEXMFINKXOEWAYUJMHXCZTKPJXDFHRNDVKPCSFNPTTNURHFFQCHSVTHGRLLYCADZKTECYRTRMHNDQSIJVRBSLIZEVMEZNHZZCFECWXWIGJNZCXIZOJTBTSFPHJQWTPVVWZYSZUCHFRGHOQIFZCGVWOMFZCBSUZQQYQLZKPHRHPZVGJAHNJCKZORYRTTLSJ"...) at smith_waterman.c:201
#2  0x0000555555556178 in execute (file_x_name=0x7fffffffe065 "/tmp/smith_waterman/randInputX", file_y_name=0x7fffffffe087 "/tmp/smith_waterman/randInputY") at smith_waterman.c:379
#3  0x0000555555556393 in main (argc=9, argv=0x7fffffffdc38) at smith_waterman.c:425

149	
150	void check_index(int i, int j){
151	    if(i != j){
152	        sdc_exit();
153	    }
154	}
155	
156	char *smith_waterman(long x_num, long x_num2, long y_num, long y_num2, char* str_x, char* str_y)
157	{
158	    if(x_num != x_num2){        

Backtrace END
Fliping a bit of the value pointed by a pointer
Memory content before bitflip:0x89
Fault Model: Random bit-flip
base address to flip value: 0x7ffff7a622fe  
address max offset: 1
Memory content after  bitflip:0x39
frame name: smith_waterman
symbol name: answer
symbol filename: smith_waterman.c
symbol line: 355
value: 0x7ffff7a622fe <_IO_new_fclose+174> "9\350[]A\\\303\017\037"
value address: 0x7fffffffda88
Type: The type is a pointer.
Type sizeof: 8

[INFO -- 2018-12-09 13:49:20]
Fault Injection Successful after 1.544893503189087s
[INFO -- 2018-12-09 13:49:27]
event type: exit
[INFO -- 2018-12-09 13:49:27]
exit code: 0
