[INFO -- 2018-12-04 10:33:04]
Starting flip_value script
version: 1.1
[INFO -- 2018-12-04 10:33:04]
Initialization strings:
[INFO -- 2018-12-04 10:33:04]
(1) file /tmp/smith_waterman/smith_waterman
[INFO -- 2018-12-04 10:33:04]
(2) set args -x /tmp/smith_waterman/randInputX -y /tmp/smith_waterman/randInputY -o /tmp/smith_waterman/output -z /tmp/smith_waterman/detected.log
[INFO -- 2018-12-04 10:33:04]
initSignal:0
[INFO -- 2018-12-04 10:33:04]
endSignal:6
[INFO -- 2018-12-04 10:33:04]
faultModel:0
[EXCEPTION -- 2018-12-04 10:33:04]
gdbException: Attempt to dereference a generic pointer.
[INFO -- 2018-12-04 10:33:08]
Backtrace BEGIN:
#0  0x00005555555553d1 in smith_waterman (x_num=12300, x_num2=12300, y_num=15000, y_num2=15000, str_x=0x5555557586c0 "EYYZMOVZWWFFFGGYYGGDDVVMWLCRRSXKQALEOIFMNBBUHHSWQQZZMMSKFBBBXTZJBBUPEUFRYYMMFFBBXXILLHVAIIYCZJNNFFTKKYDDZWHHYIBXLLJGGFFBBKFFDTFFBZKFFXOWHHAAWWBJJNMFFCIXMNNCHKILLIQIIIXQQMXKKHUUSMCCMKKJANKKKSSXNQRRPPXB"..., str_y=0x55555575b6e0 "ERYCZMOVZWFUFFGOYOGWDUVSMWLCRSSXKQALEOIFMNBTUHHSWQQZKMSXKFBBXTZJLBUPREUFRYYMFFGBXXBILVHVAIYZCZJNAFFTKBYDZWRHEYIBXLJIGSFIBDKFDTUFYBZKFXOGWHNAHWBEJNMSFTCIXMNCHKJILISQIIXGQMGXKHEUUSMCMQKJDANKKWSXHNQRVPXN"...) at smith_waterman.c:173
#1  0x0000555555555e65 in execute (file_x_name=0x7fffffffe0b4 "/tmp/smith_waterman/randInputX", file_y_name=0x7fffffffe0d6 "/tmp/smith_waterman/randInputY") at smith_waterman.c:309
#2  0x0000555555556082 in main (argc=9, argv=0x7fffffffdc88) at smith_waterman.c:355

168	            if(i==0 && j==0){
169	                maxValue = matrix[i][j];
170	                y = i;
171	                x = j;
172	            }
173	            if(maxValue < matrix[i][j]){
174	                maxValue = matrix[i][j];
175	                y = i;
176	                x = j;
177	            }

Backtrace END
Fliping a bit of the value pointed by a pointer
Fliping value of field: _mode
Memory content before bitflip:0xff0xff0xff0xff
Fault Model: Single bit-flip
base address to flip value: 0x555555758320
address max offset: 4
Memory content after  bitflip:0xff0x7f0xff0xff
frame name: execute
symbol name: fpy
symbol filename: smith_waterman.c
symbol line: 296
value: 0x555555758260
value address: 0x7fffffffdb08
Type: The type is a pointer.
Type sizeof: 8

[INFO -- 2018-12-04 10:33:08]
Fault Injection Successful after 4.638306140899658s
[INFO -- 2018-12-04 10:33:09]
event type: exit
[INFO -- 2018-12-04 10:33:09]
exit code: 0
