[INFO -- 2018-12-03 16:53:32]
Starting flip_value script
version: 1.1
[INFO -- 2018-12-03 16:53:32]
Initialization strings:
[INFO -- 2018-12-03 16:53:32]
(1) file /tmp/smith_waterman/smith_waterman
[INFO -- 2018-12-03 16:53:32]
(2) set args -x /tmp/smith_waterman/randInputX -y /tmp/smith_waterman/randInputY -o /tmp/smith_waterman/output -z /tmp/smith_waterman/detected.log
[INFO -- 2018-12-03 16:53:32]
initSignal:0
[INFO -- 2018-12-03 16:53:32]
endSignal:6
[INFO -- 2018-12-03 16:53:32]
faultModel:2
[EXCEPTION -- 2018-12-03 16:53:32]
gdbException: Attempt to dereference a generic pointer.
[INFO -- 2018-12-03 16:53:37]
Backtrace BEGIN:
#0  0x00005555555553ad in smith_waterman (x_num=15000, x_num2=15000, y_num=13050, y_num2=13050, str_x=0x5555557586c0 "XNUVJVIZVXWDDAYHRNVYRXUDIZTIPTHMJBHSYRRTRNYUPWBGMYEDVAJDZEOOYVAHYJBXDVSUKROAPRGBPNHMNQRNWHDUCGDDRHAUCUOOLEODXXEMMNABFSQCBUYEACJRLJONFCDTJUWGRCVFQVGXPXZRRYXTCGKNRACYDFROZPWSSRXKPEHGBJZUHWNJEZWXAAWFFPTH"..., str_y=0x55555575c170 "XNUJJVIVVWDDDYYHNNVRRXUIITTIPHHMJBSYYRTTRYYUPWBGYYDVVAJDZEOYYAAYJJBDVSUKKROPPRBBPNHNQQNNWHDCGGDDRAUCUOOLLEODXXMMMNABFSQCBUEECJJLJJNFCCDTUWWGCCVFQVGXPZZRYYXCCGNRAAYDDFROZPSSSXKPPEHBJZZHHWJEEWWXAWWFFTTH"...) at smith_waterman.c:168
#1  0x0000555555555e41 in execute (file_x_name=0x7fffffffe0b4 "/tmp/smith_waterman/randInputX", file_y_name=0x7fffffffe0d6 "/tmp/smith_waterman/randInputY") at smith_waterman.c:304
#2  0x000055555555605e in main (argc=9, argv=0x7fffffffdc88) at smith_waterman.c:350

163	            if(i==0 && j==0){
164	                maxValue = matrix[i][j];
165	                y = i;
166	                x = j;
167	            }
168	            if(maxValue < matrix[i][j]){
169	                maxValue = matrix[i][j];
170	                y = i;
171	                x = j;
172	            }

Backtrace END
Memory content before bitflip:0xfa0x320x000x000x000x000x000x00
Fault Model: Random bit-flip
base address to flip value: 0x7fffffffda00
address max offset: 8
Memory content after  bitflip:0x410x320xfa0x370x0d0xb20x7a0x67
frame name: smith_waterman
symbol name: y_num2
symbol filename: smith_waterman.c
symbol line: 93
value: 7456467902908740161
value address: 0x7fffffffda00
Type: The type is an integer type.
Type sizeof: 8

[INFO -- 2018-12-03 16:53:37]
Fault Injection Successful after 5.335447788238525s
[INFO -- 2018-12-03 16:53:37]
event type: exit
[INFO -- 2018-12-03 16:53:37]
exit code: 0
