[INFO -- 2018-12-05 15:11:30]
Starting flip_value script
version: 1.1
[INFO -- 2018-12-05 15:11:30]
Initialization strings:
[INFO -- 2018-12-05 15:11:30]
(1) file /tmp/smith_waterman/smith_waterman
[INFO -- 2018-12-05 15:11:30]
(2) set args -x /tmp/smith_waterman/randInputX -y /tmp/smith_waterman/randInputY -o /tmp/smith_waterman/output -z /tmp/smith_waterman/detected.log
[INFO -- 2018-12-05 15:11:30]
initSignal:0
[INFO -- 2018-12-05 15:11:30]
endSignal:6
[INFO -- 2018-12-05 15:11:30]
faultModel:2
[EXCEPTION -- 2018-12-05 15:11:30]
gdbException: Attempt to dereference a generic pointer.
[INFO -- 2018-12-05 15:11:34]
event type: exit
[INFO -- 2018-12-05 15:11:34]
exit code: 0
