[INFO -- 2018-12-05 15:46:09]
Starting flip_value script
version: 1.1
[INFO -- 2018-12-05 15:46:09]
Initialization strings:
[INFO -- 2018-12-05 15:46:09]
(1) file /tmp/smith_waterman/smith_waterman
[INFO -- 2018-12-05 15:46:09]
(2) set args -x /tmp/smith_waterman/randInputX -y /tmp/smith_waterman/randInputY -o /tmp/smith_waterman/output -z /tmp/smith_waterman/detected.log
[INFO -- 2018-12-05 15:46:09]
initSignal:0
[INFO -- 2018-12-05 15:46:09]
endSignal:6
[INFO -- 2018-12-05 15:46:09]
faultModel:1
[INFO -- 2018-12-05 15:46:14]
Backtrace BEGIN:
#0  __memmove_sse2_unaligned_erms () at ../sysdeps/x86_64/multiarch/memmove-vec-unaligned-erms.S:449
#1  0x00007ffff7a724cc in __GI__IO_default_xsputn (f=0x7fffffffd7a0, data=<optimized out>, n=8497) at genops.c:404
#2  0x00007ffff7a40feb in _IO_vfprintf_internal (s=s@entry=0x7fffffffd7a0, format=format@entry=0x555555556281 "-%s", ap=ap@entry=0x7fffffffd910) at vfprintf.c:1643
#3  0x00007ffff7a6c910 in _IO_vsnprintf (string=0x555555799010 "-HYVSVJLLLHOAFYD-EHLEFFAZEYN-TBLBWVZRNWAAHLHYNMWTTDEXLKAKQAZLBNMYIORXKSXUFFSV-TQOOWUOHGQRWQ-SHTFWTNKLKWFKQMPKHKBXBXSPGYFZXVREQXCKMMXXLCJDOAOYKRVL-QPCWOHVLEORVLUHAIEXTIIXWIN-WSESGWHIUXSR-KYFCVTYCTIISCQ"..., maxlen=<optimized out>, format=0x555555556281 "-%s", args=args@entry=0x7fffffffd910) at vsnprintf.c:114
#4  0x00007ffff7a48fdf in __GI___snprintf (s=<optimized out>, maxlen=<optimized out>, format=<optimized out>) at snprintf.c:33
#5  0x00005555555559f6 in smith_waterman (x_num=15000, x_num2=15000, y_num=10650, y_num2=10650, str_x=0x5555557586c0 "EPHJLKKADWCYUXKGRYGUBKEEFZOTCDPHUYSHICHNYMLUJXABXIXATBGACWVHCKQYKIGSMPFMBSJLSJORULSPOAPSXMZZXPXJZDCNVJAWEJJWUXPOKJDYKURHHSIGKFPJLRXGDZEHIOFCNUTAEWAORTXAMFGWMVHZPEHUDMBNCGSRCLRGHUWANVCBCIXPGFQXLYRRKUGO"..., str_y=0x55555575c170 "EHJJKKAAWWCYUKKGYGUUBKEEZZOTCPPHUYHICHNNYMLJJAABIIXATBAAWWHHCKYKIGSMMPFMSJJLJJOULSPPAPSXMZZZXPJJZCCNVAWWJJJUXPOKJDDKUUHHHSIKKFPLRXXGDZHHIOFCNUTAEAAORTXMMGGMVVZZPEUDDBBCGGSCLRRHHWAANVCCIXPGGFQLYYRRKUOO"...) at smith_waterman.c:247
#6  0x0000555555555e65 in execute (file_x_name=0x7fffffffe0b4 "/tmp/smith_waterman/randInputX", file_y_name=0x7fffffffe0d6 "/tmp/smith_waterman/randInputY") at smith_waterman.c:309
#7  0x0000555555556082 in main (argc=9, argv=0x7fffffffdc88) at smith_waterman.c:355

444	../sysdeps/x86_64/multiarch/memmove-vec-unaligned-erms.S: No such file or directory.

Backtrace END
Memory content before bitflip:0x000x000x000x00
Fault Model: Double bit-flip
base address to flip value: 0x555555757050 
address max offset: 4
Memory content after  bitflip:0x000x030x000x00
frame name: smith_waterman
symbol name: sdc_occurred2
symbol filename: smith_waterman.c
symbol line: 15
value: 768
value address: 0x555555757050 <sdc_occurred2>
Type: The type is an integer type.
Type sizeof: 4

[INFO -- 2018-12-05 15:46:14]
Fault Injection Successful after 5.099981784820557s
[INFO -- 2018-12-05 15:46:14]
event type: exit
[INFO -- 2018-12-05 15:46:14]
exit code: 0
