[INFO -- 2018-12-08 05:09:33]
Starting flip_value script
version: 1.1
[INFO -- 2018-12-08 05:09:33]
Initialization strings:
[INFO -- 2018-12-08 05:09:33]
(1) file /tmp/smith_waterman/smith_waterman
[INFO -- 2018-12-08 05:09:33]
(2) set args -x /tmp/smith_waterman/randInputX -y /tmp/smith_waterman/randInputY -o /tmp/smith_waterman/output -z /tmp/smith_waterman/detected.log
[INFO -- 2018-12-08 05:09:33]
initSignal:0
[INFO -- 2018-12-08 05:09:33]
endSignal:6
[INFO -- 2018-12-08 05:09:33]
faultModel:0
[EXCEPTION -- 2018-12-08 05:09:35]
pythonException: invalid literal for int() with base 16: '0x55555575baf0 ...'
[INFO -- 2018-12-08 05:09:36]
Backtrace BEGIN:
#0  0x0000555555555069 in check_index (i=6777, j=6777) at smith_waterman.c:154
#1  0x0000555555555367 in smith_waterman (x_num=13350, x_num2=13350, y_num=15000, y_num2=15000, str_x=0x5555557586c0 "CZPWWHDZZJJZOOSVYKXPDMMXBJRJMLNMMOOJUUBPNKODBGZSSXODDBAETTQYFFOTLEZZFFOLEEQMMRRQQITTJMAVFVMMXJHKPNOOSZLLFEERXXXFFHQTXLLAPIOTTVAIIMCCYOOTUUMRRHHZREMMBBMLBBIFIOHHWNLKLFGGVJJBBMUUWBGETTTWWBXUMLIAAPSNQZMM"..., str_y=0x55555575baf0 "CZPYWHDQZTJZQOSVYKXPLDMXBJRJMLNOMEOJNUBPNKODBGAZSXODDBAEMTQYGFOTLEEZYFOLREQSMRREQIJTJMAVFSVMXJHKPNLOSZBLFSERLXXBFHXQTXLAPIOOTVAJIMXCNYOTSUMDRKHZREPMBBMSLBIFYIOHWNLKLZFGVRJNBQMUWBGZETTSWBXUMLDIAPSNQZTM"...) at smith_waterman.c:201
#2  0x0000555555556178 in execute (file_x_name=0x7fffffffe065 "/tmp/smith_waterman/randInputX", file_y_name=0x7fffffffe087 "/tmp/smith_waterman/randInputY") at smith_waterman.c:379
#3  0x0000555555556393 in main (argc=9, argv=0x7fffffffdc38) at smith_waterman.c:425

149	
150	void check_index(int i, int j){
151	    if(i != j){
152	        sdc_exit();
153	    }
154	}
155	
156	char *smith_waterman(long x_num, long x_num2, long y_num, long y_num2, char* str_x, char* str_y)
157	{
158	    if(x_num != x_num2){        

Backtrace END
Memory content before bitflip:0x000x000x000x000x000x000x000x00
Fault Model: Single bit-flip
base address to flip value: 0x7fffffffda18
address max offset: 8
Memory content after  bitflip:0x000x000x100x000x000x000x000x00
frame name: smith_waterman
symbol name: maxValue
symbol filename: smith_waterman.c
symbol line: 225
value: 5.1806537865363094e-318
value address: 0x7fffffffda18
Type: A floating point type.
Type sizeof: 8

[INFO -- 2018-12-08 05:09:36]
Fault Injection Successful after 3.009035348892212s
[INFO -- 2018-12-08 05:09:40]
event type: exit
[INFO -- 2018-12-08 05:09:40]
exit code: 0
