[INFO -- 2019-09-03 12:12:38]
Starting flip_value script
version: 1.1
[INFO -- 2019-09-03 12:12:38]
Initialization strings:
[INFO -- 2019-09-03 12:12:38]
(1) file /tmp/smith_waterman/smith_waterman
[INFO -- 2019-09-03 12:12:38]
(2) set args -x /tmp/smith_waterman/randInputX -y /tmp/smith_waterman/randInputY -o /tmp/smith_waterman/output -z /tmp/smith_waterman/detected.log
[INFO -- 2019-09-03 12:12:38]
initSignal:0
[INFO -- 2019-09-03 12:12:38]
endSignal:6
[INFO -- 2019-09-03 12:12:38]
faultModel:2
[INFO -- 2019-09-03 12:12:38]
Backtrace BEGIN:
#0  0x0000555555555097 in smith_waterman (x_num=15000, y_num=10200, str_x=0x5555557586c0 "GZUXKTBMWSAVKXKHMHBORTFWDHUZICCQDYOOTPCPICNUBXBNEEBXXGTDPNEXRIQXGENZVPRDREXTDBIJHMGHSBMKQQJHZZEFDTHZIYECEEVHHFQORYXMZJWPAFYZHFGKYNLHNQJRWGYDLORDOPPNANCAUDBBIKMGXZPNRYENGDQSTKXIBOVDBAEVDHXNRLTRMLEELKTS"..., str_y=0x55555575c170 "ZZXKKTMWSAVKXKHMHBBOTFWDHUZICCQDDOOTTPPIINNUXXBEEBBXGTTDNEXXIIXXGNZVPRDDEXTDDIJHMMHSBBKQQJHZZEFDDHZIIECEEEHHHFORRXXMZWPAAYZHFGKYYLHNNQJRGYYDORDOOPNAACAUUBBIKMGXXZNNYENNGDQSTXIBOVDBAEVDHHNNRTTRLLEEKKSS"...) at smith_waterman.c:102
#1  0x0000555555555cbf in execute (file_x_name=0x7fffffffe218 "/tmp/smith_waterman/randInputX", file_y_name=0x7fffffffe23a "/tmp/smith_waterman/randInputY") at smith_waterman.c:263
#2  0x0000555555555f08 in main (argc=9, argv=0x7fffffffde68) at smith_waterman.c:314

97	    double max_score=0.0;
98	    for(i=1; i<x_num+1; i++){
99	        for(j=1; j<y_num+1; j++){
100	            if(str_x[i-1]==str_y[j-1]){diff=match_score;}
101	            else{diff=mismatch_score;}
102	            matrix[i][j]=my_maxof(matrix[i-1][j-1]+diff, matrix[i-1][j]+gap_score, matrix[i][j-1]+gap_score,0);
103	            if(matrix[i][j]>max_score)
104	                max_score=matrix[i][j];
105	        }
106	    }

Backtrace END
Fliping a bit of the pointer
Memory content before bitflip:0x680xde0xff0xff0xff0x7f0x000x00
Fault Model: Random bit-flip
base address to flip value: 0x7fffffffdd10
address max offset: 8
Memory content after  bitflip:0x320x7d0xff0x5b0x4f0x850x6a0x68
frame name: main
symbol name: argv
symbol filename: smith_waterman.c
symbol line: 270
value: 0x7fffffffde68
value address: 0x7fffffffdd10
Type: The type is a pointer.
Type sizeof: 8

[INFO -- 2019-09-03 12:12:38]
Fault Injection Successful after 0.7904829978942871s
[INFO -- 2019-09-03 12:12:42]
event type: exit
[INFO -- 2019-09-03 12:12:42]
exit code: 0
