[INFO -- 2018-12-03 16:56:56]
Starting flip_value script
version: 1.1
[INFO -- 2018-12-03 16:56:56]
Initialization strings:
[INFO -- 2018-12-03 16:56:56]
(1) file /tmp/smith_waterman/smith_waterman
[INFO -- 2018-12-03 16:56:56]
(2) set args -x /tmp/smith_waterman/randInputX -y /tmp/smith_waterman/randInputY -o /tmp/smith_waterman/output -z /tmp/smith_waterman/detected.log
[INFO -- 2018-12-03 16:56:56]
initSignal:0
[INFO -- 2018-12-03 16:56:56]
endSignal:6
[INFO -- 2018-12-03 16:56:56]
faultModel:2
[INFO -- 2018-12-03 16:56:56]
Backtrace BEGIN:
#0  0x0000555555555211 in smith_waterman (x_num=15000, x_num2=15000, y_num=13050, y_num2=13050, str_x=0x5555557586c0 "XNUVJVIZVXWDDAYHRNVYRXUDIZTIPTHMJBHSYRRTRNYUPWBGMYEDVAJDZEOOYVAHYJBXDVSUKROAPRGBPNHMNQRNWHDUCGDDRHAUCUOOLEODXXEMMNABFSQCBUYEACJRLJONFCDTJUWGRCVFQVGXPXZRRYXTCGKNRACYDFROZPWSSRXKPEHGBJZUHWNJEZWXAAWFFPTH"..., str_y=0x55555575c170 "XNUJJVIVVWDDDYYHNNVRRXUIITTIPHHMJBSYYRTTRYYUPWBGYYDVVAJDZEOYYAAYJJBDVSUKKROPPRBBPNHNQQNNWHDCGGDDRAUCUOOLLEODXXMMMNABFSQCBUEECJJLJJNFCCDTUWWGCCVFQVGXPZZRYYXCCGNRAAYDDFROZPSSSXKPPEHBJZZHHWJEEWWXAWWFFTTH"...) at smith_waterman.c:137
#1  0x0000555555555e41 in execute (file_x_name=0x7fffffffe0b4 "/tmp/smith_waterman/randInputX", file_y_name=0x7fffffffe0d6 "/tmp/smith_waterman/randInputY") at smith_waterman.c:304
#2  0x000055555555605e in main (argc=9, argv=0x7fffffffdc88) at smith_waterman.c:350

132	        check_index(i, i2);
133	        for(j=1; j<y_num+1; j++){
134	            if(str_x[i-1]==str_y[j-1]){diff=match_score;}
135	            else{diff=mismatch_score;}
136	            matrix[i][j]=my_maxof(matrix[i-1][j-1]+diff, matrix[i-1][j]+gap_score, matrix[i][j-1]+gap_score,0);
137	            if(matrix[i][j]>max_score)
138	                max_score=matrix[i][j];
139	        }
140	        i2++;
141	    }

Backtrace END
Fliping a bit of the value pointed by a pointer
Fliping value of field: _IO_write_base
Fliping a bit of the pointer
Memory content before bitflip:0x000x000x000x000x000x000x000x00
Fault Model: Random bit-flip
base address to flip value: 0x5555557584b0
address max offset: 8
Memory content after  bitflip:0x310x8a0x330x570x930x930x2a0x4b
frame name: execute
symbol name: fpx
symbol filename: smith_waterman.c
symbol line: 291
value: 0x555555758490
value address: 0x7fffffffdb00
Type: The type is a pointer.
Type sizeof: 8

[INFO -- 2018-12-03 16:56:56]
Fault Injection Successful after 0.6170644760131836s
[INFO -- 2018-12-03 16:57:01]
event type: exit
[INFO -- 2018-12-03 16:57:01]
exit code: 0
