[INFO -- 2019-09-03 11:58:49]
Starting flip_value script
version: 1.1
[INFO -- 2019-09-03 11:58:49]
Initialization strings:
[INFO -- 2019-09-03 11:58:49]
(1) file /tmp/smith_waterman/smith_waterman
[INFO -- 2019-09-03 11:58:49]
(2) set args -x /tmp/smith_waterman/randInputX -y /tmp/smith_waterman/randInputY -o /tmp/smith_waterman/output
[INFO -- 2019-09-03 11:58:49]
initSignal:0
[INFO -- 2019-09-03 11:58:49]
endSignal:6
[INFO -- 2019-09-03 11:58:49]
faultModel:1
[INFO -- 2019-09-03 11:58:49]
Backtrace BEGIN:
#0  0x0000555555554daf in my_maxof (a=-1, b=-2, c=-2, d=0) at smith_waterman.c:69
#1  0x00005555555550d7 in smith_waterman (x_num=11550, y_num=15000, str_x=0x5555557586c0 "XTSSVTXXRPLLGKKCCWSCUYGJJKVCJJGCXXUQQRXIIPTDVGGEEFGGFOOERIZWHHYEEUXLVVHVKYYHKGOONNWSSGGUUHFNQFWZZIMMCCPPHIWOEEXRRZZJPVKQQAZGMMDHVAAADDMMLQDVMMOPPYEIVVQZXSDDEKNLLCCKKWWWMHJJBYYKYYOVVHKSZPWDCLFPSFFFFJAQ"..., str_y=0x55555575b3f0 "XTPSVTVXRRPLTGKCCWSGCUYGJKTVCJGCCXUAQRXIIPTDVFGZEYFGTFOERIZWTHYVEUXXLVHVKCYHKGGOHNWCSKGJUHFNQFLWZIVMFCHPHIWROEHXRDZJPHVKQAZGGMDHVAUADDSMLQDCVMZOPZYEIVQZXSFDEKNZLHCQKWCWMHAJTBYKAYOLVHKSZPWDCLFPSJFCFJAT"..., fo=0x555555758260) at smith_waterman.c:98
#2  0x0000555555555e38 in main (argc=7, argv=0x7fffffffde98) at smith_waterman.c:298

64	    double ans=a;
65	    if(ans<b) ans=b;
66	    if(ans<c) ans=c;
67	    if(ans<d) ans=d;
68	    return ans;
69	}
70	
71	double matchMisScore(long i, long j, char* str_y, char* str_x)
72	{
73	    if (str_y[j] == str_x[i])

Backtrace END
Memory content before bitflip:0x000x000x000x000x000x000x000xc0
Fault Model: Double bit-flip
base address to flip value: 0x555555757020 
address max offset: 8
Memory content after  bitflip:0x000x000x000x000x000x000x000x82
frame name: smith_waterman
symbol name: gap_score
symbol filename: smith_waterman.c
symbol line: 9
value: -4.7783097267364807e-299
value address: 0x555555757020 <gap_score>
Type: A floating point type.
Type sizeof: 8

[INFO -- 2019-09-03 11:58:49]
Fault Injection Successful after 0.37427687644958496s
