[INFO -- 2018-12-05 12:43:10]
Starting flip_value script
version: 1.1
[INFO -- 2018-12-05 12:43:10]
Initialization strings:
[INFO -- 2018-12-05 12:43:10]
(1) file /tmp/smith_waterman/smith_waterman
[INFO -- 2018-12-05 12:43:10]
(2) set args -x /tmp/smith_waterman/randInputX -y /tmp/smith_waterman/randInputY -o /tmp/smith_waterman/output -z /tmp/smith_waterman/detected.log
[INFO -- 2018-12-05 12:43:10]
initSignal:0
[INFO -- 2018-12-05 12:43:10]
endSignal:6
[INFO -- 2018-12-05 12:43:10]
faultModel:1
[INFO -- 2018-12-05 12:43:10]
Backtrace BEGIN:
#0  0x00007ffff7df1f43 in __mmap64 (addr=0x7ffff7dd1000, len=15072, prot=prot@entry=3, flags=flags@entry=50, fd=fd@entry=-1, offset=offset@entry=0) at ../sysdeps/unix/sysv/linux/mmap64.c:52
#1  0x00007ffff7ddbee6 in _dl_map_segments (loader=0x7fffffffcfe0, has_holes=<optimized out>, maplength=<optimized out>, nloadcmds=2, loadcmds=<optimized out>, type=<optimized out>, header=<optimized out>, fd=<optimized out>, l=0x7ffff7fe0000) at ./dl-map-segments.h:141
#2  _dl_map_object_from_fd (name=name@entry=0x5555555544d1 "libc.so.6", origname=origname@entry=0x0, fd=<optimized out>, fbp=fbp@entry=0x7fffffffd380, realname=<optimized out>, loader=loader@entry=0x7ffff7ffe170, l_type=<optimized out>, mode=<optimized out>, stack_endp=<optimized out>, nsid=<optimized out>) at dl-load.c:1126
#3  0x00007ffff7dddffc in _dl_map_object (loader=0x7ffff7ffe170, name=0x5555555544d1 "libc.so.6", type=1, trace_mode=0, mode=<optimized out>, nsid=<optimized out>) at dl-load.c:2389
#4  0x00007ffff7de3312 in openaux (a=a@entry=0x7fffffffd910) at dl-deps.c:63
#5  0x00007ffff7df0c6b in _dl_catch_exception (exception=exception@entry=0x7fffffffd8f0, operate=operate@entry=0x7ffff7de32e0 <openaux>, args=args@entry=0x7fffffffd910) at dl-error-skeleton.c:196
#6  0x00007ffff7de3618 in _dl_map_object_deps (map=map@entry=0x7ffff7ffe170, preloads=<optimized out>, npreloads=npreloads@entry=0, trace_mode=trace_mode@entry=0, open_mode=open_mode@entry=0) at dl-deps.c:249
#7  0x00007ffff7dd8ea6 in dl_main (phdr=<optimized out>, phnum=<optimized out>, user_entry=<optimized out>, auxv=<optimized out>) at rtld.c:1726
#8  0x00007ffff7defdd0 in _dl_sysdep_start (start_argptr=start_argptr@entry=0x7fffffffdc80, dl_main=dl_main@entry=0x7ffff7dd7660 <dl_main>) at ../elf/dl-sysdep.c:253
#9  0x00007ffff7dd7128 in _dl_start_final (arg=0x7fffffffdc80) at rtld.c:414
#10 _dl_start (arg=0x7fffffffdc80) at rtld.c:521
#11 0x00007ffff7dd6098 in _start () from /lib64/ld-linux-x86-64.so.2
#12 0x0000000000000009 in ?? ()
#13 0x00007fffffffe08e in ?? ()
#14 0x00007fffffffe0b1 in ?? ()
#15 0x00007fffffffe0b4 in ?? ()
#16 0x00007fffffffe0d3 in ?? ()
#17 0x00007fffffffe0d6 in ?? ()
#18 0x00007fffffffe0f5 in ?? ()
#19 0x00007fffffffe0f8 in ?? ()
#20 0x00007fffffffe113 in ?? ()
#21 0x00007fffffffe116 in ?? ()
#22 0x0000000000000000 in ?? ()

47	../sysdeps/unix/sysv/linux/mmap64.c: No such file or directory.

Backtrace END
Memory content before bitflip:0x000x000x000x00
Fault Model: Double bit-flip
base address to flip value: 0x7fffffffd74c
address max offset: 4
Memory content after  bitflip:0x000x000x000x48
frame name: _dl_catch_exception
symbol name: errcode
symbol filename: dl-error-skeleton.c
symbol line: 183
value: 1207959552
value address: 0x7fffffffd74c
Type: The type is an integer type.
Type sizeof: 4

[INFO -- 2018-12-05 12:43:10]
Fault Injection Successful after 0.179398775100708s
[INFO -- 2018-12-05 12:43:16]
event type: exit
[INFO -- 2018-12-05 12:43:16]
exit code: 0
