[INFO -- 2018-12-04 21:30:43]
Starting flip_value script
version: 1.1
[INFO -- 2018-12-04 21:30:43]
Initialization strings:
[INFO -- 2018-12-04 21:30:43]
(1) file /tmp/smith_waterman/smith_waterman
[INFO -- 2018-12-04 21:30:43]
(2) set args -x /tmp/smith_waterman/randInputX -y /tmp/smith_waterman/randInputY -o /tmp/smith_waterman/output -z /tmp/smith_waterman/detected.log
[INFO -- 2018-12-04 21:30:43]
initSignal:0
[INFO -- 2018-12-04 21:30:43]
endSignal:6
[INFO -- 2018-12-04 21:30:43]
faultModel:1
[INFO -- 2018-12-04 21:30:48]
Backtrace BEGIN:
#0  0x00005555555553cd in smith_waterman (x_num=15000, x_num2=15000, y_num=12900, y_num2=12900, str_x=0x5555557586c0 "RSCXVWIFHFRZEWWNHSRCDPWWVJUYBJNUBPUYNCEWJXWNTUDBMUFPJDNGMJGPUTKVKGUXIYVUVRJPNMSZIZRRCEZQQFIKAUIKACJKCFEZYOQMAKNLJECNLEGBLONMIVYIZKSBRZDRPTFRETCPXFDILJLWXZKHWLPWVJZMKCFZWLRAETPBAUMLDXKCYUJVHARCMQQWVWWR"..., str_y=0x55555575c170 "RSCXVIFFHFREEWNHHSCCDWWWVJUYJNNUBPUYNCWWJXWTTUBBMFPPJDGGJGPUUKVVKGUXYYVUVJJPMMSZIZRCCZZQQFIKAUIKCCJCCFEYYQMMAKNLJCCNLEBLLOMIVYYZKSSBRDDRPTRRETPPXFDILJLXXZHHWLWWVZZKKCFZWRRAEPPBAUMLDKKCYUJVHRRCQQQVVWRR"...) at smith_waterman.c:173
#1  0x0000555555555e65 in execute (file_x_name=0x7fffffffe0b4 "/tmp/smith_waterman/randInputX", file_y_name=0x7fffffffe0d6 "/tmp/smith_waterman/randInputY") at smith_waterman.c:309
#2  0x0000555555556082 in main (argc=9, argv=0x7fffffffdc88) at smith_waterman.c:355

168	            if(i==0 && j==0){
169	                maxValue = matrix[i][j];
170	                y = i;
171	                x = j;
172	            }
173	            if(maxValue < matrix[i][j]){
174	                maxValue = matrix[i][j];
175	                y = i;
176	                x = j;
177	            }

Backtrace END
Fliping a bit of the pointer
Memory content before bitflip:0xeb0x220xa70xf70xff0x7f0x000x00
Fault Model: Double bit-flip
base address to flip value: 0x7fffffffda78
address max offset: 8
Memory content after  bitflip:0xeb0xa60xa70xf70xff0x7f0x000x00
frame name: smith_waterman
symbol name: alignmentB
symbol filename: smith_waterman.c
symbol line: 183
value: 0x7ffff7a722eb <__GI__IO_setb+75> "\213\003\213L$\034H\213T$\020H\213t$\b\353\272\017\037"
value address: 0x7fffffffda78
Type: The type is a pointer.
Type sizeof: 8

[INFO -- 2018-12-04 21:30:48]
Fault Injection Successful after 5.695042133331299s
[INFO -- 2018-12-04 21:30:49]
event type: exit
[INFO -- 2018-12-04 21:30:49]
exit code: 0
