[INFO -- 2018-12-05 15:17:39]
Starting flip_value script
version: 1.1
[INFO -- 2018-12-05 15:17:39]
Initialization strings:
[INFO -- 2018-12-05 15:17:39]
(1) file /tmp/smith_waterman/smith_waterman
[INFO -- 2018-12-05 15:17:39]
(2) set args -x /tmp/smith_waterman/randInputX -y /tmp/smith_waterman/randInputY -o /tmp/smith_waterman/output -z /tmp/smith_waterman/detected.log
[INFO -- 2018-12-05 15:17:39]
initSignal:0
[INFO -- 2018-12-05 15:17:39]
endSignal:6
[INFO -- 2018-12-05 15:17:39]
faultModel:1
[EXCEPTION -- 2018-12-05 15:17:40]
pythonException: invalid literal for int() with base 16: '0x5555557586c0 ...'
[INFO -- 2018-12-05 15:17:40]
Backtrace BEGIN:
#0  0x0000555555554d5d in my_maxof (a=98, b=95, c=100, d=0) at smith_waterman.c:73
#1  0x0000555555555202 in smith_waterman (x_num=15000, x_num2=15000, y_num=10650, y_num2=10650, str_x=0x5555557586c0 "EPHJLKKADWCYUXKGRYGUBKEEFZOTCDPHUYSHICHNYMLUJXABXIXATBGACWVHCKQYKIGSMPFMBSJLSJORULSPOAPSXMZZXPXJZDCNVJAWEJJWUXPOKJDYKURHHSIGKFPJLRXGDZEHIOFCNUTAEWAORTXAMFGWMVHZPEHUDMBNCGSRCLRGHUWANVCBCIXPGFQXLYRRKUGO"..., str_y=0x55555575c170 "EHJJKKAAWWCYUKKGYGUUBKEEZZOTCPPHUYHICHNNYMLJJAABIIXATBAAWWHHCKYKIGSMMPFMSJJLJJOULSPPAPSXMZZZXPJJZCCNVAWWJJJUXPOKJDDKUUHHHSIKKFPLRXXGDZHHIOFCNUTAEAAORTXMMGGMVVZZPEUDDBBCGGSCLRRHHWAANVCCIXPGGFQLYYRRKUOO"...) at smith_waterman.c:141
#2  0x0000555555555e65 in execute (file_x_name=0x7fffffffe0b4 "/tmp/smith_waterman/randInputX", file_y_name=0x7fffffffe0d6 "/tmp/smith_waterman/randInputY") at smith_waterman.c:309
#3  0x0000555555556082 in main (argc=9, argv=0x7fffffffdc88) at smith_waterman.c:355

68	double my_maxof(double a, double b, double c, double d)
69	{
70	    double ans=a;
71	    if(ans<b) ans=b;
72	    if(ans<c) ans=c;
73	    if(ans<d) ans=d;
74	    return ans;
75	}
76	
77	double matchMisScore(long i, long j, char* str_y, char* str_x)

Backtrace END
Memory content before bitflip:0x000x000x000x000x000x000xf00x3f
Fault Model: Double bit-flip
base address to flip value: 0x555555757018 
address max offset: 8
Memory content after  bitflip:0x000x000x000x000x000x000xf90x3f
frame name: execute
symbol name: match_score2
symbol filename: smith_waterman.c
symbol line: 8
value: 1.5625
value address: 0x555555757018 <match_score2>
Type: A floating point type.
Type sizeof: 8

[INFO -- 2018-12-05 15:17:40]
Fault Injection Successful after 1.6295406818389893s
[INFO -- 2018-12-05 15:17:44]
event type: exit
[INFO -- 2018-12-05 15:17:44]
exit code: 0
