[INFO -- 2018-12-08 12:39:05]
Starting flip_value script
version: 1.1
[INFO -- 2018-12-08 12:39:05]
Initialization strings:
[INFO -- 2018-12-08 12:39:05]
(1) file /tmp/smith_waterman/smith_waterman
[INFO -- 2018-12-08 12:39:05]
(2) set args -x /tmp/smith_waterman/randInputX -y /tmp/smith_waterman/randInputY -o /tmp/smith_waterman/output -z /tmp/smith_waterman/detected.log
[INFO -- 2018-12-08 12:39:05]
initSignal:0
[INFO -- 2018-12-08 12:39:05]
endSignal:6
[INFO -- 2018-12-08 12:39:05]
faultModel:2
[INFO -- 2018-12-08 12:39:06]
Backtrace BEGIN:
#0  0x0000555555554fc0 in my_maxof (a=-1, b=-2, c=-2, d=0) at smith_waterman.c:136
#1  0x00005555555554a5 in smith_waterman (x_num=13050, x_num2=13050, y_num=15000, y_num2=15000, str_x=0x5555557586c0 "OPPIVRYRVVLVBQXXMLTUOOROOWWGGBWTRWDOOBGGOBBMTTGGWZANNOOHKBBNNMJJIMOOQWIEEWRRTXZZWBBTMWWBZZRRYCFFOVVGGQLQOEEWWMCYOOXFTJJSVCYVEFFEUNBTDOOUSXQWJUXXRKKKVQESSENNYSSLLVVKLSGERWAASZZCJJJIIAATEQTTKNDRJKKUEEAA"..., str_y=0x55555575b9d0 "OQPZIVRYRVLVBUQXTMLTUORLOPWYGBCWTRWDONBGKOBMLTLGGWZANQOBHKBONGMJZIMOXQWIEZWRTHXZGWBTMPWWBZMRFYCFJOVGGRQLQOELWCMCYOXNFTJJSVCYVEFEUANBTDOLUSXQWJUXZRKHKVQESSENYJSSLHVGKLSGERWAASZCJLJVIZAATEQTQKNDRJKDUEKA"...) at smith_waterman.c:205
#2  0x0000555555556178 in execute (file_x_name=0x7fffffffe065 "/tmp/smith_waterman/randInputX", file_y_name=0x7fffffffe087 "/tmp/smith_waterman/randInputY") at smith_waterman.c:379
#3  0x0000555555556393 in main (argc=9, argv=0x7fffffffdc38) at smith_waterman.c:425

131	}
132	
133	double my_maxof(double a, double b, double c, double d)
134	{
135	    double ans=a;
136	    if(ans<b) ans=b;
137	    if(ans<c) ans=c;
138	    if(ans<d) ans=d;
139	    return ans;
140	}

Backtrace END
Memory content before bitflip:0x000xf90x250x5e0x870x0e0x100x3d
Fault Model: Random bit-flip
base address to flip value: 0x7fffffffda48
address max offset: 8
Memory content after  bitflip:0xc50x000x5d0x4f0xad0x520x560x03
frame name: smith_waterman
symbol name: height
symbol filename: smith_waterman.c
symbol line: 227
value: 240470534425215173
value address: 0x7fffffffda48
Type: The type is an integer type.
Type sizeof: 8

[INFO -- 2018-12-08 12:39:06]
Fault Injection Successful after 1.2690620422363281s
[INFO -- 2018-12-08 12:39:12]
event type: exit
[INFO -- 2018-12-08 12:39:12]
exit code: 0
