[INFO -- 2018-12-08 01:41:08]
Starting flip_value script
version: 1.1
[INFO -- 2018-12-08 01:41:08]
Initialization strings:
[INFO -- 2018-12-08 01:41:08]
(1) file /tmp/smith_waterman/smith_waterman
[INFO -- 2018-12-08 01:41:08]
(2) set args -x /tmp/smith_waterman/randInputX -y /tmp/smith_waterman/randInputY -o /tmp/smith_waterman/output -z /tmp/smith_waterman/detected.log
[INFO -- 2018-12-08 01:41:08]
initSignal:0
[INFO -- 2018-12-08 01:41:08]
endSignal:6
[INFO -- 2018-12-08 01:41:08]
faultModel:2
[INFO -- 2018-12-08 01:41:09]
Backtrace BEGIN:
#0  sizeof_string (fpx=0x555555758260, fpy=0x555555758490, x_num=0x7fffffffdad0, y_num=0x7fffffffdad8) at smith_waterman.c:92
#1  0x00005555555560b2 in execute (file_x_name=0x7fffffffe065 "/tmp/smith_waterman/randInputX", file_y_name=0x7fffffffe087 "/tmp/smith_waterman/randInputY") at smith_waterman.c:370
#2  0x0000555555556393 in main (argc=9, argv=0x7fffffffdc38) at smith_waterman.c:425

87	        int ch=fgetc(fpx);
88	        if(ch==EOF) break;
89	        else if(ch=='\n' || ch==' ') (*x_num)--;
90	    }
91	    for(*y_num=0; ; (*y_num)++){
92	        int ch=fgetc(fpy);
93	        if(ch==EOF) break;
94	        else if(ch=='\n' || ch==' ') (*y_num)--;
95	    }
96	    if((*x_num)<=0 ||(*y_num)<=0){

Backtrace END
Fliping a bit of the pointer
Memory content before bitflip:0x000x000x000x000x000x000x000x00
Fault Model: Random bit-flip
base address to flip value: 0x7fffffffdaf0
address max offset: 8
Memory content after  bitflip:0x760x5b0x010x090x1c0xad0x4c0x8c
frame name: execute
symbol name: answer
symbol filename: smith_waterman.c
symbol line: 379
value: 0x0
value address: 0x7fffffffdaf0
Type: The type is a pointer.
Type sizeof: 8

[INFO -- 2018-12-08 01:41:09]
Fault Injection Successful after 1.15022611618042s
[INFO -- 2018-12-08 01:41:15]
event type: exit
[INFO -- 2018-12-08 01:41:15]
exit code: 0
