[INFO -- 2018-12-09 07:20:24]
Starting flip_value script
version: 1.1
[INFO -- 2018-12-09 07:20:24]
Initialization strings:
[INFO -- 2018-12-09 07:20:24]
(1) file /tmp/smith_waterman/smith_waterman
[INFO -- 2018-12-09 07:20:24]
(2) set args -x /tmp/smith_waterman/randInputX -y /tmp/smith_waterman/randInputY -o /tmp/smith_waterman/output -z /tmp/smith_waterman/detected.log
[INFO -- 2018-12-09 07:20:24]
initSignal:0
[INFO -- 2018-12-09 07:20:24]
endSignal:6
[INFO -- 2018-12-09 07:20:24]
faultModel:0
[INFO -- 2018-12-09 07:20:24]
Backtrace BEGIN:
#0  test_globals () at smith_waterman.c:80
#1  0x0000555555555371 in smith_waterman (x_num=15000, x_num2=15000, y_num=13950, y_num2=13950, str_x=0x5555557586c0 "CURXHYKGNIGVHRCAVGLNNTOVQMBTDDBFZUFIUPPKXVFGMHHJNUWANKYDYZWDEZJFVONQFCAEZHMNQTWDOUFBHDFHEDLKFUPAKDSRHSXJBJWRDTWTPCUWHBEMHPYMLOOXTHQCBNLDYIWDDTWSVTREWVSDMRRZFIYAPOCSDQXBAUHFNDZKYQOVNHABYUAFCYHTOLLRBLVD"..., str_y=0x55555575c170 "URXHYKGNIIVHRCCVGGLNTTVQMBTTDBFFZFFUPPPXVFFMHHJNUWANKYYYZWWEZJFVVOQFCAEZZHMNTTWOUFBHDFHEDLKFUPAKDSRHSXJJBWRDDWTTCUWHBEMHHYYLOOXTHQQBNLDYIWDDDWWVTTEWVVDDRRZFFYAPPCSDQXBAUHFNNZKYQOVNHABYYAFCCHTOLLRBLVVF"...) at smith_waterman.c:202
#2  0x0000555555556178 in execute (file_x_name=0x7fffffffe065 "/tmp/smith_waterman/randInputX", file_y_name=0x7fffffffe087 "/tmp/smith_waterman/randInputY") at smith_waterman.c:379
#3  0x0000555555556393 in main (argc=9, argv=0x7fffffffdc38) at smith_waterman.c:425

75	void test_globals(){
76		if( (match_score != match_score2) || (gap_score != gap_score2) || (mismatch_score != mismatch_score2) )
77	    {
78			sdc_exit();
79	    }
80	}
81	
82	void sizeof_string(FILE* fpx, FILE* fpy, long* x_num, long* y_num)
83	{
84	    *x_num=0;

Backtrace END
Memory content before bitflip:0x7e0x360x000x000x000x000x000x00
Fault Model: Single bit-flip
base address to flip value: 0x7fffffffdad8
address max offset: 8
Memory content after  bitflip:0x7e0x360x000x000x800x000x000x00
frame name: execute
symbol name: y_num
symbol filename: smith_waterman.c
symbol line: 369
value: 549755827838
value address: 0x7fffffffdad8
Type: The type is an integer type.
Type sizeof: 8

[INFO -- 2018-12-09 07:20:24]
Fault Injection Successful after 0.9971094131469727s
[INFO -- 2018-12-09 07:20:32]
event type: exit
[INFO -- 2018-12-09 07:20:32]
exit code: 0
