[INFO -- 2018-12-03 22:42:01]
Starting flip_value script
version: 1.1
[INFO -- 2018-12-03 22:42:01]
Initialization strings:
[INFO -- 2018-12-03 22:42:01]
(1) file /tmp/smith_waterman/smith_waterman
[INFO -- 2018-12-03 22:42:01]
(2) set args -x /tmp/smith_waterman/randInputX -y /tmp/smith_waterman/randInputY -o /tmp/smith_waterman/output -z /tmp/smith_waterman/detected.log
[INFO -- 2018-12-03 22:42:01]
initSignal:0
[INFO -- 2018-12-03 22:42:01]
endSignal:6
[INFO -- 2018-12-03 22:42:01]
faultModel:2
[INFO -- 2018-12-03 22:42:06]
Backtrace BEGIN:
#0  0x0000555555555503 in smith_waterman (x_num=15000, x_num2=15000, y_num=10650, y_num2=10650, str_x=0x5555557586c0 "XGGEHMCQCZUPODVEIPVNQAVZLPLUYJKWPSAXEFNJEJASMVYUKVKAWHBHYMDXVNTNGVMMABXGKYBYTZUGVEGTOKCMWFJUSEJACVPCYMLKMMIILCOIJWBXGDLDKXZFBIFFFWIDJVNXHVFUZVDISGHAMTFWSEBTMJZTFJWQELONITHIRMSJTAJHVPDNVHIKQJDXUCOANENY"..., str_y=0x55555575c170 "GGGEMCCCCZPPOVVEIPVNAAVLPPLUYKWWPAXXFNJJEJSMVYYKKVKWWBBYYMDVVTTGGMMAABXGYYBTTUUGEETTKKCWWJUSSEJCCPPYYLLKMMILLCIIJBXXGDLDKXZFIFFFWIIDVNNXHFUUZDISGHAAMTWWEEBMMZZTFWWQLOOIITHIRMJJAAHHVDNNHIIQJJDXCOANNENZ"...) at smith_waterman.c:190
#1  0x0000555555555e65 in execute (file_x_name=0x7fffffffe0b4 "/tmp/smith_waterman/randInputX", file_y_name=0x7fffffffe0d6 "/tmp/smith_waterman/randInputY") at smith_waterman.c:309
#2  0x0000555555556082 in main (argc=9, argv=0x7fffffffdc88) at smith_waterman.c:355

185	    double scoreDiag;
186	    double scoreUp;
187	    double scoreLeft;
188	    while((y>0) && (x>0) && (matrix[y][x] != 0)){
189	        score = matrix[y][x];
190			scoreDiag = matrix[y-1][x-1];
191			scoreUp = matrix[y-1][x];
192			scoreLeft = matrix[y][x-1];
193	
194			if(score==(scoreDiag+matchMisScore(y-1, x-1, str_y, str_x))){

Backtrace END
Memory content before bitflip:0x980x3a0x000x000x000x000x000x00
Fault Model: Random bit-flip
base address to flip value: 0x7fffffffdb10
address max offset: 8
Memory content after  bitflip:0xaf0x860x460x6e0x2f0xa30x590xfa
frame name: execute
symbol name: x_num
symbol filename: smith_waterman.c
symbol line: 299
value: -407114867191413073
value address: 0x7fffffffdb10
Type: The type is an integer type.
Type sizeof: 8

[INFO -- 2018-12-03 22:42:06]
Fault Injection Successful after 5.24238657951355s
[INFO -- 2018-12-03 22:42:06]
event type: exit
[INFO -- 2018-12-03 22:42:06]
exit code: 0
