[INFO -- 2018-12-03 22:54:56]
Starting flip_value script
version: 1.1
[INFO -- 2018-12-03 22:54:56]
Initialization strings:
[INFO -- 2018-12-03 22:54:56]
(1) file /tmp/smith_waterman/smith_waterman
[INFO -- 2018-12-03 22:54:56]
(2) set args -x /tmp/smith_waterman/randInputX -y /tmp/smith_waterman/randInputY -o /tmp/smith_waterman/output -z /tmp/smith_waterman/detected.log
[INFO -- 2018-12-03 22:54:56]
initSignal:0
[INFO -- 2018-12-03 22:54:56]
endSignal:6
[INFO -- 2018-12-03 22:54:56]
faultModel:0
[INFO -- 2018-12-03 22:55:00]
Backtrace BEGIN:
#0  __memmove_sse2_unaligned_erms () at ../sysdeps/x86_64/multiarch/memmove-vec-unaligned-erms.S:453
#1  0x00007ffff7a724cc in __GI__IO_default_xsputn (f=0x7fffffffd7a0, data=<optimized out>, n=9467) at genops.c:404
#2  0x00007ffff7a40feb in _IO_vfprintf_internal (s=s@entry=0x7fffffffd7a0, format=format@entry=0x555555556279 "%s", ap=ap@entry=0x7fffffffd910) at vfprintf.c:1643
#3  0x00007ffff7a6c910 in _IO_vsnprintf (string=0x5555557997b0 "", maxlen=<optimized out>, format=0x555555556279 "%s", args=args@entry=0x7fffffffd910) at vsnprintf.c:114
#4  0x00007ffff7a48fdf in __GI___snprintf (s=<optimized out>, maxlen=<optimized out>, format=<optimized out>) at snprintf.c:33
#5  0x0000555555555761 in smith_waterman (x_num=15000, x_num2=15000, y_num=10650, y_num2=10650, str_x=0x5555557586c0 "XGGEHMCQCZUPODVEIPVNQAVZLPLUYJKWPSAXEFNJEJASMVYUKVKAWHBHYMDXVNTNGVMMABXGKYBYTZUGVEGTOKCMWFJUSEJACVPCYMLKMMIILCOIJWBXGDLDKXZFBIFFFWIDJVNXHVFUZVDISGHAMTFWSEBTMJZTFJWQELONITHIRMSJTAJHVPDNVHIKQJDXUCOANENY"..., str_y=0x55555575c170 "GGGEMCCCCZPPOVVEIPVNAAVLPPLUYKWWPAXXFNJJEJSMVYYKKVKWWBBYYMDVVTTGGMMAABXGYYBTTUUGEETTKKCWWJUSSEJCCPPYYLLKMMILLCIIJBXXGDLDKXZFIFFFWIIDVNNXHFUUZDISGHAAMTWWEEBMMZZTFWWQLOOIITHIRMJJAAHHVDNNHIIQJJDXCOANNENZ"...) at smith_waterman.c:214
#6  0x0000555555555e65 in execute (file_x_name=0x7fffffffe0b4 "/tmp/smith_waterman/randInputX", file_y_name=0x7fffffffe0d6 "/tmp/smith_waterman/randInputY") at smith_waterman.c:309
#7  0x0000555555556082 in main (argc=9, argv=0x7fffffffdc88) at smith_waterman.c:355

448	../sysdeps/x86_64/multiarch/memmove-vec-unaligned-erms.S: No such file or directory.

Backtrace END
Fliping value of field: overflow_buf
Fliping array at pos: 42
Memory content before bitflip:0xff
Fault Model: Single bit-flip
base address to flip value: 0x7fffffffd8ba 
address max offset: 1
Memory content after  bitflip:0xef
frame name: _IO_vsnprintf
symbol name: sf
symbol filename: vsnprintf.c
symbol line: 96
value: {f = {_sbf = {_f = {_flags = -72515583, _IO_read_ptr = 0x5555557997b0 "", _IO_read_end = 0x5555557997b0 "", _IO_read_base = 0x5555557997b0 "", _IO_write_base = 0x5555557997b0 "", _IO_write_ptr = 0x5555557997b0 "", _IO_write_end = 0x55555579bcab "", _IO_buf_base = 0x5555557997b0 "", _IO_buf_end = 0x55555579bcab "", _IO_save_base = 0x0, _IO_backup_base = 0x0, _IO_save_end = 0x0, _markers = 0x0, _chain = 0x0, _fileno = 0, _flags2 = 0, _old_offset = 0, _cur_column = 0, _vtable_offset = 0 '\000', _shortbuf = "", _lock = 0x0, _offset = 0, _codecvt = 0x0, _wide_data = 0xffffffffffffffff, _freeres_list = 0x0, _freeres_buf = 0x7ffff7dcfc40 <main_arena>, __pad5 = 5872, _mode = -1, _unused2 = "\000\000\000\000\231\361\247\367\377\177\000\000\000\000\000\000\000\000\000"}, vtable = 0x7ffff7dcbfa0 <_IO_strn_jumps>}, _s = {_allocate_buffer = 0x0, _free_buffer = 0x55555579c000}}, overflow_buf = "\020\027\000\000\000\000\000\000\000\020\002\000\000\000\000\000\000\360\377\377\377\377\377\377\b\210uUUU\000\000\060\020\000\000\000\000\000\000\260\377\357\377\377\377\377\377@\000\000\000\000\000\000\000\360\026\000\000\000\000\000"}
value address: 0x7fffffffd7a0
Type: The type is a structure.
Type sizeof: 304
Field name: f
Field Type: The type is a structure.
Field Type sizeof: 240
Field name: overflow_buf
Field Type: The type is an array.
Field Type sizeof: 64

[INFO -- 2018-12-03 22:55:00]
Fault Injection Successful after 4.596345901489258s
[INFO -- 2018-12-03 22:55:00]
event type: exit
[INFO -- 2018-12-03 22:55:00]
exit code: 0
