[INFO -- 2018-12-08 14:33:26]
Starting flip_value script
version: 1.1
[INFO -- 2018-12-08 14:33:26]
Initialization strings:
[INFO -- 2018-12-08 14:33:26]
(1) file /tmp/smith_waterman/smith_waterman
[INFO -- 2018-12-08 14:33:26]
(2) set args -x /tmp/smith_waterman/randInputX -y /tmp/smith_waterman/randInputY -o /tmp/smith_waterman/output -z /tmp/smith_waterman/detected.log
[INFO -- 2018-12-08 14:33:26]
initSignal:0
[INFO -- 2018-12-08 14:33:26]
endSignal:6
[INFO -- 2018-12-08 14:33:26]
faultModel:1
[INFO -- 2018-12-08 14:33:27]
Backtrace BEGIN:
#0  test_globals () at smith_waterman.c:75
#1  0x0000555555555371 in smith_waterman (x_num=15000, x_num2=15000, y_num=11250, y_num2=11250, str_x=0x5555557586c0 "AEPABPPDMMBIYNAHLRHXOBLCRUBAFZXFFOIGDXKQJLAKADRLWYIKZVMTPOVVPUCVIKBNHLFTYGFYLWMHWWSYSETHUOEKIJHSTIFDWNYUTDVEBHLXDDVXKQHGELQOUZIQIQTGDTAWWXCXEPWKVUHFKOLPCEFYDOONEJTHCWFATHXAWWMRQVYAKMROQZMVNBJTKECNCHNY"..., str_y=0x55555575c170 "AEPABPDDMMIIYNAHLRHXOBLCRBBFZZXFFIIGXXKQJLKKADRLWIKZZVMTPOVVPUCVIKBNHLFTYGFYLWMWWWYYSETHUEEKJJSSTIFDWNUUTVEEBHXXDDVXQQHGEQOOUZIQIQTGDTAWWXCXEWWKVUHKKLLPCEYYDOONETTHCFATTXXAWMMRQVAKKMROZZMVNBTTKENCCNNY"...) at smith_waterman.c:202
#2  0x0000555555556178 in execute (file_x_name=0x7fffffffe065 "/tmp/smith_waterman/randInputX", file_y_name=0x7fffffffe087 "/tmp/smith_waterman/randInputY") at smith_waterman.c:379
#3  0x0000555555556393 in main (argc=9, argv=0x7fffffffdc38) at smith_waterman.c:425

70	
71	
72	    exit(0); // ocorreu SDC
73	}
74	
75	void test_globals(){
76		if( (match_score != match_score2) || (gap_score != gap_score2) || (mismatch_score != mismatch_score2) )
77	    {
78			sdc_exit();
79	    }

Backtrace END
Fliping a bit of the value pointed by a pointer
Memory content before bitflip:0x2f
Fault Model: Double bit-flip
base address to flip value: 0x7fffffffe087 
address max offset: 1
Memory content after  bitflip:0x6e
frame name: main
symbol name: file_y_name
symbol filename: smith_waterman.c
symbol line: 390
value: 0x7fffffffe087 "ntmp/smith_waterman/randInputY"
value address: 0x7fffffffdb38
Type: The type is a pointer.
Type sizeof: 8

[INFO -- 2018-12-08 14:33:27]
Fault Injection Successful after 1.7834086418151855s
[INFO -- 2018-12-08 14:33:33]
event type: exit
[INFO -- 2018-12-08 14:33:33]
exit code: 0
