[INFO -- 2018-12-09 00:43:02]
Starting flip_value script
version: 1.1
[INFO -- 2018-12-09 00:43:02]
Initialization strings:
[INFO -- 2018-12-09 00:43:02]
(1) file /tmp/smith_waterman/smith_waterman
[INFO -- 2018-12-09 00:43:02]
(2) set args -x /tmp/smith_waterman/randInputX -y /tmp/smith_waterman/randInputY -o /tmp/smith_waterman/output -z /tmp/smith_waterman/detected.log
[INFO -- 2018-12-09 00:43:02]
initSignal:0
[INFO -- 2018-12-09 00:43:02]
endSignal:6
[INFO -- 2018-12-09 00:43:02]
faultModel:1
[INFO -- 2018-12-09 00:43:06]
Backtrace BEGIN:
#0  0x000055555555504f in check_index (i=1084308480, j=0) at smith_waterman.c:150
#1  0x0000555555555367 in smith_waterman (x_num=10350, x_num2=10350, y_num=15000, y_num2=15000, str_x=0x5555557586c0 "RKMMZLDIXTNNGCCASRJUUTVVRPQWGUAAEKMFWOOVHHJRZLTTERRYEEQQVMNIIJEVVSURKKUUYYNSGNNQEEQIKYGGYKKYYUUUQQNTACNCCBOOJCSSWWCVICEGQQOQHJKQYYLAAAADDTTNUZHFXJALLGOXXDEEOEWEEHVFHKKLDDIEEFNBQOBBUYHTBBXHTIICEETKBDXP"..., str_y=0x55555575af40 "RKOMZLDIXTRNGRCASRJYUTNVRPQWGUUAEKMFWPOVKHJRZLRTECRYXETQVMNCIJEOVSURKKPUTYNSLGNQIEQILKYGYNKGYQUUJQNTACNWCBOOJCGSIWCVICEGQQOQHJKQBYLEAAADDQTNUZHFXJAGLGODXDUEOEWPEHVFHVKLMDYIEFNBQOHBUYHTBBXRHTIMCETKBDXP"...) at smith_waterman.c:201
#2  0x0000555555556178 in execute (file_x_name=0x7fffffffe065 "/tmp/smith_waterman/randInputX", file_y_name=0x7fffffffe087 "/tmp/smith_waterman/randInputY") at smith_waterman.c:379
#3  0x0000555555556393 in main (argc=9, argv=0x7fffffffdc38) at smith_waterman.c:425

145	        return match_score;
146	    else
147	        return mismatch_score;
148	}
149	
150	void check_index(int i, int j){
151	    if(i != j){
152	        sdc_exit();
153	    }
154	}

Backtrace END
Memory content before bitflip:0x000x000x000x00
Fault Model: Double bit-flip
base address to flip value: 0x7fffffffd998
address max offset: 4
Memory content after  bitflip:0x000x000x600x00
frame name: check_index
symbol name: j
symbol filename: smith_waterman.c
symbol line: 150
value: 6291456
value address: 0x7fffffffd998
Type: The type is an integer type.
Type sizeof: 4

[INFO -- 2018-12-09 00:43:06]
Fault Injection Successful after 4.313365936279297s
[INFO -- 2018-12-09 00:43:08]
event type: exit
[INFO -- 2018-12-09 00:43:08]
exit code: 0
