[INFO -- 2018-12-05 17:09:20]
Starting flip_value script
version: 1.1
[INFO -- 2018-12-05 17:09:20]
Initialization strings:
[INFO -- 2018-12-05 17:09:20]
(1) file /tmp/smith_waterman/smith_waterman
[INFO -- 2018-12-05 17:09:20]
(2) set args -x /tmp/smith_waterman/randInputX -y /tmp/smith_waterman/randInputY -o /tmp/smith_waterman/output -z /tmp/smith_waterman/detected.log
[INFO -- 2018-12-05 17:09:20]
initSignal:0
[INFO -- 2018-12-05 17:09:20]
endSignal:6
[INFO -- 2018-12-05 17:09:20]
faultModel:2
[INFO -- 2018-12-05 17:09:21]
Backtrace BEGIN:
#0  0x000055555555511c in smith_waterman (x_num=15000, x_num2=15000, y_num=12000, y_num2=12000, str_x=0x5555557586c0 "CVUOAGGETRADLDNAMNINZBWZQWUTOLKTGGJINPOIIQLUTYWFOESNHPOYNITETDXBLILAYZJIPUCJVAQJFJWOAKMNTHROMQSYZDYXFHFUEKFZKWKRFGGHSUUNCOEOEWMDBLCGUKDYUIZGGJYNRGUKAPZEDDTHBHNFUPLRZOPVZREFAETUKNGMEFTHLOROVGTSVFJXVAUW"..., str_y=0x55555575c170 "VVUOAGEETAALDDAMMNNZBBZQQWTTOKKGGGJNPOIIQLUTTWFFESNNHOYNIIEETXBLILLYYZJIUUCVAAQJJWWAAMNTTHRMQSYYDDXFFFUEKFFKWWRFGGHHSUUNOOOEWMMBBCGUUDYYIZGGJYYRGUKAPZZEDTHBHHFFPLRROPPZREFAATUUNGMMFTHLOROOVTTVFJJVVUWR"...) at smith_waterman.c:140
#1  0x0000555555555e65 in execute (file_x_name=0x7fffffffe0b4 "/tmp/smith_waterman/randInputX", file_y_name=0x7fffffffe0d6 "/tmp/smith_waterman/randInputY") at smith_waterman.c:309
#2  0x0000555555556082 in main (argc=9, argv=0x7fffffffdc88) at smith_waterman.c:355

135	    i2 = 1;
136	    for(i=1; i<x_num+1; i++){
137	        check_index(i, i2);
138	        for(j=1; j<y_num+1; j++){
139	            if(str_x[i-1]==str_y[j-1]){diff=match_score;}
140	            else{diff=mismatch_score;}
141	            matrix[i][j]=my_maxof(matrix[i-1][j-1]+diff, matrix[i-1][j]+gap_score, matrix[i][j-1]+gap_score,0);
142	            if(matrix[i][j]>max_score)
143	                max_score=matrix[i][j];
144	        }

Backtrace END
Memory content before bitflip:0x000x000x000x000x000x000x000xc0
Fault Model: Random bit-flip
base address to flip value: 0x555555757030 
address max offset: 8
Memory content after  bitflip:0xdb0x080x050x0f0x890xc50x5e0x27
frame name: execute
symbol name: gap_score
symbol filename: smith_waterman.c
symbol line: 11
value: 4.766637475400479e-119
value address: 0x555555757030 <gap_score>
Type: A floating point type.
Type sizeof: 8

[INFO -- 2018-12-05 17:09:21]
Fault Injection Successful after 1.1557722091674805s
