[INFO -- 2019-09-03 11:54:17]
Starting flip_value script
version: 1.1
[INFO -- 2019-09-03 11:54:17]
Initialization strings:
[INFO -- 2019-09-03 11:54:17]
(1) file /tmp/smith_waterman/smith_waterman
[INFO -- 2019-09-03 11:54:17]
(2) set args -x /tmp/smith_waterman/randInputX -y /tmp/smith_waterman/randInputY -o /tmp/smith_waterman/output
[INFO -- 2019-09-03 11:54:17]
initSignal:0
[INFO -- 2019-09-03 11:54:17]
endSignal:6
[INFO -- 2019-09-03 11:54:17]
faultModel:0
[INFO -- 2019-09-03 11:54:18]
Backtrace BEGIN:
#0  0x0000555555555043 in smith_waterman (x_num=11100, y_num=15000, str_x=0x5555557586c0 "NVNTUQQFWOTMMJJPRIAOOUUAHOIRGGAGEBBKRRDIYYSTECIXKKVHHBBQMMAUUGGYTWWFAAPFYYYLIEEYTBYCSBCNNVKYLLIUUHVVRRCHYDONNKKGTIKNKFRZCWJHUUXBBXAKDDTIIJVVDEWWVMMHVFZZBUDKAAORZDNNYYEBIGZLDDQQTYXRDHQFUUPRFFWWWNLPMPTU"..., str_y=0x55555575b230 "NVNTSUQFWOTIMFJPRIAXOWUAHOJIRGAGEQBYKRDIFYSTECIXKKVAHRBQHMAAUDGYTHWFAAPFYHYELIEYTBYCSBUCNVCKYLITUHAVJRCHYDOMNSKGTIKNKFRZCWJCHUXDBXAKODTOIJAVDMEWVOMHVFIZBUDKOAORZODNTYEBIGZLTDKQTYXRDHQFBUPRWFIWWNLPMPTU"..., fo=0x555555758260) at smith_waterman.c:98
#1  0x0000555555555e38 in main (argc=7, argv=0x7fffffffde98) at smith_waterman.c:298

93	    double max_score=0.0;
94	    for(i=1; i<x_num+1; i++){
95	        for(j=1; j<y_num+1; j++){
96	            if(str_x[i-1]==str_y[j-1]){diff=match_score;}
97	            else{diff=mismatch_score;}
98	            matrix[i][j]=my_maxof(matrix[i-1][j-1]+diff, matrix[i-1][j]+gap_score, matrix[i][j-1]+gap_score,0);
99	            if(matrix[i][j]>max_score)
100	                max_score=matrix[i][j];
101	        }
102	    }

Backtrace END
Memory content before bitflip:0x000x000x000x000x000x000x000x00
Fault Model: Single bit-flip
base address to flip value: 0x7fffffffdca0
address max offset: 8
Memory content after  bitflip:0x000x000x000x000x000x020x000x00
frame name: smith_waterman
symbol name: x
symbol filename: smith_waterman.c
symbol line: 115
value: 2199023255552
value address: 0x7fffffffdca0
Type: The type is an integer type.
Type sizeof: 8

[INFO -- 2019-09-03 11:54:18]
Fault Injection Successful after 1.5105416774749756s
[INFO -- 2019-09-03 11:54:20]
event type: exit
[INFO -- 2019-09-03 11:54:20]
exit code: 0
