[INFO -- 2018-12-04 13:18:16]
Starting flip_value script
version: 1.1
[INFO -- 2018-12-04 13:18:16]
Initialization strings:
[INFO -- 2018-12-04 13:18:16]
(1) file /tmp/smith_waterman/smith_waterman
[INFO -- 2018-12-04 13:18:16]
(2) set args -x /tmp/smith_waterman/randInputX -y /tmp/smith_waterman/randInputY -o /tmp/smith_waterman/output -z /tmp/smith_waterman/detected.log
[INFO -- 2018-12-04 13:18:16]
initSignal:0
[INFO -- 2018-12-04 13:18:16]
endSignal:6
[INFO -- 2018-12-04 13:18:16]
faultModel:2
[INFO -- 2018-12-04 13:18:19]
Backtrace BEGIN:
#0  0x0000555555554d0e in my_maxof (a=1908, b=1907, c=1904, d=0) at smith_waterman.c:69
#1  0x0000555555555202 in smith_waterman (x_num=15000, x_num2=15000, y_num=11400, y_num2=11400, str_x=0x5555557586c0 "GCLUZAABTRHGXUXOYOVEZWACAGILWCEEEPZFRBGMSOTPKQFKEAOFZRJZXSMVUQCAHBFZENNYBGNNYUYEXOMWFVXFPJALCCLJFQKJGYJHGWXHTXLQLXORTLWKWYWADHKKAWWGUFPDEOKXLXNXVDQQQOAMMWNRGZCIVYOSDFXHUHGFGTEBWWTOKUBZSQSARUIMUYGAEDHY"..., str_y=0x55555575c170 "CLLZAABBTRGXUUOYOOEZWACAGGLWWEEEEZFRBBGSOTPPKQKEEOFZZJZXSSMVQCAHBFZENNYBBGNYYUEXOMWFFXXPJAACCLJFQQJGYJJGWXXTXLQLXOOTTWWWYWWDDKKKWWGUFFDDOOKXLNXVVQQQOAAMWNRGZZIVYOODFFXUUGFGTEBWWTOKUBZSSSARRUMUUGAEDDYM"...) at smith_waterman.c:141
#2  0x0000555555555e65 in execute (file_x_name=0x7fffffffe0b4 "/tmp/smith_waterman/randInputX", file_y_name=0x7fffffffe0d6 "/tmp/smith_waterman/randInputY") at smith_waterman.c:309
#3  0x0000555555556082 in main (argc=9, argv=0x7fffffffdc88) at smith_waterman.c:355

64	        exit(0);
65	    }
66	}
67	
68	double my_maxof(double a, double b, double c, double d)
69	{
70	    double ans=a;
71	    if(ans<b) ans=b;
72	    if(ans<c) ans=c;
73	    if(ans<d) ans=d;

Backtrace END
Fliping a bit of the pointer
Memory content before bitflip:0x600x820x750x550x550x550x000x00
Fault Model: Random bit-flip
base address to flip value: 0x7fffffffda98
address max offset: 8
Memory content after  bitflip:0x4f0xcb0x6c0x360xb10x4a0x520x8d
frame name: smith_waterman
symbol name: alignmentAcopy
symbol filename: smith_waterman.c
symbol line: 183
value: 0x555555758260 "\220\204uUUU"
value address: 0x7fffffffda98
Type: The type is a pointer.
Type sizeof: 8

[INFO -- 2018-12-04 13:18:19]
Fault Injection Successful after 3.6038625240325928s
[INFO -- 2018-12-04 13:18:21]
event type: exit
[INFO -- 2018-12-04 13:18:21]
exit code: 0
