[INFO -- 2018-12-05 21:57:13]
Starting flip_value script
version: 1.1
[INFO -- 2018-12-05 21:57:13]
Initialization strings:
[INFO -- 2018-12-05 21:57:13]
(1) file /tmp/smith_waterman/smith_waterman
[INFO -- 2018-12-05 21:57:13]
(2) set args -x /tmp/smith_waterman/randInputX -y /tmp/smith_waterman/randInputY -o /tmp/smith_waterman/output -z /tmp/smith_waterman/detected.log
[INFO -- 2018-12-05 21:57:13]
initSignal:0
[INFO -- 2018-12-05 21:57:13]
endSignal:6
[INFO -- 2018-12-05 21:57:13]
faultModel:2
[INFO -- 2018-12-05 21:57:16]
Backtrace BEGIN:
#0  my_maxof (a=0, b=-2, c=-2, d=0) at smith_waterman.c:75
#1  0x0000555555555202 in smith_waterman (x_num=15000, x_num2=15000, y_num=10200, y_num2=10200, str_x=0x5555557586c0 "UYSBZEDUESXVUGLTTBIEPRWRMJYXPXLJVDNXIQTOIQJFYXARAIWPBUHNDFMSCYEADRZNJSBUINBIMBZMMXBNSKDVSPQWNUWTNVGWPKQZZTHLVHXJGAYYNBWFRMBGIABVXITNSMMTFWECFDLLFMKSNIZGWDPEDQBCYURSGGLMCRQHUESAQEUDMWKIZBOERPGQMAKSGYGI"..., str_y=0x55555575c170 "UYSBZEDUESVUGGLTBBIPPWWRJJYPXLJVVDXIITTIQQJYYAARAIWBBUHNDFMSCYEARZNNJSBUNBBIMBMMXBNSKDDVSQWNNWTNNVWPKKZZZTHLVHJJAAYNBBWFRBGIIAVXITNSSMTFFWCFFLLLMMSSNIGWWDPDDQCYYURGGLLCCQHUUESAEEUMWKIIBBEERGQMAKKSGYGI"...) at smith_waterman.c:141
#2  0x0000555555555e65 in execute (file_x_name=0x7fffffffe0b4 "/tmp/smith_waterman/randInputX", file_y_name=0x7fffffffe0d6 "/tmp/smith_waterman/randInputY") at smith_waterman.c:309
#3  0x0000555555556082 in main (argc=9, argv=0x7fffffffdc88) at smith_waterman.c:355

70	    double ans=a;
71	    if(ans<b) ans=b;
72	    if(ans<c) ans=c;
73	    if(ans<d) ans=d;
74	    return ans;
75	}
76	
77	double matchMisScore(long i, long j, char* str_y, char* str_x)
78	{
79	    if (str_y[j] == str_x[i])

Backtrace END
Memory content before bitflip:0x000x000x000x000x000x000x000x00
Fault Model: Random bit-flip
base address to flip value: 0x7fffffffd9b0
address max offset: 8
Memory content after  bitflip:0xeb0x530xb30x790x6f0xb00x8b0xd2
frame name: my_maxof
symbol name: d
symbol filename: smith_waterman.c
symbol line: 68
value: -4.4065545743124651e+89
value address: 0x7fffffffd9b0
Type: A floating point type.
Type sizeof: 8

[INFO -- 2018-12-05 21:57:16]
Fault Injection Successful after 3.6793599128723145s
[INFO -- 2018-12-05 21:57:17]
event type: exit
[INFO -- 2018-12-05 21:57:17]
exit code: 0
