[INFO -- 2018-12-03 20:26:03]
Starting flip_value script
version: 1.1
[INFO -- 2018-12-03 20:26:03]
Initialization strings:
[INFO -- 2018-12-03 20:26:03]
(1) file /tmp/smith_waterman/smith_waterman
[INFO -- 2018-12-03 20:26:03]
(2) set args -x /tmp/smith_waterman/randInputX -y /tmp/smith_waterman/randInputY -o /tmp/smith_waterman/output -z /tmp/smith_waterman/detected.log
[INFO -- 2018-12-03 20:26:03]
initSignal:0
[INFO -- 2018-12-03 20:26:03]
endSignal:6
[INFO -- 2018-12-03 20:26:03]
faultModel:1
[INFO -- 2018-12-03 20:26:04]
Backtrace BEGIN:
#0  0x0000555555554fa6 in smith_waterman (x_num=15000, x_num2=15000, y_num=14850, y_num2=14850, str_x=0x5555557586c0 "VWQIBLFLFGCSZRYTZIZVYTTKLONABOGWKWFNIKYPSDKTWKMVSNSQGNDUCQUDEBARXHEHTFXLKHEGRTELGYBPMEJOXFTBGVSGCZNXGMIQTNYMIEXQDBFPFQFEWAGCWAIABYYHKIZGVYUFEUWHVBYCSFHOGNSEPDGRBGALPATMYOSCIOMDRMFLSOBABUETXKKARKNIKHUK"..., str_y=0x55555575c170 "WWIBLFLLGCCZRYTZIZVVTTTLLONBOGWKKFNIKYPSDKKWKKMSNNQGNNUUQQDEBBARHHEHFXLLHEERRELLYBBMMJOXFTTBGSGGZNXGMIQTNYMIIXQDDBPFFQEWWAGWAIABYYYKKZZVYYFEUUHHBYCSSHOOGSEPDGRBGAAPATMYOSCCOMDRMMLSOBBBUETXKKKAKNNIHUKV"...) at smith_waterman.c:121
#1  0x0000555555555e65 in execute (file_x_name=0x7fffffffe0b4 "/tmp/smith_waterman/randInputX", file_y_name=0x7fffffffe0d6 "/tmp/smith_waterman/randInputY") at smith_waterman.c:309
#2  0x0000555555556082 in main (argc=9, argv=0x7fffffffdc88) at smith_waterman.c:355

116	    long j;
117		
118	    i2 = 0;
119	    for(i=0; i<x_num+1; i++){
120	        check_index(i, i2);
121	        matrix[i][0]=0.0;
122	        i2++;
123	    }
124	    check_index(i, i2);
125	    i2 = 0;

Backtrace END
Memory content before bitflip:0x090x000x000x00
Fault Model: Double bit-flip
base address to flip value: 0x7fffffffdb5c
address max offset: 4
Memory content after  bitflip:0x090x000x300x00
frame name: main
symbol name: argc
symbol filename: smith_waterman.c
symbol line: 316
value: 3145737
value address: 0x7fffffffdb5c
Type: The type is an integer type.
Type sizeof: 4

[INFO -- 2018-12-03 20:26:04]
Fault Injection Successful after 1.103433609008789s
[INFO -- 2018-12-03 20:26:10]
event type: exit
[INFO -- 2018-12-03 20:26:10]
exit code: 0
