[INFO -- 2018-12-05 17:14:18]
Starting flip_value script
version: 1.1
[INFO -- 2018-12-05 17:14:18]
Initialization strings:
[INFO -- 2018-12-05 17:14:18]
(1) file /tmp/smith_waterman/smith_waterman
[INFO -- 2018-12-05 17:14:18]
(2) set args -x /tmp/smith_waterman/randInputX -y /tmp/smith_waterman/randInputY -o /tmp/smith_waterman/output -z /tmp/smith_waterman/detected.log
[INFO -- 2018-12-05 17:14:18]
initSignal:0
[INFO -- 2018-12-05 17:14:18]
endSignal:6
[INFO -- 2018-12-05 17:14:18]
faultModel:1
[INFO -- 2018-12-05 17:14:22]
Backtrace BEGIN:
#0  0x00005555555553d9 in smith_waterman (x_num=15000, x_num2=15000, y_num=12000, y_num2=12000, str_x=0x5555557586c0 "CVUOAGGETRADLDNAMNINZBWZQWUTOLKTGGJINPOIIQLUTYWFOESNHPOYNITETDXBLILAYZJIPUCJVAQJFJWOAKMNTHROMQSYZDYXFHFUEKFZKWKRFGGHSUUNCOEOEWMDBLCGUKDYUIZGGJYNRGUKAPZEDDTHBHNFUPLRZOPVZREFAETUKNGMEFTHLOROVGTSVFJXVAUW"..., str_y=0x55555575c170 "VVUOAGEETAALDDAMMNNZBBZQQWTTOKKGGGJNPOIIQLUTTWFFESNNHOYNIIEETXBLILLYYZJIUUCVAAQJJWWAAMNTTHRMQSYYDDXFFFUEKFFKWWRFGGHHSUUNOOOEWMMBBCGUUDYYIZGGJYYRGUKAPZZEDTHBHHFFPLRROPPZREFAATUUNGMMFTHLOROOVTTVFJJVVUWR"...) at smith_waterman.c:173
#1  0x0000555555555e65 in execute (file_x_name=0x7fffffffe0b4 "/tmp/smith_waterman/randInputX", file_y_name=0x7fffffffe0d6 "/tmp/smith_waterman/randInputY") at smith_waterman.c:309
#2  0x0000555555556082 in main (argc=9, argv=0x7fffffffdc88) at smith_waterman.c:355

168	            if(i==0 && j==0){
169	                maxValue = matrix[i][j];
170	                y = i;
171	                x = j;
172	            }
173	            if(maxValue < matrix[i][j]){
174	                maxValue = matrix[i][j];
175	                y = i;
176	                x = j;
177	            }

Backtrace END
Fliping a bit of the pointer
Memory content before bitflip:0x900x490x550x550x550x550x000x00
Fault Model: Double bit-flip
base address to flip value: 0x7fffffffdb88
address max offset: 8
Memory content after  bitflip:0x900x580x550x550x550x550x000x00
frame name: main
symbol name: answer1
symbol filename: smith_waterman.c
symbol line: 355
value: 0x555555554990 <_start> "1\355I\211\321^H\211\342H\203\344\360PTL\215\005\212\030"
value address: 0x7fffffffdb88
Type: The type is a pointer.
Type sizeof: 8

[INFO -- 2018-12-05 17:14:22]
Fault Injection Successful after 4.904663562774658s
[INFO -- 2018-12-05 17:14:23]
event type: exit
[INFO -- 2018-12-05 17:14:23]
exit code: 0
