[INFO -- 2018-12-08 21:48:39]
Starting flip_value script
version: 1.1
[INFO -- 2018-12-08 21:48:39]
Initialization strings:
[INFO -- 2018-12-08 21:48:39]
(1) file /tmp/smith_waterman/smith_waterman
[INFO -- 2018-12-08 21:48:39]
(2) set args -x /tmp/smith_waterman/randInputX -y /tmp/smith_waterman/randInputY -o /tmp/smith_waterman/output -z /tmp/smith_waterman/detected.log
[INFO -- 2018-12-08 21:48:39]
initSignal:0
[INFO -- 2018-12-08 21:48:39]
endSignal:6
[INFO -- 2018-12-08 21:48:39]
faultModel:2
[INFO -- 2018-12-08 21:48:44]
Backtrace BEGIN:
#0  0x00005555555556b5 in smith_waterman (x_num=10200, x_num2=10200, y_num=15000, y_num2=15000, str_x=0x5555557586c0 "VJJPPOKKZRRZZZSGGKZZNROHHFUUJJDRPNQGDGQEXJDIIXGPMQZZQJPPXXTLZEEXWWDDDVAAFAAPGGGJXXQGAAQYYLKGKOEYLRROOOMMOQNNWIXWHNNMMFNSSZTFOFFZGXPLLFZAYBUULMSSYIJLNWXYYSKMPQNYPELALNCJSSEBGZHHEESWRRDBQNBBGBBXGPRRCCBS"..., str_y=0x55555575aeb0 "VEJZPOOKZRRZAZSGGNKZNYROHFIUWJDRPNQGDGQEXJDXIXGPMQQZQJPZPXTLGZEXMWDRDVVAFAAPXGGJYXLQGAQXYLKGKOEYLHROFOQMOQBNWIXWHKNPMFNKSZTFOXFZGXPNLFZAYBPULMTSYIJLNWXFYSKMPQNYPELALNCJOSEBGZTHHESWDRDBKQNBGCBXGPZRCCBS"...) at smith_waterman.c:241
#1  0x0000555555556178 in execute (file_x_name=0x7fffffffe065 "/tmp/smith_waterman/randInputX", file_y_name=0x7fffffffe087 "/tmp/smith_waterman/randInputY") at smith_waterman.c:379
#2  0x0000555555556393 in main (argc=9, argv=0x7fffffffdc38) at smith_waterman.c:425

236	            if(i==0 && j==0){
237	                maxValue = matrix[i][j];
238	                y = i;
239	                x = j;
240	            }
241	            if(maxValue < matrix[i][j]){
242	                maxValue = matrix[i][j];
243	                y = i;
244	                x = j;
245	            }

Backtrace END
Memory content before bitflip:0x980x3a0x000x000x000x000x000x00
Fault Model: Random bit-flip
base address to flip value: 0x7fffffffdad8
address max offset: 8
Memory content after  bitflip:0x1a0x5f0xc10x830xb40x270xea0x71
frame name: execute
symbol name: y_num
symbol filename: smith_waterman.c
symbol line: 369
value: 8208416927094234906
value address: 0x7fffffffdad8
Type: The type is an integer type.
Type sizeof: 8

[INFO -- 2018-12-08 21:48:44]
Fault Injection Successful after 5.123430967330933s
[INFO -- 2018-12-08 21:48:45]
event type: exit
[INFO -- 2018-12-08 21:48:45]
exit code: 0
