[INFO -- 2018-12-09 03:15:39]
Starting flip_value script
version: 1.1
[INFO -- 2018-12-09 03:15:39]
Initialization strings:
[INFO -- 2018-12-09 03:15:39]
(1) file /tmp/smith_waterman/smith_waterman
[INFO -- 2018-12-09 03:15:39]
(2) set args -x /tmp/smith_waterman/randInputX -y /tmp/smith_waterman/randInputY -o /tmp/smith_waterman/output -z /tmp/smith_waterman/detected.log
[INFO -- 2018-12-09 03:15:39]
initSignal:0
[INFO -- 2018-12-09 03:15:39]
endSignal:6
[INFO -- 2018-12-09 03:15:39]
faultModel:2
[INFO -- 2018-12-09 03:15:40]
Backtrace BEGIN:
#0  0x0000555555554fd1 in my_maxof (a=290, b=290, c=287, d=0) at smith_waterman.c:137
#1  0x00005555555554a5 in smith_waterman (x_num=15000, x_num2=15000, y_num=14250, y_num2=14250, str_x=0x5555557586c0 "HOCVFBOSTRXOQCCBDLFPULXQPQLRQYZXPBSWFGOAZNOSQRTTEYIYMHOBZAUPATNRXHNCQDCPTQJLJCENDOOPYESXEMNHFCYCLOGBTITMBCXMHDCKUQBUUTTBFIIMKIRYYXZSGUGJXGVELXQHPRBKMVLTFVFQDWOEWPWEKENJKKPWKFDZYHJKEWDJRKBXJRDFHZJTFWCS"..., str_y=0x55555575c170 "OOVVFBOTTRXQQCBDLLFPUXQQQQRQYYXXBSSFFOOZZNSQQRTEEIIYMHBZAUUAATNRXNNQDDCTTQLLJEENDOPYESSEMMHHCYCCOOBTIIMBBCXHDDCKUQBUUTBBFIMMIIYYXZSGUUJJXVEEXXQPPBKMVLTTFFQDDWEEWPWEEENKKKWWKFDYHHJKEWDJRBXJRDDFZZJTWWSS"...) at smith_waterman.c:205
#2  0x0000555555556178 in execute (file_x_name=0x7fffffffe065 "/tmp/smith_waterman/randInputX", file_y_name=0x7fffffffe087 "/tmp/smith_waterman/randInputY") at smith_waterman.c:379
#3  0x0000555555556393 in main (argc=9, argv=0x7fffffffdc38) at smith_waterman.c:425

132	
133	double my_maxof(double a, double b, double c, double d)
134	{
135	    double ans=a;
136	    if(ans<b) ans=b;
137	    if(ans<c) ans=c;
138	    if(ans<d) ans=d;
139	    return ans;
140	}
141	

Backtrace END
Fliping a bit of the value pointed by a pointer
Fliping value of field: _fileno
Memory content before bitflip:0xff0xff0xff0xff
Fault Model: Random bit-flip
base address to flip value: 0x5555557582d0
address max offset: 4
Memory content after  bitflip:0xa50x620x6e0x1a
frame name: execute
symbol name: fpy
symbol filename: smith_waterman.c
symbol line: 366
value: 0x555555758260
value address: 0x7fffffffdac8
Type: The type is a pointer.
Type sizeof: 8

[INFO -- 2018-12-09 03:15:40]
Fault Injection Successful after 1.5684466361999512s
[INFO -- 2018-12-09 03:15:47]
event type: exit
[INFO -- 2018-12-09 03:15:47]
exit code: 0
