[INFO -- 2018-12-04 01:12:19]
Starting flip_value script
version: 1.1
[INFO -- 2018-12-04 01:12:19]
Initialization strings:
[INFO -- 2018-12-04 01:12:19]
(1) file /tmp/smith_waterman/smith_waterman
[INFO -- 2018-12-04 01:12:19]
(2) set args -x /tmp/smith_waterman/randInputX -y /tmp/smith_waterman/randInputY -o /tmp/smith_waterman/output -z /tmp/smith_waterman/detected.log
[INFO -- 2018-12-04 01:12:19]
initSignal:0
[INFO -- 2018-12-04 01:12:19]
endSignal:6
[INFO -- 2018-12-04 01:12:19]
faultModel:1
[EXCEPTION -- 2018-12-04 01:12:19]
gdbException: Attempt to dereference a generic pointer.
[INFO -- 2018-12-04 01:12:24]
Backtrace BEGIN:
#0  smith_waterman (x_num=14700, x_num2=14700, y_num=15000, y_num2=15000, str_x=0x5555557586c0 "NBBYQVYKKFOOZZTXXXLQRUUNUKCKOWDDCXSSAAYGXXVGQQKOOOFFIUUSVXDJJBONBPVVRGYYDEECPRFFNQNLHDDWIIRKTTFLKNCTTCXLJBDDDINTTVASFFLLVDDQKKBBVVFQIPPVQQYSTJFEHHHJNYDDVDDOMPLLNWVVFTYYLQQCYYHFFDSDRRBBVCPSSGUEEFFRRYHC"..., str_y=0x55555575c040 "NQBYQVYEKFYOZZTCXXLQRAUNUKCKOKWDCXBSUAYGHXVGYQKWOWOFWIUSVXDJJBONBPGVRGCYDZECPRAFNQNLZHDWGIFRKTFLKNICTMCXLJBDADINTVASFFOLOVDAQKNBXVFQIHPVQQYSTJFNEHHJNYXDVCDOMQPLNWBVFTTYLRQFCYUHFDSUDRXBVCPJSGUIEYFJRYHC"...) at smith_waterman.c:168
#1  0x0000555555555e65 in execute (file_x_name=0x7fffffffe0b4 "/tmp/smith_waterman/randInputX", file_y_name=0x7fffffffe0d6 "/tmp/smith_waterman/randInputY") at smith_waterman.c:309
#2  0x0000555555556082 in main (argc=9, argv=0x7fffffffdc88) at smith_waterman.c:355

163	
164	    i2 = 0;
165	    for(i=0; i<height+1; i++){
166	        check_index(i, i2);
167	        for(j=0; j<width+1; j++){
168	            if(i==0 && j==0){
169	                maxValue = matrix[i][j];
170	                y = i;
171	                x = j;
172	            }

Backtrace END
Fliping a bit of the pointer
Memory content before bitflip:0x160xe10xff0xff0xff0x7f0x000x00
Fault Model: Double bit-flip
base address to flip value: 0x7fffffffdb80
address max offset: 8
Memory content after  bitflip:0x160xe80xff0xff0xff0x7f0x000x00
frame name: main
symbol name: log
symbol filename: smith_waterman.c
symbol line: 322
value: 0x7fffffffe116 "/tmp/smith_waterman/detected.log"
value address: 0x7fffffffdb80
Type: The type is a pointer.
Type sizeof: 8

[INFO -- 2018-12-04 01:12:24]
Fault Injection Successful after 5.7090654373168945s
[INFO -- 2018-12-04 01:12:25]
event type: exit
[INFO -- 2018-12-04 01:12:25]
exit code: 0
