[INFO -- 2018-12-04 15:23:49]
sending 5 signals using command: 'killall -2 smith_waterman' after 5.36857314822s
[INFO -- 2018-12-04 15:23:49]
sending 5 signals using command: 'killall -2 smith_waterman' after 5.4439171293s
[INFO -- 2018-12-04 15:23:49]
sending 5 signals using command: 'killall -2 smith_waterman' after 5.66316094414s
[INFO -- 2018-12-04 15:23:49]
Starting GDB script
[INFO -- 2018-12-04 15:23:49]
initSignal:0.0
[INFO -- 2018-12-04 15:23:49]
endSignal:6.0
[INFO -- 2018-12-04 15:23:52]
sending 5 signals using command: 'killall -2 smith_waterman' after 2.1610453404s
[INFO -- 2018-12-04 15:23:53]
sending 5 signals using command: 'killall -2 smith_waterman' after 3.5406221822s
[INFO -- 2018-12-04 15:23:55]
sending 5 signals using command: 'killall -2 smith_waterman' after 5.6481258423s
[INFO -- 2018-12-04 15:23:56]
Execution finished before waitTime
