[INFO -- 2018-12-04 09:24:06]
Starting flip_value script
version: 1.1
[INFO -- 2018-12-04 09:24:06]
Initialization strings:
[INFO -- 2018-12-04 09:24:06]
(1) file /tmp/smith_waterman/smith_waterman
[INFO -- 2018-12-04 09:24:06]
(2) set args -x /tmp/smith_waterman/randInputX -y /tmp/smith_waterman/randInputY -o /tmp/smith_waterman/output -z /tmp/smith_waterman/detected.log
[INFO -- 2018-12-04 09:24:06]
initSignal:0
[INFO -- 2018-12-04 09:24:06]
endSignal:6
[INFO -- 2018-12-04 09:24:06]
faultModel:1
[INFO -- 2018-12-04 09:24:11]
Backtrace BEGIN:
#0  __strlen_sse2 () at ../sysdeps/x86_64/multiarch/../strlen.S:240
#1  0x000055555555573e in smith_waterman (x_num=12300, x_num2=12300, y_num=15000, y_num2=15000, str_x=0x5555557586c0 "EYYZMOVZWWFFFGGYYGGDDVVMWLCRRSXKQALEOIFMNBBUHHSWQQZZMMSKFBBBXTZJBBUPEUFRYYMMFFBBXXILLHVAIIYCZJNNFFTKKYDDZWHHYIBXLLJGGFFBBKFFDTFFBZKFFXOWHHAAWWBJJNMFFCIXMNNCHKILLIQIIIXQQMXKKHUUSMCCMKKJANKKKSSXNQRRPPXB"..., str_y=0x55555575b6e0 "ERYCZMOVZWFUFFGOYOGWDUVSMWLCRSSXKQALEOIFMNBTUHHSWQQZKMSXKFBBXTZJLBUPREUFRYYMFFGBXXBILVHVAIYZCZJNAFFTKBYDZWRHEYIBXLJIGSFIBDKFDTUFYBZKFXOGWHNAHWBEJNMSFTCIXMNCHKJILISQIIXGQMGXKHEUUSMCMQKJDANKKWSXHNQRVPXN"...) at smith_waterman.c:214
#2  0x0000555555555e65 in execute (file_x_name=0x7fffffffe0b4 "/tmp/smith_waterman/randInputX", file_y_name=0x7fffffffe0d6 "/tmp/smith_waterman/randInputY") at smith_waterman.c:309
#3  0x0000555555556082 in main (argc=9, argv=0x7fffffffdc88) at smith_waterman.c:355

235	../sysdeps/x86_64/multiarch/../strlen.S: No such file or directory.

Backtrace END
Memory content before bitflip:0x0d0x300x000x000x000x000x000x00
Fault Model: Double bit-flip
base address to flip value: 0x7fffffffda30
address max offset: 8
Memory content after  bitflip:0x0d0x500x000x000x000x000x000x00
frame name: smith_waterman
symbol name: i
symbol filename: smith_waterman.c
symbol line: 107
value: 20493
value address: 0x7fffffffda30
Type: The type is an integer type.
Type sizeof: 8

[INFO -- 2018-12-04 09:24:11]
Fault Injection Successful after 5.926798105239868s
[INFO -- 2018-12-04 09:24:12]
event type: exit
[INFO -- 2018-12-04 09:24:12]
exit code: 0
