[INFO -- 2018-12-04 19:31:31]
Starting flip_value script
version: 1.1
[INFO -- 2018-12-04 19:31:31]
Initialization strings:
[INFO -- 2018-12-04 19:31:31]
(1) file /tmp/smith_waterman/smith_waterman
[INFO -- 2018-12-04 19:31:31]
(2) set args -x /tmp/smith_waterman/randInputX -y /tmp/smith_waterman/randInputY -o /tmp/smith_waterman/output -z /tmp/smith_waterman/detected.log
[INFO -- 2018-12-04 19:31:31]
initSignal:0
[INFO -- 2018-12-04 19:31:31]
endSignal:6
[INFO -- 2018-12-04 19:31:31]
faultModel:0
[INFO -- 2018-12-04 19:31:32]
Backtrace BEGIN:
#0  0x0000555555554f18 in smith_waterman (x_num=15000, x_num2=15000, y_num=12900, y_num2=12900, str_x=0x5555557586c0 "RSCXVWIFHFRZEWWNHSRCDPWWVJUYBJNUBPUYNCEWJXWNTUDBMUFPJDNGMJGPUTKVKGUXIYVUVRJPNMSZIZRRCEZQQFIKAUIKACJKCFEZYOQMAKNLJECNLEGBLONMIVYIZKSBRZDRPTFRETCPXFDILJLWXZKHWLPWVJZMKCFZWLRAETPBAUMLDXKCYUJVHARCMQQWVWWR"..., str_y=0x55555575c170 "RSCXVIFFHFREEWNHHSCCDWWWVJUYJNNUBPUYNCWWJXWTTUBBMFPPJDGGJGPUUKVVKGUXYYVUVJJPMMSZIZRCCZZQQFIKAUIKCCJCCFEYYQMMAKNLJCCNLEBLLOMIVYYZKSSBRDDRPTRRETPPXFDILJLXXZHHWLWWVZZKKCFZWRRAEPPBAUMLDKKCYUJVHRRCQQQVVWRR"...) at smith_waterman.c:111
#1  0x0000555555555e65 in execute (file_x_name=0x7fffffffe0b4 "/tmp/smith_waterman/randInputX", file_y_name=0x7fffffffe0d6 "/tmp/smith_waterman/randInputY") at smith_waterman.c:309
#2  0x0000555555556082 in main (argc=9, argv=0x7fffffffdc88) at smith_waterman.c:355

106	    matrix[0]=(double*)calloc((x_num+1)*(y_num+1), sizeof(double));
107	    long i, i2;
108	    i2 = 1;
109	    for(i=1; i<x_num+1; i++){
110	        check_index(i, i2);
111	        matrix[i]=matrix[0]+(y_num+1)*i;
112	        i2++;
113	    }
114	    check_index(i, i2);
115	

Backtrace END
Memory content before bitflip:0x000x000x000x000x000x000x000xc0
Fault Model: Single bit-flip
base address to flip value: 0x555555757038 
address max offset: 8
Memory content after  bitflip:0x000x000x000x100x000x000x000xc0
frame name: main
symbol name: gap_score2
symbol filename: smith_waterman.c
symbol line: 12
value: -2.0000001192092896
value address: 0x555555757038 <gap_score2>
Type: A floating point type.
Type sizeof: 8

[INFO -- 2018-12-04 19:31:32]
Fault Injection Successful after 1.121516466140747s
[INFO -- 2018-12-04 19:31:37]
event type: exit
[INFO -- 2018-12-04 19:31:37]
exit code: 0
