[INFO -- 2018-12-08 14:19:48]
Starting flip_value script
version: 1.1
[INFO -- 2018-12-08 14:19:48]
Initialization strings:
[INFO -- 2018-12-08 14:19:48]
(1) file /tmp/smith_waterman/smith_waterman
[INFO -- 2018-12-08 14:19:48]
(2) set args -x /tmp/smith_waterman/randInputX -y /tmp/smith_waterman/randInputY -o /tmp/smith_waterman/output -z /tmp/smith_waterman/detected.log
[INFO -- 2018-12-08 14:19:48]
initSignal:0
[INFO -- 2018-12-08 14:19:48]
endSignal:6
[INFO -- 2018-12-08 14:19:48]
faultModel:2
[INFO -- 2018-12-08 14:19:48]
Backtrace BEGIN:
#0  malloc (n=22) at dl-minimal.c:50
#1  <function called from gdb>
#2  0x00007ffff7df1cdd in __libc_open64 (file=file@entry=0x7ffff7df6428 "/etc/ld.so.cache", oflag=oflag@entry=524288) at ../sysdeps/unix/sysv/linux/open64.c:47
#3  0x00007ffff7de6496 in _dl_sysdep_read_whole_file (file=file@entry=0x7ffff7df6428 "/etc/ld.so.cache", sizep=sizep@entry=0x7ffff7ffe0a8 <cachesize>, prot=prot@entry=1) at dl-misc.c:47
#4  0x00007ffff7ded368 in _dl_load_cache_lookup (name=name@entry=0x5555555544e9 "libc.so.6") at dl-cache.c:201
#5  0x00007ffff7dde383 in _dl_map_object (loader=0x7ffff7ffe170, name=0x5555555544e9 "libc.so.6", type=1, trace_mode=0, mode=<optimized out>, nsid=<optimized out>) at dl-load.c:2255
#6  0x00007ffff7de3312 in openaux (a=a@entry=0x7fffffffd8c0) at dl-deps.c:63
#7  0x00007ffff7df0c6b in _dl_catch_exception (exception=exception@entry=0x7fffffffd8a0, operate=operate@entry=0x7ffff7de32e0 <openaux>, args=args@entry=0x7fffffffd8c0) at dl-error-skeleton.c:196
#8  0x00007ffff7de3618 in _dl_map_object_deps (map=map@entry=0x7ffff7ffe170, preloads=<optimized out>, npreloads=npreloads@entry=0, trace_mode=trace_mode@entry=0, open_mode=open_mode@entry=0) at dl-deps.c:249
#9  0x00007ffff7dd8ea6 in dl_main (phdr=<optimized out>, phnum=<optimized out>, user_entry=<optimized out>, auxv=<optimized out>) at rtld.c:1726
#10 0x00007ffff7defdd0 in _dl_sysdep_start (start_argptr=start_argptr@entry=0x7fffffffdc30, dl_main=dl_main@entry=0x7ffff7dd7660 <dl_main>) at ../elf/dl-sysdep.c:253
#11 0x00007ffff7dd7128 in _dl_start_final (arg=0x7fffffffdc30) at rtld.c:414
#12 _dl_start (arg=0x7fffffffdc30) at rtld.c:521
#13 0x00007ffff7dd6098 in _start () from /lib64/ld-linux-x86-64.so.2
#14 0x0000000000000009 in ?? ()
#15 0x00007fffffffe03f in ?? ()
#16 0x00007fffffffe062 in ?? ()
#17 0x00007fffffffe065 in ?? ()
#18 0x00007fffffffe084 in ?? ()
#19 0x00007fffffffe087 in ?? ()
#20 0x00007fffffffe0a6 in ?? ()
#21 0x00007fffffffe0a9 in ?? ()
#22 0x00007fffffffe0c4 in ?? ()
#23 0x00007fffffffe0c7 in ?? ()
#24 0x0000000000000000 in ?? ()

45	dl-minimal.c: No such file or directory.

Backtrace END
Fliping value of field: st_mtim
Fliping value of field: tv_nsec
Memory content before bitflip:0x000x000x000x000x000x000x000x00
Fault Model: Random bit-flip
base address to flip value: 0x7fffffffd1d0
address max offset: 8
Memory content after  bitflip:0x870x040x640x960x9a0x1e0x7d0xfa
frame name: _dl_sysdep_read_whole_file
symbol name: st
symbol filename: dl-misc.c
symbol line: 46
value: {st_dev = 0, st_ino = 0, st_nlink = 0, st_mode = 0, st_uid = 0, st_gid = 0, __pad0 = 0, st_rdev = 0, st_size = 0, st_blksize = 0, st_blocks = 0, st_atim = {tv_sec = 0, tv_nsec = 0}, st_mtim = {tv_sec = 0, tv_nsec = -397127542841801593}, st_ctim = {tv_sec = 0, tv_nsec = 0}, __glibc_reserved = {0, 0, 0}}
value address: 0x7fffffffd170
Type: The type is a structure.
Type sizeof: 144
Field name: st_dev
Field Type: The type is an integer type.
Field Type sizeof: 8
Field name: st_ino
Field Type: The type is an integer type.
Field Type sizeof: 8
Field name: st_nlink
Field Type: The type is an integer type.
Field Type sizeof: 8
Field name: st_mode
Field Type: The type is an integer type.
Field Type sizeof: 4
Field name: st_uid
Field Type: The type is an integer type.
Field Type sizeof: 4
Field name: st_gid
Field Type: The type is an integer type.
Field Type sizeof: 4
Field name: __pad0
Field Type: The type is an integer type.
Field Type sizeof: 4
Field name: st_rdev
Field Type: The type is an integer type.
Field Type sizeof: 8
Field name: st_size
Field Type: The type is an integer type.
Field Type sizeof: 8
Field name: st_blksize
Field Type: The type is an integer type.
Field Type sizeof: 8
Field name: st_blocks
Field Type: The type is an integer type.
Field Type sizeof: 8
Field name: st_atim
Field Type: The type is a structure.
Field Type sizeof: 16
Field name: st_mtim
Field Type: The type is a structure.
Field Type sizeof: 16
Field name: st_ctim
Field Type: The type is a structure.
Field Type sizeof: 16
Field name: __glibc_reserved
Field Type: The type is an array.
Field Type sizeof: 24

[INFO -- 2018-12-08 14:19:48]
Fault Injection Successful after 0.08918595314025879s
[INFO -- 2018-12-08 14:19:54]
event type: exit
[INFO -- 2018-12-08 14:19:54]
exit code: 0
