[INFO -- 2018-12-08 20:18:23]
Starting flip_value script
version: 1.1
[INFO -- 2018-12-08 20:18:23]
Initialization strings:
[INFO -- 2018-12-08 20:18:23]
(1) file /tmp/smith_waterman/smith_waterman
[INFO -- 2018-12-08 20:18:23]
(2) set args -x /tmp/smith_waterman/randInputX -y /tmp/smith_waterman/randInputY -o /tmp/smith_waterman/output -z /tmp/smith_waterman/detected.log
[INFO -- 2018-12-08 20:18:23]
initSignal:0
[INFO -- 2018-12-08 20:18:23]
endSignal:6
[INFO -- 2018-12-08 20:18:23]
faultModel:1
[INFO -- 2018-12-08 20:18:27]
Backtrace BEGIN:
#0  0x0000555555554ffe in my_maxof (a=0, b=-2, c=-2, d=0) at smith_waterman.c:140
#1  0x00005555555554a5 in smith_waterman (x_num=10200, x_num2=10200, y_num=15000, y_num2=15000, str_x=0x5555557586c0 "PPPUZWKKNPMBKPIRYAQLRRTOXTPPPCKSTNUUXFMMNRQQDGYGGASSTGQLLCHGGVVSSKVRHAWTWWMZCMTOOGFMLLYPPHXXBBYLLNTWWRSNNTSSSDHVIIOJVJNNQKKZLUUDHYYFRRXMXQEFJJZCPLOOEBBCNDGBBXJIFNDBBNYYFVQGGQQZFOLLRRQHHSWPGSSRRGAVVTTP"..., str_y=0x55555575aeb0 "BPPUZWIKNPMEBKPIRYAQLRTOXFTPPCKSTZNUXXFMNRQQDGYUGALSTGGQLCHCGRVBSKVRHAEWTWMZCMTLOGFHMLYAPHEXBBYTLWNTWRRSNGTSSMDHVIOJVOJNWQKZRLUDHHYFYRXMXQEQFJZCRPLOEXBCNODGBXJIFJNDBNRYFVQMGPQZFCOLBRPQHSWIPGSWRGASVTTC"...) at smith_waterman.c:205
#2  0x0000555555556178 in execute (file_x_name=0x7fffffffe065 "/tmp/smith_waterman/randInputX", file_y_name=0x7fffffffe087 "/tmp/smith_waterman/randInputY") at smith_waterman.c:379
#3  0x0000555555556393 in main (argc=9, argv=0x7fffffffdc38) at smith_waterman.c:425

135	    double ans=a;
136	    if(ans<b) ans=b;
137	    if(ans<c) ans=c;
138	    if(ans<d) ans=d;
139	    return ans;
140	}
141	
142	double matchMisScore(long i, long j, char* str_y, char* str_x)
143	{
144	    if (str_y[j] == str_x[i])

Backtrace END
Memory content before bitflip:0x440x220x000x000x000x000x000x00
Fault Model: Double bit-flip
base address to flip value: 0x7fffffffd9f0
address max offset: 8
Memory content after  bitflip:0x440x220x000x000x060x000x000x00
frame name: smith_waterman
symbol name: i2
symbol filename: smith_waterman.c
symbol line: 168
value: 25769812548
value address: 0x7fffffffd9f0
Type: The type is an integer type.
Type sizeof: 8

[INFO -- 2018-12-08 20:18:27]
Fault Injection Successful after 4.118649244308472s
[INFO -- 2018-12-08 20:18:28]
event type: exit
[INFO -- 2018-12-08 20:18:28]
exit code: 0
