[INFO -- 2018-12-08 03:11:44]
Starting flip_value script
version: 1.1
[INFO -- 2018-12-08 03:11:44]
Initialization strings:
[INFO -- 2018-12-08 03:11:44]
(1) file /tmp/smith_waterman/smith_waterman
[INFO -- 2018-12-08 03:11:44]
(2) set args -x /tmp/smith_waterman/randInputX -y /tmp/smith_waterman/randInputY -o /tmp/smith_waterman/output -z /tmp/smith_waterman/detected.log
[INFO -- 2018-12-08 03:11:44]
initSignal:0
[INFO -- 2018-12-08 03:11:44]
endSignal:6
[INFO -- 2018-12-08 03:11:44]
faultModel:0
[INFO -- 2018-12-08 03:11:44]
Backtrace BEGIN:
#0  dl_main (phdr=<optimized out>, phnum=<optimized out>, user_entry=<optimized out>, auxv=<optimized out>) at rtld.c:2289
#1  0x00007ffff7defdd0 in _dl_sysdep_start (start_argptr=start_argptr@entry=0x7fffffffdc30, dl_main=dl_main@entry=0x7ffff7dd7660 <dl_main>) at ../elf/dl-sysdep.c:253
#2  0x00007ffff7dd7128 in _dl_start_final (arg=0x7fffffffdc30) at rtld.c:414
#3  _dl_start (arg=0x7fffffffdc30) at rtld.c:521
#4  0x00007ffff7dd6098 in _start () from /lib64/ld-linux-x86-64.so.2
#5  0x0000000000000009 in ?? ()
#6  0x00007fffffffe03f in ?? ()
#7  0x00007fffffffe062 in ?? ()
#8  0x00007fffffffe065 in ?? ()
#9  0x00007fffffffe084 in ?? ()
#10 0x00007fffffffe087 in ?? ()
#11 0x00007fffffffe0a6 in ?? ()
#12 0x00007fffffffe0a9 in ?? ()
#13 0x00007fffffffe0c4 in ?? ()
#14 0x00007fffffffe0c7 in ?? ()
#15 0x0000000000000000 in ?? ()

2284	rtld.c: No such file or directory.

Backtrace END
Fliping array at pos: 0
Memory content before bitflip:0x64
Fault Model: Single bit-flip
base address to flip value: 0x7ffff7df7738  
address max offset: 1
Memory content after  bitflip:0x24
frame name: dl_main
symbol name: __PRETTY_FUNCTION__
symbol filename: rtld.c
symbol line: 0
value: "$l_main"
value address: 0x7ffff7df7738 <__PRETTY_FUNCTION__.10243>
Type: The type is an array.
Type sizeof: 8
Field name: None
Field Type: A range type, that is, an integer type with bounds.
Field Type sizeof: 8
Field Type range: (0, 7)

[INFO -- 2018-12-08 03:11:44]
Fault Injection Successful after 0.40223121643066406s
[INFO -- 2018-12-08 03:11:50]
event type: exit
[INFO -- 2018-12-08 03:11:50]
exit code: 0
