[INFO -- 2018-12-09 01:41:32]
Starting flip_value script
version: 1.1
[INFO -- 2018-12-09 01:41:32]
Initialization strings:
[INFO -- 2018-12-09 01:41:32]
(1) file /tmp/smith_waterman/smith_waterman
[INFO -- 2018-12-09 01:41:32]
(2) set args -x /tmp/smith_waterman/randInputX -y /tmp/smith_waterman/randInputY -o /tmp/smith_waterman/output -z /tmp/smith_waterman/detected.log
[INFO -- 2018-12-09 01:41:32]
initSignal:0
[INFO -- 2018-12-09 01:41:32]
endSignal:6
[INFO -- 2018-12-09 01:41:32]
faultModel:2
[INFO -- 2018-12-09 01:41:34]
Backtrace BEGIN:
#0  0x0000555555554fee in my_maxof (a=-1, b=-2, c=-2, d=0) at smith_waterman.c:138
#1  0x00005555555554a5 in smith_waterman (x_num=10350, x_num2=10350, y_num=15000, y_num2=15000, str_x=0x5555557586c0 "RKMMZLDIXTNNGCCASRJUUTVVRPQWGUAAEKMFWOOVHHJRZLTTERRYEEQQVMNIIJEVVSURKKUUYYNSGNNQEEQIKYGGYKKYYUUUQQNTACNCCBOOJCSSWWCVICEGQQOQHJKQYYLAAAADDTTNUZHFXJALLGOXXDEEOEWEEHVFHKKLDDIEEFNBQOBBUYHTBBXHTIICEETKBDXP"..., str_y=0x55555575af40 "RKOMZLDIXTRNGRCASRJYUTNVRPQWGUUAEKMFWPOVKHJRZLRTECRYXETQVMNCIJEOVSURKKPUTYNSLGNQIEQILKYGYNKGYQUUJQNTACNWCBOOJCGSIWCVICEGQQOQHJKQBYLEAAADDQTNUZHFXJAGLGODXDUEOEWPEHVFHVKLMDYIEFNBQOHBUYHTBBXRHTIMCETKBDXP"...) at smith_waterman.c:205
#2  0x0000555555556178 in execute (file_x_name=0x7fffffffe065 "/tmp/smith_waterman/randInputX", file_y_name=0x7fffffffe087 "/tmp/smith_waterman/randInputY") at smith_waterman.c:379
#3  0x0000555555556393 in main (argc=9, argv=0x7fffffffdc38) at smith_waterman.c:425

133	double my_maxof(double a, double b, double c, double d)
134	{
135	    double ans=a;
136	    if(ans<b) ans=b;
137	    if(ans<c) ans=c;
138	    if(ans<d) ans=d;
139	    return ans;
140	}
141	
142	double matchMisScore(long i, long j, char* str_y, char* str_x)

Backtrace END
Memory content before bitflip:0x300xdc0xff0xff0xff0x7f0x000x00
Fault Model: Random bit-flip
base address to flip value: 0x7fffffffda20
address max offset: 8
Memory content after  bitflip:0xb20x180xd70x590x6d0x760xae0x71
frame name: smith_waterman
symbol name: y
symbol filename: smith_waterman.c
symbol line: 226
value: 8191614984264292530
value address: 0x7fffffffda20
Type: The type is an integer type.
Type sizeof: 8

[INFO -- 2018-12-09 01:41:34]
Fault Injection Successful after 2.7951016426086426s
[INFO -- 2018-12-09 01:41:37]
event type: exit
[INFO -- 2018-12-09 01:41:37]
exit code: 0
