[INFO -- 2018-12-05 20:54:21]
sending 5 signals using command: 'killall -2 smith_waterman' after 5.6311781447s
[INFO -- 2018-12-05 20:54:21]
sending 5 signals using command: 'killall -2 smith_waterman' after 5.83757406204s
[INFO -- 2018-12-05 20:54:21]
sending 5 signals using command: 'killall -2 smith_waterman' after 5.88263072814s
[INFO -- 2018-12-05 20:54:21]
Starting GDB script
[INFO -- 2018-12-05 20:54:21]
initSignal:0.0
[INFO -- 2018-12-05 20:54:21]
endSignal:6.0
[INFO -- 2018-12-05 20:54:24]
sending 5 signals using command: 'killall -2 smith_waterman' after 2.36700462969s
[INFO -- 2018-12-05 20:54:24]
sending 5 signals using command: 'killall -2 smith_waterman' after 3.27178546817s
[INFO -- 2018-12-05 20:54:26]
sending 5 signals using command: 'killall -2 smith_waterman' after 4.62411480924s
[INFO -- 2018-12-05 20:54:26]
Execution finished before waitTime
