[INFO -- 2018-12-03 16:57:08]
Starting flip_value script
version: 1.1
[INFO -- 2018-12-03 16:57:08]
Initialization strings:
[INFO -- 2018-12-03 16:57:08]
(1) file /tmp/smith_waterman/smith_waterman
[INFO -- 2018-12-03 16:57:08]
(2) set args -x /tmp/smith_waterman/randInputX -y /tmp/smith_waterman/randInputY -o /tmp/smith_waterman/output -z /tmp/smith_waterman/detected.log
[INFO -- 2018-12-03 16:57:08]
initSignal:0
[INFO -- 2018-12-03 16:57:08]
endSignal:6
[INFO -- 2018-12-03 16:57:08]
faultModel:1
[INFO -- 2018-12-03 16:57:09]
Backtrace BEGIN:
#0  0x000055555555513b in smith_waterman (x_num=15000, x_num2=15000, y_num=13050, y_num2=13050, str_x=0x5555557586c0 "XNUVJVIZVXWDDAYHRNVYRXUDIZTIPTHMJBHSYRRTRNYUPWBGMYEDVAJDZEOOYVAHYJBXDVSUKROAPRGBPNHMNQRNWHDUCGDDRHAUCUOOLEODXXEMMNABFSQCBUYEACJRLJONFCDTJUWGRCVFQVGXPXZRRYXTCGKNRACYDFROZPWSSRXKPEHGBJZUHWNJEZWXAAWFFPTH"..., str_y=0x55555575c170 "XNUJJVIVVWDDDYYHNNVRRXUIITTIPHHMJBSYYRTTRYYUPWBGYYDVVAJDZEOYYAAYJJBDVSUKKROPPRBBPNHNQQNNWHDCGGDDRAUCUOOLLEODXXMMMNABFSQCBUEECJJLJJNFCCDTUWWGCCVFQVGXPZZRYYXCCGNRAAYDDFROZPSSSXKPPEHBJZZHHWJEEWWXAWWFFTTH"...) at smith_waterman.c:136
#1  0x0000555555555e41 in execute (file_x_name=0x7fffffffe0b4 "/tmp/smith_waterman/randInputX", file_y_name=0x7fffffffe0d6 "/tmp/smith_waterman/randInputY") at smith_waterman.c:304
#2  0x000055555555605e in main (argc=9, argv=0x7fffffffdc88) at smith_waterman.c:350

131	    for(i=1; i<x_num+1; i++){
132	        check_index(i, i2);
133	        for(j=1; j<y_num+1; j++){
134	            if(str_x[i-1]==str_y[j-1]){diff=match_score;}
135	            else{diff=mismatch_score;}
136	            matrix[i][j]=my_maxof(matrix[i-1][j-1]+diff, matrix[i-1][j]+gap_score, matrix[i][j-1]+gap_score,0);
137	            if(matrix[i][j]>max_score)
138	                max_score=matrix[i][j];
139	        }
140	        i2++;

Backtrace END
Memory content before bitflip:0x5c0x110x000x000x000x000x000x00
Fault Model: Double bit-flip
base address to flip value: 0x7fffffffda38
address max offset: 8
Memory content after  bitflip:0x5c0x140x000x000x000x000x000x00
frame name: smith_waterman
symbol name: i2
symbol filename: smith_waterman.c
symbol line: 102
value: 5212
value address: 0x7fffffffda38
Type: The type is an integer type.
Type sizeof: 8

[INFO -- 2018-12-03 16:57:09]
Fault Injection Successful after 1.9708905220031738s
[INFO -- 2018-12-03 16:57:13]
event type: exit
[INFO -- 2018-12-03 16:57:13]
exit code: 0
