[INFO -- 2018-12-04 18:33:56]
Starting flip_value script
version: 1.1
[INFO -- 2018-12-04 18:33:56]
Initialization strings:
[INFO -- 2018-12-04 18:33:56]
(1) file /tmp/smith_waterman/smith_waterman
[INFO -- 2018-12-04 18:33:56]
(2) set args -x /tmp/smith_waterman/randInputX -y /tmp/smith_waterman/randInputY -o /tmp/smith_waterman/output -z /tmp/smith_waterman/detected.log
[INFO -- 2018-12-04 18:33:56]
initSignal:0
[INFO -- 2018-12-04 18:33:56]
endSignal:6
[INFO -- 2018-12-04 18:33:56]
faultModel:1
[INFO -- 2018-12-04 18:33:56]
Backtrace BEGIN:
#0  dl_main (phdr=<optimized out>, phnum=<optimized out>, user_entry=<optimized out>, auxv=<optimized out>) at rtld.c:2289
#1  0x00007ffff7defdd0 in _dl_sysdep_start (start_argptr=start_argptr@entry=0x7fffffffdc80, dl_main=dl_main@entry=0x7ffff7dd7660 <dl_main>) at ../elf/dl-sysdep.c:253
#2  0x00007ffff7dd7128 in _dl_start_final (arg=0x7fffffffdc80) at rtld.c:414
#3  _dl_start (arg=0x7fffffffdc80) at rtld.c:521
#4  0x00007ffff7dd6098 in _start () from /lib64/ld-linux-x86-64.so.2
#5  0x0000000000000009 in ?? ()
#6  0x00007fffffffe08e in ?? ()
#7  0x00007fffffffe0b1 in ?? ()
#8  0x00007fffffffe0b4 in ?? ()
#9  0x00007fffffffe0d3 in ?? ()
#10 0x00007fffffffe0d6 in ?? ()
#11 0x00007fffffffe0f5 in ?? ()
#12 0x00007fffffffe0f8 in ?? ()
#13 0x00007fffffffe113 in ?? ()
#14 0x00007fffffffe116 in ?? ()
#15 0x0000000000000000 in ?? ()

2284	rtld.c: No such file or directory.

Backtrace END
Fliping a bit of the pointer
Memory content before bitflip:0x880xdc0xff0xff0xff0x7f0x000x00
Fault Model: Double bit-flip
base address to flip value: 0x7ffff7ffc740 
address max offset: 8
Memory content after  bitflip:0x880xdc0xdd0xff0xff0x7f0x000x00
frame name: dl_main
symbol name: __GI__dl_argv
symbol filename: rtld.c
symbol line: 83
value: 0x7fffffffdc88
value address: 0x7ffff7ffc740 <_dl_argv>
Type: The type is a pointer.
Type sizeof: 8

[INFO -- 2018-12-04 18:33:56]
Fault Injection Successful after 0.6818108558654785s
[INFO -- 2018-12-04 18:34:01]
event type: exit
[INFO -- 2018-12-04 18:34:01]
exit code: 0
