[INFO -- 2018-12-05 22:38:48]
sending 5 signals using command: 'killall -2 smith_waterman' after 5.38822819888s
[INFO -- 2018-12-05 22:38:48]
sending 5 signals using command: 'killall -2 smith_waterman' after 5.50098994901s
[INFO -- 2018-12-05 22:38:48]
sending 5 signals using command: 'killall -2 smith_waterman' after 5.68367780536s
[INFO -- 2018-12-05 22:38:48]
Starting GDB script
[INFO -- 2018-12-05 22:38:48]
initSignal:0.0
[INFO -- 2018-12-05 22:38:48]
endSignal:6.0
[INFO -- 2018-12-05 22:38:49]
sending 5 signals using command: 'killall -2 smith_waterman' after 0.634405397945s
[INFO -- 2018-12-05 22:38:51]
sending 5 signals using command: 'killall -2 smith_waterman' after 2.79202351852s
[INFO -- 2018-12-05 22:38:51]
sending 5 signals using command: 'killall -2 smith_waterman' after 2.91555251818s
[INFO -- 2018-12-05 22:38:53]
Execution finished before waitTime
