[INFO -- 2018-12-09 00:22:42]
Starting flip_value script
version: 1.1
[INFO -- 2018-12-09 00:22:42]
Initialization strings:
[INFO -- 2018-12-09 00:22:42]
(1) file /tmp/smith_waterman/smith_waterman
[INFO -- 2018-12-09 00:22:42]
(2) set args -x /tmp/smith_waterman/randInputX -y /tmp/smith_waterman/randInputY -o /tmp/smith_waterman/output -z /tmp/smith_waterman/detected.log
[INFO -- 2018-12-09 00:22:42]
initSignal:0
[INFO -- 2018-12-09 00:22:42]
endSignal:6
[INFO -- 2018-12-09 00:22:42]
faultModel:1
[INFO -- 2018-12-09 00:22:48]
Backtrace BEGIN:
#0  smith_waterman (x_num=10350, x_num2=10350, y_num=15000, y_num2=15000, str_x=0x5555557586c0 "RKMMZLDIXTNNGCCASRJUUTVVRPQWGUAAEKMFWOOVHHJRZLTTERRYEEQQVMNIIJEVVSURKKUUYYNSGNNQEEQIKYGGYKKYYUUUQQNTACNCCBOOJCSSWWCVICEGQQOQHJKQYYLAAAADDTTNUZHFXJALLGOXXDEEOEWEEHVFHKKLDDIEEFNBQOBBUYHTBBXHTIICEETKBDXP"..., str_y=0x55555575af40 "RKOMZLDIXTRNGRCASRJYUTNVRPQWGUUAEKMFWPOVKHJRZLRTECRYXETQVMNCIJEOVSURKKPUTYNSLGNQIEQILKYGYNKGYQUUJQNTACNWCBOOJCGSIWCVICEGQQOQHJKQBYLEAAADDQTNUZHFXJAGLGODXDUEOEWPEHVFHVKLMDYIEFNBQOHBUYHTBBXRHTIMCETKBDXP"...) at smith_waterman.c:246
#1  0x0000555555556178 in execute (file_x_name=0x7fffffffe065 "/tmp/smith_waterman/randInputX", file_y_name=0x7fffffffe087 "/tmp/smith_waterman/randInputY") at smith_waterman.c:379
#2  0x0000555555556393 in main (argc=9, argv=0x7fffffffdc38) at smith_waterman.c:425

241	            if(maxValue < matrix[i][j]){
242	                maxValue = matrix[i][j];
243	                y = i;
244	                x = j;
245	            }
246	            j2++;
247	        }
248	        i2++;
249	    }
250	    check_index(j, j2);

Backtrace END
Memory content before bitflip:0x3f0x2d0x000x000x000x000x000x00
Fault Model: Double bit-flip
base address to flip value: 0x7fffffffd9f8
address max offset: 8
Memory content after  bitflip:0x3f0x2d0x000x000x000x060x000x00
frame name: smith_waterman
symbol name: j
symbol filename: smith_waterman.c
symbol line: 177
value: 6597069778239
value address: 0x7fffffffd9f8
Type: The type is an integer type.
Type sizeof: 8

[INFO -- 2018-12-09 00:22:48]
Fault Injection Successful after 6.264259099960327s
[INFO -- 2018-12-09 00:22:48]
event type: exit
[INFO -- 2018-12-09 00:22:48]
exit code: 0
