[INFO -- 2018-12-03 15:58:24]
Starting flip_value script
version: 1.1
[INFO -- 2018-12-03 15:58:24]
Initialization strings:
[INFO -- 2018-12-03 15:58:24]
(1) file /tmp/smith_waterman/smith_waterman
[INFO -- 2018-12-03 15:58:24]
(2) set args -x /tmp/smith_waterman/randInputX -y /tmp/smith_waterman/randInputY -o /tmp/smith_waterman/output -z /tmp/smith_waterman/detected.log
[INFO -- 2018-12-03 15:58:24]
initSignal:0
[INFO -- 2018-12-03 15:58:24]
endSignal:6
[INFO -- 2018-12-03 15:58:24]
faultModel:0
[INFO -- 2018-12-03 15:58:24]
Backtrace BEGIN:
#0  0x0000555555554d71 in my_maxof (a=-1, b=-2, c=-2, d=0) at smith_waterman.c:68
#1  0x00005555555550d0 in smith_waterman (x_num=15000, y_num=11850, str_x=0x5555557586c0 "RSWIDPRLWEQLWJLKLXJFMKGALNFUUCHNUEVYTNLRTCEPNRAZPLEBXMDIBKEVMMIHQGHJVSAOWGGKXIJMVPNSDRAEBHAQTKZJQIULAWCZCIJZSUONJBFMUHSYOSOHFNSXVMLXKNYOXHOPBCCMFHACOTAFNQMSFHQCVBZGQAWNHKCLOGZWPCYFVAKKQZDVGVXBYYJOYGBI"..., str_y=0x55555575c170 "RSIDDRRLEQLLWLKLLJFMKGGLNNUUCHNUUVYTTLLRCEPPNAZZLEBXXMDIKEVMMIHQGHJJSAAOGGKXIJMVPNNDDRABBHQTKZJQIILAACZCCJZSUUNJJFMMUHSOSOHHNNSXMLXKKYOXHOOPBCMFHAAOTAFNNQSFHQCVBZZQQWNHKKLOGZWWPYFFVKKQQDVGVXBYYJOYGBIS"...) at smith_waterman.c:102
#2  0x0000555555555cbf in execute (file_x_name=0x7fffffffe0b7 "/tmp/smith_waterman/randInputX", file_y_name=0x7fffffffe0d9 "/tmp/smith_waterman/randInputY") at smith_waterman.c:263
#3  0x0000555555555f08 in main (argc=9, argv=0x7fffffffdc98) at smith_waterman.c:314

63	}
64	
65	double my_maxof(double a, double b, double c, double d)
66	{
67	    double ans=a;
68	    if(ans<b) ans=b;
69	    if(ans<c) ans=c;
70	    if(ans<d) ans=d;
71	    return ans;
72	}

Backtrace END
Fliping a bit of the pointer
Memory content before bitflip:0x600x820x750x550x550x550x000x00
Fault Model: Single bit-flip
base address to flip value: 0x7fffffffdaf8
address max offset: 8
Memory content after  bitflip:0x600x820x750x550x550x450x000x00
frame name: execute
symbol name: fpy
symbol filename: smith_waterman.c
symbol line: 250
value: 0x555555758260
value address: 0x7fffffffdaf8
Type: The type is a pointer.
Type sizeof: 8

[INFO -- 2018-12-03 15:58:24]
Fault Injection Successful after 0.677008867263794s
[INFO -- 2018-12-03 15:58:33]
event type: exit
[INFO -- 2018-12-03 15:58:33]
exit code: 0
