[INFO -- 2018-12-03 22:08:00]
Starting flip_value script
version: 1.1
[INFO -- 2018-12-03 22:08:00]
Initialization strings:
[INFO -- 2018-12-03 22:08:00]
(1) file /tmp/smith_waterman/smith_waterman
[INFO -- 2018-12-03 22:08:00]
(2) set args -x /tmp/smith_waterman/randInputX -y /tmp/smith_waterman/randInputY -o /tmp/smith_waterman/output -z /tmp/smith_waterman/detected.log
[INFO -- 2018-12-03 22:08:00]
initSignal:0
[INFO -- 2018-12-03 22:08:00]
endSignal:6
[INFO -- 2018-12-03 22:08:00]
faultModel:0
[INFO -- 2018-12-03 22:08:04]
Backtrace BEGIN:
#0  smith_waterman (x_num=15000, x_num2=15000, y_num=10650, y_num2=10650, str_x=0x5555557586c0 "XGGEHMCQCZUPODVEIPVNQAVZLPLUYJKWPSAXEFNJEJASMVYUKVKAWHBHYMDXVNTNGVMMABXGKYBYTZUGVEGTOKCMWFJUSEJACVPCYMLKMMIILCOIJWBXGDLDKXZFBIFFFWIDJVNXHVFUZVDISGHAMTFWSEBTMJZTFJWQELONITHIRMSJTAJHVPDNVHIKQJDXUCOANENY"..., str_y=0x55555575c170 "GGGEMCCCCZPPOVVEIPVNAAVLPPLUYKWWPAXXFNJJEJSMVYYKKVKWWBBYYMDVVTTGGMMAABXGYYBTTUUGEETTKKCWWJUSSEJCCPPYYLLKMMILLCIIJBXXGDLDKXZFIFFFWIIDVNNXHFUUZDISGHAAMTWWEEBMMZZTFWWQLOOIITHIRMJJAAHHVDNNHIIQJJDXCOANNENZ"...) at smith_waterman.c:173
#1  0x0000555555555e65 in execute (file_x_name=0x7fffffffe0b4 "/tmp/smith_waterman/randInputX", file_y_name=0x7fffffffe0d6 "/tmp/smith_waterman/randInputY") at smith_waterman.c:309
#2  0x0000555555556082 in main (argc=9, argv=0x7fffffffdc88) at smith_waterman.c:355

168	            if(i==0 && j==0){
169	                maxValue = matrix[i][j];
170	                y = i;
171	                x = j;
172	            }
173	            if(maxValue < matrix[i][j]){
174	                maxValue = matrix[i][j];
175	                y = i;
176	                x = j;
177	            }

Backtrace END
Fliping a bit of the value pointed by a pointer
Fliping a bit of the value pointed by a pointer
Memory content before bitflip:0x000x000x000x000x000x000x000x00
Fault Model: Single bit-flip
base address to flip value: 0x7fffab6e6010
address max offset: 8
Memory content after  bitflip:0x000x400x000x000x000x000x000x00
frame name: smith_waterman
symbol name: matrix
symbol filename: smith_waterman.c
symbol line: 105
value: 0x55555575eb20
value address: 0x7fffffffda80
Type: The type is a pointer.
Type sizeof: 8

[INFO -- 2018-12-03 22:08:04]
Fault Injection Successful after 4.8005900382995605s
[INFO -- 2018-12-03 22:08:05]
event type: exit
[INFO -- 2018-12-03 22:08:05]
exit code: 0
