[INFO -- 2018-12-03 23:04:50]
sending 5 signals using command: 'killall -2 smith_waterman' after 5.26047137879s
[INFO -- 2018-12-03 23:04:50]
sending 5 signals using command: 'killall -2 smith_waterman' after 5.42395768017s
[INFO -- 2018-12-03 23:04:51]
sending 5 signals using command: 'killall -2 smith_waterman' after 5.93260583275s
[INFO -- 2018-12-03 23:04:51]
Starting GDB script
[INFO -- 2018-12-03 23:04:51]
initSignal:0.0
[INFO -- 2018-12-03 23:04:51]
endSignal:6.0
[INFO -- 2018-12-03 23:04:51]
sending 5 signals using command: 'killall -2 smith_waterman' after 0.296439636549s
[INFO -- 2018-12-03 23:04:51]
sending 5 signals using command: 'killall -2 smith_waterman' after 0.498974359714s
[INFO -- 2018-12-03 23:04:53]
sending 5 signals using command: 'killall -2 smith_waterman' after 1.87391714463s
[INFO -- 2018-12-03 23:04:56]
Execution finished before waitTime
