[INFO -- 2018-12-05 17:35:14]
Starting flip_value script
version: 1.1
[INFO -- 2018-12-05 17:35:14]
Initialization strings:
[INFO -- 2018-12-05 17:35:14]
(1) file /tmp/smith_waterman/smith_waterman
[INFO -- 2018-12-05 17:35:14]
(2) set args -x /tmp/smith_waterman/randInputX -y /tmp/smith_waterman/randInputY -o /tmp/smith_waterman/output -z /tmp/smith_waterman/detected.log
[INFO -- 2018-12-05 17:35:14]
initSignal:0
[INFO -- 2018-12-05 17:35:14]
endSignal:6
[INFO -- 2018-12-05 17:35:14]
faultModel:2
[INFO -- 2018-12-05 17:35:16]
Backtrace BEGIN:
#0  0x000055555555523d in smith_waterman (x_num=15000, x_num2=15000, y_num=12000, y_num2=12000, str_x=0x5555557586c0 "CVUOAGGETRADLDNAMNINZBWZQWUTOLKTGGJINPOIIQLUTYWFOESNHPOYNITETDXBLILAYZJIPUCJVAQJFJWOAKMNTHROMQSYZDYXFHFUEKFZKWKRFGGHSUUNCOEOEWMDBLCGUKDYUIZGGJYNRGUKAPZEDDTHBHNFUPLRZOPVZREFAETUKNGMEFTHLOROVGTSVFJXVAUW"..., str_y=0x55555575c170 "VVUOAGEETAALDDAMMNNZBBZQQWTTOKKGGGJNPOIIQLUTTWFFESNNHOYNIIEETXBLILLYYZJIUUCVAAQJJWWAAMNTTHRMQSYYDDXFFFUEKFFKWWRFGGHHSUUNOOOEWMMBBCGUUDYYIZGGJYYRGUKAPZZEDTHBHHFFPLRROPPZREFAATUUNGMMFTHLOROOVTTVFJJVVUWR"...) at smith_waterman.c:142
#1  0x0000555555555e65 in execute (file_x_name=0x7fffffffe0b4 "/tmp/smith_waterman/randInputX", file_y_name=0x7fffffffe0d6 "/tmp/smith_waterman/randInputY") at smith_waterman.c:309
#2  0x0000555555556082 in main (argc=9, argv=0x7fffffffdc88) at smith_waterman.c:355

137	        check_index(i, i2);
138	        for(j=1; j<y_num+1; j++){
139	            if(str_x[i-1]==str_y[j-1]){diff=match_score;}
140	            else{diff=mismatch_score;}
141	            matrix[i][j]=my_maxof(matrix[i-1][j-1]+diff, matrix[i-1][j]+gap_score, matrix[i][j-1]+gap_score,0);
142	            if(matrix[i][j]>max_score)
143	                max_score=matrix[i][j];
144	        }
145	        i2++;
146	    }

Backtrace END
Memory content before bitflip:0x000xae0x900x090x0b0xd30xaa0xf3
Fault Model: Random bit-flip
base address to flip value: 0x7fffffffda88
address max offset: 8
Memory content after  bitflip:0xf40x850x3f0x830x330x670x720xe6
frame name: smith_waterman
symbol name: height
symbol filename: smith_waterman.c
symbol line: 161
value: -1841295826698140172
value address: 0x7fffffffda88
Type: The type is an integer type.
Type sizeof: 8

[INFO -- 2018-12-05 17:35:16]
Fault Injection Successful after 2.9025540351867676s
[INFO -- 2018-12-05 17:35:19]
event type: exit
[INFO -- 2018-12-05 17:35:19]
exit code: 0
