[INFO -- 2018-12-08 20:23:21]
Starting flip_value script
version: 1.1
[INFO -- 2018-12-08 20:23:21]
Initialization strings:
[INFO -- 2018-12-08 20:23:21]
(1) file /tmp/smith_waterman/smith_waterman
[INFO -- 2018-12-08 20:23:21]
(2) set args -x /tmp/smith_waterman/randInputX -y /tmp/smith_waterman/randInputY -o /tmp/smith_waterman/output -z /tmp/smith_waterman/detected.log
[INFO -- 2018-12-08 20:23:21]
initSignal:0
[INFO -- 2018-12-08 20:23:21]
endSignal:6
[INFO -- 2018-12-08 20:23:21]
faultModel:1
[INFO -- 2018-12-08 20:23:21]
Backtrace BEGIN:
#0  0x0000555555555069 in check_index (i=3219, j=3219) at smith_waterman.c:154
#1  0x0000555555555367 in smith_waterman (x_num=10200, x_num2=10200, y_num=15000, y_num2=15000, str_x=0x5555557586c0 "PPPUZWKKNPMBKPIRYAQLRRTOXTPPPCKSTNUUXFMMNRQQDGYGGASSTGQLLCHGGVVSSKVRHAWTWWMZCMTOOGFMLLYPPHXXBBYLLNTWWRSNNTSSSDHVIIOJVJNNQKKZLUUDHYYFRRXMXQEFJJZCPLOOEBBCNDGBBXJIFNDBBNYYFVQGGQQZFOLLRRQHHSWPGSSRRGAVVTTP"..., str_y=0x55555575aeb0 "BPPUZWIKNPMEBKPIRYAQLRTOXFTPPCKSTZNUXXFMNRQQDGYUGALSTGGQLCHCGRVBSKVRHAEWTWMZCMTLOGFHMLYAPHEXBBYTLWNTWRRSNGTSSMDHVIOJVOJNWQKZRLUDHHYFYRXMXQEQFJZCRPLOEXBCNODGBXJIFJNDBNRYFVQMGPQZFCOLBRPQHSWIPGSWRGASVTTC"...) at smith_waterman.c:201
#2  0x0000555555556178 in execute (file_x_name=0x7fffffffe065 "/tmp/smith_waterman/randInputX", file_y_name=0x7fffffffe087 "/tmp/smith_waterman/randInputY") at smith_waterman.c:379
#3  0x0000555555556393 in main (argc=9, argv=0x7fffffffdc38) at smith_waterman.c:425

149	
150	void check_index(int i, int j){
151	    if(i != j){
152	        sdc_exit();
153	    }
154	}
155	
156	char *smith_waterman(long x_num, long x_num2, long y_num, long y_num2, char* str_x, char* str_y)
157	{
158	    if(x_num != x_num2){        

Backtrace END
Memory content before bitflip:0x550x550x000x00
Fault Model: Double bit-flip
base address to flip value: 0x7fffffffd9e4
address max offset: 4
Memory content after  bitflip:0x7d0x550x000x00
frame name: smith_waterman
symbol name: error
symbol filename: smith_waterman.c
symbol line: 356
value: 21885
value address: 0x7fffffffd9e4
Type: The type is an integer type.
Type sizeof: 4

[INFO -- 2018-12-08 20:23:21]
Fault Injection Successful after 0.8743913173675537s
[INFO -- 2018-12-08 20:23:27]
event type: exit
[INFO -- 2018-12-08 20:23:27]
exit code: 0
