[INFO -- 2018-12-04 17:33:13]
Starting flip_value script
version: 1.1
[INFO -- 2018-12-04 17:33:13]
Initialization strings:
[INFO -- 2018-12-04 17:33:13]
(1) file /tmp/smith_waterman/smith_waterman
[INFO -- 2018-12-04 17:33:13]
(2) set args -x /tmp/smith_waterman/randInputX -y /tmp/smith_waterman/randInputY -o /tmp/smith_waterman/output -z /tmp/smith_waterman/detected.log
[INFO -- 2018-12-04 17:33:13]
initSignal:0
[INFO -- 2018-12-04 17:33:13]
endSignal:6
[INFO -- 2018-12-04 17:33:13]
faultModel:0
[INFO -- 2018-12-04 17:33:17]
Backtrace BEGIN:
#0  smith_waterman (x_num=15000, x_num2=15000, y_num=13050, y_num2=13050, str_x=0x5555557586c0 "MWEVLATIWKIDLZMYCIMAGXVIBRYPNKLBGQYTSTCQDMVQLIOPQCSWZPEAGCSTODWXVUQQNUGTHCJUMYMCCEYCTFEBJYXYETVZQNRFIAYREKLQKXSMDSQYXVAHVXHZSEBKTSQBUQUYAGOMFIZLBPJAMLJIKSHFWKPQDHTXAOYAWOPDZOOCFACSLOCYGJDFUUXZCQYCGYEE"..., str_y=0x55555575c170 "WEEVLAIIWKILLMMCCIMGXXVIRRPPKKLBGQYTSTQQDVVLLIPPQCSZZEEGGSSTDDWXUQQQNUGTHCJUMYCCCECCTFEJJYXYETZZNNRFAARRKKQQKXSMDQYYXVAHVXHZSEBKTSQBUQUYGOMFFZZLBPJAMLJIKSFFWKPQHTXXAYYAWOPDZOOCFACSLCYGGJDFUXXZQQCCGEEE"...) at smith_waterman.c:168
#1  0x0000555555555e65 in execute (file_x_name=0x7fffffffe0b4 "/tmp/smith_waterman/randInputX", file_y_name=0x7fffffffe0d6 "/tmp/smith_waterman/randInputY") at smith_waterman.c:309
#2  0x0000555555556082 in main (argc=9, argv=0x7fffffffdc88) at smith_waterman.c:355

163	
164	    i2 = 0;
165	    for(i=0; i<height+1; i++){
166	        check_index(i, i2);
167	        for(j=0; j<width+1; j++){
168	            if(i==0 && j==0){
169	                maxValue = matrix[i][j];
170	                y = i;
171	                x = j;
172	            }

Backtrace END
Memory content before bitflip:0x000x000x000x000x000x000xf00xbf
Fault Model: Single bit-flip
base address to flip value: 0x7fffffffda48
address max offset: 8
Memory content after  bitflip:0x000x000x020x000x000x000xf00xbf
frame name: smith_waterman
symbol name: diff
symbol filename: smith_waterman.c
symbol line: 133
value: -1.0000000000291038
value address: 0x7fffffffda48
Type: A floating point type.
Type sizeof: 8

[INFO -- 2018-12-04 17:33:17]
Fault Injection Successful after 4.889611005783081s
[INFO -- 2018-12-04 17:33:18]
event type: exit
[INFO -- 2018-12-04 17:33:18]
exit code: 0
