[INFO -- 2018-12-09 02:49:40]
Starting flip_value script
version: 1.1
[INFO -- 2018-12-09 02:49:40]
Initialization strings:
[INFO -- 2018-12-09 02:49:40]
(1) file /tmp/smith_waterman/smith_waterman
[INFO -- 2018-12-09 02:49:40]
(2) set args -x /tmp/smith_waterman/randInputX -y /tmp/smith_waterman/randInputY -o /tmp/smith_waterman/output -z /tmp/smith_waterman/detected.log
[INFO -- 2018-12-09 02:49:40]
initSignal:0
[INFO -- 2018-12-09 02:49:40]
endSignal:6
[INFO -- 2018-12-09 02:49:40]
faultModel:0
[INFO -- 2018-12-09 02:49:41]
Backtrace BEGIN:
#0  check_index (i=0, j=0) at smith_waterman.c:150
#1  0x0000555555555367 in smith_waterman (x_num=15000, x_num2=15000, y_num=14250, y_num2=14250, str_x=0x5555557586c0 "HOCVFBOSTRXOQCCBDLFPULXQPQLRQYZXPBSWFGOAZNOSQRTTEYIYMHOBZAUPATNRXHNCQDCPTQJLJCENDOOPYESXEMNHFCYCLOGBTITMBCXMHDCKUQBUUTTBFIIMKIRYYXZSGUGJXGVELXQHPRBKMVLTFVFQDWOEWPWEKENJKKPWKFDZYHJKEWDJRKBXJRDFHZJTFWCS"..., str_y=0x55555575c170 "OOVVFBOTTRXQQCBDLLFPUXQQQQRQYYXXBSSFFOOZZNSQQRTEEIIYMHBZAUUAATNRXNNQDDCTTQLLJEENDOPYESSEMMHHCYCCOOBTIIMBBCXHDDCKUQBUUTBBFIMMIIYYXZSGUUJJXVEEXXQPPBKMVLTTFFQDDWEEWPWEEENKKKWWKFDYHHJKEWDJRBXJRDDFZZJTWWSS"...) at smith_waterman.c:201
#2  0x0000555555556178 in execute (file_x_name=0x7fffffffe065 "/tmp/smith_waterman/randInputX", file_y_name=0x7fffffffe087 "/tmp/smith_waterman/randInputY") at smith_waterman.c:379
#3  0x0000555555556393 in main (argc=9, argv=0x7fffffffdc38) at smith_waterman.c:425

145	        return match_score;
146	    else
147	        return mismatch_score;
148	}
149	
150	void check_index(int i, int j){
151	    if(i != j){
152	        sdc_exit();
153	    }
154	}

Backtrace END
Fliping a bit of the pointer
Memory content before bitflip:0x650xe00xff0xff0xff0x7f0x000x00
Fault Model: Single bit-flip
base address to flip value: 0x7fffffffdb30
address max offset: 8
Memory content after  bitflip:0x650xe00xff0xff0xff0x7f0x800x00
frame name: main
symbol name: file_x_name
symbol filename: smith_waterman.c
symbol line: 389
value: 0x7fffffffe065 "/tmp/smith_waterman/randInputX"
value address: 0x7fffffffdb30
Type: The type is a pointer.
Type sizeof: 8

[INFO -- 2018-12-09 02:49:41]
Fault Injection Successful after 1.6430253982543945s
[INFO -- 2018-12-09 02:49:47]
event type: exit
[INFO -- 2018-12-09 02:49:47]
exit code: 0
