[INFO -- 2018-12-03 22:11:43]
sending 5 signals using command: 'killall -2 smith_waterman' after 5.1030289824s
[INFO -- 2018-12-03 22:11:44]
sending 5 signals using command: 'killall -2 smith_waterman' after 5.3693911832s
[INFO -- 2018-12-03 22:11:44]
sending 5 signals using command: 'killall -2 smith_waterman' after 5.8008281514s
[INFO -- 2018-12-03 22:11:44]
Starting GDB script
[INFO -- 2018-12-03 22:11:44]
initSignal:0.0
[INFO -- 2018-12-03 22:11:44]
endSignal:6.0
[INFO -- 2018-12-03 22:11:45]
sending 5 signals using command: 'killall -2 smith_waterman' after 0.97444192874s
[INFO -- 2018-12-03 22:11:45]
sending 5 signals using command: 'killall -2 smith_waterman' after 1.15923461584s
[INFO -- 2018-12-03 22:11:47]
sending 5 signals using command: 'killall -2 smith_waterman' after 2.94076767958s
[INFO -- 2018-12-03 22:11:49]
Execution finished before waitTime
