[INFO -- 2018-12-05 07:44:02]
Starting flip_value script
version: 1.1
[INFO -- 2018-12-05 07:44:02]
Initialization strings:
[INFO -- 2018-12-05 07:44:02]
(1) file /tmp/smith_waterman/smith_waterman
[INFO -- 2018-12-05 07:44:02]
(2) set args -x /tmp/smith_waterman/randInputX -y /tmp/smith_waterman/randInputY -o /tmp/smith_waterman/output -z /tmp/smith_waterman/detected.log
[INFO -- 2018-12-05 07:44:02]
initSignal:0
[INFO -- 2018-12-05 07:44:02]
endSignal:6
[INFO -- 2018-12-05 07:44:02]
faultModel:2
[EXCEPTION -- 2018-12-05 07:44:02]
gdbException: Attempt to dereference a generic pointer.
[INFO -- 2018-12-05 07:44:02]
Backtrace BEGIN:
#0  malloc (n=20) at dl-minimal.c:50
#1  <function called from gdb>
#2  0x00007ffff7dd727f in elf_machine_rela (skip_ifunc=0, reloc_addr_arg=<optimized out>, version=<optimized out>, sym=0x7ffff7dd54e0, reloc=0x7ffff7dd5da8, map=0x7ffff7ffd9f0 <_rtld_global+2448>) at ../sysdeps/x86_64/dl-machine.h:335
#3  elf_dynamic_do_Rela (skip_ifunc=0, lazy=0, nrelative=<optimized out>, relsize=<optimized out>, reladdr=<optimized out>, map=0x7ffff7ffd9f0 <_rtld_global+2448>) at do-rel.h:137
#4  _dl_start (arg=0x7fffffffdc80) at rtld.c:505
#5  0x00007ffff7dd6098 in _start () from /lib64/ld-linux-x86-64.so.2
#6  0x0000000000000009 in ?? ()
#7  0x00007fffffffe08e in ?? ()
#8  0x00007fffffffe0b1 in ?? ()
#9  0x00007fffffffe0b4 in ?? ()
#10 0x00007fffffffe0d3 in ?? ()
#11 0x00007fffffffe0d6 in ?? ()
#12 0x00007fffffffe0f5 in ?? ()
#13 0x00007fffffffe0f8 in ?? ()
#14 0x00007fffffffe113 in ?? ()
#15 0x00007fffffffe116 in ?? ()
#16 0x0000000000000000 in ?? ()

45	in dl-minimal.c

Backtrace END
Memory content before bitflip:0x000x000x000x000x000x000x000x00
Fault Model: Random bit-flip
base address to flip value: 0x7ffff7ffc730 
address max offset: 8
Memory content after  bitflip:0x010xf10x600x860xb80xa00xe60x3d
frame name: elf_dynamic_do_Rela
symbol name: __pointer_chk_guard_local
symbol filename: rtld.c
symbol line: 96
value: 4460429195345981697
value address: 0x7ffff7ffc730 <__pointer_chk_guard_local>
Type: The type is an integer type.
Type sizeof: 8

[INFO -- 2018-12-05 07:44:02]
Fault Injection Successful after 0.47745490074157715s
[INFO -- 2018-12-05 07:44:07]
event type: exit
[INFO -- 2018-12-05 07:44:07]
exit code: 0
