[INFO -- 2018-12-05 22:21:58]
Starting flip_value script
version: 1.1
[INFO -- 2018-12-05 22:21:58]
Initialization strings:
[INFO -- 2018-12-05 22:21:58]
(1) file /tmp/smith_waterman/smith_waterman
[INFO -- 2018-12-05 22:21:58]
(2) set args -x /tmp/smith_waterman/randInputX -y /tmp/smith_waterman/randInputY -o /tmp/smith_waterman/output -z /tmp/smith_waterman/detected.log
[INFO -- 2018-12-05 22:21:58]
initSignal:0
[INFO -- 2018-12-05 22:21:58]
endSignal:6
[INFO -- 2018-12-05 22:21:58]
faultModel:2
[INFO -- 2018-12-05 22:22:03]
Backtrace BEGIN:
#0  __memmove_sse2_unaligned_erms () at ../sysdeps/x86_64/multiarch/memmove-vec-unaligned-erms.S:397
#1  0x00007ffff7a724cc in __GI__IO_default_xsputn (f=0x7fffffffd7a0, data=<optimized out>, n=9894) at genops.c:404
#2  0x00007ffff7a40feb in _IO_vfprintf_internal (s=s@entry=0x7fffffffd7a0, format=format@entry=0x55555555627c "%c%s", ap=ap@entry=0x7fffffffd910) at vfprintf.c:1643
#3  0x00007ffff7a6c910 in _IO_vsnprintf (string=0x555555794bd0 "D\374\334\367\377\177", maxlen=<optimized out>, format=0x55555555627c "%c%s", args=args@entry=0x7fffffffd910) at vsnprintf.c:114
#4  0x00007ffff7a48fdf in __GI___snprintf (s=<optimized out>, maxlen=<optimized out>, format=<optimized out>) at snprintf.c:33
#5  0x00005555555557d2 in smith_waterman (x_num=15000, x_num2=15000, y_num=10200, y_num2=10200, str_x=0x5555557586c0 "UYSBZEDUESXVUGLTTBIEPRWRMJYXPXLJVDNXIQTOIQJFYXARAIWPBUHNDFMSCYEADRZNJSBUINBIMBZMMXBNSKDVSPQWNUWTNVGWPKQZZTHLVHXJGAYYNBWFRMBGIABVXITNSMMTFWECFDLLFMKSNIZGWDPEDQBCYURSGGLMCRQHUESAQEUDMWKIZBOERPGQMAKSGYGI"..., str_y=0x55555575c170 "UYSBZEDUESVUGGLTBBIPPWWRJJYPXLJVVDXIITTIQQJYYAARAIWBBUHNDFMSCYEARZNNJSBUNBBIMBMMXBNSKDDVSQWNNWTNNVWPKKZZZTHLVHJJAAYNBBWFRBGIIAVXITNSSMTFFWCFFLLLMMSSNIGWWDPDDQCYYURGGLLCCQHUUESAEEUMWKIIBBEERGQMAKKSGYGI"...) at smith_waterman.c:217
#6  0x0000555555555e65 in execute (file_x_name=0x7fffffffe0b4 "/tmp/smith_waterman/randInputX", file_y_name=0x7fffffffe0d6 "/tmp/smith_waterman/randInputY") at smith_waterman.c:309
#7  0x0000555555556082 in main (argc=9, argv=0x7fffffffdc88) at smith_waterman.c:355

392	../sysdeps/x86_64/multiarch/memmove-vec-unaligned-erms.S: No such file or directory.

Backtrace END
Memory content before bitflip:0x000x000x000x000x000x000x000xc0
Fault Model: Random bit-flip
base address to flip value: 0x555555757038 
address max offset: 8
Memory content after  bitflip:0xb40x120x3b0xfa0x5d0x530xf50x28
frame name: execute
symbol name: gap_score2
symbol filename: smith_waterman.c
symbol line: 12
value: 2.2168889867208271e-111
value address: 0x555555757038 <gap_score2>
Type: A floating point type.
Type sizeof: 8

[INFO -- 2018-12-05 22:22:03]
Fault Injection Successful after 5.095656871795654s
[INFO -- 2018-12-05 22:22:03]
event type: exit
[INFO -- 2018-12-05 22:22:03]
exit code: 0
