[INFO -- 2019-09-03 11:46:55]
Starting flip_value script
version: 1.1
[INFO -- 2019-09-03 11:46:55]
Initialization strings:
[INFO -- 2019-09-03 11:46:55]
(1) file /tmp/smith_waterman/smith_waterman
[INFO -- 2019-09-03 11:46:55]
(2) set args -x /tmp/smith_waterman/randInputX -y /tmp/smith_waterman/randInputY -o /tmp/smith_waterman/output
[INFO -- 2019-09-03 11:46:55]
initSignal:0
[INFO -- 2019-09-03 11:46:55]
endSignal:6
[INFO -- 2019-09-03 11:46:55]
faultModel:2
[INFO -- 2019-09-03 11:46:56]
Backtrace BEGIN:
#0  0x00005555555550b5 in smith_waterman (x_num=15000, y_num=15000, str_x=0x5555557586c0 "KFFOCVVLQQSSPWPPFVMMFJJYHHEHHFTPPPJRRFJVFFNNVZAAWZNEYMMIIEPJTLAKUUEDZTXXQMUUPWWLRJVVKXCSDNJOIUSSUUQQNPOOBKRRRGESSSGRRIVXFFFFAATUWJJHBYYJCKWWSIGAAOOSWPPVSCUCBBZZAAJBBJSTTWCEIIYFXZZVBRVQQTPTXGWWGDFOOZJX"..., str_y=0x55555575c170 "KKFOLCVLQQQSPOWPFUVMCFJMYHSEHFITPPJCRFNJVFBNVZEAWZNYEYMEIELPJTLAKUEDZTMXYQMUPQWLRJLVKXCSDNJOIUOSRUXQNJPOBBKRRGEISSGCRIWVXFJFCAZTUWJKHBYJCKCWSIGKAOOSWMPVSACUCBPZZAJJBJSETWCLEIYFXOZVBQRVQTPTXGSWGDFIOZOJ"..., fo=0x555555758260) at smith_waterman.c:98
#1  0x0000555555555e38 in main (argc=7, argv=0x7fffffffde98) at smith_waterman.c:298

93	    double max_score=0.0;
94	    for(i=1; i<x_num+1; i++){
95	        for(j=1; j<y_num+1; j++){
96	            if(str_x[i-1]==str_y[j-1]){diff=match_score;}
97	            else{diff=mismatch_score;}
98	            matrix[i][j]=my_maxof(matrix[i-1][j-1]+diff, matrix[i-1][j]+gap_score, matrix[i][j-1]+gap_score,0);
99	            if(matrix[i][j]>max_score)
100	                max_score=matrix[i][j];
101	        }
102	    }

Backtrace END
Memory content before bitflip:0x000x000x000x000x000x000x000xc0
Fault Model: Random bit-flip
base address to flip value: 0x555555757020 
address max offset: 8
Memory content after  bitflip:0xe90xd30x200x740x940xf90x080x26
frame name: smith_waterman
symbol name: gap_score
symbol filename: smith_waterman.c
symbol line: 9
value: 1.8447433274964424e-125
value address: 0x555555757020 <gap_score>
Type: A floating point type.
Type sizeof: 8

[INFO -- 2019-09-03 11:46:56]
Fault Injection Successful after 1.210296630859375s
