[INFO -- 2018-12-08 04:12:35]
Starting flip_value script
version: 1.1
[INFO -- 2018-12-08 04:12:35]
Initialization strings:
[INFO -- 2018-12-08 04:12:35]
(1) file /tmp/smith_waterman/smith_waterman
[INFO -- 2018-12-08 04:12:35]
(2) set args -x /tmp/smith_waterman/randInputX -y /tmp/smith_waterman/randInputY -o /tmp/smith_waterman/output -z /tmp/smith_waterman/detected.log
[INFO -- 2018-12-08 04:12:35]
initSignal:0
[INFO -- 2018-12-08 04:12:35]
endSignal:6
[INFO -- 2018-12-08 04:12:35]
faultModel:2
[INFO -- 2018-12-08 04:12:38]
Backtrace BEGIN:
#0  check_index (i=7830, j=7830) at smith_waterman.c:154
#1  0x0000555555555367 in smith_waterman (x_num=12150, x_num2=12150, y_num=15000, y_num2=15000, str_x=0x5555557586c0 "VVEHCQLLZKVGVBBGHUUUUOHHKKJRTLYHHJLAAYXBKUFNNKOTUNNQNNXHZGBSUGTRROTTBLUMGDTQQHORRCCSQZBRICMKKFFITTUJQQXNRIIKAWWCCAMVNNMJSYCCDSNOOAXVRUNNNSZOXXIXXURYJIIBCXGHMMVMMUDFQNUFFSSZSCVPMMQPPJJXXPBPDVVRSYILLTTT"..., str_y=0x55555575b640 "DVEHCRQLZKVGVTBGFHUUUOYHHKJRTLFYHJILAYXBKUJFNKOTUKNQYNXHZGBSUGTBRBOTBLUMGDTTQHOKRDCSQZBRICMCKFFBITUJHQXNURIKAXWSCAMVZNMJSYNCDSGNOAXVRUKNNSZORXIUXURYJDIBCXGHQMVGMUDFQNUEFTSZSCVPWMQHPAJTXPBPDYVRSYXILTMT"...) at smith_waterman.c:201
#2  0x0000555555556178 in execute (file_x_name=0x7fffffffe065 "/tmp/smith_waterman/randInputX", file_y_name=0x7fffffffe087 "/tmp/smith_waterman/randInputY") at smith_waterman.c:379
#3  0x0000555555556393 in main (argc=9, argv=0x7fffffffdc38) at smith_waterman.c:425

149	
150	void check_index(int i, int j){
151	    if(i != j){
152	        sdc_exit();
153	    }
154	}
155	
156	char *smith_waterman(long x_num, long x_num2, long y_num, long y_num2, char* str_x, char* str_y)
157	{
158	    if(x_num != x_num2){        

Backtrace END
Memory content before bitflip:0x000x000x000x000x000x000xf00xbf
Fault Model: Random bit-flip
base address to flip value: 0x555555757028 
address max offset: 8
Memory content after  bitflip:0xba0xee0x750x5f0xb80x590xea0x51
frame name: check_index
symbol name: mismatch_score2
symbol filename: smith_waterman.c
symbol line: 10
value: 4.0952190003275293e+86
value address: 0x555555757028 <mismatch_score2>
Type: A floating point type.
Type sizeof: 8

[INFO -- 2018-12-08 04:12:38]
Fault Injection Successful after 3.8175442218780518s
[INFO -- 2018-12-08 04:12:38]
event type: exit
[INFO -- 2018-12-08 04:12:38]
exit code: 0
