[INFO -- 2018-12-04 17:13:47]
Starting flip_value script
version: 1.1
[INFO -- 2018-12-04 17:13:47]
Initialization strings:
[INFO -- 2018-12-04 17:13:47]
(1) file /tmp/smith_waterman/smith_waterman
[INFO -- 2018-12-04 17:13:47]
(2) set args -x /tmp/smith_waterman/randInputX -y /tmp/smith_waterman/randInputY -o /tmp/smith_waterman/output -z /tmp/smith_waterman/detected.log
[INFO -- 2018-12-04 17:13:47]
initSignal:0
[INFO -- 2018-12-04 17:13:47]
endSignal:6
[INFO -- 2018-12-04 17:13:47]
faultModel:1
[INFO -- 2018-12-04 17:13:52]
Backtrace BEGIN:
#0  0x00005555555553d1 in smith_waterman (x_num=15000, x_num2=15000, y_num=13050, y_num2=13050, str_x=0x5555557586c0 "MWEVLATIWKIDLZMYCIMAGXVIBRYPNKLBGQYTSTCQDMVQLIOPQCSWZPEAGCSTODWXVUQQNUGTHCJUMYMCCEYCTFEBJYXYETVZQNRFIAYREKLQKXSMDSQYXVAHVXHZSEBKTSQBUQUYAGOMFIZLBPJAMLJIKSHFWKPQDHTXAOYAWOPDZOOCFACSLOCYGJDFUUXZCQYCGYEE"..., str_y=0x55555575c170 "WEEVLAIIWKILLMMCCIMGXXVIRRPPKKLBGQYTSTQQDVVLLIPPQCSZZEEGGSSTDDWXUQQQNUGTHCJUMYCCCECCTFEJJYXYETZZNNRFAARRKKQQKXSMDQYYXVAHVXHZSEBKTSQBUQUYGOMFFZZLBPJAMLJIKSFFWKPQHTXXAYYAWOPDZOOCFACSLCYGGJDFUXXZQQCCGEEE"...) at smith_waterman.c:173
#1  0x0000555555555e65 in execute (file_x_name=0x7fffffffe0b4 "/tmp/smith_waterman/randInputX", file_y_name=0x7fffffffe0d6 "/tmp/smith_waterman/randInputY") at smith_waterman.c:309
#2  0x0000555555556082 in main (argc=9, argv=0x7fffffffdc88) at smith_waterman.c:355

168	            if(i==0 && j==0){
169	                maxValue = matrix[i][j];
170	                y = i;
171	                x = j;
172	            }
173	            if(maxValue < matrix[i][j]){
174	                maxValue = matrix[i][j];
175	                y = i;
176	                x = j;
177	            }

Backtrace END
Fliping a bit of the pointer
Memory content before bitflip:0xb40xe00xff0xff0xff0x7f0x000x00
Fault Model: Double bit-flip
base address to flip value: 0x7fffffffdaf8
address max offset: 8
Memory content after  bitflip:0xb40xe00xff0xff0xff0x760x000x00
frame name: execute
symbol name: file_x_name
symbol filename: smith_waterman.c
symbol line: 295
value: 0x7fffffffe0b4 "/tmp/smith_waterman/randInputX"
value address: 0x7fffffffdaf8
Type: The type is a pointer.
Type sizeof: 8

[INFO -- 2018-12-04 17:13:52]
Fault Injection Successful after 5.693693161010742s
[INFO -- 2018-12-04 17:13:53]
event type: exit
[INFO -- 2018-12-04 17:13:53]
exit code: 0
