[INFO -- 2019-09-03 11:49:11]
Starting flip_value script
version: 1.1
[INFO -- 2019-09-03 11:49:11]
Initialization strings:
[INFO -- 2019-09-03 11:49:11]
(1) file /tmp/smith_waterman/smith_waterman
[INFO -- 2019-09-03 11:49:11]
(2) set args -x /tmp/smith_waterman/randInputX -y /tmp/smith_waterman/randInputY -o /tmp/smith_waterman/output
[INFO -- 2019-09-03 11:49:11]
initSignal:0
[INFO -- 2019-09-03 11:49:11]
endSignal:6
[INFO -- 2019-09-03 11:49:11]
faultModel:1
[INFO -- 2019-09-03 11:49:14]
Backtrace BEGIN:
#0  0x0000555555555257 in smith_waterman (x_num=15000, y_num=15000, str_x=0x5555557586c0 "KFFOCVVLQQSSPWPPFVMMFJJYHHEHHFTPPPJRRFJVFFNNVZAAWZNEYMMIIEPJTLAKUUEDZTXXQMUUPWWLRJVVKXCSDNJOIUSSUUQQNPOOBKRRRGESSSGRRIVXFFFFAATUWJJHBYYJCKWWSIGAAOOSWPPVSCUCBBZZAAJBBJSTTWCEIIYFXZZVBRVQQTPTXGWWGDFOOZJX"..., str_y=0x55555575c170 "KKFOLCVLQQQSPOWPFUVMCFJMYHSEHFITPPJCRFNJVFBNVZEAWZNYEYMEIELPJTLAKUEDZTMXYQMUPQWLRJLVKXCSDNJOIUOSRUXQNJPOBBKRRGEISSGCRIWVXFJFCAZTUWJKHBYJCKCWSIGKAOOSWMPVSACUCBPZZAJJBJSETWCLEIYFXOZVBQRVQTPTXGSWGDFIOZOJ"..., fo=0x555555758260) at smith_waterman.c:126
#1  0x0000555555555e38 in main (argc=7, argv=0x7fffffffde98) at smith_waterman.c:298

121	            if(i==0 && j==0){
122	                maxValue = matrix[i][j];
123	                y = i;
124	                x = j;
125	            }
126	            if(maxValue < matrix[i][j]){
127	                maxValue = matrix[i][j];
128	                y = i;
129	                x = j;
130	            }

Backtrace END
Memory content before bitflip:0x000x000x000x000x000x000x000xc0
Fault Model: Double bit-flip
base address to flip value: 0x555555757020 
address max offset: 8
Memory content after  bitflip:0x000x000x000x000x000x000x480xc0
frame name: main
symbol name: gap_score
symbol filename: smith_waterman.c
symbol line: 9
value: -48
value address: 0x555555757020 <gap_score>
Type: A floating point type.
Type sizeof: 8

[INFO -- 2019-09-03 11:49:14]
Fault Injection Successful after 3.849287986755371s
