[INFO -- 2018-12-08 20:50:26]
Starting flip_value script
version: 1.1
[INFO -- 2018-12-08 20:50:26]
Initialization strings:
[INFO -- 2018-12-08 20:50:26]
(1) file /tmp/smith_waterman/smith_waterman
[INFO -- 2018-12-08 20:50:26]
(2) set args -x /tmp/smith_waterman/randInputX -y /tmp/smith_waterman/randInputY -o /tmp/smith_waterman/output -z /tmp/smith_waterman/detected.log
[INFO -- 2018-12-08 20:50:26]
initSignal:0
[INFO -- 2018-12-08 20:50:26]
endSignal:6
[INFO -- 2018-12-08 20:50:26]
faultModel:2
[INFO -- 2018-12-08 20:50:31]
Backtrace BEGIN:
#0  smith_waterman (x_num=10200, x_num2=10200, y_num=15000, y_num2=15000, str_x=0x5555557586c0 "PPPUZWKKNPMBKPIRYAQLRRTOXTPPPCKSTNUUXFMMNRQQDGYGGASSTGQLLCHGGVVSSKVRHAWTWWMZCMTOOGFMLLYPPHXXBBYLLNTWWRSNNTSSSDHVIIOJVJNNQKKZLUUDHYYFRRXMXQEFJJZCPLOOEBBCNDGBBXJIFNDBBNYYFVQGGQQZFOLLRRQHHSWPGSSRRGAVVTTP"..., str_y=0x55555575aeb0 "BPPUZWIKNPMEBKPIRYAQLRTOXFTPPCKSTZNUXXFMNRQQDGYUGALSTGGQLCHCGRVBSKVRHAEWTWMZCMTLOGFHMLYAPHEXBBYTLWNTWRRSNGTSSMDHVIOJVOJNWQKZRLUDHHYFYRXMXQEQFJZCRPLOEXBCNODGBXJIFJNDBNRYFVQMGPQZFCOLBRPQHSWIPGSWRGASVTTC"...) at smith_waterman.c:246
#1  0x0000555555556178 in execute (file_x_name=0x7fffffffe065 "/tmp/smith_waterman/randInputX", file_y_name=0x7fffffffe087 "/tmp/smith_waterman/randInputY") at smith_waterman.c:379
#2  0x0000555555556393 in main (argc=9, argv=0x7fffffffdc38) at smith_waterman.c:425

241	            if(maxValue < matrix[i][j]){
242	                maxValue = matrix[i][j];
243	                y = i;
244	                x = j;
245	            }
246	            j2++;
247	        }
248	        i2++;
249	    }
250	    check_index(j, j2);

Backtrace END
Fliping a bit of the value pointed by a pointer
Memory content before bitflip:0x09
Fault Model: Random bit-flip
base address to flip value: 0x7fffffffdc30 
address max offset: 1
Memory content after  bitflip:0xa9
frame name: main
symbol name: answer1
symbol filename: smith_waterman.c
symbol line: 425
value: 0x7fffffffdc30 "\251"
value address: 0x7fffffffdb40
Type: The type is a pointer.
Type sizeof: 8

[INFO -- 2018-12-08 20:50:31]
Fault Injection Successful after 5.546050310134888s
[INFO -- 2018-12-08 20:50:32]
event type: exit
[INFO -- 2018-12-08 20:50:32]
exit code: 0
