[INFO -- 2018-12-08 11:39:50]
Starting flip_value script
version: 1.1
[INFO -- 2018-12-08 11:39:50]
Initialization strings:
[INFO -- 2018-12-08 11:39:50]
(1) file /tmp/smith_waterman/smith_waterman
[INFO -- 2018-12-08 11:39:50]
(2) set args -x /tmp/smith_waterman/randInputX -y /tmp/smith_waterman/randInputY -o /tmp/smith_waterman/output -z /tmp/smith_waterman/detected.log
[INFO -- 2018-12-08 11:39:50]
initSignal:0
[INFO -- 2018-12-08 11:39:50]
endSignal:6
[INFO -- 2018-12-08 11:39:50]
faultModel:2
[EXCEPTION -- 2018-12-08 11:39:50]
gdbException: Attempt to dereference a generic pointer.
[INFO -- 2018-12-08 11:39:50]
Backtrace BEGIN:
#0  strcmp () at ../sysdeps/x86_64/strcmp.S:256
#1  0x00007ffff7ddf788 in check_match (num_versions=<synthetic pointer>, versioned_sym=<synthetic pointer>, map=0x7ffff7fe0000, strtab=0x7ffff79f59d0 "", symidx=2286, sym=0x7ffff79f5538, type_class=1, flags=1, version=0x7ffff7fe0560, ref=0x555555554380, undef_name=0x555555554579 "snprintf") at dl-lookup.c:93
#2  do_lookup_x (undef_name=undef_name@entry=0x555555554579 "snprintf", new_hash=new_hash@entry=3193449721, old_hash=old_hash@entry=0x7fffffffd770, ref=0x555555554380, result=result@entry=0x7fffffffd780, scope=<optimized out>, i=<optimized out>, version=0x7ffff7fe0560, flags=1, skip=0x0, type_class=1, undef_map=0x7ffff7ffe170) at dl-lookup.c:406
#3  0x00007ffff7de01ef in _dl_lookup_symbol_x (undef_name=0x555555554579 "snprintf", undef_map=undef_map@entry=0x7ffff7ffe170, ref=ref@entry=0x7fffffffd8a0, symbol_scope=symbol_scope@entry=0x7ffff7ffe4c8, version=0x7ffff7fe0560, type_class=1, flags=1, skip_map=<optimized out>) at dl-lookup.c:813
#4  0x00007ffff7de1af9 in elf_machine_rela (skip_ifunc=<optimized out>, reloc_addr_arg=0x555555756f88, version=<optimized out>, sym=<optimized out>, reloc=0x5555555547f0, map=0x7ffff7ffe170) at ../sysdeps/x86_64/dl-machine.h:308
#5  elf_dynamic_do_Rela (skip_ifunc=<optimized out>, lazy=<optimized out>, nrelative=<optimized out>, relsize=<optimized out>, reladdr=<optimized out>, map=0x7ffff7ffe170) at do-rel.h:137
#6  _dl_relocate_object (scope=<optimized out>, reloc_mode=<optimized out>, consider_profiling=<optimized out>, consider_profiling@entry=0) at dl-reloc.c:258
#7  0x00007ffff7dd9307 in dl_main (phdr=<optimized out>, phnum=<optimized out>, user_entry=<optimized out>, auxv=<optimized out>) at rtld.c:2190
#8  0x00007ffff7defdd0 in _dl_sysdep_start (start_argptr=start_argptr@entry=0x7fffffffdc30, dl_main=dl_main@entry=0x7ffff7dd7660 <dl_main>) at ../elf/dl-sysdep.c:253
#9  0x00007ffff7dd7128 in _dl_start_final (arg=0x7fffffffdc30) at rtld.c:414
#10 _dl_start (arg=0x7fffffffdc30) at rtld.c:521
#11 0x00007ffff7dd6098 in _start () from /lib64/ld-linux-x86-64.so.2
#12 0x0000000000000009 in ?? ()
#13 0x00007fffffffe03f in ?? ()
#14 0x00007fffffffe062 in ?? ()
#15 0x00007fffffffe065 in ?? ()
#16 0x00007fffffffe084 in ?? ()
#17 0x00007fffffffe087 in ?? ()
#18 0x00007fffffffe0a6 in ?? ()
#19 0x00007fffffffe0a9 in ?? ()
#20 0x00007fffffffe0c4 in ?? ()
#21 0x00007fffffffe0c7 in ?? ()
#22 0x0000000000000000 in ?? ()

251	../sysdeps/x86_64/strcmp.S: No such file or directory.

Backtrace END
Fliping array at pos: 0
Fliping value of field: size
Memory content before bitflip:0xa00x020x000x000x000x000x000x00
Fault Model: Random bit-flip
base address to flip value: 0x7fffffffd8b8
address max offset: 8
Memory content after  bitflip:0x630x910xc20x560x8f0x4e0xf90x00
frame name: _dl_relocate_object
symbol name: ranges
symbol filename: dl-reloc.c
symbol line: 258
value: {{start = 93824992233024, size = 70173646743834979, nrelative = 6, lazy = 0}, {start = 0, size = 0, nrelative = 0, lazy = 0}}
value address: 0x7fffffffd8b0
Type: The type is an array.
Type sizeof: 64
Field name: None
Field Type: A range type, that is, an integer type with bounds.
Field Type sizeof: 8
Field Type range: (0, 1)

[INFO -- 2018-12-08 11:39:50]
Fault Injection Successful after 0.6343998908996582s
[INFO -- 2018-12-08 11:39:57]
event type: exit
[INFO -- 2018-12-08 11:39:57]
exit code: 0
