[INFO -- 2019-09-03 11:39:57]
Starting flip_value script
version: 1.1
[INFO -- 2019-09-03 11:39:57]
Initialization strings:
[INFO -- 2019-09-03 11:39:57]
(1) file /tmp/smith_waterman/smith_waterman
[INFO -- 2019-09-03 11:39:57]
(2) set args -x /tmp/smith_waterman/randInputX -y /tmp/smith_waterman/randInputY -o /tmp/smith_waterman/output
[INFO -- 2019-09-03 11:39:57]
initSignal:0
[INFO -- 2019-09-03 11:39:57]
endSignal:6
[INFO -- 2019-09-03 11:39:57]
faultModel:2
[INFO -- 2019-09-03 11:39:57]
Backtrace BEGIN:
#0  0x0000555555554d71 in my_maxof (a=-1, b=-2, c=-2, d=0) at smith_waterman.c:65
#1  0x00005555555550d7 in smith_waterman (x_num=13200, y_num=15000, str_x=0x5555557586c0 "RTTFUUFGNNTYATYFCGZAAXXMNNNNTHMXAADWHLCCERSSMMQOXKQQQIEEXRRRYDDYYYWWQKYKODVVVVEURRKBBBPSSINNHHHEHHUUEEKKJFHFLEZZEMMUDGOOLDUUMMEYKKPOBBBPMIRRCCAVVISSKOXXLSGAAEEWZOOAANMAAGGNNBLIGGDWWRRKLQQAUYPVVMXEEDGG"..., str_y=0x55555575ba60 "RVTRFUBFGNTPYATYFCGZARXTMNFNTCHMXADEWHLCUERSEMQJOXKQQILEXRRRVYDSYJYWQKYKOSDVGVEXURPKBBPYSIPNHVHHEHEUTEGKYJFHFLEZETMFUDGOLXDUSMEYWKUPOBBPMIWRWCTAVHISKOIXLMSGAWEWGZOWARNMALGWNBYLIGDUWNRKZLQAJUYPVMOXEDMG"..., fo=0x555555758260) at smith_waterman.c:98
#2  0x0000555555555e38 in main (argc=7, argv=0x7fffffffde98) at smith_waterman.c:298

60	}
61	
62	double my_maxof(double a, double b, double c, double d)
63	{
64	    double ans=a;
65	    if(ans<b) ans=b;
66	    if(ans<c) ans=c;
67	    if(ans<d) ans=d;
68	    return ans;
69	}

Backtrace END
Fliping a bit of the value pointed by a pointer
Memory content before bitflip:0x48
Fault Model: Random bit-flip
base address to flip value: 0x7ffff7a71510  
address max offset: 1
Memory content after  bitflip:0x8b
frame name: smith_waterman
symbol name: alignmentB
symbol filename: smith_waterman.c
symbol line: 133
value: 0x7ffff7a71510 <flush_cleanup> "\213\213\005y\003\066"
value address: 0x7fffffffdcb0
Type: The type is a pointer.
Type sizeof: 8

[INFO -- 2019-09-03 11:39:57]
Fault Injection Successful after 0.8792450428009033s
[INFO -- 2019-09-03 11:40:00]
event type: exit
[INFO -- 2019-09-03 11:40:00]
exit code: 0
