[INFO -- 2018-12-04 02:44:28]
Starting flip_value script
version: 1.1
[INFO -- 2018-12-04 02:44:28]
Initialization strings:
[INFO -- 2018-12-04 02:44:28]
(1) file /tmp/smith_waterman/smith_waterman
[INFO -- 2018-12-04 02:44:28]
(2) set args -x /tmp/smith_waterman/randInputX -y /tmp/smith_waterman/randInputY -o /tmp/smith_waterman/output -z /tmp/smith_waterman/detected.log
[INFO -- 2018-12-04 02:44:28]
initSignal:0
[INFO -- 2018-12-04 02:44:28]
endSignal:6
[INFO -- 2018-12-04 02:44:28]
faultModel:2
[INFO -- 2018-12-04 02:44:30]
Backtrace BEGIN:
#0  0x0000555555554d6f in my_maxof (a=-1, b=-2, c=-2, d=0) at smith_waterman.c:75
#1  0x0000555555555202 in smith_waterman (x_num=14700, x_num2=14700, y_num=15000, y_num2=15000, str_x=0x5555557586c0 "NBBYQVYKKFOOZZTXXXLQRUUNUKCKOWDDCXSSAAYGXXVGQQKOOOFFIUUSVXDJJBONBPVVRGYYDEECPRFFNQNLHDDWIIRKTTFLKNCTTCXLJBDDDINTTVASFFLLVDDQKKBBVVFQIPPVQQYSTJFEHHHJNYDDVDDOMPLLNWVVFTYYLQQCYYHFFDSDRRBBVCPSSGUEEFFRRYHC"..., str_y=0x55555575c040 "NQBYQVYEKFYOZZTCXXLQRAUNUKCKOKWDCXBSUAYGHXVGYQKWOWOFWIUSVXDJJBONBPGVRGCYDZECPRAFNQNLZHDWGIFRKTFLKNICTMCXLJBDADINTVASFFOLOVDAQKNBXVFQIHPVQQYSTJFNEHHJNYXDVCDOMQPLNWBVFTTYLRQFCYUHFDSUDRXBVCPJSGUIEYFJRYHC"...) at smith_waterman.c:141
#2  0x0000555555555e65 in execute (file_x_name=0x7fffffffe0b4 "/tmp/smith_waterman/randInputX", file_y_name=0x7fffffffe0d6 "/tmp/smith_waterman/randInputY") at smith_waterman.c:309
#3  0x0000555555556082 in main (argc=9, argv=0x7fffffffdc88) at smith_waterman.c:355

70	    double ans=a;
71	    if(ans<b) ans=b;
72	    if(ans<c) ans=c;
73	    if(ans<d) ans=d;
74	    return ans;
75	}
76	
77	double matchMisScore(long i, long j, char* str_y, char* str_x)
78	{
79	    if (str_y[j] == str_x[i])

Backtrace END
Memory content before bitflip:0x000x000x000x000x000xb80x950x40
Fault Model: Random bit-flip
base address to flip value: 0x7fffffffda50
address max offset: 8
Memory content after  bitflip:0xac0x3e0x700xde0xae0x420x7b0xae
frame name: smith_waterman
symbol name: max_score
symbol filename: smith_waterman.c
symbol line: 134
value: -8.7703059231923225e-85
value address: 0x7fffffffda50
Type: A floating point type.
Type sizeof: 8

[INFO -- 2018-12-04 02:44:30]
Fault Injection Successful after 2.224396228790283s
[INFO -- 2018-12-04 02:44:35]
event type: exit
[INFO -- 2018-12-04 02:44:35]
exit code: 0
