[INFO -- 2018-12-09 13:12:52]
Starting flip_value script
version: 1.1
[INFO -- 2018-12-09 13:12:52]
Initialization strings:
[INFO -- 2018-12-09 13:12:52]
(1) file /tmp/smith_waterman/smith_waterman
[INFO -- 2018-12-09 13:12:52]
(2) set args -x /tmp/smith_waterman/randInputX -y /tmp/smith_waterman/randInputY -o /tmp/smith_waterman/output -z /tmp/smith_waterman/detected.log
[INFO -- 2018-12-09 13:12:52]
initSignal:0
[INFO -- 2018-12-09 13:12:52]
endSignal:6
[INFO -- 2018-12-09 13:12:52]
faultModel:2
[INFO -- 2018-12-09 13:12:56]
Backtrace BEGIN:
#0  my_maxof (a=633, b=633, c=630, d=0) at smith_waterman.c:139
#1  0x00005555555554a5 in smith_waterman (x_num=14100, x_num2=14100, y_num=15000, y_num2=15000, str_x=0x5555557586c0 "FFQQMUJJLGUXXFINNXXEEAYUUMHHXZTTPPJXFHRNNDKPCSSNNTTTNURFFFQCSVTHGGRLLYCDZZTEEYRRTMHHNDQIJVVBSSIZZEMEENNZZCCEECWXIIGNZZXIIZJJTTTFPHHJWTTVVWZZSSUCHFRGGOQIIZZCGVWMMZZCBUUZQQQLLKKPHRHZZGJJHNNCCKORRYRTTSSJ"..., str_y=0x55555575bde0 "TFOQLMUJLGUEXMFINKXOEWAYUJMHXCZTKPJXDFHRNDVKPCSFNPTTNURHFFQCHSVTHGRLLYCADZKTECYRTRMHNDQSIJVRBSLIZEVMEZNHZZCFECWXWIGJNZCXIZOJTBTSFPHJQWTPVVWZYSZUCHFRGHOQIFZCGVWOMFZCBSUZQQYQLZKPHRHPZVGJAHNJCKZORYRTTLSJ"...) at smith_waterman.c:205
#2  0x0000555555556178 in execute (file_x_name=0x7fffffffe065 "/tmp/smith_waterman/randInputX", file_y_name=0x7fffffffe087 "/tmp/smith_waterman/randInputY") at smith_waterman.c:379
#3  0x0000555555556393 in main (argc=9, argv=0x7fffffffdc38) at smith_waterman.c:425

134	{
135	    double ans=a;
136	    if(ans<b) ans=b;
137	    if(ans<c) ans=c;
138	    if(ans<d) ans=d;
139	    return ans;
140	}
141	
142	double matchMisScore(long i, long j, char* str_y, char* str_x)
143	{

Backtrace END
Memory content before bitflip:0x000x000x000x000x000x000xf00x3f
Fault Model: Random bit-flip
base address to flip value: 0x555555757018 
address max offset: 8
Memory content after  bitflip:0xa20x530x2e0x160xf20x4d0xc10x4e
frame name: my_maxof
symbol name: match_score2
symbol filename: smith_waterman.c
symbol line: 8
value: 2.3886219697622632e+71
value address: 0x555555757018 <match_score2>
Type: A floating point type.
Type sizeof: 8

[INFO -- 2018-12-09 13:12:56]
Fault Injection Successful after 4.930987119674683s
[INFO -- 2018-12-09 13:12:56]
event type: exit
[INFO -- 2018-12-09 13:12:56]
exit code: 0
