[INFO -- 2018-12-09 05:09:09]
Starting flip_value script
version: 1.1
[INFO -- 2018-12-09 05:09:09]
Initialization strings:
[INFO -- 2018-12-09 05:09:09]
(1) file /tmp/smith_waterman/smith_waterman
[INFO -- 2018-12-09 05:09:09]
(2) set args -x /tmp/smith_waterman/randInputX -y /tmp/smith_waterman/randInputY -o /tmp/smith_waterman/output -z /tmp/smith_waterman/detected.log
[INFO -- 2018-12-09 05:09:09]
initSignal:0
[INFO -- 2018-12-09 05:09:09]
endSignal:6
[INFO -- 2018-12-09 05:09:09]
faultModel:2
[EXCEPTION -- 2018-12-09 05:09:12]
pythonException: invalid literal for int() with base 16: '0x55555575b230 ...'
[INFO -- 2018-12-09 05:09:12]
Backtrace BEGIN:
#0  test_globals () at smith_waterman.c:75
#1  0x0000555555555371 in smith_waterman (x_num=11100, x_num2=11100, y_num=15000, y_num2=15000, str_x=0x5555557586c0 "JLTBTTTRRAXRRAIMWBGFFLLQUKJJXXYYSSZMUUDDVULOTMIIZONNBGLVSSWIRTBLLHZDECCAOOWWLLMMUCCPKATCYDDRLLXUGGDZKAALOOABBNOHHQEEGZZEEEBPYYLHHKLSSNEBNQDDAETVVWXXECCLDLLLEZLZMEEZZLHAYFBEYYKBXADSBBMGGZMMYYZMEKKLROPT"..., str_y=0x55555575b230 "JLTBTSTPRAXIRZAIMWBGFBLQIUKJMXXYKSZFMUVDVULOTMWIIZONBBGLVSWIRTIBLHHZDECYAOOWCLEMMUCPVKATCYDWRLXEUGDZKIALWOHABNMOHQDEAGZFEEBYPYELHKLRSNEOBNQDAETJVWQXEPCLUDLLEPZLZMERZLHAYZFBEYKBXAYDSBOMGZZMRYZSMEKLRTOP"...) at smith_waterman.c:202
#2  0x0000555555556178 in execute (file_x_name=0x7fffffffe065 "/tmp/smith_waterman/randInputX", file_y_name=0x7fffffffe087 "/tmp/smith_waterman/randInputY") at smith_waterman.c:379
#3  0x0000555555556393 in main (argc=9, argv=0x7fffffffdc38) at smith_waterman.c:425

70	
71	
72	    exit(0); // ocorreu SDC
73	}
74	
75	void test_globals(){
76		if( (match_score != match_score2) || (gap_score != gap_score2) || (mismatch_score != mismatch_score2) )
77	    {
78			sdc_exit();
79	    }

Backtrace END
Memory content before bitflip:0x000x000x000x000x000x000x000xc0
Fault Model: Random bit-flip
base address to flip value: 0x555555757030 
address max offset: 8
Memory content after  bitflip:0x6b0x800x320xa70xfe0xb30xde0x95
frame name: main
symbol name: gap_score
symbol filename: smith_waterman.c
symbol line: 11
value: -2.4481906211094444e-203
value address: 0x555555757030 <gap_score>
Type: A floating point type.
Type sizeof: 8

[INFO -- 2018-12-09 05:09:12]
Fault Injection Successful after 3.5761654376983643s
[INFO -- 2018-12-09 05:09:12]
event type: exit
[INFO -- 2018-12-09 05:09:12]
exit code: 0
