[INFO -- 2018-12-08 22:42:28]
Starting flip_value script
version: 1.1
[INFO -- 2018-12-08 22:42:28]
Initialization strings:
[INFO -- 2018-12-08 22:42:28]
(1) file /tmp/smith_waterman/smith_waterman
[INFO -- 2018-12-08 22:42:28]
(2) set args -x /tmp/smith_waterman/randInputX -y /tmp/smith_waterman/randInputY -o /tmp/smith_waterman/output -z /tmp/smith_waterman/detected.log
[INFO -- 2018-12-08 22:42:28]
initSignal:0
[INFO -- 2018-12-08 22:42:28]
endSignal:6
[INFO -- 2018-12-08 22:42:28]
faultModel:0
[INFO -- 2018-12-08 22:42:31]
Backtrace BEGIN:
#0  my_maxof (a=2902, b=2902, c=2899, d=0) at smith_waterman.c:139
#1  0x00005555555554a5 in smith_waterman (x_num=10200, x_num2=10200, y_num=15000, y_num2=15000, str_x=0x5555557586c0 "VJJPPOKKZRRZZZSGGKZZNROHHFUUJJDRPNQGDGQEXJDIIXGPMQZZQJPPXXTLZEEXWWDDDVAAFAAPGGGJXXQGAAQYYLKGKOEYLRROOOMMOQNNWIXWHNNMMFNSSZTFOFFZGXPLLFZAYBUULMSSYIJLNWXYYSKMPQNYPELALNCJSSEBGZHHEESWRRDBQNBBGBBXGPRRCCBS"..., str_y=0x55555575aeb0 "VEJZPOOKZRRZAZSGGNKZNYROHFIUWJDRPNQGDGQEXJDXIXGPMQQZQJPZPXTLGZEXMWDRDVVAFAAPXGGJYXLQGAQXYLKGKOEYLHROFOQMOQBNWIXWHKNPMFNKSZTFOXFZGXPNLFZAYBPULMTSYIJLNWXFYSKMPQNYPELALNCJOSEBGZTHHESWDRDBKQNBGCBXGPZRCCBS"...) at smith_waterman.c:205
#2  0x0000555555556178 in execute (file_x_name=0x7fffffffe065 "/tmp/smith_waterman/randInputX", file_y_name=0x7fffffffe087 "/tmp/smith_waterman/randInputY") at smith_waterman.c:379
#3  0x0000555555556393 in main (argc=9, argv=0x7fffffffdc38) at smith_waterman.c:425

134	{
135	    double ans=a;
136	    if(ans<b) ans=b;
137	    if(ans<c) ans=c;
138	    if(ans<d) ans=d;
139	    return ans;
140	}
141	
142	double matchMisScore(long i, long j, char* str_y, char* str_x)
143	{

Backtrace END
Memory content before bitflip:0x000x000x000x000x000xa60xa60x40
Fault Model: Single bit-flip
base address to flip value: 0x7fffffffd978
address max offset: 8
Memory content after  bitflip:0x000x000x000x400x000xa60xa60x40
frame name: my_maxof
symbol name: c
symbol filename: smith_waterman.c
symbol line: 133
value: 2899.00048828125
value address: 0x7fffffffd978
Type: A floating point type.
Type sizeof: 8

[INFO -- 2018-12-08 22:42:31]
Fault Injection Successful after 3.850612163543701s
[INFO -- 2018-12-08 22:42:33]
event type: exit
[INFO -- 2018-12-08 22:42:33]
exit code: 0
