[INFO -- 2018-12-08 22:44:18]
Starting flip_value script
version: 1.1
[INFO -- 2018-12-08 22:44:18]
Initialization strings:
[INFO -- 2018-12-08 22:44:18]
(1) file /tmp/smith_waterman/smith_waterman
[INFO -- 2018-12-08 22:44:18]
(2) set args -x /tmp/smith_waterman/randInputX -y /tmp/smith_waterman/randInputY -o /tmp/smith_waterman/output -z /tmp/smith_waterman/detected.log
[INFO -- 2018-12-08 22:44:18]
initSignal:0
[INFO -- 2018-12-08 22:44:18]
endSignal:6
[INFO -- 2018-12-08 22:44:18]
faultModel:2
[INFO -- 2018-12-08 22:44:20]
Backtrace BEGIN:
#0  smith_waterman (x_num=10200, x_num2=10200, y_num=15000, y_num2=15000, str_x=0x5555557586c0 "VJJPPOKKZRRZZZSGGKZZNROHHFUUJJDRPNQGDGQEXJDIIXGPMQZZQJPPXXTLZEEXWWDDDVAAFAAPGGGJXXQGAAQYYLKGKOEYLRROOOMMOQNNWIXWHNNMMFNSSZTFOFFZGXPLLFZAYBUULMSSYIJLNWXYYSKMPQNYPELALNCJSSEBGZHHEESWRRDBQNBBGBBXGPRRCCBS"..., str_y=0x55555575aeb0 "VEJZPOOKZRRZAZSGGNKZNYROHFIUWJDRPNQGDGQEXJDXIXGPMQQZQJPZPXTLGZEXMWDRDVVAFAAPXGGJYXLQGAQXYLKGKOEYLHROFOQMOQBNWIXWHKNPMFNKSZTFOXFZGXPNLFZAYBPULMTSYIJLNWXFYSKMPQNYPELALNCJOSEBGZTHHESWDRDBKQNBGCBXGPZRCCBS"...) at smith_waterman.c:208
#1  0x0000555555556178 in execute (file_x_name=0x7fffffffe065 "/tmp/smith_waterman/randInputX", file_y_name=0x7fffffffe087 "/tmp/smith_waterman/randInputY") at smith_waterman.c:379
#2  0x0000555555556393 in main (argc=9, argv=0x7fffffffdc38) at smith_waterman.c:425

203	            if(str_x[i-1]==str_y[j-1]){diff=match_score;}
204	            else{diff=mismatch_score;}
205	            matrix[i][j]=my_maxof(matrix[i-1][j-1]+diff, matrix[i-1][j]+gap_score, matrix[i][j-1]+gap_score,0);
206	            if(matrix[i][j]>max_score)
207	                max_score=matrix[i][j];
208	            j2++;
209	        }
210	        i2++;
211	    }
212	    check_index(j, j2);

Backtrace END
Memory content before bitflip:0x000x000x000x000x000x000xf00xbf
Fault Model: Random bit-flip
base address to flip value: 0x7fffffffda08
address max offset: 8
Memory content after  bitflip:0xef0x4e0xe40x3a0x2e0x200x4b0xea
frame name: smith_waterman
symbol name: diff
symbol filename: smith_waterman.c
symbol line: 194
value: -1.0630853243601314e+204
value address: 0x7fffffffda08
Type: A floating point type.
Type sizeof: 8

[INFO -- 2018-12-08 22:44:20]
Fault Injection Successful after 2.211644411087036s
[INFO -- 2018-12-08 22:44:24]
event type: exit
[INFO -- 2018-12-08 22:44:24]
exit code: 0
