[INFO -- 2018-12-05 05:08:46]
Starting flip_value script
version: 1.1
[INFO -- 2018-12-05 05:08:46]
Initialization strings:
[INFO -- 2018-12-05 05:08:46]
(1) file /tmp/smith_waterman/smith_waterman
[INFO -- 2018-12-05 05:08:46]
(2) set args -x /tmp/smith_waterman/randInputX -y /tmp/smith_waterman/randInputY -o /tmp/smith_waterman/output -z /tmp/smith_waterman/detected.log
[INFO -- 2018-12-05 05:08:46]
initSignal:0
[INFO -- 2018-12-05 05:08:46]
endSignal:6
[INFO -- 2018-12-05 05:08:46]
faultModel:2
[INFO -- 2018-12-05 05:08:46]
Backtrace BEGIN:
#0  0x00007ffff7df1da4 in __libc_read (fd=fd@entry=4, buf=0x7fffffffd388, nbytes=832) at ../sysdeps/unix/sysv/linux/read.c:27
#1  0x00007ffff7ddac42 in open_verify (name=name@entry=0x7ffff7ffedd0 "/lib/x86_64-linux-gnu/libc.so.6", fbp=fbp@entry=0x7fffffffd380, loader=<optimized out>, whatcode=whatcode@entry=8, mode=mode@entry=0, found_other_class=found_other_class@entry=0x7fffffffd36f, free_name=false, fd=4) at dl-load.c:1686
#2  0x00007ffff7dde3ce in _dl_map_object (loader=0x7ffff7ffe170, name=0x5555555544d1 "libc.so.6", type=1, trace_mode=0, mode=<optimized out>, nsid=<optimized out>) at dl-load.c:2292
#3  0x00007ffff7de3312 in openaux (a=a@entry=0x7fffffffd910) at dl-deps.c:63
#4  0x00007ffff7df0c6b in _dl_catch_exception (exception=exception@entry=0x7fffffffd8f0, operate=operate@entry=0x7ffff7de32e0 <openaux>, args=args@entry=0x7fffffffd910) at dl-error-skeleton.c:196
#5  0x00007ffff7de3618 in _dl_map_object_deps (map=map@entry=0x7ffff7ffe170, preloads=<optimized out>, npreloads=npreloads@entry=0, trace_mode=trace_mode@entry=0, open_mode=open_mode@entry=0) at dl-deps.c:249
#6  0x00007ffff7dd8ea6 in dl_main (phdr=<optimized out>, phnum=<optimized out>, user_entry=<optimized out>, auxv=<optimized out>) at rtld.c:1726
#7  0x00007ffff7defdd0 in _dl_sysdep_start (start_argptr=start_argptr@entry=0x7fffffffdc80, dl_main=dl_main@entry=0x7ffff7dd7660 <dl_main>) at ../elf/dl-sysdep.c:253
#8  0x00007ffff7dd7128 in _dl_start_final (arg=0x7fffffffdc80) at rtld.c:414
#9  _dl_start (arg=0x7fffffffdc80) at rtld.c:521
#10 0x00007ffff7dd6098 in _start () from /lib64/ld-linux-x86-64.so.2
#11 0x0000000000000009 in ?? ()
#12 0x00007fffffffe08e in ?? ()
#13 0x00007fffffffe0b1 in ?? ()
#14 0x00007fffffffe0b4 in ?? ()
#15 0x00007fffffffe0d3 in ?? ()
#16 0x00007fffffffe0d6 in ?? ()
#17 0x00007fffffffe0f5 in ?? ()
#18 0x00007fffffffe0f8 in ?? ()
#19 0x00007fffffffe113 in ?? ()
#20 0x00007fffffffe116 in ?? ()
#21 0x0000000000000000 in ?? ()

22	../sysdeps/unix/sysv/linux/read.c: No such file or directory.

Backtrace END
Fliping a bit of the pointer
Memory content before bitflip:0x000x000x000x000x000x000x000x00
Fault Model: Random bit-flip
base address to flip value: 0x7ffff7ffe168 
address max offset: 8
Memory content after  bitflip:0x870x320xff0x4c0xb20xc20xee0x89
frame name: dl_main
symbol name: audit_list_string
symbol filename: rtld.c
symbol line: 134
value: 0x0
value address: 0x7ffff7ffe168 <audit_list_string>
Type: The type is a pointer.
Type sizeof: 8

[INFO -- 2018-12-05 05:08:46]
Fault Injection Successful after 0.0926213264465332s
[INFO -- 2018-12-05 05:08:51]
event type: exit
[INFO -- 2018-12-05 05:08:51]
exit code: 0
