[INFO -- 2019-09-03 11:58:45]
Starting flip_value script
version: 1.1
[INFO -- 2019-09-03 11:58:45]
Initialization strings:
[INFO -- 2019-09-03 11:58:45]
(1) file /tmp/smith_waterman/smith_waterman
[INFO -- 2019-09-03 11:58:45]
(2) set args -x /tmp/smith_waterman/randInputX -y /tmp/smith_waterman/randInputY -o /tmp/smith_waterman/output
[INFO -- 2019-09-03 11:58:45]
initSignal:0
[INFO -- 2019-09-03 11:58:45]
endSignal:6
[INFO -- 2019-09-03 11:58:45]
faultModel:0
[INFO -- 2019-09-03 11:58:47]
Backtrace BEGIN:
#0  my_maxof (a=-1, b=-2, c=-2, d=0) at smith_waterman.c:63
#1  0x00005555555550d7 in smith_waterman (x_num=11550, y_num=15000, str_x=0x5555557586c0 "XTSSVTXXRPLLGKKCCWSCUYGJJKVCJJGCXXUQQRXIIPTDVGGEEFGGFOOERIZWHHYEEUXLVVHVKYYHKGOONNWSSGGUUHFNQFWZZIMMCCPPHIWOEEXRRZZJPVKQQAZGMMDHVAAADDMMLQDVMMOPPYEIVVQZXSDDEKNLLCCKKWWWMHJJBYYKYYOVVHKSZPWDCLFPSFFFFJAQ"..., str_y=0x55555575b3f0 "XTPSVTVXRRPLTGKCCWSGCUYGJKTVCJGCCXUAQRXIIPTDVFGZEYFGTFOERIZWTHYVEUXXLVHVKCYHKGGOHNWCSKGJUHFNQFLWZIVMFCHPHIWROEHXRDZJPHVKQAZGGMDHVAUADDSMLQDCVMZOPZYEIVQZXSFDEKNZLHCQKWCWMHAJTBYKAYOLVHKSZPWDCLFPSJFCFJAT"..., fo=0x555555758260) at smith_waterman.c:98
#2  0x0000555555555e38 in main (argc=7, argv=0x7fffffffde98) at smith_waterman.c:298

58	        exit(0);
59	    }
60	}
61	
62	double my_maxof(double a, double b, double c, double d)
63	{
64	    double ans=a;
65	    if(ans<b) ans=b;
66	    if(ans<c) ans=c;
67	    if(ans<d) ans=d;

Backtrace END
Memory content before bitflip:0x000x000x000x000x000x000x000x00
Fault Model: Single bit-flip
base address to flip value: 0x7fffffffdcf0
address max offset: 8
Memory content after  bitflip:0x000x000x000x000x000x080x000x00
frame name: smith_waterman
symbol name: scoreUp
symbol filename: smith_waterman.c
symbol line: 136
value: 4.3458473798968777e-311
value address: 0x7fffffffdcf0
Type: A floating point type.
Type sizeof: 8

[INFO -- 2019-09-03 11:58:47]
Fault Injection Successful after 2.055821657180786s
[INFO -- 2019-09-03 11:58:48]
event type: exit
[INFO -- 2019-09-03 11:58:48]
exit code: 0
