[INFO -- 2018-12-04 21:25:32]
Starting flip_value script
version: 1.1
[INFO -- 2018-12-04 21:25:32]
Initialization strings:
[INFO -- 2018-12-04 21:25:32]
(1) file /tmp/smith_waterman/smith_waterman
[INFO -- 2018-12-04 21:25:32]
(2) set args -x /tmp/smith_waterman/randInputX -y /tmp/smith_waterman/randInputY -o /tmp/smith_waterman/output -z /tmp/smith_waterman/detected.log
[INFO -- 2018-12-04 21:25:32]
initSignal:0
[INFO -- 2018-12-04 21:25:32]
endSignal:6
[INFO -- 2018-12-04 21:25:32]
faultModel:2
[INFO -- 2018-12-04 21:25:37]
Backtrace BEGIN:
#0  smith_waterman (x_num=15000, x_num2=15000, y_num=12900, y_num2=12900, str_x=0x5555557586c0 "RSCXVWIFHFRZEWWNHSRCDPWWVJUYBJNUBPUYNCEWJXWNTUDBMUFPJDNGMJGPUTKVKGUXIYVUVRJPNMSZIZRRCEZQQFIKAUIKACJKCFEZYOQMAKNLJECNLEGBLONMIVYIZKSBRZDRPTFRETCPXFDILJLWXZKHWLPWVJZMKCFZWLRAETPBAUMLDXKCYUJVHARCMQQWVWWR"..., str_y=0x55555575c170 "RSCXVIFFHFREEWNHHSCCDWWWVJUYJNNUBPUYNCWWJXWTTUBBMFPPJDGGJGPUUKVVKGUXYYVUVJJPMMSZIZRCCZZQQFIKAUIKCCJCCFEYYQMMAKNLJCCNLEBLLOMIVYYZKSSBRDDRPTRRETPPXFDILJLXXZHHWLWWVZZKKCFZWRRAEPPBAUMLDKKCYUJVHRRCQQQVVWRR"...) at smith_waterman.c:168
#1  0x0000555555555e65 in execute (file_x_name=0x7fffffffe0b4 "/tmp/smith_waterman/randInputX", file_y_name=0x7fffffffe0d6 "/tmp/smith_waterman/randInputY") at smith_waterman.c:309
#2  0x0000555555556082 in main (argc=9, argv=0x7fffffffdc88) at smith_waterman.c:355

163	
164	    i2 = 0;
165	    for(i=0; i<height+1; i++){
166	        check_index(i, i2);
167	        for(j=0; j<width+1; j++){
168	            if(i==0 && j==0){
169	                maxValue = matrix[i][j];
170	                y = i;
171	                x = j;
172	            }

Backtrace END
Fliping a bit of the value pointed by a pointer
Fliping a bit of the value pointed by a pointer
Memory content before bitflip:0x2f
Fault Model: Random bit-flip
base address to flip value: 0x7fffffffe08e 
address max offset: 1
Memory content after  bitflip:0x31
frame name: main
symbol name: argv
symbol filename: smith_waterman.c
symbol line: 316
value: 0x7fffffffdc88
value address: 0x7fffffffdb50
Type: The type is a pointer.
Type sizeof: 8

[INFO -- 2018-12-04 21:25:37]
Fault Injection Successful after 5.591710805892944s
[INFO -- 2018-12-04 21:25:37]
event type: exit
[INFO -- 2018-12-04 21:25:37]
exit code: 0
