[INFO -- 2018-12-09 04:54:48]
Starting flip_value script
version: 1.1
[INFO -- 2018-12-09 04:54:48]
Initialization strings:
[INFO -- 2018-12-09 04:54:48]
(1) file /tmp/smith_waterman/smith_waterman
[INFO -- 2018-12-09 04:54:48]
(2) set args -x /tmp/smith_waterman/randInputX -y /tmp/smith_waterman/randInputY -o /tmp/smith_waterman/output -z /tmp/smith_waterman/detected.log
[INFO -- 2018-12-09 04:54:48]
initSignal:0
[INFO -- 2018-12-09 04:54:48]
endSignal:6
[INFO -- 2018-12-09 04:54:48]
faultModel:0
[INFO -- 2018-12-09 04:54:49]
Backtrace BEGIN:
#0  0x0000555555555069 in check_index (i=2755, j=2755) at smith_waterman.c:154
#1  0x0000555555555367 in smith_waterman (x_num=11100, x_num2=11100, y_num=15000, y_num2=15000, str_x=0x5555557586c0 "JLTBTTTRRAXRRAIMWBGFFLLQUKJJXXYYSSZMUUDDVULOTMIIZONNBGLVSSWIRTBLLHZDECCAOOWWLLMMUCCPKATCYDDRLLXUGGDZKAALOOABBNOHHQEEGZZEEEBPYYLHHKLSSNEBNQDDAETVVWXXECCLDLLLEZLZMEEZZLHAYFBEYYKBXADSBBMGGZMMYYZMEKKLROPT"..., str_y=0x55555575b230 "JLTBTSTPRAXIRZAIMWBGFBLQIUKJMXXYKSZFMUVDVULOTMWIIZONBBGLVSWIRTIBLHHZDECYAOOWCLEMMUCPVKATCYDWRLXEUGDZKIALWOHABNMOHQDEAGZFEEBYPYELHKLRSNEOBNQDAETJVWQXEPCLUDLLEPZLZMERZLHAYZFBEYKBXAYDSBOMGZZMRYZSMEKLRTOP"...) at smith_waterman.c:201
#2  0x0000555555556178 in execute (file_x_name=0x7fffffffe065 "/tmp/smith_waterman/randInputX", file_y_name=0x7fffffffe087 "/tmp/smith_waterman/randInputY") at smith_waterman.c:379
#3  0x0000555555556393 in main (argc=9, argv=0x7fffffffdc38) at smith_waterman.c:425

149	
150	void check_index(int i, int j){
151	    if(i != j){
152	        sdc_exit();
153	    }
154	}
155	
156	char *smith_waterman(long x_num, long x_num2, long y_num, long y_num2, char* str_x, char* str_y)
157	{
158	    if(x_num != x_num2){        

Backtrace END
Memory content before bitflip:0x000x000x000x000x000x000x000xc0
Fault Model: Single bit-flip
base address to flip value: 0x555555757038 
address max offset: 8
Memory content after  bitflip:0x200x000x000x000x000x000x000xc0
frame name: check_index
symbol name: gap_score2
symbol filename: smith_waterman.c
symbol line: 12
value: -2.0000000000000142
value address: 0x555555757038 <gap_score2>
Type: A floating point type.
Type sizeof: 8

[INFO -- 2018-12-09 04:54:49]
Fault Injection Successful after 1.5853114128112793s
[INFO -- 2018-12-09 04:54:49]
event type: exit
[INFO -- 2018-12-09 04:54:49]
exit code: 0
