[INFO -- 2019-09-03 11:45:25]
Starting flip_value script
version: 1.1
[INFO -- 2019-09-03 11:45:25]
Initialization strings:
[INFO -- 2019-09-03 11:45:25]
(1) file /tmp/smith_waterman/smith_waterman
[INFO -- 2019-09-03 11:45:25]
(2) set args -x /tmp/smith_waterman/randInputX -y /tmp/smith_waterman/randInputY -o /tmp/smith_waterman/output
[INFO -- 2019-09-03 11:45:25]
initSignal:0
[INFO -- 2019-09-03 11:45:25]
endSignal:6
[INFO -- 2019-09-03 11:45:25]
faultModel:1
[INFO -- 2019-09-03 11:45:27]
Backtrace BEGIN:
#0  my_maxof (a=1156, b=1156, c=1153, d=0) at smith_waterman.c:66
#1  0x00005555555550d7 in smith_waterman (x_num=15000, y_num=15000, str_x=0x5555557586c0 "KFFOCVVLQQSSPWPPFVMMFJJYHHEHHFTPPPJRRFJVFFNNVZAAWZNEYMMIIEPJTLAKUUEDZTXXQMUUPWWLRJVVKXCSDNJOIUSSUUQQNPOOBKRRRGESSSGRRIVXFFFFAATUWJJHBYYJCKWWSIGAAOOSWPPVSCUCBBZZAAJBBJSTTWCEIIYFXZZVBRVQQTPTXGWWGDFOOZJX"..., str_y=0x55555575c170 "KKFOLCVLQQQSPOWPFUVMCFJMYHSEHFITPPJCRFNJVFBNVZEAWZNYEYMEIELPJTLAKUEDZTMXYQMUPQWLRJLVKXCSDNJOIUOSRUXQNJPOBBKRRGEISSGCRIWVXFJFCAZTUWJKHBYJCKCWSIGKAOOSWMPVSACUCBPZZAJJBJSETWCLEIYFXOZVBQRVQTPTXGSWGDFIOZOJ"..., fo=0x555555758260) at smith_waterman.c:98
#2  0x0000555555555e38 in main (argc=7, argv=0x7fffffffde98) at smith_waterman.c:298

61	
62	double my_maxof(double a, double b, double c, double d)
63	{
64	    double ans=a;
65	    if(ans<b) ans=b;
66	    if(ans<c) ans=c;
67	    if(ans<d) ans=d;
68	    return ans;
69	}
70	

Backtrace END
Memory content before bitflip:0xb50x030x000x000x000x000x000x00
Fault Model: Double bit-flip
base address to flip value: 0x7fffffffdd80
address max offset: 8
Memory content after  bitflip:0xb50x030x000x000x000x000x000x60
frame name: main
symbol name: t
symbol filename: smith_waterman.c
symbol line: 244
value: 6917529027641082805
value address: 0x7fffffffdd80
Type: The type is an integer type.
Type sizeof: 8

[INFO -- 2019-09-03 11:45:27]
Fault Injection Successful after 2.6269233226776123s
[INFO -- 2019-09-03 11:45:28]
event type: exit
[INFO -- 2019-09-03 11:45:28]
exit code: 0
