[INFO -- 2018-12-03 16:53:19]
Starting flip_value script
version: 1.1
[INFO -- 2018-12-03 16:53:19]
Initialization strings:
[INFO -- 2018-12-03 16:53:19]
(1) file /tmp/smith_waterman/smith_waterman
[INFO -- 2018-12-03 16:53:19]
(2) set args -x /tmp/smith_waterman/randInputX -y /tmp/smith_waterman/randInputY -o /tmp/smith_waterman/output -z /tmp/smith_waterman/detected.log
[INFO -- 2018-12-03 16:53:19]
initSignal:0
[INFO -- 2018-12-03 16:53:19]
endSignal:6
[INFO -- 2018-12-03 16:53:19]
faultModel:0
[INFO -- 2018-12-03 16:53:23]
Backtrace BEGIN:
#0  0x0000555555554d31 in my_maxof (a=-1, b=-2, c=-2, d=0) at smith_waterman.c:71
#1  0x00005555555551de in smith_waterman (x_num=15000, x_num2=15000, y_num=13050, y_num2=13050, str_x=0x5555557586c0 "XNUVJVIZVXWDDAYHRNVYRXUDIZTIPTHMJBHSYRRTRNYUPWBGMYEDVAJDZEOOYVAHYJBXDVSUKROAPRGBPNHMNQRNWHDUCGDDRHAUCUOOLEODXXEMMNABFSQCBUYEACJRLJONFCDTJUWGRCVFQVGXPXZRRYXTCGKNRACYDFROZPWSSRXKPEHGBJZUHWNJEZWXAAWFFPTH"..., str_y=0x55555575c170 "XNUJJVIVVWDDDYYHNNVRRXUIITTIPHHMJBSYYRTTRYYUPWBGYYDVVAJDZEOYYAAYJJBDVSUKKROPPRBBPNHNQQNNWHDCGGDDRAUCUOOLLEODXXMMMNABFSQCBUEECJJLJJNFCCDTUWWGCCVFQVGXPZZRYYXCCGNRAAYDDFROZPSSSXKPPEHBJZZHHWJEEWWXAWWFFTTH"...) at smith_waterman.c:136
#2  0x0000555555555e41 in execute (file_x_name=0x7fffffffe0b4 "/tmp/smith_waterman/randInputX", file_y_name=0x7fffffffe0d6 "/tmp/smith_waterman/randInputY") at smith_waterman.c:304
#3  0x000055555555605e in main (argc=9, argv=0x7fffffffdc88) at smith_waterman.c:350

66	}
67	
68	double my_maxof(double a, double b, double c, double d)
69	{
70	    double ans=a;
71	    if(ans<b) ans=b;
72	    if(ans<c) ans=c;
73	    if(ans<d) ans=d;
74	    return ans;
75	}

Backtrace END
Memory content before bitflip:0xff0xff0xff0xff
Fault Model: Single bit-flip
base address to flip value: 0x7fffffffdb64
address max offset: 4
Memory content after  bitflip:0xff0xbf0xff0xff
frame name: main
symbol name: opt
symbol filename: smith_waterman.c
symbol line: 313
value: -16385
value address: 0x7fffffffdb64
Type: The type is an integer type.
Type sizeof: 4

[INFO -- 2018-12-03 16:53:23]
Fault Injection Successful after 4.018059015274048s
[INFO -- 2018-12-03 16:53:25]
event type: exit
[INFO -- 2018-12-03 16:53:25]
exit code: 0
