[INFO -- 2019-09-03 11:45:16]
Starting flip_value script
version: 1.1
[INFO -- 2019-09-03 11:45:16]
Initialization strings:
[INFO -- 2019-09-03 11:45:16]
(1) file /tmp/smith_waterman/smith_waterman
[INFO -- 2019-09-03 11:45:16]
(2) set args -x /tmp/smith_waterman/randInputX -y /tmp/smith_waterman/randInputY -o /tmp/smith_waterman/output
[INFO -- 2019-09-03 11:45:16]
initSignal:0
[INFO -- 2019-09-03 11:45:16]
endSignal:6
[INFO -- 2019-09-03 11:45:16]
faultModel:2
[INFO -- 2019-09-03 11:45:19]
Backtrace BEGIN:
#0  0x0000555555555260 in smith_waterman (x_num=15000, y_num=15000, str_x=0x5555557586c0 "KFFOCVVLQQSSPWPPFVMMFJJYHHEHHFTPPPJRRFJVFFNNVZAAWZNEYMMIIEPJTLAKUUEDZTXXQMUUPWWLRJVVKXCSDNJOIUSSUUQQNPOOBKRRRGESSSGRRIVXFFFFAATUWJJHBYYJCKWWSIGAAOOSWPPVSCUCBBZZAAJBBJSTTWCEIIYFXZZVBRVQQTPTXGWWGDFOOZJX"..., str_y=0x55555575c170 "KKFOLCVLQQQSPOWPFUVMCFJMYHSEHFITPPJCRFNJVFBNVZEAWZNYEYMEIELPJTLAKUEDZTMXYQMUPQWLRJLVKXCSDNJOIUOSRUXQNJPOBBKRRGEISSGCRIWVXFJFCAZTUWJKHBYJCKCWSIGKAOOSWMPVSACUCBPZZAJJBJSETWCLEIYFXOZVBQRVQTPTXGSWGDFIOZOJ"..., fo=0x555555758260) at smith_waterman.c:126
#1  0x0000555555555e38 in main (argc=7, argv=0x7fffffffde98) at smith_waterman.c:298

121	            if(i==0 && j==0){
122	                maxValue = matrix[i][j];
123	                y = i;
124	                x = j;
125	            }
126	            if(maxValue < matrix[i][j]){
127	                maxValue = matrix[i][j];
128	                y = i;
129	                x = j;
130	            }

Backtrace END
Memory content before bitflip:0xaa0x2e0xa60xf70xff0x7f0x000x00
Fault Model: Random bit-flip
base address to flip value: 0x7fffffffdce8
address max offset: 8
Memory content after  bitflip:0x650x880x180xf90x7b0x600x810xc2
frame name: smith_waterman
symbol name: scoreDiag
symbol filename: smith_waterman.c
symbol line: 135
value: -2388261806865.0493
value address: 0x7fffffffdce8
Type: A floating point type.
Type sizeof: 8

[INFO -- 2019-09-03 11:45:19]
Fault Injection Successful after 3.1655619144439697s
[INFO -- 2019-09-03 11:45:19]
event type: exit
[INFO -- 2019-09-03 11:45:19]
exit code: 0
