[INFO -- 2018-12-05 06:30:10]
Starting flip_value script
version: 1.1
[INFO -- 2018-12-05 06:30:10]
Initialization strings:
[INFO -- 2018-12-05 06:30:10]
(1) file /tmp/smith_waterman/smith_waterman
[INFO -- 2018-12-05 06:30:10]
(2) set args -x /tmp/smith_waterman/randInputX -y /tmp/smith_waterman/randInputY -o /tmp/smith_waterman/output -z /tmp/smith_waterman/detected.log
[INFO -- 2018-12-05 06:30:10]
initSignal:0
[INFO -- 2018-12-05 06:30:10]
endSignal:6
[INFO -- 2018-12-05 06:30:10]
faultModel:0
[EXCEPTION -- 2018-12-05 06:30:11]
pythonException: invalid literal for int() with base 16: '0x5555557586c0 ...'
[INFO -- 2018-12-05 06:30:11]
Backtrace BEGIN:
#0  smith_waterman (x_num=13050, x_num2=13050, y_num=15000, y_num2=15000, str_x=0x5555557586c0 "YYMQVVLQFCCMQCGNMKPLLAEKKPWIIJJFXXXQVKHPPJMOOVVAFMUSOBVSSROAZZHHXYYSFFSJGGSEAPHBDDZSGQYYOFZQIIXPPXXJERUVZBACCHFFOJUGGTTVVUMCCMUJJFFAAZLLMMPPXJLSSFFAAAWFLLZZXSVYAAAAZJAYYBCMMZITTGGEDDKOOLLOOGPPGWHHHRUV"..., str_y=0x55555575b9d0 "WYMQKVLQDFCMQCGNMKPULAEBKPWQIGJFGXXQVKHYPJMHOUVAFMUSOBVYSROAZZHHXHYSRFSJQGSEAPHHBDZSGVQYOFZQGIXDPXXJERUVZMBACIHFOJXUGOTWVUMBCMHUJGFOAZLZLMZPXJVLSUFAKAWFULJZXSVIYAYAZJAMYBCVMZIGTNGEQDLKOWLNOGXPGWRHHRUF"...) at smith_waterman.c:138
#1  0x0000555555555e65 in execute (file_x_name=0x7fffffffe0b4 "/tmp/smith_waterman/randInputX", file_y_name=0x7fffffffe0d6 "/tmp/smith_waterman/randInputY") at smith_waterman.c:309
#2  0x0000555555556082 in main (argc=9, argv=0x7fffffffdc88) at smith_waterman.c:355

133	    double diff=0.0;
134	    double max_score=0.0;
135	    i2 = 1;
136	    for(i=1; i<x_num+1; i++){
137	        check_index(i, i2);
138	        for(j=1; j<y_num+1; j++){
139	            if(str_x[i-1]==str_y[j-1]){diff=match_score;}
140	            else{diff=mismatch_score;}
141	            matrix[i][j]=my_maxof(matrix[i-1][j-1]+diff, matrix[i-1][j]+gap_score, matrix[i][j-1]+gap_score,0);
142	            if(matrix[i][j]>max_score)

Backtrace END
Memory content before bitflip:0x790x230xa70xf7
Fault Model: Single bit-flip
base address to flip value: 0x7fffffffda28
address max offset: 4
Memory content after  bitflip:0x790x230xaf0xf7
frame name: smith_waterman
symbol name: stringSize
symbol filename: smith_waterman.c
symbol line: 282
value: -139517063
value address: 0x7fffffffda28
Type: The type is an integer type.
Type sizeof: 4

[INFO -- 2018-12-05 06:30:11]
Fault Injection Successful after 1.3773033618927002s
[INFO -- 2018-12-05 06:30:15]
event type: exit
[INFO -- 2018-12-05 06:30:15]
exit code: 0
