[INFO -- 2018-12-09 11:58:23]
Starting flip_value script
version: 1.1
[INFO -- 2018-12-09 11:58:23]
Initialization strings:
[INFO -- 2018-12-09 11:58:23]
(1) file /tmp/smith_waterman/smith_waterman
[INFO -- 2018-12-09 11:58:23]
(2) set args -x /tmp/smith_waterman/randInputX -y /tmp/smith_waterman/randInputY -o /tmp/smith_waterman/output -z /tmp/smith_waterman/detected.log
[INFO -- 2018-12-09 11:58:23]
initSignal:0
[INFO -- 2018-12-09 11:58:23]
endSignal:6
[INFO -- 2018-12-09 11:58:23]
faultModel:0
[INFO -- 2018-12-09 11:58:26]
Backtrace BEGIN:
#0  check_index (i=1082267648, j=0) at smith_waterman.c:150
#1  0x0000555555555367 in smith_waterman (x_num=15000, x_num2=15000, y_num=13800, y_num2=13800, str_x=0x5555557586c0 "IMTTSUDHNRKNEWSNEACUQCJXJYEJAAAIPWBHSEPGXZVCVNRBNVVGYHFJHJUHMXPBTSILZZTWZOAWBSYRNVZNEEXMPRTBOLEHDPVEOOBNDBMGTKXHHWWMCTYSNTVBGALMPIQFWRTBVHIQRHZYGWMIPMCCGYGOATARDRWBKRDFYNWRWVSCTENJRRNZRVNTQOKTHJVRCYZD"..., str_y=0x55555575c170 "IMTSUDDNRRNNEWNNEACUQJXXYYJJAAAPPBHSEPGGXVVCVRRBNVGYYFJJHUHMMXBBTSIZZZWZOAWWSSRRNVNEEEXMPRTOLEHHDPVOOOBDDBMGKXHHWWMCTTYSNVVGAALMIQFWWRBVHHIRRHZYGWMIPCCCYYOOTTRDRWBBKDDFYNWWVSSTENJJRNZRRNNTOKTTHVRCYZZD"...) at smith_waterman.c:201
#2  0x0000555555556178 in execute (file_x_name=0x7fffffffe065 "/tmp/smith_waterman/randInputX", file_y_name=0x7fffffffe087 "/tmp/smith_waterman/randInputY") at smith_waterman.c:379
#3  0x0000555555556393 in main (argc=9, argv=0x7fffffffdc38) at smith_waterman.c:425

145	        return match_score;
146	    else
147	        return mismatch_score;
148	}
149	
150	void check_index(int i, int j){
151	    if(i != j){
152	        sdc_exit();
153	    }
154	}

Backtrace END
Fliping a bit of the pointer
Memory content before bitflip:0xfe0x220xa60xf70xff0x7f0x000x00
Fault Model: Single bit-flip
base address to flip value: 0x7fffffffda88
address max offset: 8
Memory content after  bitflip:0xfe0x200xa60xf70xff0x7f0x000x00
frame name: smith_waterman
symbol name: answer
symbol filename: smith_waterman.c
symbol line: 355
value: 0x7ffff7a622fe <_IO_new_fclose+174> "\211\350[]A\\\303\017\037"
value address: 0x7fffffffda88
Type: The type is a pointer.
Type sizeof: 8

[INFO -- 2018-12-09 11:58:26]
Fault Injection Successful after 3.7358524799346924s
[INFO -- 2018-12-09 11:58:31]
event type: exit
[INFO -- 2018-12-09 11:58:31]
exit code: 0
