[INFO -- 2018-12-05 19:01:08]
Starting flip_value script
version: 1.1
[INFO -- 2018-12-05 19:01:08]
Initialization strings:
[INFO -- 2018-12-05 19:01:08]
(1) file /tmp/smith_waterman/smith_waterman
[INFO -- 2018-12-05 19:01:08]
(2) set args -x /tmp/smith_waterman/randInputX -y /tmp/smith_waterman/randInputY -o /tmp/smith_waterman/output -z /tmp/smith_waterman/detected.log
[INFO -- 2018-12-05 19:01:08]
initSignal:0
[INFO -- 2018-12-05 19:01:08]
endSignal:6
[INFO -- 2018-12-05 19:01:08]
faultModel:1
[INFO -- 2018-12-05 19:01:09]
Backtrace BEGIN:
#0  0x00005555555550f8 in smith_waterman (x_num=15000, x_num2=15000, y_num=12000, y_num2=12000, str_x=0x5555557586c0 "CVUOAGGETRADLDNAMNINZBWZQWUTOLKTGGJINPOIIQLUTYWFOESNHPOYNITETDXBLILAYZJIPUCJVAQJFJWOAKMNTHROMQSYZDYXFHFUEKFZKWKRFGGHSUUNCOEOEWMDBLCGUKDYUIZGGJYNRGUKAPZEDDTHBHNFUPLRZOPVZREFAETUKNGMEFTHLOROVGTSVFJXVAUW"..., str_y=0x55555575c170 "VVUOAGEETAALDDAMMNNZBBZQQWTTOKKGGGJNPOIIQLUTTWFFESNNHOYNIIEETXBLILLYYZJIUUCVAAQJJWWAAMNTTHRMQSYYDDXFFFUEKFFKWWRFGGHHSUUNOOOEWMMBBCGUUDYYIZGGJYYRGUKAPZZEDTHBHHFFPLRROPPZREFAATUUNGMMFTHLOROOVTTVFJJVVUWR"...) at smith_waterman.c:139
#1  0x0000555555555e65 in execute (file_x_name=0x7fffffffe0b4 "/tmp/smith_waterman/randInputX", file_y_name=0x7fffffffe0d6 "/tmp/smith_waterman/randInputY") at smith_waterman.c:309
#2  0x0000555555556082 in main (argc=9, argv=0x7fffffffdc88) at smith_waterman.c:355

134	    double max_score=0.0;
135	    i2 = 1;
136	    for(i=1; i<x_num+1; i++){
137	        check_index(i, i2);
138	        for(j=1; j<y_num+1; j++){
139	            if(str_x[i-1]==str_y[j-1]){diff=match_score;}
140	            else{diff=mismatch_score;}
141	            matrix[i][j]=my_maxof(matrix[i-1][j-1]+diff, matrix[i-1][j]+gap_score, matrix[i][j-1]+gap_score,0);
142	            if(matrix[i][j]>max_score)
143	                max_score=matrix[i][j];

Backtrace END
Fliping a bit of the value pointed by a pointer
Memory content before bitflip:0x2f
Fault Model: Double bit-flip
base address to flip value: 0x7fffffffe0b4 
address max offset: 1
Memory content after  bitflip:0x0e
frame name: execute
symbol name: file_x_name
symbol filename: smith_waterman.c
symbol line: 295
value: 0x7fffffffe0b4 "\016tmp/smith_waterman/randInputX"
value address: 0x7fffffffdaf8
Type: The type is a pointer.
Type sizeof: 8

[INFO -- 2018-12-05 19:01:09]
Fault Injection Successful after 1.821692943572998s
[INFO -- 2018-12-05 19:01:13]
event type: exit
[INFO -- 2018-12-05 19:01:13]
exit code: 0
