[INFO -- 2018-12-09 14:09:09]
Starting flip_value script
version: 1.1
[INFO -- 2018-12-09 14:09:09]
Initialization strings:
[INFO -- 2018-12-09 14:09:09]
(1) file /tmp/smith_waterman/smith_waterman
[INFO -- 2018-12-09 14:09:09]
(2) set args -x /tmp/smith_waterman/randInputX -y /tmp/smith_waterman/randInputY -o /tmp/smith_waterman/output -z /tmp/smith_waterman/detected.log
[INFO -- 2018-12-09 14:09:09]
initSignal:0
[INFO -- 2018-12-09 14:09:09]
endSignal:6
[INFO -- 2018-12-09 14:09:09]
faultModel:1
[INFO -- 2018-12-09 14:09:10]
Backtrace BEGIN:
#0  0x000055555555504f in check_index (i=0, j=0) at smith_waterman.c:150
#1  0x0000555555555367 in smith_waterman (x_num=14100, x_num2=14100, y_num=15000, y_num2=15000, str_x=0x5555557586c0 "FFQQMUJJLGUXXFINNXXEEAYUUMHHXZTTPPJXFHRNNDKPCSSNNTTTNURFFFQCSVTHGGRLLYCDZZTEEYRRTMHHNDQIJVVBSSIZZEMEENNZZCCEECWXIIGNZZXIIZJJTTTFPHHJWTTVVWZZSSUCHFRGGOQIIZZCGVWMMZZCBUUZQQQLLKKPHRHZZGJJHNNCCKORRYRTTSSJ"..., str_y=0x55555575bde0 "TFOQLMUJLGUEXMFINKXOEWAYUJMHXCZTKPJXDFHRNDVKPCSFNPTTNURHFFQCHSVTHGRLLYCADZKTECYRTRMHNDQSIJVRBSLIZEVMEZNHZZCFECWXWIGJNZCXIZOJTBTSFPHJQWTPVVWZYSZUCHFRGHOQIFZCGVWOMFZCBSUZQQYQLZKPHRHPZVGJAHNJCKZORYRTTLSJ"...) at smith_waterman.c:201
#2  0x0000555555556178 in execute (file_x_name=0x7fffffffe065 "/tmp/smith_waterman/randInputX", file_y_name=0x7fffffffe087 "/tmp/smith_waterman/randInputY") at smith_waterman.c:379
#3  0x0000555555556393 in main (argc=9, argv=0x7fffffffdc38) at smith_waterman.c:425

145	        return match_score;
146	    else
147	        return mismatch_score;
148	}
149	
150	void check_index(int i, int j){
151	    if(i != j){
152	        sdc_exit();
153	    }
154	}

Backtrace END
Fliping a bit of the pointer
Memory content before bitflip:0x870xe00xff0xff0xff0x7f0x000x00
Fault Model: Double bit-flip
base address to flip value: 0x7fffffffdab0
address max offset: 8
Memory content after  bitflip:0xa60xe00xff0xff0xff0x7f0x000x00
frame name: execute
symbol name: file_y_name
symbol filename: smith_waterman.c
symbol line: 365
value: 0x7fffffffe087 "/tmp/smith_waterman/randInputY"
value address: 0x7fffffffdab0
Type: The type is a pointer.
Type sizeof: 8

[INFO -- 2018-12-09 14:09:10]
Fault Injection Successful after 1.6484711170196533s
[INFO -- 2018-12-09 14:09:16]
event type: exit
[INFO -- 2018-12-09 14:09:16]
exit code: 0
