[INFO -- 2018-12-04 02:26:53]
Starting flip_value script
version: 1.1
[INFO -- 2018-12-04 02:26:53]
Initialization strings:
[INFO -- 2018-12-04 02:26:53]
(1) file /tmp/smith_waterman/smith_waterman
[INFO -- 2018-12-04 02:26:53]
(2) set args -x /tmp/smith_waterman/randInputX -y /tmp/smith_waterman/randInputY -o /tmp/smith_waterman/output -z /tmp/smith_waterman/detected.log
[INFO -- 2018-12-04 02:26:53]
initSignal:0
[INFO -- 2018-12-04 02:26:53]
endSignal:6
[INFO -- 2018-12-04 02:26:53]
faultModel:0
[INFO -- 2018-12-04 02:26:56]
Backtrace BEGIN:
#0  my_maxof (a=3937, b=3937, c=3934, d=0) at smith_waterman.c:74
#1  0x0000555555555202 in smith_waterman (x_num=14700, x_num2=14700, y_num=15000, y_num2=15000, str_x=0x5555557586c0 "NBBYQVYKKFOOZZTXXXLQRUUNUKCKOWDDCXSSAAYGXXVGQQKOOOFFIUUSVXDJJBONBPVVRGYYDEECPRFFNQNLHDDWIIRKTTFLKNCTTCXLJBDDDINTTVASFFLLVDDQKKBBVVFQIPPVQQYSTJFEHHHJNYDDVDDOMPLLNWVVFTYYLQQCYYHFFDSDRRBBVCPSSGUEEFFRRYHC"..., str_y=0x55555575c040 "NQBYQVYEKFYOZZTCXXLQRAUNUKCKOKWDCXBSUAYGHXVGYQKWOWOFWIUSVXDJJBONBPGVRGCYDZECPRAFNQNLZHDWGIFRKTFLKNICTMCXLJBDADINTVASFFOLOVDAQKNBXVFQIHPVQQYSTJFNEHHJNYXDVCDOMQPLNWBVFTTYLRQFCYUHFDSUDRXBVCPJSGUIEYFJRYHC"...) at smith_waterman.c:141
#2  0x0000555555555e65 in execute (file_x_name=0x7fffffffe0b4 "/tmp/smith_waterman/randInputX", file_y_name=0x7fffffffe0d6 "/tmp/smith_waterman/randInputY") at smith_waterman.c:309
#3  0x0000555555556082 in main (argc=9, argv=0x7fffffffdc88) at smith_waterman.c:355

69	{
70	    double ans=a;
71	    if(ans<b) ans=b;
72	    if(ans<c) ans=c;
73	    if(ans<d) ans=d;
74	    return ans;
75	}
76	
77	double matchMisScore(long i, long j, char* str_y, char* str_x)
78	{

Backtrace END
Fliping a bit of the value pointed by a pointer
Fliping a bit of the value pointed by a pointer
Memory content before bitflip:0x2f
Fault Model: Single bit-flip
base address to flip value: 0x7fffffffe08e 
address max offset: 1
Memory content after  bitflip:0x2b
frame name: main
symbol name: argv
symbol filename: smith_waterman.c
symbol line: 316
value: 0x7fffffffdc88
value address: 0x7fffffffdb50
Type: The type is a pointer.
Type sizeof: 8

[INFO -- 2018-12-04 02:26:56]
Fault Injection Successful after 3.967895984649658s
[INFO -- 2018-12-04 02:26:59]
event type: exit
[INFO -- 2018-12-04 02:26:59]
exit code: 0
