[INFO -- 2018-12-04 09:58:29]
Starting flip_value script
version: 1.1
[INFO -- 2018-12-04 09:58:29]
Initialization strings:
[INFO -- 2018-12-04 09:58:29]
(1) file /tmp/smith_waterman/smith_waterman
[INFO -- 2018-12-04 09:58:29]
(2) set args -x /tmp/smith_waterman/randInputX -y /tmp/smith_waterman/randInputY -o /tmp/smith_waterman/output -z /tmp/smith_waterman/detected.log
[INFO -- 2018-12-04 09:58:29]
initSignal:0
[INFO -- 2018-12-04 09:58:29]
endSignal:6
[INFO -- 2018-12-04 09:58:29]
faultModel:2
[INFO -- 2018-12-04 09:58:29]
Backtrace BEGIN:
#0  dl_main (phdr=<optimized out>, phnum=<optimized out>, user_entry=<optimized out>, auxv=<optimized out>) at rtld.c:2289
#1  0x00007ffff7defdd0 in _dl_sysdep_start (start_argptr=start_argptr@entry=0x7fffffffdc80, dl_main=dl_main@entry=0x7ffff7dd7660 <dl_main>) at ../elf/dl-sysdep.c:253
#2  0x00007ffff7dd7128 in _dl_start_final (arg=0x7fffffffdc80) at rtld.c:414
#3  _dl_start (arg=0x7fffffffdc80) at rtld.c:521
#4  0x00007ffff7dd6098 in _start () from /lib64/ld-linux-x86-64.so.2
#5  0x0000000000000009 in ?? ()
#6  0x00007fffffffe08e in ?? ()
#7  0x00007fffffffe0b1 in ?? ()
#8  0x00007fffffffe0b4 in ?? ()
#9  0x00007fffffffe0d3 in ?? ()
#10 0x00007fffffffe0d6 in ?? ()
#11 0x00007fffffffe0f5 in ?? ()
#12 0x00007fffffffe0f8 in ?? ()
#13 0x00007fffffffe113 in ?? ()
#14 0x00007fffffffe116 in ?? ()
#15 0x0000000000000000 in ?? ()

2284	rtld.c: No such file or directory.

Backtrace END
Fliping array at pos: 8
Memory content before bitflip:0x73
Fault Model: Random bit-flip
base address to flip value: 0x7ffff7df8dd8  
address max offset: 1
Memory content after  bitflip:0xde
frame name: dl_main
symbol name: preload_file
symbol filename: rtld.c
symbol line: 1630
value: "/etc/ld.\336o.preload"
value address: 0x7ffff7df8dd0 <preload_file>
Type: The type is an array.
Type sizeof: 19
Field name: None
Field Type: A range type, that is, an integer type with bounds.
Field Type sizeof: 8
Field Type range: (0, 18)

[INFO -- 2018-12-04 09:58:29]
Fault Injection Successful after 0.3369908332824707s
[INFO -- 2018-12-04 09:58:34]
event type: exit
[INFO -- 2018-12-04 09:58:34]
exit code: 0
