[INFO -- 2018-12-04 14:42:55]
Starting flip_value script
version: 1.1
[INFO -- 2018-12-04 14:42:55]
Initialization strings:
[INFO -- 2018-12-04 14:42:55]
(1) file /tmp/smith_waterman/smith_waterman
[INFO -- 2018-12-04 14:42:55]
(2) set args -x /tmp/smith_waterman/randInputX -y /tmp/smith_waterman/randInputY -o /tmp/smith_waterman/output -z /tmp/smith_waterman/detected.log
[INFO -- 2018-12-04 14:42:55]
initSignal:0
[INFO -- 2018-12-04 14:42:55]
endSignal:6
[INFO -- 2018-12-04 14:42:55]
faultModel:1
[INFO -- 2018-12-04 14:42:56]
Backtrace BEGIN:
#0  0x0000555555554d49 in my_maxof (a=949, b=946, c=951, d=0) at smith_waterman.c:72
#1  0x0000555555555202 in smith_waterman (x_num=15000, x_num2=15000, y_num=11400, y_num2=11400, str_x=0x5555557586c0 "GCLUZAABTRHGXUXOYOVEZWACAGILWCEEEPZFRBGMSOTPKQFKEAOFZRJZXSMVUQCAHBFZENNYBGNNYUYEXOMWFVXFPJALCCLJFQKJGYJHGWXHTXLQLXORTLWKWYWADHKKAWWGUFPDEOKXLXNXVDQQQOAMMWNRGZCIVYOSDFXHUHGFGTEBWWTOKUBZSQSARUIMUYGAEDHY"..., str_y=0x55555575c170 "CLLZAABBTRGXUUOYOOEZWACAGGLWWEEEEZFRBBGSOTPPKQKEEOFZZJZXSSMVQCAHBFZENNYBBGNYYUEXOMWFFXXPJAACCLJFQQJGYJJGWXXTXLQLXOOTTWWWYWWDDKKKWWGUFFDDOOKXLNXVVQQQOAAMWNRGZZIVYOODFFXUUGFGTEBWWTOKUBZSSSARRUMUUGAEDDYM"...) at smith_waterman.c:141
#2  0x0000555555555e65 in execute (file_x_name=0x7fffffffe0b4 "/tmp/smith_waterman/randInputX", file_y_name=0x7fffffffe0d6 "/tmp/smith_waterman/randInputY") at smith_waterman.c:309
#3  0x0000555555556082 in main (argc=9, argv=0x7fffffffdc88) at smith_waterman.c:355

67	
68	double my_maxof(double a, double b, double c, double d)
69	{
70	    double ans=a;
71	    if(ans<b) ans=b;
72	    if(ans<c) ans=c;
73	    if(ans<d) ans=d;
74	    return ans;
75	}
76	

Backtrace END
Memory content before bitflip:0x000x000x000x000x000xa80x8d0x40
Fault Model: Double bit-flip
base address to flip value: 0x7fffffffd9c8
address max offset: 8
Memory content after  bitflip:0x000x000x000x120x000xa80x8d0x40
frame name: my_maxof
symbol name: a
symbol filename: smith_waterman.c
symbol line: 68
value: 949.00003433227539
value address: 0x7fffffffd9c8
Type: A floating point type.
Type sizeof: 8

[INFO -- 2018-12-04 14:42:56]
Fault Injection Successful after 1.8558800220489502s
[INFO -- 2018-12-04 14:43:00]
event type: exit
[INFO -- 2018-12-04 14:43:00]
exit code: 0
