[INFO -- 2018-12-04 06:03:54]
Starting flip_value script
version: 1.1
[INFO -- 2018-12-04 06:03:54]
Initialization strings:
[INFO -- 2018-12-04 06:03:54]
(1) file /tmp/smith_waterman/smith_waterman
[INFO -- 2018-12-04 06:03:54]
(2) set args -x /tmp/smith_waterman/randInputX -y /tmp/smith_waterman/randInputY -o /tmp/smith_waterman/output -z /tmp/smith_waterman/detected.log
[INFO -- 2018-12-04 06:03:54]
initSignal:0
[INFO -- 2018-12-04 06:03:54]
endSignal:6
[INFO -- 2018-12-04 06:03:54]
faultModel:2
[INFO -- 2018-12-04 06:03:55]
Backtrace BEGIN:
#0  0x0000555555554d42 in my_maxof (a=130, b=130, c=127, d=0) at smith_waterman.c:72
#1  0x0000555555555202 in smith_waterman (x_num=15000, x_num2=15000, y_num=13500, y_num2=13500, str_x=0x5555557586c0 "JCOFPGMOTIQIYQOQDJZQVKFGTMLCPIPZMGEBMTRHDJPDAEUDNTWKFBRYNCAFMSEAAKDMDWUGFLKHPGLEBJRHMIHZMKGACKAEXFQCBMJGYVQPDDWEMNLYVVZHFGJJSLNPQDSTQDBQARFFUBJGOXGLSGUZODIGOVYEASZSXBIXSQCNRNVIMCTEKODYRNGGIEMLYMDVPOSH"..., str_y=0x55555575c170 "JCOPPGOTTIQIQQOQJJQVKKFGTMLPPIPZGGBBTRRHDJDDAUDDNTWKFRYNNCAMSSEAAKDMDUUGLLHHPGLEBRRHMHZZMGGACAEEXFQCMJGYVVQPDDEMMLYVVVZHFJJSLNNPDDSQQDBQARFFUBJGXGLLSGZOODGGOVYEASZSBBIXSCCNNVVMCTTEKODYNNGGIELYMMVPOSSH"...) at smith_waterman.c:141
#2  0x0000555555555e65 in execute (file_x_name=0x7fffffffe0b4 "/tmp/smith_waterman/randInputX", file_y_name=0x7fffffffe0d6 "/tmp/smith_waterman/randInputY") at smith_waterman.c:309
#3  0x0000555555556082 in main (argc=9, argv=0x7fffffffdc88) at smith_waterman.c:355

67	
68	double my_maxof(double a, double b, double c, double d)
69	{
70	    double ans=a;
71	    if(ans<b) ans=b;
72	    if(ans<c) ans=c;
73	    if(ans<d) ans=d;
74	    return ans;
75	}
76	

Backtrace END
Memory content before bitflip:0x000x000x000x000x000x000xf00xbf
Fault Model: Random bit-flip
base address to flip value: 0x555555757028 
address max offset: 8
Memory content after  bitflip:0xd50x1b0xb10xec0x170x610xc00xa6
frame name: execute
symbol name: mismatch_score2
symbol filename: smith_waterman.c
symbol line: 10
value: -4.9554870036361606e-122
value address: 0x555555757028 <mismatch_score2>
Type: A floating point type.
Type sizeof: 8

[INFO -- 2018-12-04 06:03:55]
Fault Injection Successful after 1.8464000225067139s
[INFO -- 2018-12-04 06:04:00]
event type: exit
[INFO -- 2018-12-04 06:04:00]
exit code: 0
