[INFO -- 2018-12-05 15:05:54]
sending 5 signals using command: 'killall -2 smith_waterman' after 5.27881654094s
[INFO -- 2018-12-05 15:05:54]
sending 5 signals using command: 'killall -2 smith_waterman' after 5.50069453556s
[INFO -- 2018-12-05 15:05:54]
sending 5 signals using command: 'killall -2 smith_waterman' after 5.60453068396s
[INFO -- 2018-12-05 15:05:54]
Starting GDB script
[INFO -- 2018-12-05 15:05:54]
initSignal:0.0
[INFO -- 2018-12-05 15:05:54]
endSignal:6.0
[INFO -- 2018-12-05 15:05:58]
sending 5 signals using command: 'killall -2 smith_waterman' after 3.42830788862s
[INFO -- 2018-12-05 15:05:59]
sending 5 signals using command: 'killall -2 smith_waterman' after 4.95961051087s
[INFO -- 2018-12-05 15:05:59]
Execution finished before waitTime
[INFO -- 2018-12-05 15:05:59]
sending 5 signals using command: 'killall -2 smith_waterman' after 5.0828621393s
