[INFO -- 2018-12-05 21:54:46]
Starting flip_value script
version: 1.1
[INFO -- 2018-12-05 21:54:46]
Initialization strings:
[INFO -- 2018-12-05 21:54:46]
(1) file /tmp/smith_waterman/smith_waterman
[INFO -- 2018-12-05 21:54:46]
(2) set args -x /tmp/smith_waterman/randInputX -y /tmp/smith_waterman/randInputY -o /tmp/smith_waterman/output -z /tmp/smith_waterman/detected.log
[INFO -- 2018-12-05 21:54:46]
initSignal:0
[INFO -- 2018-12-05 21:54:46]
endSignal:6
[INFO -- 2018-12-05 21:54:46]
faultModel:1
[INFO -- 2018-12-05 21:54:50]
Backtrace BEGIN:
#0  __strlen_sse2 () at ../sysdeps/x86_64/multiarch/../strlen.S:240
#1  0x00007ffff7a414d3 in _IO_vfprintf_internal (s=s@entry=0x7fffffffd7a0, format=format@entry=0x55555555627c "%c%s", ap=ap@entry=0x7fffffffd910) at vfprintf.c:1643
#2  0x00007ffff7a6c910 in _IO_vsnprintf (string=0x555555795a30 "B\374\334\367\377\177", maxlen=<optimized out>, format=0x55555555627c "%c%s", args=args@entry=0x7fffffffd910) at vsnprintf.c:114
#3  0x00007ffff7a48fdf in __GI___snprintf (s=<optimized out>, maxlen=<optimized out>, format=<optimized out>) at snprintf.c:33
#4  0x00005555555556b5 in smith_waterman (x_num=15000, x_num2=15000, y_num=10200, y_num2=10200, str_x=0x5555557586c0 "UYSBZEDUESXVUGLTTBIEPRWRMJYXPXLJVDNXIQTOIQJFYXARAIWPBUHNDFMSCYEADRZNJSBUINBIMBZMMXBNSKDVSPQWNUWTNVGWPKQZZTHLVHXJGAYYNBWFRMBGIABVXITNSMMTFWECFDLLFMKSNIZGWDPEDQBCYURSGGLMCRQHUESAQEUDMWKIZBOERPGQMAKSGYGI"..., str_y=0x55555575c170 "UYSBZEDUESVUGGLTBBIPPWWRJJYPXLJVVDXIITTIQQJYYAARAIWBBUHNDFMSCYEARZNNJSBUNBBIMBMMXBNSKDDVSQWNNWTNNVWPKKZZZTHLVHJJAAYNBBWFRBGIIAVXITNSSMTFFWCFFLLLMMSSNIGWWDPDDQCYYURGGLLCCQHUUESAEEUMWKIIBBEERGQMAKKSGYGI"...) at smith_waterman.c:204
#5  0x0000555555555e65 in execute (file_x_name=0x7fffffffe0b4 "/tmp/smith_waterman/randInputX", file_y_name=0x7fffffffe0d6 "/tmp/smith_waterman/randInputY") at smith_waterman.c:309
#6  0x0000555555556082 in main (argc=9, argv=0x7fffffffdc88) at smith_waterman.c:355

235	../sysdeps/x86_64/multiarch/../strlen.S: No such file or directory.

Backtrace END
Fliping array at pos: 0
Fliping value of field: fp_offset
Memory content before bitflip:0x300x000x000x00
Fault Model: Double bit-flip
base address to flip value: 0x7fffffffd914
address max offset: 4
Memory content after  bitflip:0x300x000x210x00
frame name: __GI___snprintf
symbol name: arg
symbol filename: snprintf.c
symbol line: 29
value: {{gp_offset = 40, fp_offset = 2162736, overflow_arg_area = 0x7fffffffd9f0, reg_save_area = 0x7fffffffd930}}
value address: 0x7fffffffd910
Type: The type is an array.
Type sizeof: 24

[INFO -- 2018-12-05 21:54:50]
Fault Injection Successful after 4.886126518249512s
[INFO -- 2018-12-05 21:54:50]
event type: exit
[INFO -- 2018-12-05 21:54:50]
exit code: 0
