[INFO -- 2019-09-03 11:45:10]
Starting flip_value script
version: 1.1
[INFO -- 2019-09-03 11:45:10]
Initialization strings:
[INFO -- 2019-09-03 11:45:10]
(1) file /tmp/smith_waterman/smith_waterman
[INFO -- 2019-09-03 11:45:10]
(2) set args -x /tmp/smith_waterman/randInputX -y /tmp/smith_waterman/randInputY -o /tmp/smith_waterman/output
[INFO -- 2019-09-03 11:45:10]
initSignal:0
[INFO -- 2019-09-03 11:45:10]
endSignal:6
[INFO -- 2019-09-03 11:45:10]
faultModel:1
[INFO -- 2019-09-03 11:45:10]
Backtrace BEGIN:
#0  my_maxof (a=-1, b=-1, c=-2, d=0) at smith_waterman.c:63
#1  0x00005555555550d7 in smith_waterman (x_num=15000, y_num=15000, str_x=0x5555557586c0 "KFFOCVVLQQSSPWPPFVMMFJJYHHEHHFTPPPJRRFJVFFNNVZAAWZNEYMMIIEPJTLAKUUEDZTXXQMUUPWWLRJVVKXCSDNJOIUSSUUQQNPOOBKRRRGESSSGRRIVXFFFFAATUWJJHBYYJCKWWSIGAAOOSWPPVSCUCBBZZAAJBBJSTTWCEIIYFXZZVBRVQQTPTXGWWGDFOOZJX"..., str_y=0x55555575c170 "KKFOLCVLQQQSPOWPFUVMCFJMYHSEHFITPPJCRFNJVFBNVZEAWZNYEYMEIELPJTLAKUEDZTMXYQMUPQWLRJLVKXCSDNJOIUOSRUXQNJPOBBKRRGEISSGCRIWVXFJFCAZTUWJKHBYJCKCWSIGKAOOSWMPVSACUCBPZZAJJBJSETWCLEIYFXOZVBQRVQTPTXGSWGDFIOZOJ"..., fo=0x555555758260) at smith_waterman.c:98
#2  0x0000555555555e38 in main (argc=7, argv=0x7fffffffde98) at smith_waterman.c:298

58	        exit(0);
59	    }
60	}
61	
62	double my_maxof(double a, double b, double c, double d)
63	{
64	    double ans=a;
65	    if(ans<b) ans=b;
66	    if(ans<c) ans=c;
67	    if(ans<d) ans=d;

Backtrace END
Memory content before bitflip:0x000x000x000x000x000x000xf00xbf
Fault Model: Double bit-flip
base address to flip value: 0x7fffffffdc10
address max offset: 8
Memory content after  bitflip:0x000x000x000x050x000x000xf00xbf
frame name: my_maxof
symbol name: b
symbol filename: smith_waterman.c
symbol line: 62
value: -1.0000000186264515
value address: 0x7fffffffdc10
Type: A floating point type.
Type sizeof: 8

[INFO -- 2019-09-03 11:45:10]
Fault Injection Successful after 0.9372425079345703s
[INFO -- 2019-09-03 11:45:13]
event type: exit
[INFO -- 2019-09-03 11:45:13]
exit code: 0
