[INFO -- 2018-12-05 16:32:41]
Starting flip_value script
version: 1.1
[INFO -- 2018-12-05 16:32:41]
Initialization strings:
[INFO -- 2018-12-05 16:32:41]
(1) file /tmp/smith_waterman/smith_waterman
[INFO -- 2018-12-05 16:32:41]
(2) set args -x /tmp/smith_waterman/randInputX -y /tmp/smith_waterman/randInputY -o /tmp/smith_waterman/output -z /tmp/smith_waterman/detected.log
[INFO -- 2018-12-05 16:32:41]
initSignal:0
[INFO -- 2018-12-05 16:32:41]
endSignal:6
[INFO -- 2018-12-05 16:32:41]
faultModel:1
[INFO -- 2018-12-05 16:32:42]
Backtrace BEGIN:
#0  0x0000555555555045 in smith_waterman (x_num=15000, x_num2=15000, y_num=12000, y_num2=12000, str_x=0x5555557586c0 "CVUOAGGETRADLDNAMNINZBWZQWUTOLKTGGJINPOIIQLUTYWFOESNHPOYNITETDXBLILAYZJIPUCJVAQJFJWOAKMNTHROMQSYZDYXFHFUEKFZKWKRFGGHSUUNCOEOEWMDBLCGUKDYUIZGGJYNRGUKAPZEDDTHBHNFUPLRZOPVZREFAETUKNGMEFTHLOROVGTSVFJXVAUW"..., str_y=0x55555575c170 "VVUOAGEETAALDDAMMNNZBBZQQWTTOKKGGGJNPOIIQLUTTWFFESNNHOYNIIEETXBLILLYYZJIUUCVAAQJJWWAAMNTTHRMQSYYDDXFFFUEKFFKWWRFGGHHSUUNOOOEWMMBBCGUUDYYIZGGJYYRGUKAPZZEDTHBHHFFPLRROPPZREFAATUUNGMMFTHLOROOVTTVFJJVVUWR"...) at smith_waterman.c:126
#1  0x0000555555555e65 in execute (file_x_name=0x7fffffffe0b4 "/tmp/smith_waterman/randInputX", file_y_name=0x7fffffffe0d6 "/tmp/smith_waterman/randInputY") at smith_waterman.c:309
#2  0x0000555555556082 in main (argc=9, argv=0x7fffffffdc88) at smith_waterman.c:355

121	        matrix[i][0]=0.0;
122	        i2++;
123	    }
124	    check_index(i, i2);
125	    i2 = 0;
126	    for(i=0; i<y_num+1; i++){
127	        check_index(i, i2);
128	        matrix[0][i]=0.0;
129	        i2++;
130	    }

Backtrace END
Memory content before bitflip:0x000x000x000x000x000x000x000xc0
Fault Model: Double bit-flip
base address to flip value: 0x555555757030 
address max offset: 8
Memory content after  bitflip:0x000x000x000x000x000x820x000xc0
frame name: smith_waterman
symbol name: gap_score
symbol filename: smith_waterman.c
symbol line: 11
value: -2.0634765625
value address: 0x555555757030 <gap_score>
Type: A floating point type.
Type sizeof: 8

[INFO -- 2018-12-05 16:32:42]
Fault Injection Successful after 1.1905450820922852s
[INFO -- 2018-12-05 16:32:47]
event type: exit
[INFO -- 2018-12-05 16:32:47]
exit code: 0
