[INFO -- 2018-12-03 16:58:04]
Starting flip_value script
version: 1.1
[INFO -- 2018-12-03 16:58:04]
Initialization strings:
[INFO -- 2018-12-03 16:58:04]
(1) file /tmp/smith_waterman/smith_waterman
[INFO -- 2018-12-03 16:58:04]
(2) set args -x /tmp/smith_waterman/randInputX -y /tmp/smith_waterman/randInputY -o /tmp/smith_waterman/output -z /tmp/smith_waterman/detected.log
[INFO -- 2018-12-03 16:58:04]
initSignal:0
[INFO -- 2018-12-03 16:58:04]
endSignal:6
[INFO -- 2018-12-03 16:58:04]
faultModel:2
[EXCEPTION -- 2018-12-03 16:58:04]
pythonException: invalid literal for int() with base 16: '0x5555557586c0 ...'
[INFO -- 2018-12-03 16:58:04]
Backtrace BEGIN:
#0  0x0000555555554d47 in my_maxof (a=101, b=103, c=98, d=0) at smith_waterman.c:72
#1  0x00005555555551de in smith_waterman (x_num=15000, x_num2=15000, y_num=13050, y_num2=13050, str_x=0x5555557586c0 "XNUVJVIZVXWDDAYHRNVYRXUDIZTIPTHMJBHSYRRTRNYUPWBGMYEDVAJDZEOOYVAHYJBXDVSUKROAPRGBPNHMNQRNWHDUCGDDRHAUCUOOLEODXXEMMNABFSQCBUYEACJRLJONFCDTJUWGRCVFQVGXPXZRRYXTCGKNRACYDFROZPWSSRXKPEHGBJZUHWNJEZWXAAWFFPTH"..., str_y=0x55555575c170 "XNUJJVIVVWDDDYYHNNVRRXUIITTIPHHMJBSYYRTTRYYUPWBGYYDVVAJDZEOYYAAYJJBDVSUKKROPPRBBPNHNQQNNWHDCGGDDRAUCUOOLLEODXXMMMNABFSQCBUEECJJLJJNFCCDTUWWGCCVFQVGXPZZRYYXCCGNRAAYDDFROZPSSSXKPPEHBJZZHHWJEEWWXAWWFFTTH"...) at smith_waterman.c:136
#2  0x0000555555555e41 in execute (file_x_name=0x7fffffffe0b4 "/tmp/smith_waterman/randInputX", file_y_name=0x7fffffffe0d6 "/tmp/smith_waterman/randInputY") at smith_waterman.c:304
#3  0x000055555555605e in main (argc=9, argv=0x7fffffffdc88) at smith_waterman.c:350

67	
68	double my_maxof(double a, double b, double c, double d)
69	{
70	    double ans=a;
71	    if(ans<b) ans=b;
72	    if(ans<c) ans=c;
73	    if(ans<d) ans=d;
74	    return ans;
75	}
76	

Backtrace END
Memory content before bitflip:0x000x000x000x000x000x000xf00x3f
Fault Model: Random bit-flip
base address to flip value: 0x555555757018 
address max offset: 8
Memory content after  bitflip:0xeb0xed0xe40xa90xbc0x870xe30x11
frame name: main
symbol name: match_score2
symbol filename: smith_waterman.c
symbol line: 8
value: 1.688419676494385e-222
value address: 0x555555757018 <match_score2>
Type: A floating point type.
Type sizeof: 8

[INFO -- 2018-12-03 16:58:04]
Fault Injection Successful after 0.8784463405609131s
[INFO -- 2018-12-03 16:58:09]
event type: exit
[INFO -- 2018-12-03 16:58:09]
exit code: 0
