[INFO -- 2019-09-03 11:38:48]
Starting flip_value script
version: 1.1
[INFO -- 2019-09-03 11:38:48]
Initialization strings:
[INFO -- 2019-09-03 11:38:48]
(1) file /tmp/smith_waterman/smith_waterman
[INFO -- 2019-09-03 11:38:48]
(2) set args -x /tmp/smith_waterman/randInputX -y /tmp/smith_waterman/randInputY -o /tmp/smith_waterman/output
[INFO -- 2019-09-03 11:38:48]
initSignal:0
[INFO -- 2019-09-03 11:38:48]
endSignal:6
[INFO -- 2019-09-03 11:38:48]
faultModel:2
[INFO -- 2019-09-03 11:38:51]
Backtrace BEGIN:
#0  0x0000555555554d82 in my_maxof (a=2304, b=2304, c=2301, d=0) at smith_waterman.c:66
#1  0x00005555555550d7 in smith_waterman (x_num=15000, y_num=13800, str_x=0x5555557586c0 "KTQAZTXQBGXHXTBRCKCXXNQIICZJDALNTBPSWMKZUJGREJKGUMFTAWDKADVDDGSYJHSHWCHQOPISZUZVHGQJCTVDWRIBZBZLKRSGWBXKTHCSDDPKKHVMARRZKAALDCWNTRWPSVBLEEFHHWSRDPEGGXHQZJECLASHROYMLAXPEFWLBQFHGLNMIUFIFJMRLEADUYRFYOUE"..., str_y=0x55555575c170 "TTAZTXXQGGHHTBBCKCCXNQIICCZDAALTBPSSWMZZJGGREKKGMFFAWWKAAVDDGSYJHSSHWHQOPIIZUZVHGGQCTTVWWIIZBBLLKSGWBBKTHHSDDPKKHVVARRZKAAALCCWNRRPSVBLLEFHHHWRDPEEGGXHZJEECASHRROMMAAPEFWWBQFFGGNMIIFFFJMRLEAAUUYRFOOEV"..., fo=0x555555758260) at smith_waterman.c:98
#2  0x0000555555555e38 in main (argc=7, argv=0x7fffffffde98) at smith_waterman.c:298

61	
62	double my_maxof(double a, double b, double c, double d)
63	{
64	    double ans=a;
65	    if(ans<b) ans=b;
66	    if(ans<c) ans=c;
67	    if(ans<d) ans=d;
68	    return ans;
69	}
70	

Backtrace END
Memory content before bitflip:0x070x000x000x00
Fault Model: Random bit-flip
base address to flip value: 0x7fffffffdd3c
address max offset: 4
Memory content after  bitflip:0xab0x3c0xed0x64
frame name: main
symbol name: argc
symbol filename: smith_waterman.c
symbol line: 242
value: 1693269163
value address: 0x7fffffffdd3c
Type: The type is an integer type.
Type sizeof: 4

[INFO -- 2019-09-03 11:38:51]
Fault Injection Successful after 3.15810489654541s
[INFO -- 2019-09-03 11:38:51]
event type: exit
[INFO -- 2019-09-03 11:38:51]
exit code: 0
