[INFO -- 2018-12-04 20:59:18]
Starting flip_value script
version: 1.1
[INFO -- 2018-12-04 20:59:18]
Initialization strings:
[INFO -- 2018-12-04 20:59:18]
(1) file /tmp/smith_waterman/smith_waterman
[INFO -- 2018-12-04 20:59:18]
(2) set args -x /tmp/smith_waterman/randInputX -y /tmp/smith_waterman/randInputY -o /tmp/smith_waterman/output -z /tmp/smith_waterman/detected.log
[INFO -- 2018-12-04 20:59:18]
initSignal:0
[INFO -- 2018-12-04 20:59:18]
endSignal:6
[INFO -- 2018-12-04 20:59:18]
faultModel:0
[INFO -- 2018-12-04 20:59:20]
Backtrace BEGIN:
#0  0x0000555555554d38 in my_maxof (a=64, b=66, c=61, d=0) at smith_waterman.c:71
#1  0x0000555555555202 in smith_waterman (x_num=15000, x_num2=15000, y_num=12900, y_num2=12900, str_x=0x5555557586c0 "RSCXVWIFHFRZEWWNHSRCDPWWVJUYBJNUBPUYNCEWJXWNTUDBMUFPJDNGMJGPUTKVKGUXIYVUVRJPNMSZIZRRCEZQQFIKAUIKACJKCFEZYOQMAKNLJECNLEGBLONMIVYIZKSBRZDRPTFRETCPXFDILJLWXZKHWLPWVJZMKCFZWLRAETPBAUMLDXKCYUJVHARCMQQWVWWR"..., str_y=0x55555575c170 "RSCXVIFFHFREEWNHHSCCDWWWVJUYJNNUBPUYNCWWJXWTTUBBMFPPJDGGJGPUUKVVKGUXYYVUVJJPMMSZIZRCCZZQQFIKAUIKCCJCCFEYYQMMAKNLJCCNLEBLLOMIVYYZKSSBRDDRPTRRETPPXFDILJLXXZHHWLWWVZZKKCFZWRRAEPPBAUMLDKKCYUJVHRRCQQQVVWRR"...) at smith_waterman.c:141
#2  0x0000555555555e65 in execute (file_x_name=0x7fffffffe0b4 "/tmp/smith_waterman/randInputX", file_y_name=0x7fffffffe0d6 "/tmp/smith_waterman/randInputY") at smith_waterman.c:309
#3  0x0000555555556082 in main (argc=9, argv=0x7fffffffdc88) at smith_waterman.c:355

66	}
67	
68	double my_maxof(double a, double b, double c, double d)
69	{
70	    double ans=a;
71	    if(ans<b) ans=b;
72	    if(ans<c) ans=c;
73	    if(ans<d) ans=d;
74	    return ans;
75	}

Backtrace END
Fliping a bit of the value pointed by a pointer
Memory content before bitflip:0x2f
Fault Model: Single bit-flip
base address to flip value: 0x7fffffffe116 
address max offset: 1
Memory content after  bitflip:0xaf
frame name: main
symbol name: log
symbol filename: smith_waterman.c
symbol line: 322
value: 0x7fffffffe116 "\257tmp/smith_waterman/detected.log"
value address: 0x7fffffffdb80
Type: The type is a pointer.
Type sizeof: 8

[INFO -- 2018-12-04 20:59:20]
Fault Injection Successful after 2.5277137756347656s
[INFO -- 2018-12-04 20:59:24]
event type: exit
[INFO -- 2018-12-04 20:59:24]
exit code: 0
