[INFO -- 2018-12-03 16:58:41]
Starting flip_value script
version: 1.1
[INFO -- 2018-12-03 16:58:41]
Initialization strings:
[INFO -- 2018-12-03 16:58:41]
(1) file /tmp/smith_waterman/smith_waterman
[INFO -- 2018-12-03 16:58:41]
(2) set args -x /tmp/smith_waterman/randInputX -y /tmp/smith_waterman/randInputY -o /tmp/smith_waterman/output -z /tmp/smith_waterman/detected.log
[INFO -- 2018-12-03 16:58:41]
initSignal:0
[INFO -- 2018-12-03 16:58:41]
endSignal:6
[INFO -- 2018-12-03 16:58:41]
faultModel:2
[INFO -- 2018-12-03 16:58:44]
Backtrace BEGIN:
#0  smith_waterman (x_num=15000, x_num2=15000, y_num=13050, y_num2=13050, str_x=0x5555557586c0 "XNUVJVIZVXWDDAYHRNVYRXUDIZTIPTHMJBHSYRRTRNYUPWBGMYEDVAJDZEOOYVAHYJBXDVSUKROAPRGBPNHMNQRNWHDUCGDDRHAUCUOOLEODXXEMMNABFSQCBUYEACJRLJONFCDTJUWGRCVFQVGXPXZRRYXTCGKNRACYDFROZPWSSRXKPEHGBJZUHWNJEZWXAAWFFPTH"..., str_y=0x55555575c170 "XNUJJVIVVWDDDYYHNNVRRXUIITTIPHHMJBSYYRTTRYYUPWBGYYDVVAJDZEOYYAAYJJBDVSUKKROPPRBBPNHNQQNNWHDCGGDDRAUCUOOLLEODXXMMMNABFSQCBUEECJJLJJNFCCDTUWWGCCVFQVGXPZZRYYXCCGNRAAYDDFROZPSSSXKPPEHBJZZHHWJEEWWXAWWFFTTH"...) at smith_waterman.c:133
#1  0x0000555555555e41 in execute (file_x_name=0x7fffffffe0b4 "/tmp/smith_waterman/randInputX", file_y_name=0x7fffffffe0d6 "/tmp/smith_waterman/randInputY") at smith_waterman.c:304
#2  0x000055555555605e in main (argc=9, argv=0x7fffffffdc88) at smith_waterman.c:350

128	    double diff=0.0;
129	    double max_score=0.0;
130	    i2 = 1;
131	    for(i=1; i<x_num+1; i++){
132	        check_index(i, i2);
133	        for(j=1; j<y_num+1; j++){
134	            if(str_x[i-1]==str_y[j-1]){diff=match_score;}
135	            else{diff=mismatch_score;}
136	            matrix[i][j]=my_maxof(matrix[i-1][j-1]+diff, matrix[i-1][j]+gap_score, matrix[i][j-1]+gap_score,0);
137	            if(matrix[i][j]>max_score)

Backtrace END
Memory content before bitflip:0x000x000x000x00
Fault Model: Random bit-flip
base address to flip value: 0x555555757050 
address max offset: 4
Memory content after  bitflip:0x710xd90xb00xee
frame name: smith_waterman
symbol name: sdc_occurred2
symbol filename: smith_waterman.c
symbol line: 15
value: -290399887
value address: 0x555555757050 <sdc_occurred2>
Type: The type is an integer type.
Type sizeof: 4

[INFO -- 2018-12-03 16:58:44]
Fault Injection Successful after 3.713639974594116s
[INFO -- 2018-12-03 16:58:46]
event type: exit
[INFO -- 2018-12-03 16:58:46]
exit code: 0
