[INFO -- 2019-09-03 11:46:51]
Starting flip_value script
version: 1.1
[INFO -- 2019-09-03 11:46:51]
Initialization strings:
[INFO -- 2019-09-03 11:46:51]
(1) file /tmp/smith_waterman/smith_waterman
[INFO -- 2019-09-03 11:46:51]
(2) set args -x /tmp/smith_waterman/randInputX -y /tmp/smith_waterman/randInputY -o /tmp/smith_waterman/output
[INFO -- 2019-09-03 11:46:51]
initSignal:0
[INFO -- 2019-09-03 11:46:51]
endSignal:6
[INFO -- 2019-09-03 11:46:51]
faultModel:1
[EXCEPTION -- 2019-09-03 11:46:51]
gdbException: Attempt to dereference a generic pointer.
[INFO -- 2019-09-03 11:46:54]
Backtrace BEGIN:
#0  0x00005555555550d2 in smith_waterman (x_num=15000, y_num=15000, str_x=0x5555557586c0 "KFFOCVVLQQSSPWPPFVMMFJJYHHEHHFTPPPJRRFJVFFNNVZAAWZNEYMMIIEPJTLAKUUEDZTXXQMUUPWWLRJVVKXCSDNJOIUSSUUQQNPOOBKRRRGESSSGRRIVXFFFFAATUWJJHBYYJCKWWSIGAAOOSWPPVSCUCBBZZAAJBBJSTTWCEIIYFXZZVBRVQQTPTXGWWGDFOOZJX"..., str_y=0x55555575c170 "KKFOLCVLQQQSPOWPFUVMCFJMYHSEHFITPPJCRFNJVFBNVZEAWZNYEYMEIELPJTLAKUEDZTMXYQMUPQWLRJLVKXCSDNJOIUOSRUXQNJPOBBKRRGEISSGCRIWVXFJFCAZTUWJKHBYJCKCWSIGKAOOSWMPVSACUCBPZZAJJBJSETWCLEIYFXOZVBQRVQTPTXGSWGDFIOZOJ"..., fo=0x555555758260) at smith_waterman.c:98
#1  0x0000555555555e38 in main (argc=7, argv=0x7fffffffde98) at smith_waterman.c:298

93	    double max_score=0.0;
94	    for(i=1; i<x_num+1; i++){
95	        for(j=1; j<y_num+1; j++){
96	            if(str_x[i-1]==str_y[j-1]){diff=match_score;}
97	            else{diff=mismatch_score;}
98	            matrix[i][j]=my_maxof(matrix[i-1][j-1]+diff, matrix[i-1][j]+gap_score, matrix[i][j-1]+gap_score,0);
99	            if(matrix[i][j]>max_score)
100	                max_score=matrix[i][j];
101	        }
102	    }

Backtrace END
Fliping a bit of the value pointed by a pointer
Fliping value of field: _fileno
Memory content before bitflip:0x040x000x000x00
Fault Model: Double bit-flip
base address to flip value: 0x5555557582d0
address max offset: 4
Memory content after  bitflip:0x2c0x000x000x00
frame name: main
symbol name: fo
symbol filename: smith_waterman.c
symbol line: 278
value: 0x555555758260
value address: 0x7fffffffdd98
Type: The type is a pointer.
Type sizeof: 8

[INFO -- 2019-09-03 11:46:54]
Fault Injection Successful after 3.069352149963379s
[INFO -- 2019-09-03 11:46:54]
event type: exit
[INFO -- 2019-09-03 11:46:54]
exit code: 0
