[INFO -- 2018-12-07 22:34:48]
Starting flip_value script
version: 1.1
[INFO -- 2018-12-07 22:34:48]
Initialization strings:
[INFO -- 2018-12-07 22:34:48]
(1) file /tmp/smith_waterman/smith_waterman
[INFO -- 2018-12-07 22:34:48]
(2) set args -x /tmp/smith_waterman/randInputX -y /tmp/smith_waterman/randInputY -o /tmp/smith_waterman/output -z /tmp/smith_waterman/detected.log
[INFO -- 2018-12-07 22:34:48]
initSignal:0
[INFO -- 2018-12-07 22:34:48]
endSignal:6
[INFO -- 2018-12-07 22:34:48]
faultModel:1
[INFO -- 2018-12-07 22:34:49]
Backtrace BEGIN:
#0  smith_waterman (x_num=15000, x_num2=15000, y_num=13800, y_num2=13800, str_x=0x5555557586c0 "TUEBYOWPACELLMHVGKQLXGFFFDJXXVHQQNROBPFCRJPEXWZFIPQIYVNDZYCYUJOMXICAZJCRUUXSSXXBOOJOLYSMXUKTGBHFJJFIUIBOEZIWYGZOWKDJJVWIRGDZJKESVKDRUGFYHQUHYWWUGBDPYBZPKCPTOVOJFRAZZIZHYUOWSKSYNXOLZPDJUUEIPSUVLUWLEWSE"..., str_y=0x55555575c170 "TEEYOWPPCCELLHVGGKQXXFFFFJJXVHQQNNRBPPCRRPPXWZZFPQQYVVNZYCYUJJMMICAAJCRUUXSSXXBBOOJLYSMMUKTTBHFFJFIUIIBOZIIWGGOWKKJJJWWRRDZZKESVKDRRUFYYQUHYWWUGBDPYBBZKCPPOVOOFFRZZIZHYYUOSKSYNXOOZZDDUUUIIPUVVUULEWSSS"...) at smith_waterman.c:208
#1  0x0000555555556178 in execute (file_x_name=0x7fffffffe065 "/tmp/smith_waterman/randInputX", file_y_name=0x7fffffffe087 "/tmp/smith_waterman/randInputY") at smith_waterman.c:379
#2  0x0000555555556393 in main (argc=9, argv=0x7fffffffdc38) at smith_waterman.c:425

203	            if(str_x[i-1]==str_y[j-1]){diff=match_score;}
204	            else{diff=mismatch_score;}
205	            matrix[i][j]=my_maxof(matrix[i-1][j-1]+diff, matrix[i-1][j]+gap_score, matrix[i][j-1]+gap_score,0);
206	            if(matrix[i][j]>max_score)
207	                max_score=matrix[i][j];
208	            j2++;
209	        }
210	        i2++;
211	    }
212	    check_index(j, j2);

Backtrace END
Memory content before bitflip:0x000x6f0xbf0x4f0x740xdc0x350x55
Fault Model: Double bit-flip
base address to flip value: 0x7fffffffda48
address max offset: 8
Memory content after  bitflip:0x000x6f0xbf0x4f0x740xdc0x350xd7
frame name: smith_waterman
symbol name: height
symbol filename: smith_waterman.c
symbol line: 227
value: -2939200789677117696
value address: 0x7fffffffda48
Type: The type is an integer type.
Type sizeof: 8

[INFO -- 2018-12-07 22:34:49]
Fault Injection Successful after 1.831284999847412s
[INFO -- 2018-12-07 22:34:56]
event type: exit
[INFO -- 2018-12-07 22:34:56]
exit code: 0
