[INFO -- 2019-09-03 11:54:23]
Starting flip_value script
version: 1.1
[INFO -- 2019-09-03 11:54:23]
Initialization strings:
[INFO -- 2019-09-03 11:54:23]
(1) file /tmp/smith_waterman/smith_waterman
[INFO -- 2019-09-03 11:54:23]
(2) set args -x /tmp/smith_waterman/randInputX -y /tmp/smith_waterman/randInputY -o /tmp/smith_waterman/output
[INFO -- 2019-09-03 11:54:23]
initSignal:0
[INFO -- 2019-09-03 11:54:23]
endSignal:6
[INFO -- 2019-09-03 11:54:23]
faultModel:1
[INFO -- 2019-09-03 11:54:23]
Backtrace BEGIN:
#0  0x0000555555554d71 in my_maxof (a=-1, b=-2, c=-2, d=0) at smith_waterman.c:65
#1  0x00005555555550d7 in smith_waterman (x_num=11100, y_num=15000, str_x=0x5555557586c0 "NVNTUQQFWOTMMJJPRIAOOUUAHOIRGGAGEBBKRRDIYYSTECIXKKVHHBBQMMAUUGGYTWWFAAPFYYYLIEEYTBYCSBCNNVKYLLIUUHVVRRCHYDONNKKGTIKNKFRZCWJHUUXBBXAKDDTIIJVVDEWWVMMHVFZZBUDKAAORZDNNYYEBIGZLDDQQTYXRDHQFUUPRFFWWWNLPMPTU"..., str_y=0x55555575b230 "NVNTSUQFWOTIMFJPRIAXOWUAHOJIRGAGEQBYKRDIFYSTECIXKKVAHRBQHMAAUDGYTHWFAAPFYHYELIEYTBYCSBUCNVCKYLITUHAVJRCHYDOMNSKGTIKNKFRZCWJCHUXDBXAKODTOIJAVDMEWVOMHVFIZBUDKOAORZODNTYEBIGZLTDKQTYXRDHQFBUPRWFIWWNLPMPTU"..., fo=0x555555758260) at smith_waterman.c:98
#2  0x0000555555555e38 in main (argc=7, argv=0x7fffffffde98) at smith_waterman.c:298

60	}
61	
62	double my_maxof(double a, double b, double c, double d)
63	{
64	    double ans=a;
65	    if(ans<b) ans=b;
66	    if(ans<c) ans=c;
67	    if(ans<d) ans=d;
68	    return ans;
69	}

Backtrace END
Memory content before bitflip:0x000x000x000x000x000x000x000x00
Fault Model: Double bit-flip
base address to flip value: 0x7fffffffdce0
address max offset: 8
Memory content after  bitflip:0x000x000x000x000x000x440x000x00
frame name: smith_waterman
symbol name: score
symbol filename: smith_waterman.c
symbol line: 134
value: 3.693970272912346e-310
value address: 0x7fffffffdce0
Type: A floating point type.
Type sizeof: 8

[INFO -- 2019-09-03 11:54:23]
Fault Injection Successful after 0.6467409133911133s
[INFO -- 2019-09-03 11:54:25]
event type: exit
[INFO -- 2019-09-03 11:54:25]
exit code: 0
