[INFO -- 2018-12-09 01:08:17]
Starting flip_value script
version: 1.1
[INFO -- 2018-12-09 01:08:17]
Initialization strings:
[INFO -- 2018-12-09 01:08:17]
(1) file /tmp/smith_waterman/smith_waterman
[INFO -- 2018-12-09 01:08:17]
(2) set args -x /tmp/smith_waterman/randInputX -y /tmp/smith_waterman/randInputY -o /tmp/smith_waterman/output -z /tmp/smith_waterman/detected.log
[INFO -- 2018-12-09 01:08:17]
initSignal:0
[INFO -- 2018-12-09 01:08:17]
endSignal:6
[INFO -- 2018-12-09 01:08:17]
faultModel:1
[INFO -- 2018-12-09 01:08:18]
Backtrace BEGIN:
#0  test_globals () at smith_waterman.c:80
#1  0x0000555555555371 in smith_waterman (x_num=10350, x_num2=10350, y_num=15000, y_num2=15000, str_x=0x5555557586c0 "RKMMZLDIXTNNGCCASRJUUTVVRPQWGUAAEKMFWOOVHHJRZLTTERRYEEQQVMNIIJEVVSURKKUUYYNSGNNQEEQIKYGGYKKYYUUUQQNTACNCCBOOJCSSWWCVICEGQQOQHJKQYYLAAAADDTTNUZHFXJALLGOXXDEEOEWEEHVFHKKLDDIEEFNBQOBBUYHTBBXHTIICEETKBDXP"..., str_y=0x55555575af40 "RKOMZLDIXTRNGRCASRJYUTNVRPQWGUUAEKMFWPOVKHJRZLRTECRYXETQVMNCIJEOVSURKKPUTYNSLGNQIEQILKYGYNKGYQUUJQNTACNWCBOOJCGSIWCVICEGQQOQHJKQBYLEAAADDQTNUZHFXJAGLGODXDUEOEWPEHVFHVKLMDYIEFNBQOHBUYHTBBXRHTIMCETKBDXP"...) at smith_waterman.c:202
#2  0x0000555555556178 in execute (file_x_name=0x7fffffffe065 "/tmp/smith_waterman/randInputX", file_y_name=0x7fffffffe087 "/tmp/smith_waterman/randInputY") at smith_waterman.c:379
#3  0x0000555555556393 in main (argc=9, argv=0x7fffffffdc38) at smith_waterman.c:425

75	void test_globals(){
76		if( (match_score != match_score2) || (gap_score != gap_score2) || (mismatch_score != mismatch_score2) )
77	    {
78			sdc_exit();
79	    }
80	}
81	
82	void sizeof_string(FILE* fpx, FILE* fpy, long* x_num, long* y_num)
83	{
84	    *x_num=0;

Backtrace END
Memory content before bitflip:0x980x3a0x000x000x000x000x000x00
Fault Model: Double bit-flip
base address to flip value: 0x7fffffffdad8
address max offset: 8
Memory content after  bitflip:0x980x3a0x000x000x000x000x000x14
frame name: execute
symbol name: y_num
symbol filename: smith_waterman.c
symbol line: 369
value: 1441151880758573720
value address: 0x7fffffffdad8
Type: The type is an integer type.
Type sizeof: 8

[INFO -- 2018-12-09 01:08:18]
Fault Injection Successful after 1.362182855606079s
[INFO -- 2018-12-09 01:08:23]
event type: exit
[INFO -- 2018-12-09 01:08:23]
exit code: 0
