[INFO -- 2018-12-09 01:54:20]
Starting flip_value script
version: 1.1
[INFO -- 2018-12-09 01:54:20]
Initialization strings:
[INFO -- 2018-12-09 01:54:20]
(1) file /tmp/smith_waterman/smith_waterman
[INFO -- 2018-12-09 01:54:20]
(2) set args -x /tmp/smith_waterman/randInputX -y /tmp/smith_waterman/randInputY -o /tmp/smith_waterman/output -z /tmp/smith_waterman/detected.log
[INFO -- 2018-12-09 01:54:20]
initSignal:0
[INFO -- 2018-12-09 01:54:20]
endSignal:6
[INFO -- 2018-12-09 01:54:20]
faultModel:1
[INFO -- 2018-12-09 01:54:23]
Backtrace BEGIN:
#0  0x000055555555504f in check_index (i=0, j=0) at smith_waterman.c:150
#1  0x0000555555555367 in smith_waterman (x_num=10350, x_num2=10350, y_num=15000, y_num2=15000, str_x=0x5555557586c0 "RKMMZLDIXTNNGCCASRJUUTVVRPQWGUAAEKMFWOOVHHJRZLTTERRYEEQQVMNIIJEVVSURKKUUYYNSGNNQEEQIKYGGYKKYYUUUQQNTACNCCBOOJCSSWWCVICEGQQOQHJKQYYLAAAADDTTNUZHFXJALLGOXXDEEOEWEEHVFHKKLDDIEEFNBQOBBUYHTBBXHTIICEETKBDXP"..., str_y=0x55555575af40 "RKOMZLDIXTRNGRCASRJYUTNVRPQWGUUAEKMFWPOVKHJRZLRTECRYXETQVMNCIJEOVSURKKPUTYNSLGNQIEQILKYGYNKGYQUUJQNTACNWCBOOJCGSIWCVICEGQQOQHJKQBYLEAAADDQTNUZHFXJAGLGODXDUEOEWPEHVFHVKLMDYIEFNBQOHBUYHTBBXRHTIMCETKBDXP"...) at smith_waterman.c:201
#2  0x0000555555556178 in execute (file_x_name=0x7fffffffe065 "/tmp/smith_waterman/randInputX", file_y_name=0x7fffffffe087 "/tmp/smith_waterman/randInputY") at smith_waterman.c:379
#3  0x0000555555556393 in main (argc=9, argv=0x7fffffffdc38) at smith_waterman.c:425

145	        return match_score;
146	    else
147	        return mismatch_score;
148	}
149	
150	void check_index(int i, int j){
151	    if(i != j){
152	        sdc_exit();
153	    }
154	}

Backtrace END
Fliping a bit of the pointer
Memory content before bitflip:0xc70xe00xff0xff0xff0x7f0x000x00
Fault Model: Double bit-flip
base address to flip value: 0x555555757048 
address max offset: 8
Memory content after  bitflip:0xc70x200xff0xff0xff0x7f0x000x00
frame name: check_index
symbol name: log_name
symbol filename: smith_waterman.c
symbol line: 16
value: 0x7fffffffe0c7 "/tmp/smith_waterman/detected.log"
value address: 0x555555757048 <log_name>
Type: The type is a pointer.
Type sizeof: 8

[INFO -- 2018-12-09 01:54:23]
Fault Injection Successful after 3.1503005027770996s
[INFO -- 2018-12-09 01:54:26]
event type: exit
[INFO -- 2018-12-09 01:54:26]
exit code: 0
