[INFO -- 2018-12-04 01:04:22]
Starting flip_value script
version: 1.1
[INFO -- 2018-12-04 01:04:22]
Initialization strings:
[INFO -- 2018-12-04 01:04:22]
(1) file /tmp/smith_waterman/smith_waterman
[INFO -- 2018-12-04 01:04:22]
(2) set args -x /tmp/smith_waterman/randInputX -y /tmp/smith_waterman/randInputY -o /tmp/smith_waterman/output -z /tmp/smith_waterman/detected.log
[INFO -- 2018-12-04 01:04:22]
initSignal:0
[INFO -- 2018-12-04 01:04:22]
endSignal:6
[INFO -- 2018-12-04 01:04:22]
faultModel:0
[INFO -- 2018-12-04 01:04:23]
Backtrace BEGIN:
#0  0x0000555555554d6f in my_maxof (a=0, b=-2, c=-2, d=0) at smith_waterman.c:75
#1  0x0000555555555202 in smith_waterman (x_num=14700, x_num2=14700, y_num=15000, y_num2=15000, str_x=0x5555557586c0 "NBBYQVYKKFOOZZTXXXLQRUUNUKCKOWDDCXSSAAYGXXVGQQKOOOFFIUUSVXDJJBONBPVVRGYYDEECPRFFNQNLHDDWIIRKTTFLKNCTTCXLJBDDDINTTVASFFLLVDDQKKBBVVFQIPPVQQYSTJFEHHHJNYDDVDDOMPLLNWVVFTYYLQQCYYHFFDSDRRBBVCPSSGUEEFFRRYHC"..., str_y=0x55555575c040 "NQBYQVYEKFYOZZTCXXLQRAUNUKCKOKWDCXBSUAYGHXVGYQKWOWOFWIUSVXDJJBONBPGVRGCYDZECPRAFNQNLZHDWGIFRKTFLKNICTMCXLJBDADINTVASFFOLOVDAQKNBXVFQIHPVQQYSTJFNEHHJNYXDVCDOMQPLNWBVFTTYLRQFCYUHFDSUDRXBVCPJSGUIEYFJRYHC"...) at smith_waterman.c:141
#2  0x0000555555555e65 in execute (file_x_name=0x7fffffffe0b4 "/tmp/smith_waterman/randInputX", file_y_name=0x7fffffffe0d6 "/tmp/smith_waterman/randInputY") at smith_waterman.c:309
#3  0x0000555555556082 in main (argc=9, argv=0x7fffffffdc88) at smith_waterman.c:355

70	    double ans=a;
71	    if(ans<b) ans=b;
72	    if(ans<c) ans=c;
73	    if(ans<d) ans=d;
74	    return ans;
75	}
76	
77	double matchMisScore(long i, long j, char* str_y, char* str_x)
78	{
79	    if (str_y[j] == str_x[i])

Backtrace END
Memory content before bitflip:0x6c0x390x000x000x000x000x000x00
Fault Model: Single bit-flip
base address to flip value: 0x7fffffffda10
address max offset: 8
Memory content after  bitflip:0x6c0x390x020x000x000x000x000x00
frame name: smith_waterman
symbol name: x_num2
symbol filename: smith_waterman.c
symbol line: 93
value: 145772
value address: 0x7fffffffda10
Type: The type is an integer type.
Type sizeof: 8

[INFO -- 2018-12-04 01:04:23]
Fault Injection Successful after 1.443105936050415s
[INFO -- 2018-12-04 01:04:28]
event type: exit
[INFO -- 2018-12-04 01:04:28]
exit code: 0
