[INFO -- 2018-12-05 08:02:19]
Starting flip_value script
version: 1.1
[INFO -- 2018-12-05 08:02:19]
Initialization strings:
[INFO -- 2018-12-05 08:02:19]
(1) file /tmp/smith_waterman/smith_waterman
[INFO -- 2018-12-05 08:02:19]
(2) set args -x /tmp/smith_waterman/randInputX -y /tmp/smith_waterman/randInputY -o /tmp/smith_waterman/output -z /tmp/smith_waterman/detected.log
[INFO -- 2018-12-05 08:02:19]
initSignal:0
[INFO -- 2018-12-05 08:02:19]
endSignal:6
[INFO -- 2018-12-05 08:02:19]
faultModel:0
[EXCEPTION -- 2018-12-05 08:02:19]
gdbException: Attempt to dereference a generic pointer.
[INFO -- 2018-12-05 08:02:19]
Backtrace BEGIN:
#0  elf_dynamic_do_Rela (skip_ifunc=<optimized out>, lazy=0, nrelative=<optimized out>, relsize=31824, reladdr=<optimized out>, map=0x7ffff7fe0000) at do-rel.h:112
#1  _dl_relocate_object (scope=<optimized out>, reloc_mode=<optimized out>, consider_profiling=<optimized out>, consider_profiling@entry=0) at dl-reloc.c:258
#2  0x00007ffff7dd9307 in dl_main (phdr=<optimized out>, phnum=<optimized out>, user_entry=<optimized out>, auxv=<optimized out>) at rtld.c:2190
#3  0x00007ffff7defdd0 in _dl_sysdep_start (start_argptr=start_argptr@entry=0x7fffffffdc80, dl_main=dl_main@entry=0x7ffff7dd7660 <dl_main>) at ../elf/dl-sysdep.c:253
#4  0x00007ffff7dd7128 in _dl_start_final (arg=0x7fffffffdc80) at rtld.c:414
#5  _dl_start (arg=0x7fffffffdc80) at rtld.c:521
#6  0x00007ffff7dd6098 in _start () from /lib64/ld-linux-x86-64.so.2
#7  0x0000000000000009 in ?? ()
#8  0x00007fffffffe08e in ?? ()
#9  0x00007fffffffe0b1 in ?? ()
#10 0x00007fffffffe0b4 in ?? ()
#11 0x00007fffffffe0d3 in ?? ()
#12 0x00007fffffffe0d6 in ?? ()
#13 0x00007fffffffe0f5 in ?? ()
#14 0x00007fffffffe0f8 in ?? ()
#15 0x00007fffffffe113 in ?? ()
#16 0x00007fffffffe116 in ?? ()
#17 0x0000000000000000 in ?? ()

107	in do-rel.h

Backtrace END
Fliping array at pos: 0
Fliping value of field: start
Memory content before bitflip:0x280xcf0x9f0xf70xff0x7f0x000x00
Fault Model: Single bit-flip
base address to flip value: 0x7fffffffd900
address max offset: 8
Memory content after  bitflip:0x280xcf0x9f0xf70xff0x7f0x000x02
frame name: _dl_relocate_object
symbol name: ranges
symbol filename: dl-reloc.c
symbol line: 258
value: {{start = 144255925423689512, size = 31824, nrelative = 1237, lazy = 0}, {start = 140737347865464, size = 1104, nrelative = 0, lazy = 1}}
value address: 0x7fffffffd900
Type: The type is an array.
Type sizeof: 64
Field name: None
Field Type: A range type, that is, an integer type with bounds.
Field Type sizeof: 8
Field Type range: (0, 1)

[INFO -- 2018-12-05 08:02:19]
Fault Injection Successful after 0.9823019504547119s
[INFO -- 2018-12-05 08:02:25]
event type: exit
[INFO -- 2018-12-05 08:02:25]
exit code: 0
