[INFO -- 2018-12-05 13:29:45]
Starting flip_value script
version: 1.1
[INFO -- 2018-12-05 13:29:45]
Initialization strings:
[INFO -- 2018-12-05 13:29:45]
(1) file /tmp/smith_waterman/smith_waterman
[INFO -- 2018-12-05 13:29:45]
(2) set args -x /tmp/smith_waterman/randInputX -y /tmp/smith_waterman/randInputY -o /tmp/smith_waterman/output -z /tmp/smith_waterman/detected.log
[INFO -- 2018-12-05 13:29:45]
initSignal:0
[INFO -- 2018-12-05 13:29:45]
endSignal:6
[INFO -- 2018-12-05 13:29:45]
faultModel:0
[INFO -- 2018-12-05 13:29:46]
Backtrace BEGIN:
#0  my_maxof (a=0, b=-1, c=-2, d=0) at smith_waterman.c:74
#1  0x0000555555555202 in smith_waterman (x_num=15000, x_num2=15000, y_num=10650, y_num2=10650, str_x=0x5555557586c0 "EPHJLKKADWCYUXKGRYGUBKEEFZOTCDPHUYSHICHNYMLUJXABXIXATBGACWVHCKQYKIGSMPFMBSJLSJORULSPOAPSXMZZXPXJZDCNVJAWEJJWUXPOKJDYKURHHSIGKFPJLRXGDZEHIOFCNUTAEWAORTXAMFGWMVHZPEHUDMBNCGSRCLRGHUWANVCBCIXPGFQXLYRRKUGO"..., str_y=0x55555575c170 "EHJJKKAAWWCYUKKGYGUUBKEEZZOTCPPHUYHICHNNYMLJJAABIIXATBAAWWHHCKYKIGSMMPFMSJJLJJOULSPPAPSXMZZZXPJJZCCNVAWWJJJUXPOKJDDKUUHHHSIKKFPLRXXGDZHHIOFCNUTAEAAORTXMMGGMVVZZPEUDDBBCGGSCLRRHHWAANVCCIXPGGFQLYYRRKUOO"...) at smith_waterman.c:141
#2  0x0000555555555e65 in execute (file_x_name=0x7fffffffe0b4 "/tmp/smith_waterman/randInputX", file_y_name=0x7fffffffe0d6 "/tmp/smith_waterman/randInputY") at smith_waterman.c:309
#3  0x0000555555556082 in main (argc=9, argv=0x7fffffffdc88) at smith_waterman.c:355

69	{
70	    double ans=a;
71	    if(ans<b) ans=b;
72	    if(ans<c) ans=c;
73	    if(ans<d) ans=d;
74	    return ans;
75	}
76	
77	double matchMisScore(long i, long j, char* str_y, char* str_x)
78	{

Backtrace END
Memory content before bitflip:0x090x000x000x00
Fault Model: Single bit-flip
base address to flip value: 0x7fffffffdb5c
address max offset: 4
Memory content after  bitflip:0x090x020x000x00
frame name: main
symbol name: argc
symbol filename: smith_waterman.c
symbol line: 316
value: 521
value address: 0x7fffffffdb5c
Type: The type is an integer type.
Type sizeof: 4

[INFO -- 2018-12-05 13:29:46]
Fault Injection Successful after 1.1019089221954346s
[INFO -- 2018-12-05 13:29:50]
event type: exit
[INFO -- 2018-12-05 13:29:50]
exit code: 0
