[INFO -- 2018-12-04 17:39:13]
Starting flip_value script
version: 1.1
[INFO -- 2018-12-04 17:39:13]
Initialization strings:
[INFO -- 2018-12-04 17:39:13]
(1) file /tmp/smith_waterman/smith_waterman
[INFO -- 2018-12-04 17:39:13]
(2) set args -x /tmp/smith_waterman/randInputX -y /tmp/smith_waterman/randInputY -o /tmp/smith_waterman/output -z /tmp/smith_waterman/detected.log
[INFO -- 2018-12-04 17:39:13]
initSignal:0
[INFO -- 2018-12-04 17:39:13]
endSignal:6
[INFO -- 2018-12-04 17:39:13]
faultModel:0
[INFO -- 2018-12-04 17:39:14]
Backtrace BEGIN:
#0  0x0000555555554d4e in my_maxof (a=1767, b=1764, c=1769, d=0) at smith_waterman.c:72
#1  0x0000555555555202 in smith_waterman (x_num=15000, x_num2=15000, y_num=13050, y_num2=13050, str_x=0x5555557586c0 "MWEVLATIWKIDLZMYCIMAGXVIBRYPNKLBGQYTSTCQDMVQLIOPQCSWZPEAGCSTODWXVUQQNUGTHCJUMYMCCEYCTFEBJYXYETVZQNRFIAYREKLQKXSMDSQYXVAHVXHZSEBKTSQBUQUYAGOMFIZLBPJAMLJIKSHFWKPQDHTXAOYAWOPDZOOCFACSLOCYGJDFUUXZCQYCGYEE"..., str_y=0x55555575c170 "WEEVLAIIWKILLMMCCIMGXXVIRRPPKKLBGQYTSTQQDVVLLIPPQCSZZEEGGSSTDDWXUQQQNUGTHCJUMYCCCECCTFEJJYXYETZZNNRFAARRKKQQKXSMDQYYXVAHVXHZSEBKTSQBUQUYGOMFFZZLBPJAMLJIKSFFWKPQHTXXAYYAWOPDZOOCFACSLCYGGJDFUXXZQQCCGEEE"...) at smith_waterman.c:141
#2  0x0000555555555e65 in execute (file_x_name=0x7fffffffe0b4 "/tmp/smith_waterman/randInputX", file_y_name=0x7fffffffe0d6 "/tmp/smith_waterman/randInputY") at smith_waterman.c:309
#3  0x0000555555556082 in main (argc=9, argv=0x7fffffffdc88) at smith_waterman.c:355

67	
68	double my_maxof(double a, double b, double c, double d)
69	{
70	    double ans=a;
71	    if(ans<b) ans=b;
72	    if(ans<c) ans=c;
73	    if(ans<d) ans=d;
74	    return ans;
75	}
76	

Backtrace END
Memory content before bitflip:0x000x000x000x000x000x000x000xc0
Fault Model: Single bit-flip
base address to flip value: 0x555555757038 
address max offset: 8
Memory content after  bitflip:0x000x800x000x000x000x000x000xc0
frame name: main
symbol name: gap_score2
symbol filename: smith_waterman.c
symbol line: 12
value: -2.0000000000145519
value address: 0x555555757038 <gap_score2>
Type: A floating point type.
Type sizeof: 8

[INFO -- 2018-12-04 17:39:14]
Fault Injection Successful after 1.4869394302368164s
[INFO -- 2018-12-04 17:39:18]
event type: exit
[INFO -- 2018-12-04 17:39:18]
exit code: 0
