[INFO -- 2018-12-09 06:33:23]
Starting flip_value script
version: 1.1
[INFO -- 2018-12-09 06:33:23]
Initialization strings:
[INFO -- 2018-12-09 06:33:23]
(1) file /tmp/smith_waterman/smith_waterman
[INFO -- 2018-12-09 06:33:23]
(2) set args -x /tmp/smith_waterman/randInputX -y /tmp/smith_waterman/randInputY -o /tmp/smith_waterman/output -z /tmp/smith_waterman/detected.log
[INFO -- 2018-12-09 06:33:23]
initSignal:0
[INFO -- 2018-12-09 06:33:23]
endSignal:6
[INFO -- 2018-12-09 06:33:23]
faultModel:2
[INFO -- 2018-12-09 06:33:23]
Backtrace BEGIN:
#0  0x000055555555521b in smith_waterman (x_num=15000, x_num2=15000, y_num=13950, y_num2=13950, str_x=0x5555557586c0 "CURXHYKGNIGVHRCAVGLNNTOVQMBTDDBFZUFIUPPKXVFGMHHJNUWANKYDYZWDEZJFVONQFCAEZHMNQTWDOUFBHDFHEDLKFUPAKDSRHSXJBJWRDTWTPCUWHBEMHPYMLOOXTHQCBNLDYIWDDTWSVTREWVSDMRRZFIYAPOCSDQXBAUHFNDZKYQOVNHABYUAFCYHTOLLRBLVD"..., str_y=0x55555575c170 "URXHYKGNIIVHRCCVGGLNTTVQMBTTDBFFZFFUPPPXVFFMHHJNUWANKYYYZWWEZJFVVOQFCAEZZHMNTTWOUFBHDFHEDLKFUPAKDSRHSXJJBWRDDWTTCUWHBEMHHYYLOOXTHQQBNLDYIWDDDWWVTTEWVVDDRRZFFYAPPCSDQXBAUHFNNZKYQOVNHABYYAFCCHTOLLRBLVVF"...) at smith_waterman.c:182
#1  0x0000555555556178 in execute (file_x_name=0x7fffffffe065 "/tmp/smith_waterman/randInputX", file_y_name=0x7fffffffe087 "/tmp/smith_waterman/randInputY") at smith_waterman.c:379
#2  0x0000555555556393 in main (argc=9, argv=0x7fffffffdc38) at smith_waterman.c:425

177	    long j, j2;
178		
179	    i2 = 0;
180	    for(i=0; i<x_num+1; i++){
181	        check_index(i, i2);
182	        matrix[i][0]=0.0;
183	        i2++;
184	    }
185	    check_index(i, i2);
186	    i2 = 0;

Backtrace END
Memory content before bitflip:0x000x000x000x000x000x000xf00x3f
Fault Model: Random bit-flip
base address to flip value: 0x555555757010 
address max offset: 8
Memory content after  bitflip:0x950x170x060x050x640xab0x240x46
frame name: main
symbol name: match_score
symbol filename: smith_waterman.c
symbol line: 7
value: 8.1880305163545518e+29
value address: 0x555555757010 <match_score>
Type: A floating point type.
Type sizeof: 8

[INFO -- 2018-12-09 06:33:23]
Fault Injection Successful after 0.8392593860626221s
[INFO -- 2018-12-09 06:33:23]
event type: exit
[INFO -- 2018-12-09 06:33:23]
exit code: 0
