[INFO -- 2018-12-03 23:18:26]
Starting flip_value script
version: 1.1
[INFO -- 2018-12-03 23:18:26]
Initialization strings:
[INFO -- 2018-12-03 23:18:26]
(1) file /tmp/smith_waterman/smith_waterman
[INFO -- 2018-12-03 23:18:26]
(2) set args -x /tmp/smith_waterman/randInputX -y /tmp/smith_waterman/randInputY -o /tmp/smith_waterman/output -z /tmp/smith_waterman/detected.log
[INFO -- 2018-12-03 23:18:26]
initSignal:0
[INFO -- 2018-12-03 23:18:26]
endSignal:6
[INFO -- 2018-12-03 23:18:26]
faultModel:2
[INFO -- 2018-12-03 23:18:30]
Backtrace BEGIN:
#0  0x00005555555553bc in smith_waterman (x_num=15000, x_num2=15000, y_num=10650, y_num2=10650, str_x=0x5555557586c0 "XGGEHMCQCZUPODVEIPVNQAVZLPLUYJKWPSAXEFNJEJASMVYUKVKAWHBHYMDXVNTNGVMMABXGKYBYTZUGVEGTOKCMWFJUSEJACVPCYMLKMMIILCOIJWBXGDLDKXZFBIFFFWIDJVNXHVFUZVDISGHAMTFWSEBTMJZTFJWQELONITHIRMSJTAJHVPDNVHIKQJDXUCOANENY"..., str_y=0x55555575c170 "GGGEMCCCCZPPOVVEIPVNAAVLPPLUYKWWPAXXFNJJEJSMVYYKKVKWWBBYYMDVVTTGGMMAABXGYYBTTUUGEETTKKCWWJUSSEJCCPPYYLLKMMILLCIIJBXXGDLDKXZFIFFFWIIDVNNXHFUUZDISGHAAMTWWEEBMMZZTFWWQLOOIITHIRMJJAAHHVDNNHIIQJJDXCOANNENZ"...) at smith_waterman.c:173
#1  0x0000555555555e65 in execute (file_x_name=0x7fffffffe0b4 "/tmp/smith_waterman/randInputX", file_y_name=0x7fffffffe0d6 "/tmp/smith_waterman/randInputY") at smith_waterman.c:309
#2  0x0000555555556082 in main (argc=9, argv=0x7fffffffdc88) at smith_waterman.c:355

168	            if(i==0 && j==0){
169	                maxValue = matrix[i][j];
170	                y = i;
171	                x = j;
172	            }
173	            if(maxValue < matrix[i][j]){
174	                maxValue = matrix[i][j];
175	                y = i;
176	                x = j;
177	            }

Backtrace END
Memory content before bitflip:0x000x000x000x000x000x000xf00xbf
Fault Model: Random bit-flip
base address to flip value: 0x555555757028 
address max offset: 8
Memory content after  bitflip:0x5b0x8b0x180xd10x6c0x6d0xa00x6b
frame name: main
symbol name: mismatch_score2
symbol filename: smith_waterman.c
symbol line: 10
value: 2.7003304893274295e+210
value address: 0x555555757028 <mismatch_score2>
Type: A floating point type.
Type sizeof: 8

[INFO -- 2018-12-03 23:18:30]
Fault Injection Successful after 4.5026140213012695s
[INFO -- 2018-12-03 23:18:30]
event type: exit
[INFO -- 2018-12-03 23:18:30]
exit code: 0
