[INFO -- 2018-12-08 20:04:01]
Starting flip_value script
version: 1.1
[INFO -- 2018-12-08 20:04:01]
Initialization strings:
[INFO -- 2018-12-08 20:04:01]
(1) file /tmp/smith_waterman/smith_waterman
[INFO -- 2018-12-08 20:04:01]
(2) set args -x /tmp/smith_waterman/randInputX -y /tmp/smith_waterman/randInputY -o /tmp/smith_waterman/output -z /tmp/smith_waterman/detected.log
[INFO -- 2018-12-08 20:04:01]
initSignal:0
[INFO -- 2018-12-08 20:04:01]
endSignal:6
[INFO -- 2018-12-08 20:04:01]
faultModel:2
[INFO -- 2018-12-08 20:04:06]
Backtrace BEGIN:
#0  smith_waterman (x_num=10200, x_num2=10200, y_num=15000, y_num2=15000, str_x=0x5555557586c0 "PPPUZWKKNPMBKPIRYAQLRRTOXTPPPCKSTNUUXFMMNRQQDGYGGASSTGQLLCHGGVVSSKVRHAWTWWMZCMTOOGFMLLYPPHXXBBYLLNTWWRSNNTSSSDHVIIOJVJNNQKKZLUUDHYYFRRXMXQEFJJZCPLOOEBBCNDGBBXJIFNDBBNYYFVQGGQQZFOLLRRQHHSWPGSSRRGAVVTTP"..., str_y=0x55555575aeb0 "BPPUZWIKNPMEBKPIRYAQLRTOXFTPPCKSTZNUXXFMNRQQDGYUGALSTGGQLCHCGRVBSKVRHAEWTWMZCMTLOGFHMLYAPHEXBBYTLWNTWRRSNGTSSMDHVIOJVOJNWQKZRLUDHHYFYRXMXQEQFJZCRPLOEXBCNODGBXJIFJNDBNRYFVQMGPQZFCOLBRPQHSWIPGSWRGASVTTC"...) at smith_waterman.c:236
#1  0x0000555555556178 in execute (file_x_name=0x7fffffffe065 "/tmp/smith_waterman/randInputX", file_y_name=0x7fffffffe087 "/tmp/smith_waterman/randInputY") at smith_waterman.c:379
#2  0x0000555555556393 in main (argc=9, argv=0x7fffffffdc38) at smith_waterman.c:425

231	    for(i=0; i<height+1; i++){
232	        check_index(i, i2);
233	        j2 = 0;
234	        for(j=0; j<width+1; j++){
235	            check_index(j, j2);
236	            if(i==0 && j==0){
237	                maxValue = matrix[i][j];
238	                y = i;
239	                x = j;
240	            }

Backtrace END
Memory content before bitflip:0x200x4a0x550x55
Fault Model: Random bit-flip
base address to flip value: 0x7fffffffd9e0
address max offset: 4
Memory content after  bitflip:0x5a0xde0x750x17
frame name: smith_waterman
symbol name: stringSize
symbol filename: smith_waterman.c
symbol line: 352
value: 393600602
value address: 0x7fffffffd9e0
Type: The type is an integer type.
Type sizeof: 4

[INFO -- 2018-12-08 20:04:06]
Fault Injection Successful after 5.185827732086182s
[INFO -- 2018-12-08 20:04:07]
event type: exit
[INFO -- 2018-12-08 20:04:07]
exit code: 0
