[INFO -- 2018-12-03 17:48:43]
Starting flip_value script
version: 1.1
[INFO -- 2018-12-03 17:48:43]
Initialization strings:
[INFO -- 2018-12-03 17:48:43]
(1) file /tmp/smith_waterman/smith_waterman
[INFO -- 2018-12-03 17:48:43]
(2) set args -x /tmp/smith_waterman/randInputX -y /tmp/smith_waterman/randInputY -o /tmp/smith_waterman/output -z /tmp/smith_waterman/detected.log
[INFO -- 2018-12-03 17:48:43]
initSignal:0
[INFO -- 2018-12-03 17:48:43]
endSignal:6
[INFO -- 2018-12-03 17:48:43]
faultModel:0
[INFO -- 2018-12-03 17:48:43]
Backtrace BEGIN:
#0  0x00007ffff7df1ed7 in __close (fd=fd@entry=4) at ../sysdeps/unix/sysv/linux/close.c:27
#1  0x00007ffff7ddc328 in _dl_map_object_from_fd (name=name@entry=0x5555555544d1 "libc.so.6", origname=origname@entry=0x0, fd=<optimized out>, fbp=fbp@entry=0x7fffffffd380, realname=<optimized out>, loader=loader@entry=0x7ffff7ffe170, l_type=<optimized out>, mode=<optimized out>, stack_endp=<optimized out>, nsid=<optimized out>) at dl-load.c:1242
#2  0x00007ffff7dddffc in _dl_map_object (loader=0x7ffff7ffe170, name=0x5555555544d1 "libc.so.6", type=1, trace_mode=0, mode=<optimized out>, nsid=<optimized out>) at dl-load.c:2389
#3  0x00007ffff7de3312 in openaux (a=a@entry=0x7fffffffd910) at dl-deps.c:63
#4  0x00007ffff7df0c6b in _dl_catch_exception (exception=exception@entry=0x7fffffffd8f0, operate=operate@entry=0x7ffff7de32e0 <openaux>, args=args@entry=0x7fffffffd910) at dl-error-skeleton.c:196
#5  0x00007ffff7de3618 in _dl_map_object_deps (map=map@entry=0x7ffff7ffe170, preloads=<optimized out>, npreloads=npreloads@entry=0, trace_mode=trace_mode@entry=0, open_mode=open_mode@entry=0) at dl-deps.c:249
#6  0x00007ffff7dd8ea6 in dl_main (phdr=<optimized out>, phnum=<optimized out>, user_entry=<optimized out>, auxv=<optimized out>) at rtld.c:1726
#7  0x00007ffff7defdd0 in _dl_sysdep_start (start_argptr=start_argptr@entry=0x7fffffffdc80, dl_main=dl_main@entry=0x7ffff7dd7660 <dl_main>) at ../elf/dl-sysdep.c:253
#8  0x00007ffff7dd7128 in _dl_start_final (arg=0x7fffffffdc80) at rtld.c:414
#9  _dl_start (arg=0x7fffffffdc80) at rtld.c:521
#10 0x00007ffff7dd6098 in _start () from /lib64/ld-linux-x86-64.so.2
#11 0x0000000000000009 in ?? ()
#12 0x00007fffffffe08e in ?? ()
#13 0x00007fffffffe0b1 in ?? ()
#14 0x00007fffffffe0b4 in ?? ()
#15 0x00007fffffffe0d3 in ?? ()
#16 0x00007fffffffe0d6 in ?? ()
#17 0x00007fffffffe0f5 in ?? ()
#18 0x00007fffffffe0f8 in ?? ()
#19 0x00007fffffffe113 in ?? ()
#20 0x00007fffffffe116 in ?? ()
#21 0x0000000000000000 in ?? ()

22	../sysdeps/unix/sysv/linux/close.c: No such file or directory.

Backtrace END
Fliping value of field: next
Fliping a bit of the value pointed by a pointer
Fliping value of field: dont_free
Memory content before bitflip:0x010x000x000x00
Fault Model: Single bit-flip
base address to flip value: 0x7ffff7ffdff0 
address max offset: 4
Memory content after  bitflip:0x010x080x000x00
frame name: _dl_start
symbol name: _dl_rtld_libname
symbol filename: rtld.c
symbol line: 301
value: {name = 0x555555554238 "/lib64/ld-linux-x86-64.so.2", next = 0x7ffff7ffdfe0 <newname>, dont_free = 0}
value address: 0x7ffff7ffe030 <_dl_rtld_libname>
Type: The type is a structure.
Type sizeof: 24
Field name: name
Field Type: The type is a pointer.
Field Type sizeof: 8
Field name: next
Field Type: The type is a pointer.
Field Type sizeof: 8
Field name: dont_free
Field Type: The type is an integer type.
Field Type sizeof: 4

[INFO -- 2018-12-03 17:48:43]
Fault Injection Successful after 0.08879852294921875s
[INFO -- 2018-12-03 17:48:49]
event type: exit
[INFO -- 2018-12-03 17:48:49]
exit code: 0
