[INFO -- 2018-12-03 16:01:08]
Starting flip_value script
version: 1.1
[INFO -- 2018-12-03 16:01:08]
Initialization strings:
[INFO -- 2018-12-03 16:01:08]
(1) file /tmp/smith_waterman/smith_waterman
[INFO -- 2018-12-03 16:01:08]
(2) set args -x /tmp/smith_waterman/randInputX -y /tmp/smith_waterman/randInputY -o /tmp/smith_waterman/output -z /tmp/smith_waterman/detected.log
[INFO -- 2018-12-03 16:01:08]
initSignal:0
[INFO -- 2018-12-03 16:01:08]
endSignal:6
[INFO -- 2018-12-03 16:01:08]
faultModel:1
[INFO -- 2018-12-03 16:01:13]
Backtrace BEGIN:
#0  0x00005555555550d5 in smith_waterman (x_num=9900, y_num=15000, str_x=0x55555578ab40 "KKSNNFTDOOKKPPXXLLWMMFFOOOEJIIZUTOOIGGAWHMRRYPPBBHOOITEYYNNIOODDRNNAZQAZZOYCCGENXUDHHHGGWPPXSSQQPQKKHSIGYYJEFPPUJZZKHHSDDHMQQHKKHZWOFFXDDDJJYYFJJFKKRZZTOKZETLMMSCKMMJRRDSDNTIAEZZQQQXXQJJRCCAAMDHAAEUJM"..., str_y=0x55555578d200 "LKNSNFSTDOCKTPCXCLSWMFJFOOEJIIZUTPOIUGDAWHMRYOPABHZOOITEYXNHIODDDRNAZQAWZOPYCGYENXUDHPHGNWPXLSCQJPQKHSIGGYEJEFPUCJZKYHSNDHMQZQHKHZWOSFXYDDJJIYFNJFZKORZTYOKZETLMSHCKMZJRDSDNTIAEPZQDQSXQIJRMCCAUMDHAESUJ"...) at smith_waterman.c:102
#1  0x0000555555555cbf in execute (file_x_name=0x7fffffffe0b7 "/tmp/smith_waterman/randInputX", file_y_name=0x7fffffffe0d9 "/tmp/smith_waterman/randInputY") at smith_waterman.c:263
#2  0x0000555555555f1f in main (argc=9, argv=0x7fffffffdc98) at smith_waterman.c:315

97	    double max_score=0.0;
98	    for(i=1; i<x_num+1; i++){
99	        for(j=1; j<y_num+1; j++){
100	            if(str_x[i-1]==str_y[j-1]){diff=match_score;}
101	            else{diff=mismatch_score;}
102	            matrix[i][j]=my_maxof(matrix[i-1][j-1]+diff, matrix[i-1][j]+gap_score, matrix[i][j-1]+gap_score,0);
103	            if(matrix[i][j]>max_score)
104	                max_score=matrix[i][j];
105	        }
106	    }

Backtrace END
Memory content before bitflip:0xff0xff0xff0xff
Fault Model: Double bit-flip
base address to flip value: 0x7fffffffdb5c
address max offset: 4
Memory content after  bitflip:0xff0xbb0xff0xff
frame name: main
symbol name: opt
symbol filename: smith_waterman.c
symbol line: 272
value: -17409
value address: 0x7fffffffdb5c
Type: The type is an integer type.
Type sizeof: 4

[INFO -- 2018-12-03 16:01:13]
Fault Injection Successful after 5.364808082580566s
[INFO -- 2018-12-03 16:01:17]
event type: exit
[INFO -- 2018-12-03 16:01:17]
exit code: 0
