[INFO -- 2018-12-08 11:36:28]
Starting flip_value script
version: 1.1
[INFO -- 2018-12-08 11:36:28]
Initialization strings:
[INFO -- 2018-12-08 11:36:28]
(1) file /tmp/smith_waterman/smith_waterman
[INFO -- 2018-12-08 11:36:28]
(2) set args -x /tmp/smith_waterman/randInputX -y /tmp/smith_waterman/randInputY -o /tmp/smith_waterman/output -z /tmp/smith_waterman/detected.log
[INFO -- 2018-12-08 11:36:28]
initSignal:0
[INFO -- 2018-12-08 11:36:28]
endSignal:6
[INFO -- 2018-12-08 11:36:28]
faultModel:2
[INFO -- 2018-12-08 11:36:29]
Backtrace BEGIN:
#0  smith_waterman (x_num=13050, x_num2=13050, y_num=15000, y_num2=15000, str_x=0x5555557586c0 "OPPIVRYRVVLVBQXXMLTUOOROOWWGGBWTRWDOOBGGOBBMTTGGWZANNOOHKBBNNMJJIMOOQWIEEWRRTXZZWBBTMWWBZZRRYCFFOVVGGQLQOEEWWMCYOOXFTJJSVCYVEFFEUNBTDOOUSXQWJUXXRKKKVQESSENNYSSLLVVKLSGERWAASZZCJJJIIAATEQTTKNDRJKKUEEAA"..., str_y=0x55555575b9d0 "OQPZIVRYRVLVBUQXTMLTUORLOPWYGBCWTRWDONBGKOBMLTLGGWZANQOBHKBONGMJZIMOXQWIEZWRTHXZGWBTMPWWBZMRFYCFJOVGGRQLQOELWCMCYOXNFTJJSVCYVEFEUANBTDOLUSXQWJUXZRKHKVQESSENYJSSLHVGKLSGERWAASZCJLJVIZAATEQTQKNDRJKDUEKA"...) at smith_waterman.c:208
#1  0x0000555555556178 in execute (file_x_name=0x7fffffffe065 "/tmp/smith_waterman/randInputX", file_y_name=0x7fffffffe087 "/tmp/smith_waterman/randInputY") at smith_waterman.c:379
#2  0x0000555555556393 in main (argc=9, argv=0x7fffffffdc38) at smith_waterman.c:425

203	            if(str_x[i-1]==str_y[j-1]){diff=match_score;}
204	            else{diff=mismatch_score;}
205	            matrix[i][j]=my_maxof(matrix[i-1][j-1]+diff, matrix[i-1][j]+gap_score, matrix[i][j-1]+gap_score,0);
206	            if(matrix[i][j]>max_score)
207	                max_score=matrix[i][j];
208	            j2++;
209	        }
210	        i2++;
211	    }
212	    check_index(j, j2);

Backtrace END
Memory content before bitflip:0x000x000x000x000x000x700x770x40
Fault Model: Random bit-flip
base address to flip value: 0x7fffffffda10
address max offset: 8
Memory content after  bitflip:0xdc0xdf0x940x210xfd0x510xc60x9c
frame name: smith_waterman
symbol name: max_score
symbol filename: smith_waterman.c
symbol line: 195
value: -4.6205308847040419e-170
value address: 0x7fffffffda10
Type: A floating point type.
Type sizeof: 8

[INFO -- 2018-12-08 11:36:29]
Fault Injection Successful after 1.4952125549316406s
[INFO -- 2018-12-08 11:36:36]
event type: exit
[INFO -- 2018-12-08 11:36:36]
exit code: 0
