[INFO -- 2018-12-04 09:23:22]
Starting flip_value script
version: 1.1
[INFO -- 2018-12-04 09:23:22]
Initialization strings:
[INFO -- 2018-12-04 09:23:22]
(1) file /tmp/smith_waterman/smith_waterman
[INFO -- 2018-12-04 09:23:22]
(2) set args -x /tmp/smith_waterman/randInputX -y /tmp/smith_waterman/randInputY -o /tmp/smith_waterman/output -z /tmp/smith_waterman/detected.log
[INFO -- 2018-12-04 09:23:22]
initSignal:0
[INFO -- 2018-12-04 09:23:22]
endSignal:6
[INFO -- 2018-12-04 09:23:22]
faultModel:2
[INFO -- 2018-12-04 09:23:24]
Backtrace BEGIN:
#0  0x0000555555554d31 in my_maxof (a=1198, b=1200, c=1195, d=0) at smith_waterman.c:71
#1  0x0000555555555202 in smith_waterman (x_num=12300, x_num2=12300, y_num=15000, y_num2=15000, str_x=0x5555557586c0 "EYYZMOVZWWFFFGGYYGGDDVVMWLCRRSXKQALEOIFMNBBUHHSWQQZZMMSKFBBBXTZJBBUPEUFRYYMMFFBBXXILLHVAIIYCZJNNFFTKKYDDZWHHYIBXLLJGGFFBBKFFDTFFBZKFFXOWHHAAWWBJJNMFFCIXMNNCHKILLIQIIIXQQMXKKHUUSMCCMKKJANKKKSSXNQRRPPXB"..., str_y=0x55555575b6e0 "ERYCZMOVZWFUFFGOYOGWDUVSMWLCRSSXKQALEOIFMNBTUHHSWQQZKMSXKFBBXTZJLBUPREUFRYYMFFGBXXBILVHVAIYZCZJNAFFTKBYDZWRHEYIBXLJIGSFIBDKFDTUFYBZKFXOGWHNAHWBEJNMSFTCIXMNCHKJILISQIIXGQMGXKHEUUSMCMQKJDANKKWSXHNQRVPXN"...) at smith_waterman.c:141
#2  0x0000555555555e65 in execute (file_x_name=0x7fffffffe0b4 "/tmp/smith_waterman/randInputX", file_y_name=0x7fffffffe0d6 "/tmp/smith_waterman/randInputY") at smith_waterman.c:309
#3  0x0000555555556082 in main (argc=9, argv=0x7fffffffdc88) at smith_waterman.c:355

66	}
67	
68	double my_maxof(double a, double b, double c, double d)
69	{
70	    double ans=a;
71	    if(ans<b) ans=b;
72	    if(ans<c) ans=c;
73	    if(ans<d) ans=d;
74	    return ans;
75	}

Backtrace END
Memory content before bitflip:0x800xdc0xff0xff0xff0x7f0x000x00
Fault Model: Random bit-flip
base address to flip value: 0x7fffffffda60
address max offset: 8
Memory content after  bitflip:0xdb0x0d0xfe0xa50x0c0xc70x850xdb
frame name: smith_waterman
symbol name: y
symbol filename: smith_waterman.c
symbol line: 160
value: -2628475950362391077
value address: 0x7fffffffda60
Type: The type is an integer type.
Type sizeof: 8

[INFO -- 2018-12-04 09:23:24]
Fault Injection Successful after 2.4410572052001953s
[INFO -- 2018-12-04 09:23:27]
event type: exit
[INFO -- 2018-12-04 09:23:27]
exit code: 0
