[INFO -- 2018-12-09 06:01:13]
Starting flip_value script
version: 1.1
[INFO -- 2018-12-09 06:01:13]
Initialization strings:
[INFO -- 2018-12-09 06:01:13]
(1) file /tmp/smith_waterman/smith_waterman
[INFO -- 2018-12-09 06:01:13]
(2) set args -x /tmp/smith_waterman/randInputX -y /tmp/smith_waterman/randInputY -o /tmp/smith_waterman/output -z /tmp/smith_waterman/detected.log
[INFO -- 2018-12-09 06:01:13]
initSignal:0
[INFO -- 2018-12-09 06:01:13]
endSignal:6
[INFO -- 2018-12-09 06:01:13]
faultModel:2
[INFO -- 2018-12-09 06:01:15]
Backtrace BEGIN:
#0  my_maxof (a=856, b=853, c=858, d=0) at smith_waterman.c:136
#1  0x00005555555554a5 in smith_waterman (x_num=11100, x_num2=11100, y_num=15000, y_num2=15000, str_x=0x5555557586c0 "JLTBTTTRRAXRRAIMWBGFFLLQUKJJXXYYSSZMUUDDVULOTMIIZONNBGLVSSWIRTBLLHZDECCAOOWWLLMMUCCPKATCYDDRLLXUGGDZKAALOOABBNOHHQEEGZZEEEBPYYLHHKLSSNEBNQDDAETVVWXXECCLDLLLEZLZMEEZZLHAYFBEYYKBXADSBBMGGZMMYYZMEKKLROPT"..., str_y=0x55555575b230 "JLTBTSTPRAXIRZAIMWBGFBLQIUKJMXXYKSZFMUVDVULOTMWIIZONBBGLVSWIRTIBLHHZDECYAOOWCLEMMUCPVKATCYDWRLXEUGDZKIALWOHABNMOHQDEAGZFEEBYPYELHKLRSNEOBNQDAETJVWQXEPCLUDLLEPZLZMERZLHAYZFBEYKBXAYDSBOMGZZMRYZSMEKLRTOP"...) at smith_waterman.c:205
#2  0x0000555555556178 in execute (file_x_name=0x7fffffffe065 "/tmp/smith_waterman/randInputX", file_y_name=0x7fffffffe087 "/tmp/smith_waterman/randInputY") at smith_waterman.c:379
#3  0x0000555555556393 in main (argc=9, argv=0x7fffffffdc38) at smith_waterman.c:425

131	}
132	
133	double my_maxof(double a, double b, double c, double d)
134	{
135	    double ans=a;
136	    if(ans<b) ans=b;
137	    if(ans<c) ans=c;
138	    if(ans<d) ans=d;
139	    return ans;
140	}

Backtrace END
Memory content before bitflip:0x5c0x2b0x000x000x000x000x000x00
Fault Model: Random bit-flip
base address to flip value: 0x7fffffffd9d0
address max offset: 8
Memory content after  bitflip:0xd90x5e0x910xed0xe80x580x310x9a
frame name: smith_waterman
symbol name: x_num2
symbol filename: smith_waterman.c
symbol line: 156
value: -7335984560568443175
value address: 0x7fffffffd9d0
Type: The type is an integer type.
Type sizeof: 8

[INFO -- 2018-12-09 06:01:15]
Fault Injection Successful after 2.975250005722046s
[INFO -- 2018-12-09 06:01:19]
event type: exit
[INFO -- 2018-12-09 06:01:19]
exit code: 0
