[INFO -- 2018-12-08 01:32:23]
Starting flip_value script
version: 1.1
[INFO -- 2018-12-08 01:32:23]
Initialization strings:
[INFO -- 2018-12-08 01:32:23]
(1) file /tmp/smith_waterman/smith_waterman
[INFO -- 2018-12-08 01:32:23]
(2) set args -x /tmp/smith_waterman/randInputX -y /tmp/smith_waterman/randInputY -o /tmp/smith_waterman/output -z /tmp/smith_waterman/detected.log
[INFO -- 2018-12-08 01:32:23]
initSignal:0
[INFO -- 2018-12-08 01:32:23]
endSignal:6
[INFO -- 2018-12-08 01:32:23]
faultModel:0
[INFO -- 2018-12-08 01:32:28]
Backtrace BEGIN:
#0  0x00005555555556b9 in smith_waterman (x_num=15000, x_num2=15000, y_num=11100, y_num2=11100, str_x=0x5555557586c0 "OHJGBBERYBMFEFIKRMFXYCLDRLLGOGAEOJKRNQLLUXTYFBIYPPXNUITLTETKNTOBFBUSRHDNFYLMZVKQNHGHRZULDOXSJLVOOQIIXMVEKJSMEEERNKAFJVSPLPHWCDLRVVZUHWZUFTIMYOFLZGQKDIBOXJKCOXTLTUFCQGYYAIMYXRLWZCGCMIQKTDMJAHUVBBYTIYTI"..., str_y=0x55555575c170 "HJJGBBRYBBMFEFIRMFXYCCDDRLLGGGAOOJKNQQLLUTTFBIYYPXXNIITTTEKKTTOBBBURRDDNYLLMZVKNNGHHRUUDOOSJJVOOOQIIXMVEKJMEEEERNKFJJVSLLHHWDDRRVVZHHZZFFTMMOOFZZGKDDIBXXKKCXTTTUUCQQGYAIMYXXRWZZGCMIIKKTDMJHUVVBYYTITIH"...) at smith_waterman.c:241
#1  0x0000555555556178 in execute (file_x_name=0x7fffffffe065 "/tmp/smith_waterman/randInputX", file_y_name=0x7fffffffe087 "/tmp/smith_waterman/randInputY") at smith_waterman.c:379
#2  0x0000555555556393 in main (argc=9, argv=0x7fffffffdc38) at smith_waterman.c:425

236	            if(i==0 && j==0){
237	                maxValue = matrix[i][j];
238	                y = i;
239	                x = j;
240	            }
241	            if(maxValue < matrix[i][j]){
242	                maxValue = matrix[i][j];
243	                y = i;
244	                x = j;
245	            }

Backtrace END
Memory content before bitflip:0x000x000x000x000x000x000x000x00
Fault Model: Single bit-flip
base address to flip value: 0x7fffffffda78
address max offset: 8
Memory content after  bitflip:0x000x000x000x800x000x000x000x00
frame name: smith_waterman
symbol name: scoreUp
symbol filename: smith_waterman.c
symbol line: 256
value: 1.0609978954826362e-314
value address: 0x7fffffffda78
Type: A floating point type.
Type sizeof: 8

[INFO -- 2018-12-08 01:32:28]
Fault Injection Successful after 5.233205080032349s
[INFO -- 2018-12-08 01:32:29]
event type: exit
[INFO -- 2018-12-08 01:32:29]
exit code: 0
