[INFO -- 2018-12-08 13:21:23]
Starting flip_value script
version: 1.1
[INFO -- 2018-12-08 13:21:23]
Initialization strings:
[INFO -- 2018-12-08 13:21:23]
(1) file /tmp/smith_waterman/smith_waterman
[INFO -- 2018-12-08 13:21:23]
(2) set args -x /tmp/smith_waterman/randInputX -y /tmp/smith_waterman/randInputY -o /tmp/smith_waterman/output -z /tmp/smith_waterman/detected.log
[INFO -- 2018-12-08 13:21:23]
initSignal:0
[INFO -- 2018-12-08 13:21:23]
endSignal:6
[INFO -- 2018-12-08 13:21:23]
faultModel:0
[INFO -- 2018-12-08 13:21:24]
Backtrace BEGIN:
#0  test_globals () at smith_waterman.c:75
#1  0x0000555555555371 in smith_waterman (x_num=13050, x_num2=13050, y_num=15000, y_num2=15000, str_x=0x5555557586c0 "OPPIVRYRVVLVBQXXMLTUOOROOWWGGBWTRWDOOBGGOBBMTTGGWZANNOOHKBBNNMJJIMOOQWIEEWRRTXZZWBBTMWWBZZRRYCFFOVVGGQLQOEEWWMCYOOXFTJJSVCYVEFFEUNBTDOOUSXQWJUXXRKKKVQESSENNYSSLLVVKLSGERWAASZZCJJJIIAATEQTTKNDRJKKUEEAA"..., str_y=0x55555575b9d0 "OQPZIVRYRVLVBUQXTMLTUORLOPWYGBCWTRWDONBGKOBMLTLGGWZANQOBHKBONGMJZIMOXQWIEZWRTHXZGWBTMPWWBZMRFYCFJOVGGRQLQOELWCMCYOXNFTJJSVCYVEFEUANBTDOLUSXQWJUXZRKHKVQESSENYJSSLHVGKLSGERWAASZCJLJVIZAATEQTQKNDRJKDUEKA"...) at smith_waterman.c:202
#2  0x0000555555556178 in execute (file_x_name=0x7fffffffe065 "/tmp/smith_waterman/randInputX", file_y_name=0x7fffffffe087 "/tmp/smith_waterman/randInputY") at smith_waterman.c:379
#3  0x0000555555556393 in main (argc=9, argv=0x7fffffffdc38) at smith_waterman.c:425

70	
71	
72	    exit(0); // ocorreu SDC
73	}
74	
75	void test_globals(){
76		if( (match_score != match_score2) || (gap_score != gap_score2) || (mismatch_score != mismatch_score2) )
77	    {
78			sdc_exit();
79	    }

Backtrace END
Memory content before bitflip:0x000x000x000x000x000x000x000x00
Fault Model: Single bit-flip
base address to flip value: 0x7fffffffda80
address max offset: 8
Memory content after  bitflip:0x010x000x000x000x000x000x000x00
frame name: smith_waterman
symbol name: scoreLeft
symbol filename: smith_waterman.c
symbol line: 257
value: 4.9406564584124654e-324
value address: 0x7fffffffda80
Type: A floating point type.
Type sizeof: 8

[INFO -- 2018-12-08 13:21:24]
Fault Injection Successful after 1.6836628913879395s
[INFO -- 2018-12-08 13:21:30]
event type: exit
[INFO -- 2018-12-08 13:21:30]
exit code: 0
