[INFO -- 2018-12-08 18:43:09]
Starting flip_value script
version: 1.1
[INFO -- 2018-12-08 18:43:09]
Initialization strings:
[INFO -- 2018-12-08 18:43:09]
(1) file /tmp/smith_waterman/smith_waterman
[INFO -- 2018-12-08 18:43:09]
(2) set args -x /tmp/smith_waterman/randInputX -y /tmp/smith_waterman/randInputY -o /tmp/smith_waterman/output -z /tmp/smith_waterman/detected.log
[INFO -- 2018-12-08 18:43:09]
initSignal:0
[INFO -- 2018-12-08 18:43:09]
endSignal:6
[INFO -- 2018-12-08 18:43:09]
faultModel:0
[INFO -- 2018-12-08 18:43:09]
Backtrace BEGIN:
#0  __memset_sse2_unaligned_erms () at ../sysdeps/x86_64/multiarch/memset-vec-unaligned-erms.S:200
#1  0x00007ffff7a7e3a2 in __libc_calloc (n=<optimized out>, elem_size=<optimized out>) at malloc.c:3488
#2  0x00005555555550ec in smith_waterman (x_num=15000, x_num2=15000, y_num=12150, y_num2=12150, str_x=0x5555557586c0 "XVDLHCJWPSEBDCNRHWOWBXQOTWEAMFHJDMVKOGJGYPHCUUVBQMZTLPIENOGAWNLZZILOQUUPMDTGYQHQCGKPYUTNKAPGNDHPLVFERBTDEOJEESVJZHYZDUONUEWJHFYUADYUETXLJJPQBKBCRZDUTSKPYIZHNZDQDEMJXJUJUKZYWACOBGKXAWMYGNFUNIMSMYBMJYVE"..., str_y=0x55555575c170 "XVDHHJJWPEEBCCNHWWOBXQQOTWEAMFJJMMVOGJJGYPHCUUVBMZTTLPINOOGANNLZZLLQQUUPMTGYQQHQCGPPYUTNKPPGNHHLVVEEBBDEEJJESSJJZHZZDUNUEEWHHFYAAYUEEXLJJPPQBKBRRDUTSSPPYZZNNZDQDMJXJUJUKZZYWACBBGXXWWYYGNFNNISSMYBJJYVI"...) at smith_waterman.c:166
#3  0x0000555555556178 in execute (file_x_name=0x7fffffffe065 "/tmp/smith_waterman/randInputX", file_y_name=0x7fffffffe087 "/tmp/smith_waterman/randInputY") at smith_waterman.c:379
#4  0x0000555555556393 in main (argc=9, argv=0x7fffffffdc38) at smith_waterman.c:425

195	../sysdeps/x86_64/multiarch/memset-vec-unaligned-erms.S: No such file or directory.

Backtrace END
Memory content before bitflip:0x000x000x000x000x000x000x000xc0
Fault Model: Single bit-flip
base address to flip value: 0x555555757030 
address max offset: 8
Memory content after  bitflip:0x000x000x000x000x000x000x000x80
frame name: main
symbol name: gap_score
symbol filename: smith_waterman.c
symbol line: 11
value: -0
value address: 0x555555757030 <gap_score>
Type: A floating point type.
Type sizeof: 8

[INFO -- 2018-12-08 18:43:09]
Fault Injection Successful after 0.9664814472198486s
[INFO -- 2018-12-08 18:43:10]
event type: exit
[INFO -- 2018-12-08 18:43:10]
exit code: 0
