[INFO -- 2018-12-05 23:25:08]
Starting flip_value script
version: 1.1
[INFO -- 2018-12-05 23:25:08]
Initialization strings:
[INFO -- 2018-12-05 23:25:08]
(1) file /tmp/smith_waterman/smith_waterman
[INFO -- 2018-12-05 23:25:08]
(2) set args -x /tmp/smith_waterman/randInputX -y /tmp/smith_waterman/randInputY -o /tmp/smith_waterman/output -z /tmp/smith_waterman/detected.log
[INFO -- 2018-12-05 23:25:08]
initSignal:0
[INFO -- 2018-12-05 23:25:08]
endSignal:6
[INFO -- 2018-12-05 23:25:08]
faultModel:1
[INFO -- 2018-12-05 23:25:12]
Backtrace BEGIN:
#0  0x00005555555553cd in smith_waterman (x_num=15000, x_num2=15000, y_num=10200, y_num2=10200, str_x=0x5555557586c0 "UYSBZEDUESXVUGLTTBIEPRWRMJYXPXLJVDNXIQTOIQJFYXARAIWPBUHNDFMSCYEADRZNJSBUINBIMBZMMXBNSKDVSPQWNUWTNVGWPKQZZTHLVHXJGAYYNBWFRMBGIABVXITNSMMTFWECFDLLFMKSNIZGWDPEDQBCYURSGGLMCRQHUESAQEUDMWKIZBOERPGQMAKSGYGI"..., str_y=0x55555575c170 "UYSBZEDUESVUGGLTBBIPPWWRJJYPXLJVVDXIITTIQQJYYAARAIWBBUHNDFMSCYEARZNNJSBUNBBIMBMMXBNSKDDVSQWNNWTNNVWPKKZZZTHLVHJJAAYNBBWFRBGIIAVXITNSSMTFFWCFFLLLMMSSNIGWWDPDDQCYYURGGLLCCQHUUESAEEUMWKIIBBEERGQMAKKSGYGI"...) at smith_waterman.c:173
#1  0x0000555555555e65 in execute (file_x_name=0x7fffffffe0b4 "/tmp/smith_waterman/randInputX", file_y_name=0x7fffffffe0d6 "/tmp/smith_waterman/randInputY") at smith_waterman.c:309
#2  0x0000555555556082 in main (argc=9, argv=0x7fffffffdc88) at smith_waterman.c:355

168	            if(i==0 && j==0){
169	                maxValue = matrix[i][j];
170	                y = i;
171	                x = j;
172	            }
173	            if(maxValue < matrix[i][j]){
174	                maxValue = matrix[i][j];
175	                y = i;
176	                x = j;
177	            }

Backtrace END
Memory content before bitflip:0xa00xc20xdc0xf70xff0x7f0x000x00
Fault Model: Double bit-flip
base address to flip value: 0x7fffffffdaa8
address max offset: 8
Memory content after  bitflip:0xa00xc20xdc0xf70xff0x670x000x00
frame name: smith_waterman
symbol name: score
symbol filename: smith_waterman.c
symbol line: 184
value: 5.6495948485260167e-310
value address: 0x7fffffffdaa8
Type: A floating point type.
Type sizeof: 8

[INFO -- 2018-12-05 23:25:12]
Fault Injection Successful after 4.222204923629761s
[INFO -- 2018-12-05 23:25:12]
event type: exit
[INFO -- 2018-12-05 23:25:12]
exit code: 0
