[INFO -- 2018-12-09 09:46:39]
Starting flip_value script
version: 1.1
[INFO -- 2018-12-09 09:46:39]
Initialization strings:
[INFO -- 2018-12-09 09:46:39]
(1) file /tmp/smith_waterman/smith_waterman
[INFO -- 2018-12-09 09:46:39]
(2) set args -x /tmp/smith_waterman/randInputX -y /tmp/smith_waterman/randInputY -o /tmp/smith_waterman/output -z /tmp/smith_waterman/detected.log
[INFO -- 2018-12-09 09:46:39]
initSignal:0
[INFO -- 2018-12-09 09:46:39]
endSignal:6
[INFO -- 2018-12-09 09:46:39]
faultModel:1
[INFO -- 2018-12-09 09:46:40]
Backtrace BEGIN:
#0  test_globals () at smith_waterman.c:80
#1  0x0000555555555371 in smith_waterman (x_num=15000, x_num2=15000, y_num=13800, y_num2=13800, str_x=0x5555557586c0 "IMTTSUDHNRKNEWSNEACUQCJXJYEJAAAIPWBHSEPGXZVCVNRBNVVGYHFJHJUHMXPBTSILZZTWZOAWBSYRNVZNEEXMPRTBOLEHDPVEOOBNDBMGTKXHHWWMCTYSNTVBGALMPIQFWRTBVHIQRHZYGWMIPMCCGYGOATARDRWBKRDFYNWRWVSCTENJRRNZRVNTQOKTHJVRCYZD"..., str_y=0x55555575c170 "IMTSUDDNRRNNEWNNEACUQJXXYYJJAAAPPBHSEPGGXVVCVRRBNVGYYFJJHUHMMXBBTSIZZZWZOAWWSSRRNVNEEEXMPRTOLEHHDPVOOOBDDBMGKXHHWWMCTTYSNVVGAALMIQFWWRBVHHIRRHZYGWMIPCCCYYOOTTRDRWBBKDDFYNWWVSSTENJJRNZRRNNTOKTTHVRCYZZD"...) at smith_waterman.c:202
#2  0x0000555555556178 in execute (file_x_name=0x7fffffffe065 "/tmp/smith_waterman/randInputX", file_y_name=0x7fffffffe087 "/tmp/smith_waterman/randInputY") at smith_waterman.c:379
#3  0x0000555555556393 in main (argc=9, argv=0x7fffffffdc38) at smith_waterman.c:425

75	void test_globals(){
76		if( (match_score != match_score2) || (gap_score != gap_score2) || (mismatch_score != mismatch_score2) )
77	    {
78			sdc_exit();
79	    }
80	}
81	
82	void sizeof_string(FILE* fpx, FILE* fpy, long* x_num, long* y_num)
83	{
84	    *x_num=0;

Backtrace END
Fliping a bit of the pointer
Memory content before bitflip:0xc00x860x750x550x550x550x000x00
Fault Model: Double bit-flip
base address to flip value: 0x7fffffffd9b8
address max offset: 8
Memory content after  bitflip:0xc00xe60x750x550x550x550x000x00
frame name: smith_waterman
symbol name: str_x
symbol filename: smith_waterman.c
symbol line: 156
value: 0x5555557586c0 "IMTTSUDHNRKNEWSNEACUQCJXJYEJAAAIPWBHSEPGXZVCVNRBNVVGYHFJHJUHMXPBTSILZZTWZOAWBSYRNVZNEEXMPRTBOLEHDPVEOOBNDBMGTKXHHWWMCTYSNTVBGALMPIQFWRTBVHIQRHZYGWMIPMCCGYGOATARDRWBKRDFYNWRWVSCTENJRRNZRVNTQOKTHJVRCYZD"...
value address: 0x7fffffffd9b8
Type: The type is a pointer.
Type sizeof: 8

[INFO -- 2018-12-09 09:46:40]
Fault Injection Successful after 1.988908052444458s
[INFO -- 2018-12-09 09:46:47]
event type: exit
[INFO -- 2018-12-09 09:46:47]
exit code: 0
