[INFO -- 2018-12-03 16:00:41]
Starting flip_value script
version: 1.1
[INFO -- 2018-12-03 16:00:41]
Initialization strings:
[INFO -- 2018-12-03 16:00:41]
(1) file /tmp/smith_waterman/smith_waterman
[INFO -- 2018-12-03 16:00:41]
(2) set args -x /tmp/smith_waterman/randInputX -y /tmp/smith_waterman/randInputY -o /tmp/smith_waterman/output -z /tmp/smith_waterman/detected.log
[INFO -- 2018-12-03 16:00:41]
initSignal:0
[INFO -- 2018-12-03 16:00:41]
endSignal:6
[INFO -- 2018-12-03 16:00:41]
faultModel:1
[INFO -- 2018-12-03 16:00:41]
Backtrace BEGIN:
#0  0x0000555555554efe in smith_waterman (x_num=9900, y_num=15000, str_x=0x5555557586c0 "KKSNNFTDOOKKPPXXLLWMMFFOOOEJIIZUTOOIGGAWHMRRYPPBBHOOITEYYNNIOODDRNNAZQAZZOYCCGENXUDHHHGGWPPXSSQQPQKKHSIGYYJEFPPUJZZKHHSDDHMQQHKKHZWOFFXDDDJJYYFJJFKKRZZTOKZETLMMSCKMMJRRDSDNTIAEZZQQQXXQJJRCCAAMDHAAEUJM"..., str_y=0x55555575ad80 "LKNSNFSTDOCKTPCXCLSWMFJFOOEJIIZUTPOIUGDAWHMRYOPABHZOOITEYXNHIODDDRNAZQAWZOPYCGYENXUDHPHGNWPXLSCQJPQKHSIGGYEJEFPUCJZKYHSNDHMQZQHKHZWOSFXYDDJJIYFNJFZKORZTYOKZETLMSHCKMZJRDSDNTIAEPZQDQSXQIJRMCCAUMDHAESUJ"...) at smith_waterman.c:93
#1  0x0000555555555cbf in execute (file_x_name=0x7fffffffe0b7 "/tmp/smith_waterman/randInputX", file_y_name=0x7fffffffe0d9 "/tmp/smith_waterman/randInputY") at smith_waterman.c:263
#2  0x0000555555555f08 in main (argc=9, argv=0x7fffffffdc98) at smith_waterman.c:314

88	        matrix[i]=matrix[0]+(y_num+1)*i;
89	    }
90	
91	    long j;
92		
93	    for(i=0; i<x_num+1; i++){matrix[i][0]=0.0;}
94	    for(i=0; i<y_num+1; i++){matrix[0][i]=0.0;}
95		
96	    double diff=0.0;
97	    double max_score=0.0;

Backtrace END
Memory content before bitflip:0x000x000x000x000x000x000xf00x3f
Fault Model: Double bit-flip
base address to flip value: 0x555555757018 
address max offset: 8
Memory content after  bitflip:0x820x000x000x000x000x000xf00x3f
frame name: execute
symbol name: match_score2
symbol filename: smith_waterman.c
symbol line: 8
value: 1.0000000000000289
value address: 0x555555757018 <match_score2>
Type: A floating point type.
Type sizeof: 8

[INFO -- 2018-12-03 16:00:41]
Fault Injection Successful after 0.674030065536499s
[INFO -- 2018-12-03 16:00:49]
event type: exit
[INFO -- 2018-12-03 16:00:49]
exit code: 0
