[INFO -- 2018-12-04 11:19:49]
Starting flip_value script
version: 1.1
[INFO -- 2018-12-04 11:19:49]
Initialization strings:
[INFO -- 2018-12-04 11:19:49]
(1) file /tmp/smith_waterman/smith_waterman
[INFO -- 2018-12-04 11:19:49]
(2) set args -x /tmp/smith_waterman/randInputX -y /tmp/smith_waterman/randInputY -o /tmp/smith_waterman/output -z /tmp/smith_waterman/detected.log
[INFO -- 2018-12-04 11:19:49]
initSignal:0
[INFO -- 2018-12-04 11:19:49]
endSignal:6
[INFO -- 2018-12-04 11:19:49]
faultModel:0
[INFO -- 2018-12-04 11:19:52]
Backtrace BEGIN:
#0  0x000055555555523d in smith_waterman (x_num=12300, x_num2=12300, y_num=15000, y_num2=15000, str_x=0x5555557586c0 "EYYZMOVZWWFFFGGYYGGDDVVMWLCRRSXKQALEOIFMNBBUHHSWQQZZMMSKFBBBXTZJBBUPEUFRYYMMFFBBXXILLHVAIIYCZJNNFFTKKYDDZWHHYIBXLLJGGFFBBKFFDTFFBZKFFXOWHHAAWWBJJNMFFCIXMNNCHKILLIQIIIXQQMXKKHUUSMCCMKKJANKKKSSXNQRRPPXB"..., str_y=0x55555575b6e0 "ERYCZMOVZWFUFFGOYOGWDUVSMWLCRSSXKQALEOIFMNBTUHHSWQQZKMSXKFBBXTZJLBUPREUFRYYMFFGBXXBILVHVAIYZCZJNAFFTKBYDZWRHEYIBXLJIGSFIBDKFDTUFYBZKFXOGWHNAHWBEJNMSFTCIXMNCHKJILISQIIXGQMGXKHEUUSMCMQKJDANKKWSXHNQRVPXN"...) at smith_waterman.c:142
#1  0x0000555555555e65 in execute (file_x_name=0x7fffffffe0b4 "/tmp/smith_waterman/randInputX", file_y_name=0x7fffffffe0d6 "/tmp/smith_waterman/randInputY") at smith_waterman.c:309
#2  0x0000555555556082 in main (argc=9, argv=0x7fffffffdc88) at smith_waterman.c:355

137	        check_index(i, i2);
138	        for(j=1; j<y_num+1; j++){
139	            if(str_x[i-1]==str_y[j-1]){diff=match_score;}
140	            else{diff=mismatch_score;}
141	            matrix[i][j]=my_maxof(matrix[i-1][j-1]+diff, matrix[i-1][j]+gap_score, matrix[i][j-1]+gap_score,0);
142	            if(matrix[i][j]>max_score)
143	                max_score=matrix[i][j];
144	        }
145	        i2++;
146	    }

Backtrace END
Fliping a bit of the value pointed by a pointer
Fliping value of field: _markers
Fliping a bit of the pointer
Memory content before bitflip:0x000x000x000x000x000x000x000x00
Fault Model: Single bit-flip
base address to flip value: 0x5555557582c0
address max offset: 8
Memory content after  bitflip:0x000x000x000x000x000x000x080x00
frame name: execute
symbol name: fpy
symbol filename: smith_waterman.c
symbol line: 296
value: 0x555555758260
value address: 0x7fffffffdb08
Type: The type is a pointer.
Type sizeof: 8

[INFO -- 2018-12-04 11:19:52]
Fault Injection Successful after 3.524178981781006s
[INFO -- 2018-12-04 11:19:54]
event type: exit
[INFO -- 2018-12-04 11:19:54]
exit code: 0
