[INFO -- 2018-12-04 02:47:34]
Starting flip_value script
version: 1.1
[INFO -- 2018-12-04 02:47:34]
Initialization strings:
[INFO -- 2018-12-04 02:47:34]
(1) file /tmp/smith_waterman/smith_waterman
[INFO -- 2018-12-04 02:47:34]
(2) set args -x /tmp/smith_waterman/randInputX -y /tmp/smith_waterman/randInputY -o /tmp/smith_waterman/output -z /tmp/smith_waterman/detected.log
[INFO -- 2018-12-04 02:47:34]
initSignal:0
[INFO -- 2018-12-04 02:47:34]
endSignal:6
[INFO -- 2018-12-04 02:47:34]
faultModel:1
[INFO -- 2018-12-04 02:47:34]
Backtrace BEGIN:
#0  0x0000555555554fa6 in smith_waterman (x_num=14700, x_num2=14700, y_num=15000, y_num2=15000, str_x=0x5555557586c0 "NBBYQVYKKFOOZZTXXXLQRUUNUKCKOWDDCXSSAAYGXXVGQQKOOOFFIUUSVXDJJBONBPVVRGYYDEECPRFFNQNLHDDWIIRKTTFLKNCTTCXLJBDDDINTTVASFFLLVDDQKKBBVVFQIPPVQQYSTJFEHHHJNYDDVDDOMPLLNWVVFTYYLQQCYYHFFDSDRRBBVCPSSGUEEFFRRYHC"..., str_y=0x55555575c040 "NQBYQVYEKFYOZZTCXXLQRAUNUKCKOKWDCXBSUAYGHXVGYQKWOWOFWIUSVXDJJBONBPGVRGCYDZECPRAFNQNLZHDWGIFRKTFLKNICTMCXLJBDADINTVASFFOLOVDAQKNBXVFQIHPVQQYSTJFNEHHJNYXDVCDOMQPLNWBVFTTYLRQFCYUHFDSUDRXBVCPJSGUIEYFJRYHC"...) at smith_waterman.c:121
#1  0x0000555555555e65 in execute (file_x_name=0x7fffffffe0b4 "/tmp/smith_waterman/randInputX", file_y_name=0x7fffffffe0d6 "/tmp/smith_waterman/randInputY") at smith_waterman.c:309
#2  0x0000555555556082 in main (argc=9, argv=0x7fffffffdc88) at smith_waterman.c:355

116	    long j;
117		
118	    i2 = 0;
119	    for(i=0; i<x_num+1; i++){
120	        check_index(i, i2);
121	        matrix[i][0]=0.0;
122	        i2++;
123	    }
124	    check_index(i, i2);
125	    i2 = 0;

Backtrace END
Memory content before bitflip:0x000x000x000x000x000x000xf00xbf
Fault Model: Double bit-flip
base address to flip value: 0x555555757028 
address max offset: 8
Memory content after  bitflip:0x000x000x000x000x000x000xf00x9e
frame name: main
symbol name: mismatch_score2
symbol filename: smith_waterman.c
symbol line: 10
value: -1.1380524797363597e-159
value address: 0x555555757028 <mismatch_score2>
Type: A floating point type.
Type sizeof: 8

[INFO -- 2018-12-04 02:47:35]
Fault Injection Successful after 0.9999985694885254s
[INFO -- 2018-12-04 02:47:40]
event type: exit
[INFO -- 2018-12-04 02:47:40]
exit code: 0
