[INFO -- 2018-12-05 03:00:46]
Starting flip_value script
version: 1.1
[INFO -- 2018-12-05 03:00:46]
Initialization strings:
[INFO -- 2018-12-05 03:00:46]
(1) file /tmp/smith_waterman/smith_waterman
[INFO -- 2018-12-05 03:00:46]
(2) set args -x /tmp/smith_waterman/randInputX -y /tmp/smith_waterman/randInputY -o /tmp/smith_waterman/output -z /tmp/smith_waterman/detected.log
[INFO -- 2018-12-05 03:00:46]
initSignal:0
[INFO -- 2018-12-05 03:00:46]
endSignal:6
[INFO -- 2018-12-05 03:00:46]
faultModel:0
[INFO -- 2018-12-05 03:00:52]
Backtrace BEGIN:
#0  malloc (n=13) at dl-minimal.c:50
#1  <function called from gdb>
#2  0x00007ffff7affab7 in munmap () at ../sysdeps/unix/syscall-template.S:78
#3  0x00007ffff7a7bbef in munmap_chunk (p=0x7fff94e62000) at malloc.c:2854
#4  __GI___libc_free (mem=0x7fff94e62010) at malloc.c:3117
#5  0x0000555555555d16 in smith_waterman (x_num=13800, x_num2=13800, y_num=15000, y_num2=15000, str_x=0x5555557586c0 "BYBQQNZZBIYYFEOHHXZSSENNCDOOHGZKGCCVVCXFKXXPDMMADYSIEEHGMMMUUKGDPPYFJVMMUJNXXMZAAMLQBBINWKHTUUWJXWQJJCCOOOMMNJOVFBOOGOOIYDBBTZGGVZDPDDKRRQHOBXXLYZOHQIRROULLTUURTEEWOMMQEXJJUVQSWWHOOTTEPQQLKMCDSSCJJBEF"..., str_y=0x55555575bcc0 "VBYBQNNZBNIYSFEOHXPZSFENNCDOBHGZKGCBVQCXFKXXPDMZADYSIEHXGMMJUUKGDPHYFJVMWUJNXXMZAMRLQBIYNWKHTUQWJXWQJSCFOOUMNJLOVFBOGJOTIYDBVTZGSVZDPDKERFQHOBXLIYZOHQIRONULGTUARTEIWOMQVEXJIUVQSWHBORTFEPQMLKMCDSMCJBSE"...) at smith_waterman.c:290
#6  0x0000555555555e65 in execute (file_x_name=0x7fffffffe0b4 "/tmp/smith_waterman/randInputX", file_y_name=0x7fffffffe0d6 "/tmp/smith_waterman/randInputY") at smith_waterman.c:309
#7  0x0000555555556082 in main (argc=9, argv=0x7fffffffdc88) at smith_waterman.c:355

45	dl-minimal.c: No such file or directory.

Backtrace END
Memory content before bitflip:0x000x000x000x000x000x000x000xc0
Fault Model: Single bit-flip
base address to flip value: 0x555555757030 
address max offset: 8
Memory content after  bitflip:0x000x000x000x800x000x000x000xc0
frame name: execute
symbol name: gap_score
symbol filename: smith_waterman.c
symbol line: 11
value: -2.0000009536743164
value address: 0x555555757030 <gap_score>
Type: A floating point type.
Type sizeof: 8

[INFO -- 2018-12-05 03:00:52]
Fault Injection Successful after 6.517657041549683s
[INFO -- 2018-12-05 03:00:52]
event type: exit
[INFO -- 2018-12-05 03:00:52]
exit code: 0
