[INFO -- 2019-09-03 12:15:02]
Starting flip_value script
version: 1.1
[INFO -- 2019-09-03 12:15:02]
Initialization strings:
[INFO -- 2019-09-03 12:15:02]
(1) file /tmp/smith_waterman/smith_waterman
[INFO -- 2019-09-03 12:15:02]
(2) set args -x /tmp/smith_waterman/randInputX -y /tmp/smith_waterman/randInputY -o /tmp/smith_waterman/output -z /tmp/smith_waterman/detected.log
[INFO -- 2019-09-03 12:15:02]
initSignal:0
[INFO -- 2019-09-03 12:15:02]
endSignal:6
[INFO -- 2019-09-03 12:15:02]
faultModel:0
[INFO -- 2019-09-03 12:15:02]
Backtrace BEGIN:
#0  0x0000555555554efe in smith_waterman (x_num=12600, y_num=15000, str_x=0x5555557586c0 "KSAVLLDRSWWNAPQVVQQRRQGQWTGGEPUHWACHDDYVVUPVVHHGAAAXQJMMCTTMMZZLLZZUXXASIINNZZFZGGQRPIDHHAANCQAABUGPPPHHXUUAABZZXXQYWQQWWHHMZZMYQJEYOOMNNIKKKPPTOIVVKKCEEQOZBBHKFFKTZZIKKTWWQPYYHTTTTCGUVZLLYYKFGGYYFFIT"..., str_y=0x55555575b810 "KSAHVLDRRSWNSAPQVAQIRQGQWTHGEPUQHWACHDWYVUNPVEHQGAAXQJPMCXTHMPZVLZZUCXSASIRNMZFTZGQRPIDRHYATNCQABPUGPPIHXZULABEZHXQYFWQMWSHMUZMYQJEFYOMXNIKOKPPTOISVEKJCEQOZPBZHKFNKTZJIKTYWKQPYYHTETCGYUVZLYYTKFGUYHFIT"...) at smith_waterman.c:93
#1  0x0000555555555cbf in execute (file_x_name=0x7fffffffe218 "/tmp/smith_waterman/randInputX", file_y_name=0x7fffffffe23a "/tmp/smith_waterman/randInputY") at smith_waterman.c:263
#2  0x0000555555555f08 in main (argc=9, argv=0x7fffffffde68) at smith_waterman.c:314

88	        matrix[i]=matrix[0]+(y_num+1)*i;
89	    }
90	
91	    long j;
92		
93	    for(i=0; i<x_num+1; i++){matrix[i][0]=0.0;}
94	    for(i=0; i<y_num+1; i++){matrix[0][i]=0.0;}
95		
96	    double diff=0.0;
97	    double max_score=0.0;

Backtrace END
Memory content before bitflip:0x000x000x000x000x000x000x000xc0
Fault Model: Single bit-flip
base address to flip value: 0x555555757030 
address max offset: 8
Memory content after  bitflip:0x000x000x000x000x100x000x000xc0
frame name: execute
symbol name: gap_score
symbol filename: smith_waterman.c
symbol line: 11
value: -2.000030517578125
value address: 0x555555757030 <gap_score>
Type: A floating point type.
Type sizeof: 8

[INFO -- 2019-09-03 12:15:02]
Fault Injection Successful after 0.7980663776397705s
[INFO -- 2019-09-03 12:15:07]
event type: exit
[INFO -- 2019-09-03 12:15:07]
exit code: 0
