[INFO -- 2018-12-03 21:05:22]
Starting flip_value script
version: 1.1
[INFO -- 2018-12-03 21:05:22]
Initialization strings:
[INFO -- 2018-12-03 21:05:22]
(1) file /tmp/smith_waterman/smith_waterman
[INFO -- 2018-12-03 21:05:22]
(2) set args -x /tmp/smith_waterman/randInputX -y /tmp/smith_waterman/randInputY -o /tmp/smith_waterman/output -z /tmp/smith_waterman/detected.log
[INFO -- 2018-12-03 21:05:22]
initSignal:0
[INFO -- 2018-12-03 21:05:22]
endSignal:6
[INFO -- 2018-12-03 21:05:22]
faultModel:0
[EXCEPTION -- 2018-12-03 21:05:22]
gdbException: Attempt to dereference a generic pointer.
[INFO -- 2018-12-03 21:05:26]
event type: exit
[INFO -- 2018-12-03 21:05:26]
exit code: 0
