[INFO -- 2018-12-09 05:52:29]
Starting flip_value script
version: 1.1
[INFO -- 2018-12-09 05:52:29]
Initialization strings:
[INFO -- 2018-12-09 05:52:29]
(1) file /tmp/smith_waterman/smith_waterman
[INFO -- 2018-12-09 05:52:29]
(2) set args -x /tmp/smith_waterman/randInputX -y /tmp/smith_waterman/randInputY -o /tmp/smith_waterman/output -z /tmp/smith_waterman/detected.log
[INFO -- 2018-12-09 05:52:29]
initSignal:0
[INFO -- 2018-12-09 05:52:29]
endSignal:6
[INFO -- 2018-12-09 05:52:29]
faultModel:2
[INFO -- 2018-12-09 05:52:34]
Backtrace BEGIN:
#0  smith_waterman (x_num=11100, x_num2=11100, y_num=15000, y_num2=15000, str_x=0x5555557586c0 "JLTBTTTRRAXRRAIMWBGFFLLQUKJJXXYYSSZMUUDDVULOTMIIZONNBGLVSSWIRTBLLHZDECCAOOWWLLMMUCCPKATCYDDRLLXUGGDZKAALOOABBNOHHQEEGZZEEEBPYYLHHKLSSNEBNQDDAETVVWXXECCLDLLLEZLZMEEZZLHAYFBEYYKBXADSBBMGGZMMYYZMEKKLROPT"..., str_y=0x55555575b230 "JLTBTSTPRAXIRZAIMWBGFBLQIUKJMXXYKSZFMUVDVULOTMWIIZONBBGLVSWIRTIBLHHZDECYAOOWCLEMMUCPVKATCYDWRLXEUGDZKIALWOHABNMOHQDEAGZFEEBYPYELHKLRSNEOBNQDAETJVWQXEPCLUDLLEPZLZMERZLHAYZFBEYKBXAYDSBOMGZZMRYZSMEKLRTOP"...) at smith_waterman.c:246
#1  0x0000555555556178 in execute (file_x_name=0x7fffffffe065 "/tmp/smith_waterman/randInputX", file_y_name=0x7fffffffe087 "/tmp/smith_waterman/randInputY") at smith_waterman.c:379
#2  0x0000555555556393 in main (argc=9, argv=0x7fffffffdc38) at smith_waterman.c:425

241	            if(maxValue < matrix[i][j]){
242	                maxValue = matrix[i][j];
243	                y = i;
244	                x = j;
245	            }
246	            j2++;
247	        }
248	        i2++;
249	    }
250	    check_index(j, j2);

Backtrace END
Fliping a bit of the pointer
Memory content before bitflip:0x380xdc0xff0xff0xff0x7f0x000x00
Fault Model: Random bit-flip
base address to flip value: 0x7fffffffdb10
address max offset: 8
Memory content after  bitflip:0xe00xfd0x6f0xde0x240x490x9a0xcd
frame name: main
symbol name: argv
symbol filename: smith_waterman.c
symbol line: 386
value: 0x7fffffffdc38
value address: 0x7fffffffdb10
Type: The type is a pointer.
Type sizeof: 8

[INFO -- 2018-12-09 05:52:34]
Fault Injection Successful after 5.14749550819397s
[INFO -- 2018-12-09 05:52:35]
event type: exit
[INFO -- 2018-12-09 05:52:35]
exit code: 0
