[INFO -- 2018-12-08 04:30:02]
Starting flip_value script
version: 1.1
[INFO -- 2018-12-08 04:30:02]
Initialization strings:
[INFO -- 2018-12-08 04:30:02]
(1) file /tmp/smith_waterman/smith_waterman
[INFO -- 2018-12-08 04:30:02]
(2) set args -x /tmp/smith_waterman/randInputX -y /tmp/smith_waterman/randInputY -o /tmp/smith_waterman/output -z /tmp/smith_waterman/detected.log
[INFO -- 2018-12-08 04:30:02]
initSignal:0
[INFO -- 2018-12-08 04:30:02]
endSignal:6
[INFO -- 2018-12-08 04:30:02]
faultModel:0
[INFO -- 2018-12-08 04:30:07]
Backtrace BEGIN:
#0  0x0000555555555360 in smith_waterman (x_num=12150, x_num2=12150, y_num=15000, y_num2=15000, str_x=0x5555557586c0 "VVEHCQLLZKVGVBBGHUUUUOHHKKJRTLYHHJLAAYXBKUFNNKOTUNNQNNXHZGBSUGTRROTTBLUMGDTQQHORRCCSQZBRICMKKFFITTUJQQXNRIIKAWWCCAMVNNMJSYCCDSNOOAXVRUNNNSZOXXIXXURYJIIBCXGHMMVMMUDFQNUFFSSZSCVPMMQPPJJXXPBPDVVRSYILLTTT"..., str_y=0x55555575b640 "DVEHCRQLZKVGVTBGFHUUUOYHHKJRTLFYHJILAYXBKUJFNKOTUKNQYNXHZGBSUGTBRBOTBLUMGDTTQHOKRDCSQZBRICMCKFFBITUJHQXNURIKAXWSCAMVZNMJSYNCDSGNOAXVRUKNNSZORXIUXURYJDIBCXGHQMVGMUDFQNUEFTSZSCVPWMQHPAJTXPBPDYVRSYXILTMT"...) at smith_waterman.c:201
#1  0x0000555555556178 in execute (file_x_name=0x7fffffffe065 "/tmp/smith_waterman/randInputX", file_y_name=0x7fffffffe087 "/tmp/smith_waterman/randInputY") at smith_waterman.c:379
#2  0x0000555555556393 in main (argc=9, argv=0x7fffffffdc38) at smith_waterman.c:425

196	    i2 = 1;
197	    for(i=1; i<x_num+1; i++){
198	        check_index(i, i2);
199	        j2 = 1;
200	        for(j=1; j<y_num+1; j++){
201	            check_index(j, j2);
202				test_globals();
203	            if(str_x[i-1]==str_y[j-1]){diff=match_score;}
204	            else{diff=mismatch_score;}
205	            matrix[i][j]=my_maxof(matrix[i-1][j-1]+diff, matrix[i-1][j]+gap_score, matrix[i][j-1]+gap_score,0);

Backtrace END
Memory content before bitflip:0x000x000x000x000x000x000xf00xbf
Fault Model: Single bit-flip
base address to flip value: 0x7fffffffda08
address max offset: 8
Memory content after  bitflip:0x000x000x000x000x000x000xf00xaf
frame name: smith_waterman
symbol name: diff
symbol filename: smith_waterman.c
symbol line: 194
value: -8.6361685550944446e-78
value address: 0x7fffffffda08
Type: A floating point type.
Type sizeof: 8

[INFO -- 2018-12-08 04:30:07]
Fault Injection Successful after 5.614412069320679s
[INFO -- 2018-12-08 04:30:09]
event type: exit
[INFO -- 2018-12-08 04:30:09]
exit code: 0
