[INFO -- 2018-12-08 07:01:18]
Starting flip_value script
version: 1.1
[INFO -- 2018-12-08 07:01:18]
Initialization strings:
[INFO -- 2018-12-08 07:01:18]
(1) file /tmp/smith_waterman/smith_waterman
[INFO -- 2018-12-08 07:01:18]
(2) set args -x /tmp/smith_waterman/randInputX -y /tmp/smith_waterman/randInputY -o /tmp/smith_waterman/output -z /tmp/smith_waterman/detected.log
[INFO -- 2018-12-08 07:01:18]
initSignal:0
[INFO -- 2018-12-08 07:01:18]
endSignal:6
[INFO -- 2018-12-08 07:01:18]
faultModel:2
[INFO -- 2018-12-08 07:01:19]
Backtrace BEGIN:
#0  test_globals () at smith_waterman.c:75
#1  0x0000555555555371 in smith_waterman (x_num=13350, x_num2=13350, y_num=15000, y_num2=15000, str_x=0x5555557586c0 "CZPWWHDZZJJZOOSVYKXPDMMXBJRJMLNMMOOJUUBPNKODBGZSSXODDBAETTQYFFOTLEZZFFOLEEQMMRRQQITTJMAVFVMMXJHKPNOOSZLLFEERXXXFFHQTXLLAPIOTTVAIIMCCYOOTUUMRRHHZREMMBBMLBBIFIOHHWNLKLFGGVJJBBMUUWBGETTTWWBXUMLIAAPSNQZMM"..., str_y=0x55555575baf0 "CZPYWHDQZTJZQOSVYKXPLDMXBJRJMLNOMEOJNUBPNKODBGAZSXODDBAEMTQYGFOTLEEZYFOLREQSMRREQIJTJMAVFSVMXJHKPNLOSZBLFSERLXXBFHXQTXLAPIOOTVAJIMXCNYOTSUMDRKHZREPMBBMSLBIFYIOHWNLKLZFGVRJNBQMUWBGZETTSWBXUMLDIAPSNQZTM"...) at smith_waterman.c:202
#2  0x0000555555556178 in execute (file_x_name=0x7fffffffe065 "/tmp/smith_waterman/randInputX", file_y_name=0x7fffffffe087 "/tmp/smith_waterman/randInputY") at smith_waterman.c:379
#3  0x0000555555556393 in main (argc=9, argv=0x7fffffffdc38) at smith_waterman.c:425

70	
71	
72	    exit(0); // ocorreu SDC
73	}
74	
75	void test_globals(){
76		if( (match_score != match_score2) || (gap_score != gap_score2) || (mismatch_score != mismatch_score2) )
77	    {
78			sdc_exit();
79	    }

Backtrace END
Memory content before bitflip:0x000x6b0x680x370x870x310x590x16
Fault Model: Random bit-flip
base address to flip value: 0x7fffffffda48
address max offset: 8
Memory content after  bitflip:0x660xe40xab0xa70x040xe00x730x2d
frame name: smith_waterman
symbol name: height
symbol filename: smith_waterman.c
symbol line: 227
value: 3275207664626033766
value address: 0x7fffffffda48
Type: The type is an integer type.
Type sizeof: 8

[INFO -- 2018-12-08 07:01:19]
Fault Injection Successful after 1.2050037384033203s
[INFO -- 2018-12-08 07:01:25]
event type: exit
[INFO -- 2018-12-08 07:01:25]
exit code: 0
