[INFO -- 2019-09-03 11:47:52]
Starting flip_value script
version: 1.1
[INFO -- 2019-09-03 11:47:52]
Initialization strings:
[INFO -- 2019-09-03 11:47:52]
(1) file /tmp/smith_waterman/smith_waterman
[INFO -- 2019-09-03 11:47:52]
(2) set args -x /tmp/smith_waterman/randInputX -y /tmp/smith_waterman/randInputY -o /tmp/smith_waterman/output
[INFO -- 2019-09-03 11:47:52]
initSignal:0
[INFO -- 2019-09-03 11:47:52]
endSignal:6
[INFO -- 2019-09-03 11:47:52]
faultModel:2
[INFO -- 2019-09-03 11:47:52]
Backtrace BEGIN:
#0  0x0000555555554d71 in my_maxof (a=-1, b=-2, c=-2, d=0) at smith_waterman.c:65
#1  0x00005555555550d7 in smith_waterman (x_num=15000, y_num=15000, str_x=0x5555557586c0 "KFFOCVVLQQSSPWPPFVMMFJJYHHEHHFTPPPJRRFJVFFNNVZAAWZNEYMMIIEPJTLAKUUEDZTXXQMUUPWWLRJVVKXCSDNJOIUSSUUQQNPOOBKRRRGESSSGRRIVXFFFFAATUWJJHBYYJCKWWSIGAAOOSWPPVSCUCBBZZAAJBBJSTTWCEIIYFXZZVBRVQQTPTXGWWGDFOOZJX"..., str_y=0x55555575c170 "KKFOLCVLQQQSPOWPFUVMCFJMYHSEHFITPPJCRFNJVFBNVZEAWZNYEYMEIELPJTLAKUEDZTMXYQMUPQWLRJLVKXCSDNJOIUOSRUXQNJPOBBKRRGEISSGCRIWVXFJFCAZTUWJKHBYJCKCWSIGKAOOSWMPVSACUCBPZZAJJBJSETWCLEIYFXOZVBQRVQTPTXGSWGDFIOZOJ"..., fo=0x555555758260) at smith_waterman.c:98
#2  0x0000555555555e38 in main (argc=7, argv=0x7fffffffde98) at smith_waterman.c:298

60	}
61	
62	double my_maxof(double a, double b, double c, double d)
63	{
64	    double ans=a;
65	    if(ans<b) ans=b;
66	    if(ans<c) ans=c;
67	    if(ans<d) ans=d;
68	    return ans;
69	}

Backtrace END
Memory content before bitflip:0x070x000x000x00
Fault Model: Random bit-flip
base address to flip value: 0x7fffffffdd3c
address max offset: 4
Memory content after  bitflip:0xe40xdd0xf90x69
frame name: main
symbol name: argc
symbol filename: smith_waterman.c
symbol line: 242
value: 1777982948
value address: 0x7fffffffdd3c
Type: The type is an integer type.
Type sizeof: 4

[INFO -- 2019-09-03 11:47:52]
Fault Injection Successful after 0.37335705757141113s
[INFO -- 2019-09-03 11:47:55]
event type: exit
[INFO -- 2019-09-03 11:47:55]
exit code: 0
