[INFO -- 2018-12-08 23:00:29]
Starting flip_value script
version: 1.1
[INFO -- 2018-12-08 23:00:29]
Initialization strings:
[INFO -- 2018-12-08 23:00:29]
(1) file /tmp/smith_waterman/smith_waterman
[INFO -- 2018-12-08 23:00:29]
(2) set args -x /tmp/smith_waterman/randInputX -y /tmp/smith_waterman/randInputY -o /tmp/smith_waterman/output -z /tmp/smith_waterman/detected.log
[INFO -- 2018-12-08 23:00:29]
initSignal:0
[INFO -- 2018-12-08 23:00:29]
endSignal:6
[INFO -- 2018-12-08 23:00:29]
faultModel:2
[INFO -- 2018-12-08 23:00:33]
Backtrace BEGIN:
#0  0x0000555555554d18 in test_globals () at smith_waterman.c:76
#1  0x0000555555555371 in smith_waterman (x_num=10200, x_num2=10200, y_num=15000, y_num2=15000, str_x=0x5555557586c0 "VJJPPOKKZRRZZZSGGKZZNROHHFUUJJDRPNQGDGQEXJDIIXGPMQZZQJPPXXTLZEEXWWDDDVAAFAAPGGGJXXQGAAQYYLKGKOEYLRROOOMMOQNNWIXWHNNMMFNSSZTFOFFZGXPLLFZAYBUULMSSYIJLNWXYYSKMPQNYPELALNCJSSEBGZHHEESWRRDBQNBBGBBXGPRRCCBS"..., str_y=0x55555575aeb0 "VEJZPOOKZRRZAZSGGNKZNYROHFIUWJDRPNQGDGQEXJDXIXGPMQQZQJPZPXTLGZEXMWDRDVVAFAAPXGGJYXLQGAQXYLKGKOEYLHROFOQMOQBNWIXWHKNPMFNKSZTFOXFZGXPNLFZAYBPULMTSYIJLNWXFYSKMPQNYPELALNCJOSEBGZTHHESWDRDBKQNBGCBXGPZRCCBS"...) at smith_waterman.c:202
#2  0x0000555555556178 in execute (file_x_name=0x7fffffffe065 "/tmp/smith_waterman/randInputX", file_y_name=0x7fffffffe087 "/tmp/smith_waterman/randInputY") at smith_waterman.c:379
#3  0x0000555555556393 in main (argc=9, argv=0x7fffffffdc38) at smith_waterman.c:425

71	
72	    exit(0); // ocorreu SDC
73	}
74	
75	void test_globals(){
76		if( (match_score != match_score2) || (gap_score != gap_score2) || (mismatch_score != mismatch_score2) )
77	    {
78			sdc_exit();
79	    }
80	}

Backtrace END
Fliping a bit of the pointer
Memory content before bitflip:0xc70xe00xff0xff0xff0x7f0x000x00
Fault Model: Random bit-flip
base address to flip value: 0x555555757050 
address max offset: 8
Memory content after  bitflip:0x990x6d0x090x740xd20x590xa60xdd
frame name: main
symbol name: log_name2
symbol filename: smith_waterman.c
symbol line: 17
value: 0x7fffffffe0c7 "/tmp/smith_waterman/detected.log"
value address: 0x555555757050 <log_name2>
Type: The type is a pointer.
Type sizeof: 8

[INFO -- 2018-12-08 23:00:33]
Fault Injection Successful after 4.151183366775513s
[INFO -- 2018-12-08 23:00:35]
event type: exit
[INFO -- 2018-12-08 23:00:35]
exit code: 0
