[INFO -- 2018-12-04 12:55:55]
Starting flip_value script
version: 1.1
[INFO -- 2018-12-04 12:55:55]
Initialization strings:
[INFO -- 2018-12-04 12:55:55]
(1) file /tmp/smith_waterman/smith_waterman
[INFO -- 2018-12-04 12:55:55]
(2) set args -x /tmp/smith_waterman/randInputX -y /tmp/smith_waterman/randInputY -o /tmp/smith_waterman/output -z /tmp/smith_waterman/detected.log
[INFO -- 2018-12-04 12:55:55]
initSignal:0
[INFO -- 2018-12-04 12:55:55]
endSignal:6
[INFO -- 2018-12-04 12:55:55]
faultModel:0
[INFO -- 2018-12-04 12:55:59]
Backtrace BEGIN:
#0  smith_waterman (x_num=15000, x_num2=15000, y_num=11400, y_num2=11400, str_x=0x5555557586c0 "GCLUZAABTRHGXUXOYOVEZWACAGILWCEEEPZFRBGMSOTPKQFKEAOFZRJZXSMVUQCAHBFZENNYBGNNYUYEXOMWFVXFPJALCCLJFQKJGYJHGWXHTXLQLXORTLWKWYWADHKKAWWGUFPDEOKXLXNXVDQQQOAMMWNRGZCIVYOSDFXHUHGFGTEBWWTOKUBZSQSARUIMUYGAEDHY"..., str_y=0x55555575c170 "CLLZAABBTRGXUUOYOOEZWACAGGLWWEEEEZFRBBGSOTPPKQKEEOFZZJZXSSMVQCAHBFZENNYBBGNYYUEXOMWFFXXPJAACCLJFQQJGYJJGWXXTXLQLXOOTTWWWYWWDDKKKWWGUFFDDOOKXLNXVVQQQOAAMWNRGZZIVYOODFFXUUGFGTEBWWTOKUBZSSSARRUMUUGAEDDYM"...) at smith_waterman.c:167
#1  0x0000555555555e65 in execute (file_x_name=0x7fffffffe0b4 "/tmp/smith_waterman/randInputX", file_y_name=0x7fffffffe0d6 "/tmp/smith_waterman/randInputY") at smith_waterman.c:309
#2  0x0000555555556082 in main (argc=9, argv=0x7fffffffdc88) at smith_waterman.c:355

162	    long width = y_num;
163	
164	    i2 = 0;
165	    for(i=0; i<height+1; i++){
166	        check_index(i, i2);
167	        for(j=0; j<width+1; j++){
168	            if(i==0 && j==0){
169	                maxValue = matrix[i][j];
170	                y = i;
171	                x = j;

Backtrace END
Memory content before bitflip:0x000x000x000x000x000x000xf00xbf
Fault Model: Single bit-flip
base address to flip value: 0x7fffffffda48
address max offset: 8
Memory content after  bitflip:0x000x000x000x000x000x000xf00xb7
frame name: smith_waterman
symbol name: diff
symbol filename: smith_waterman.c
symbol line: 133
value: -2.9387358770557188e-39
value address: 0x7fffffffda48
Type: A floating point type.
Type sizeof: 8

[INFO -- 2018-12-04 12:55:59]
Fault Injection Successful after 4.618663311004639s
[INFO -- 2018-12-04 12:56:00]
event type: exit
[INFO -- 2018-12-04 12:56:00]
exit code: 0
