[INFO -- 2018-12-03 22:19:42]
Starting flip_value script
version: 1.1
[INFO -- 2018-12-03 22:19:42]
Initialization strings:
[INFO -- 2018-12-03 22:19:42]
(1) file /tmp/smith_waterman/smith_waterman
[INFO -- 2018-12-03 22:19:42]
(2) set args -x /tmp/smith_waterman/randInputX -y /tmp/smith_waterman/randInputY -o /tmp/smith_waterman/output -z /tmp/smith_waterman/detected.log
[INFO -- 2018-12-03 22:19:42]
initSignal:0
[INFO -- 2018-12-03 22:19:42]
endSignal:6
[INFO -- 2018-12-03 22:19:42]
faultModel:0
[INFO -- 2018-12-03 22:19:46]
Backtrace BEGIN:
#0  0x00007ffff7a41007 in _IO_vfprintf_internal (s=s@entry=0x7fffffffd7a0, format=format@entry=0x555555556279 "%s", ap=ap@entry=0x7fffffffd910) at vfprintf.c:1643
#1  0x00007ffff7a6c910 in _IO_vsnprintf (string=0x55555577c970 "WKKGJJPSSBFRRTU-HEQUUVHVPYYKCGGVBKGH-RWYLLZDDSWGGGGWACF-RMYYDAAJBB-JKKCGGNNMTAKVGQBEETMMTYYR-EEMMXXQQUUQCCHOCCBXXTBNNMZZDYYACWWJTTCBWWVUYEUHHVSGEJJR", maxlen=<optimized out>, format=0x555555556279 "%s", args=args@entry=0x7fffffffd910) at vsnprintf.c:114
#2  0x00007ffff7a48fdf in __GI___snprintf (s=<optimized out>, maxlen=<optimized out>, format=<optimized out>) at snprintf.c:33
#3  0x0000555555555644 in smith_waterman (x_num=15000, x_num2=15000, y_num=10650, y_num2=10650, str_x=0x5555557586c0 "XGGEHMCQCZUPODVEIPVNQAVZLPLUYJKWPSAXEFNJEJASMVYUKVKAWHBHYMDXVNTNGVMMABXGKYBYTZUGVEGTOKCMWFJUSEJACVPCYMLKMMIILCOIJWBXGDLDKXZFBIFFFWIDJVNXHVFUZVDISGHAMTFWSEBTMJZTFJWQELONITHIRMSJTAJHVPDNVHIKQJDXUCOANENY"..., str_y=0x55555575c170 "GGGEMCCCCZPPOVVEIPVNAAVLPPLUYKWWPAXXFNJJEJSMVYYKKVKWWBBYYMDVVTTGGMMAABXGYYBTTUUGEETTKKCWWJUSSEJCCPPYYLLKMMILLCIIJBXXGDLDKXZFIFFFWIIDVNNXHFUUZDISGHAAMTWWEEBMMZZTFWWQLOOIITHIRMJJAAHHVDNNHIIQJJDXCOANNENZ"...) at smith_waterman.c:201
#4  0x0000555555555e65 in execute (file_x_name=0x7fffffffe0b4 "/tmp/smith_waterman/randInputX", file_y_name=0x7fffffffe0d6 "/tmp/smith_waterman/randInputY") at smith_waterman.c:309
#5  0x0000555555556082 in main (argc=9, argv=0x7fffffffdc88) at smith_waterman.c:355

1638	vfprintf.c: No such file or directory.

Backtrace END
Memory content before bitflip:0x000x000x000x000x000x000x000xc0
Fault Model: Single bit-flip
base address to flip value: 0x555555757030 
address max offset: 8
Memory content after  bitflip:0x000x200x000x000x000x000x000xc0
frame name: main
symbol name: gap_score
symbol filename: smith_waterman.c
symbol line: 11
value: -2.000000000003638
value address: 0x555555757030 <gap_score>
Type: A floating point type.
Type sizeof: 8

[INFO -- 2018-12-03 22:19:46]
Fault Injection Successful after 4.479493141174316s
