[INFO -- 2018-12-04 13:43:42]
Starting flip_value script
version: 1.1
[INFO -- 2018-12-04 13:43:42]
Initialization strings:
[INFO -- 2018-12-04 13:43:42]
(1) file /tmp/smith_waterman/smith_waterman
[INFO -- 2018-12-04 13:43:42]
(2) set args -x /tmp/smith_waterman/randInputX -y /tmp/smith_waterman/randInputY -o /tmp/smith_waterman/output -z /tmp/smith_waterman/detected.log
[INFO -- 2018-12-04 13:43:42]
initSignal:0
[INFO -- 2018-12-04 13:43:42]
endSignal:6
[INFO -- 2018-12-04 13:43:42]
faultModel:0
[INFO -- 2018-12-04 13:43:45]
Backtrace BEGIN:
#0  my_maxof (a=3268, b=3268, c=3263, d=0) at smith_waterman.c:73
#1  0x0000555555555202 in smith_waterman (x_num=15000, x_num2=15000, y_num=11400, y_num2=11400, str_x=0x5555557586c0 "GCLUZAABTRHGXUXOYOVEZWACAGILWCEEEPZFRBGMSOTPKQFKEAOFZRJZXSMVUQCAHBFZENNYBGNNYUYEXOMWFVXFPJALCCLJFQKJGYJHGWXHTXLQLXORTLWKWYWADHKKAWWGUFPDEOKXLXNXVDQQQOAMMWNRGZCIVYOSDFXHUHGFGTEBWWTOKUBZSQSARUIMUYGAEDHY"..., str_y=0x55555575c170 "CLLZAABBTRGXUUOYOOEZWACAGGLWWEEEEZFRBBGSOTPPKQKEEOFZZJZXSSMVQCAHBFZENNYBBGNYYUEXOMWFFXXPJAACCLJFQQJGYJJGWXXTXLQLXOOTTWWWYWWDDKKKWWGUFFDDOOKXLNXVVQQQOAAMWNRGZZIVYOODFFXUUGFGTEBWWTOKUBZSSSARRUMUUGAEDDYM"...) at smith_waterman.c:141
#2  0x0000555555555e65 in execute (file_x_name=0x7fffffffe0b4 "/tmp/smith_waterman/randInputX", file_y_name=0x7fffffffe0d6 "/tmp/smith_waterman/randInputY") at smith_waterman.c:309
#3  0x0000555555556082 in main (argc=9, argv=0x7fffffffdc88) at smith_waterman.c:355

68	double my_maxof(double a, double b, double c, double d)
69	{
70	    double ans=a;
71	    if(ans<b) ans=b;
72	    if(ans<c) ans=c;
73	    if(ans<d) ans=d;
74	    return ans;
75	}
76	
77	double matchMisScore(long i, long j, char* str_y, char* str_x)

Backtrace END
Memory content before bitflip:0x000x000x000x00
Fault Model: Single bit-flip
base address to flip value: 0x555555757050 
address max offset: 4
Memory content after  bitflip:0x000x000x100x00
frame name: my_maxof
symbol name: sdc_occurred2
symbol filename: smith_waterman.c
symbol line: 15
value: 1048576
value address: 0x555555757050 <sdc_occurred2>
Type: The type is an integer type.
Type sizeof: 4

[INFO -- 2018-12-04 13:43:45]
Fault Injection Successful after 3.5648951530456543s
[INFO -- 2018-12-04 13:43:47]
event type: exit
[INFO -- 2018-12-04 13:43:47]
exit code: 0
