[INFO -- 2018-12-04 02:10:27]
Starting flip_value script
version: 1.1
[INFO -- 2018-12-04 02:10:27]
Initialization strings:
[INFO -- 2018-12-04 02:10:27]
(1) file /tmp/smith_waterman/smith_waterman
[INFO -- 2018-12-04 02:10:27]
(2) set args -x /tmp/smith_waterman/randInputX -y /tmp/smith_waterman/randInputY -o /tmp/smith_waterman/output -z /tmp/smith_waterman/detected.log
[INFO -- 2018-12-04 02:10:27]
initSignal:0
[INFO -- 2018-12-04 02:10:27]
endSignal:6
[INFO -- 2018-12-04 02:10:27]
faultModel:2
[INFO -- 2018-12-04 02:10:29]
Backtrace BEGIN:
#0  0x0000555555554d0e in my_maxof (a=-1, b=-2, c=-2, d=0) at smith_waterman.c:69
#1  0x0000555555555202 in smith_waterman (x_num=14700, x_num2=14700, y_num=15000, y_num2=15000, str_x=0x5555557586c0 "NBBYQVYKKFOOZZTXXXLQRUUNUKCKOWDDCXSSAAYGXXVGQQKOOOFFIUUSVXDJJBONBPVVRGYYDEECPRFFNQNLHDDWIIRKTTFLKNCTTCXLJBDDDINTTVASFFLLVDDQKKBBVVFQIPPVQQYSTJFEHHHJNYDDVDDOMPLLNWVVFTYYLQQCYYHFFDSDRRBBVCPSSGUEEFFRRYHC"..., str_y=0x55555575c040 "NQBYQVYEKFYOZZTCXXLQRAUNUKCKOKWDCXBSUAYGHXVGYQKWOWOFWIUSVXDJJBONBPGVRGCYDZECPRAFNQNLZHDWGIFRKTFLKNICTMCXLJBDADINTVASFFOLOVDAQKNBXVFQIHPVQQYSTJFNEHHJNYXDVCDOMQPLNWBVFTTYLRQFCYUHFDSUDRXBVCPJSGUIEYFJRYHC"...) at smith_waterman.c:141
#2  0x0000555555555e65 in execute (file_x_name=0x7fffffffe0b4 "/tmp/smith_waterman/randInputX", file_y_name=0x7fffffffe0d6 "/tmp/smith_waterman/randInputY") at smith_waterman.c:309
#3  0x0000555555556082 in main (argc=9, argv=0x7fffffffdc88) at smith_waterman.c:355

64	        exit(0);
65	    }
66	}
67	
68	double my_maxof(double a, double b, double c, double d)
69	{
70	    double ans=a;
71	    if(ans<b) ans=b;
72	    if(ans<c) ans=c;
73	    if(ans<d) ans=d;

Backtrace END
Fliping a bit of the pointer
Memory content before bitflip:0x600x820x750x550x550x550x000x00
Fault Model: Random bit-flip
base address to flip value: 0x7fffffffda98
address max offset: 8
Memory content after  bitflip:0x000x040xe90x530x7e0x150xd20xf3
frame name: smith_waterman
symbol name: alignmentAcopy
symbol filename: smith_waterman.c
symbol line: 183
value: 0x555555758260 "\220\204uUUU"
value address: 0x7fffffffda98
Type: The type is a pointer.
Type sizeof: 8

[INFO -- 2018-12-04 02:10:29]
Fault Injection Successful after 2.1297521591186523s
[INFO -- 2018-12-04 02:10:34]
event type: exit
[INFO -- 2018-12-04 02:10:34]
exit code: 0
