[INFO -- 2018-12-03 16:00:11]
Starting flip_value script
version: 1.1
[INFO -- 2018-12-03 16:00:11]
Initialization strings:
[INFO -- 2018-12-03 16:00:11]
(1) file /tmp/smith_waterman/smith_waterman
[INFO -- 2018-12-03 16:00:11]
(2) set args -x /tmp/smith_waterman/randInputX -y /tmp/smith_waterman/randInputY -o /tmp/smith_waterman/output -z /tmp/smith_waterman/detected.log
[INFO -- 2018-12-03 16:00:11]
initSignal:0
[INFO -- 2018-12-03 16:00:11]
endSignal:6
[INFO -- 2018-12-03 16:00:11]
faultModel:2
[INFO -- 2018-12-03 16:00:13]
Backtrace BEGIN:
#0  my_maxof (a=-1, b=-2, c=-2, d=0) at smith_waterman.c:68
#1  0x00005555555550d0 in smith_waterman (x_num=9900, y_num=15000, str_x=0x5555557586c0 "KKSNNFTDOOKKPPXXLLWMMFFOOOEJIIZUTOOIGGAWHMRRYPPBBHOOITEYYNNIOODDRNNAZQAZZOYCCGENXUDHHHGGWPPXSSQQPQKKHSIGYYJEFPPUJZZKHHSDDHMQQHKKHZWOFFXDDDJJYYFJJFKKRZZTOKZETLMMSCKMMJRRDSDNTIAEZZQQQXXQJJRCCAAMDHAAEUJM"..., str_y=0x55555575ad80 "LKNSNFSTDOCKTPCXCLSWMFJFOOEJIIZUTPOIUGDAWHMRYOPABHZOOITEYXNHIODDDRNAZQAWZOPYCGYENXUDHPHGNWPXLSCQJPQKHSIGGYEJEFPUCJZKYHSNDHMQZQHKHZWOSFXYDDJJIYFNJFZKORZTYOKZETLMSHCKMZJRDSDNTIAEPZQDQSXQIJRMCCAUMDHAESUJ"...) at smith_waterman.c:102
#2  0x0000555555555cbf in execute (file_x_name=0x7fffffffe0b7 "/tmp/smith_waterman/randInputX", file_y_name=0x7fffffffe0d9 "/tmp/smith_waterman/randInputY") at smith_waterman.c:263
#3  0x0000555555555f08 in main (argc=9, argv=0x7fffffffdc98) at smith_waterman.c:314

63	}
64	
65	double my_maxof(double a, double b, double c, double d)
66	{
67	    double ans=a;
68	    if(ans<b) ans=b;
69	    if(ans<c) ans=c;
70	    if(ans<d) ans=d;
71	    return ans;
72	}

Backtrace END
Memory content before bitflip:0x000x000x000x000x000x000xf00xbf
Fault Model: Random bit-flip
base address to flip value: 0x555555757028 
address max offset: 8
Memory content after  bitflip:0x6b0x560x880x3c0x240xcf0xd20x0f
frame name: main
symbol name: mismatch_score2
symbol filename: smith_waterman.c
symbol line: 10
value: 1.8930079993619867e-232
value address: 0x555555757028 <mismatch_score2>
Type: A floating point type.
Type sizeof: 8

[INFO -- 2018-12-03 16:00:13]
Fault Injection Successful after 2.019639253616333s
[INFO -- 2018-12-03 16:00:20]
event type: exit
[INFO -- 2018-12-03 16:00:20]
exit code: 0
