[INFO -- 2018-12-03 21:09:03]
Starting flip_value script
version: 1.1
[INFO -- 2018-12-03 21:09:03]
Initialization strings:
[INFO -- 2018-12-03 21:09:03]
(1) file /tmp/smith_waterman/smith_waterman
[INFO -- 2018-12-03 21:09:03]
(2) set args -x /tmp/smith_waterman/randInputX -y /tmp/smith_waterman/randInputY -o /tmp/smith_waterman/output -z /tmp/smith_waterman/detected.log
[INFO -- 2018-12-03 21:09:03]
initSignal:0
[INFO -- 2018-12-03 21:09:03]
endSignal:6
[INFO -- 2018-12-03 21:09:03]
faultModel:0
[INFO -- 2018-12-03 21:09:07]
Backtrace BEGIN:
#0  0x00005555555553bc in smith_waterman (x_num=15000, x_num2=15000, y_num=10650, y_num2=10650, str_x=0x5555557586c0 "XGGEHMCQCZUPODVEIPVNQAVZLPLUYJKWPSAXEFNJEJASMVYUKVKAWHBHYMDXVNTNGVMMABXGKYBYTZUGVEGTOKCMWFJUSEJACVPCYMLKMMIILCOIJWBXGDLDKXZFBIFFFWIDJVNXHVFUZVDISGHAMTFWSEBTMJZTFJWQELONITHIRMSJTAJHVPDNVHIKQJDXUCOANENY"..., str_y=0x55555575c170 "GGGEMCCCCZPPOVVEIPVNAAVLPPLUYKWWPAXXFNJJEJSMVYYKKVKWWBBYYMDVVTTGGMMAABXGYYBTTUUGEETTKKCWWJUSSEJCCPPYYLLKMMILLCIIJBXXGDLDKXZFIFFFWIIDVNNXHFUUZDISGHAAMTWWEEBMMZZTFWWQLOOIITHIRMJJAAHHVDNNHIIQJJDXCOANNENZ"...) at smith_waterman.c:173
#1  0x0000555555555e65 in execute (file_x_name=0x7fffffffe0b4 "/tmp/smith_waterman/randInputX", file_y_name=0x7fffffffe0d6 "/tmp/smith_waterman/randInputY") at smith_waterman.c:309
#2  0x0000555555556082 in main (argc=9, argv=0x7fffffffdc88) at smith_waterman.c:355

168	            if(i==0 && j==0){
169	                maxValue = matrix[i][j];
170	                y = i;
171	                x = j;
172	            }
173	            if(maxValue < matrix[i][j]){
174	                maxValue = matrix[i][j];
175	                y = i;
176	                x = j;
177	            }

Backtrace END
Memory content before bitflip:0x980x3a0x000x000x000x000x000x00
Fault Model: Single bit-flip
base address to flip value: 0x7fffffffda18
address max offset: 8
Memory content after  bitflip:0x980x1a0x000x000x000x000x000x00
frame name: smith_waterman
symbol name: x_num
symbol filename: smith_waterman.c
symbol line: 93
value: 6808
value address: 0x7fffffffda18
Type: The type is an integer type.
Type sizeof: 8

[INFO -- 2018-12-03 21:09:07]
Fault Injection Successful after 4.2076544761657715s
[INFO -- 2018-12-03 21:09:07]
event type: exit
[INFO -- 2018-12-03 21:09:07]
exit code: 0
