[INFO -- 2018-12-05 18:07:43]
Starting flip_value script
version: 1.1
[INFO -- 2018-12-05 18:07:43]
Initialization strings:
[INFO -- 2018-12-05 18:07:43]
(1) file /tmp/smith_waterman/smith_waterman
[INFO -- 2018-12-05 18:07:43]
(2) set args -x /tmp/smith_waterman/randInputX -y /tmp/smith_waterman/randInputY -o /tmp/smith_waterman/output -z /tmp/smith_waterman/detected.log
[INFO -- 2018-12-05 18:07:43]
initSignal:0
[INFO -- 2018-12-05 18:07:43]
endSignal:6
[INFO -- 2018-12-05 18:07:43]
faultModel:2
[INFO -- 2018-12-05 18:07:47]
Backtrace BEGIN:
#0  smith_waterman (x_num=15000, x_num2=15000, y_num=12000, y_num2=12000, str_x=0x5555557586c0 "CVUOAGGETRADLDNAMNINZBWZQWUTOLKTGGJINPOIIQLUTYWFOESNHPOYNITETDXBLILAYZJIPUCJVAQJFJWOAKMNTHROMQSYZDYXFHFUEKFZKWKRFGGHSUUNCOEOEWMDBLCGUKDYUIZGGJYNRGUKAPZEDDTHBHNFUPLRZOPVZREFAETUKNGMEFTHLOROVGTSVFJXVAUW"..., str_y=0x55555575c170 "VVUOAGEETAALDDAMMNNZBBZQQWTTOKKGGGJNPOIIQLUTTWFFESNNHOYNIIEETXBLILLYYZJIUUCVAAQJJWWAAMNTTHRMQSYYDDXFFFUEKFFKWWRFGGHHSUUNOOOEWMMBBCGUUDYYIZGGJYYRGUKAPZZEDTHBHHFFPLRROPPZREFAATUUNGMMFTHLOROOVTTVFJJVVUWR"...) at smith_waterman.c:167
#1  0x0000555555555e65 in execute (file_x_name=0x7fffffffe0b4 "/tmp/smith_waterman/randInputX", file_y_name=0x7fffffffe0d6 "/tmp/smith_waterman/randInputY") at smith_waterman.c:309
#2  0x0000555555556082 in main (argc=9, argv=0x7fffffffdc88) at smith_waterman.c:355

162	    long width = y_num;
163	
164	    i2 = 0;
165	    for(i=0; i<height+1; i++){
166	        check_index(i, i2);
167	        for(j=0; j<width+1; j++){
168	            if(i==0 && j==0){
169	                maxValue = matrix[i][j];
170	                y = i;
171	                x = j;

Backtrace END
Memory content before bitflip:0x000x000x000x00
Fault Model: Random bit-flip
base address to flip value: 0x555555757050 
address max offset: 4
Memory content after  bitflip:0x2b0xea0x7a0x85
frame name: execute
symbol name: sdc_occurred2
symbol filename: smith_waterman.c
symbol line: 15
value: -2055542229
value address: 0x555555757050 <sdc_occurred2>
Type: The type is an integer type.
Type sizeof: 4

[INFO -- 2018-12-05 18:07:47]
Fault Injection Successful after 4.7610719203948975s
[INFO -- 2018-12-05 18:07:48]
event type: exit
[INFO -- 2018-12-05 18:07:48]
exit code: 0
