[INFO -- 2018-12-05 05:09:14]
Starting flip_value script
version: 1.1
[INFO -- 2018-12-05 05:09:14]
Initialization strings:
[INFO -- 2018-12-05 05:09:14]
(1) file /tmp/smith_waterman/smith_waterman
[INFO -- 2018-12-05 05:09:14]
(2) set args -x /tmp/smith_waterman/randInputX -y /tmp/smith_waterman/randInputY -o /tmp/smith_waterman/output -z /tmp/smith_waterman/detected.log
[INFO -- 2018-12-05 05:09:14]
initSignal:0
[INFO -- 2018-12-05 05:09:14]
endSignal:6
[INFO -- 2018-12-05 05:09:14]
faultModel:0
[INFO -- 2018-12-05 05:09:18]
Backtrace BEGIN:
#0  0x0000555555554d49 in my_maxof (a=2971, b=2968, c=2973, d=0) at smith_waterman.c:72
#1  0x0000555555555202 in smith_waterman (x_num=13800, x_num2=13800, y_num=15000, y_num2=15000, str_x=0x5555557586c0 "BYBQQNZZBIYYFEOHHXZSSENNCDOOHGZKGCCVVCXFKXXPDMMADYSIEEHGMMMUUKGDPPYFJVMMUJNXXMZAAMLQBBINWKHTUUWJXWQJJCCOOOMMNJOVFBOOGOOIYDBBTZGGVZDPDDKRRQHOBXXLYZOHQIRROULLTUURTEEWOMMQEXJJUVQSWWHOOTTEPQQLKMCDSSCJJBEF"..., str_y=0x55555575bcc0 "VBYBQNNZBNIYSFEOHXPZSFENNCDOBHGZKGCBVQCXFKXXPDMZADYSIEHXGMMJUUKGDPHYFJVMWUJNXXMZAMRLQBIYNWKHTUQWJXWQJSCFOOUMNJLOVFBOGJOTIYDBVTZGSVZDPDKERFQHOBXLIYZOHQIRONULGTUARTEIWOMQVEXJIUVQSWHBORTFEPQMLKMCDSMCJBSE"...) at smith_waterman.c:141
#2  0x0000555555555e65 in execute (file_x_name=0x7fffffffe0b4 "/tmp/smith_waterman/randInputX", file_y_name=0x7fffffffe0d6 "/tmp/smith_waterman/randInputY") at smith_waterman.c:309
#3  0x0000555555556082 in main (argc=9, argv=0x7fffffffdc88) at smith_waterman.c:355

67	
68	double my_maxof(double a, double b, double c, double d)
69	{
70	    double ans=a;
71	    if(ans<b) ans=b;
72	    if(ans<c) ans=c;
73	    if(ans<d) ans=d;
74	    return ans;
75	}
76	

Backtrace END
Memory content before bitflip:0x000x000x000x00
Fault Model: Single bit-flip
base address to flip value: 0x55555575704c 
address max offset: 4
Memory content after  bitflip:0x100x000x000x00
frame name: my_maxof
symbol name: sdc_occurred
symbol filename: smith_waterman.c
symbol line: 14
value: 16
value address: 0x55555575704c <sdc_occurred>
Type: The type is an integer type.
Type sizeof: 4

[INFO -- 2018-12-05 05:09:18]
Fault Injection Successful after 4.909870624542236s
[INFO -- 2018-12-05 05:09:20]
event type: exit
[INFO -- 2018-12-05 05:09:20]
exit code: 0
